gcc-5__Ou__coreutils-8.25__stat have 191 funcs
analyzing gcc-5__Ou__coreutils-8.25__stat/deregister_tm_clones
started running deregister_tm_clones
finished deregister_tm_clones
removing targets
analyzing gcc-5__Ou__coreutils-8.25__stat/register_tm_clones
started running register_tm_clones
finished register_tm_clones
removing targets
analyzing gcc-5__Ou__coreutils-8.25__stat/frame_dummy
started running frame_dummy
finished frame_dummy
removing targets
analyzing gcc-5__Ou__coreutils-8.25__stat/to_uchar
started running to_uchar
finished to_uchar
analyzing gcc-5__Ou__coreutils-8.25__stat/emit_mandatory_arg_note
started running emit_mandatory_arg_note
finished emit_mandatory_arg_note
analyzing gcc-5__Ou__coreutils-8.25__stat/emit_ancillary_info
started running emit_ancillary_info
