gcc-5__Ou__dico__dico have 209 funcs
analyzing gcc-5__Ou__dico__dico/deregister_tm_clones
started running deregister_tm_clones
finished deregister_tm_clones
removing targets
analyzing gcc-5__Ou__dico__dico/register_tm_clones
started running register_tm_clones
finished register_tm_clones
removing targets
analyzing gcc-5__Ou__dico__dico/frame_dummy
started running frame_dummy
finished frame_dummy
removing targets
analyzing gcc-5__Ou__dico__dico/skipws
started running skipws
finished skipws
removing targets
analyzing gcc-5__Ou__dico__dico/hostcmp
started running hostcmp
finished hostcmp
analyzing gcc-5__Ou__dico__dico/begins_with
started running begins_with
finished begins_with
analyzing gcc-5__Ou__dico__dico/findkw
started running findkw
finished findkw
removing targets
analyzing gcc-5__Ou__dico__dico/match_line
started running match_line
finished match_line
analyzing gcc-5__Ou__dico__dico/parse_autologin
started running parse_autologin
finished parse_autologin
analyzing gcc-5__Ou__dico__dico/get_options
started running get_options
stopped exploration
finished get_options
removing targets
analyzing gcc-5__Ou__dico__dico/ds_warranty
started running ds_warranty
finished ds_warranty
analyzing gcc-5__Ou__dico__dico/shell_banner
started running shell_banner
finished shell_banner
analyzing gcc-5__Ou__dico__dico/parse_initial_reply
started running parse_initial_reply
finished parse_initial_reply
analyzing gcc-5__Ou__dico__dico/apop_auth
started running apop_auth
finished apop_auth
analyzing gcc-5__Ou__dico__dico/dict_auth
started running dict_auth
finished dict_auth
analyzing gcc-5__Ou__dico__dico/get_homedir
started running get_homedir
finished get_homedir
analyzing gcc-5__Ou__dico__dico/ds_tilde_expand
started running ds_tilde_expand
finished ds_tilde_expand
removing targets
analyzing gcc-5__Ou__dico__dico/auth_cred_dup
started running auth_cred_dup
finished auth_cred_dup
removing targets
analyzing gcc-5__Ou__dico__dico/auth_cred_free
started running auth_cred_free
finished auth_cred_free
analyzing gcc-5__Ou__dico__dico/auth_cred_get
started running auth_cred_get
finished auth_cred_get
analyzing gcc-5__Ou__dico__dico/dict_transcript
started running dict_transcript
finished dict_transcript
removing targets
analyzing gcc-5__Ou__dico__dico/urlstr
started running urlstr
finished urlstr
removing targets
analyzing gcc-5__Ou__dico__dico/dict_connect
started running dict_connect
finished dict_connect
removing targets
analyzing gcc-5__Ou__dico__dico/dict_read_reply
started running dict_read_reply
finished dict_read_reply
removing targets
analyzing gcc-5__Ou__dico__dico/dict_status_p
started running dict_status_p
finished dict_status_p
removing targets
analyzing gcc-5__Ou__dico__dico/dict_capa
started running dict_capa
finished dict_capa
removing targets
analyzing gcc-5__Ou__dico__dico/dict_multiline_reply
started running dict_multiline_reply
finished dict_multiline_reply
removing targets
analyzing gcc-5__Ou__dico__dico/dict_define
started running dict_define
finished dict_define
removing targets
analyzing gcc-5__Ou__dico__dico/dict_match
started running dict_match
finished dict_match
removing targets
analyzing gcc-5__Ou__dico__dico/count_lines
started running count_lines
finished count_lines
removing targets
analyzing gcc-5__Ou__dico__dico/dict_result_create
started running dict_result_create
finished dict_result_create
analyzing gcc-5__Ou__dico__dico/dict_result_free
started running dict_result_free
finished dict_result_free
removing targets
analyzing gcc-5__Ou__dico__dico/dict_conn_close
started running dict_conn_close
finished dict_conn_close
analyzing gcc-5__Ou__dico__dico/fixup_url
started running fixup_url
finished fixup_url
analyzing gcc-5__Ou__dico__dico/set_bool
started running set_bool
finished set_bool
analyzing gcc-5__Ou__dico__dico/ds_silent_close
started running ds_silent_close
finished ds_silent_close
removing targets
analyzing gcc-5__Ou__dico__dico/get_list
started running get_list
finished get_list
removing targets
analyzing gcc-5__Ou__dico__dico/check_disconnect
started running check_disconnect
finished check_disconnect
removing targets
analyzing gcc-5__Ou__dico__dico/ensure_connection
started running ensure_connection
finished ensure_connection
analyzing gcc-5__Ou__dico__dico/ds_open
started running ds_open
finished ds_open
removing targets
analyzing gcc-5__Ou__dico__dico/ds_close
started running ds_close
finished ds_close
removing targets
analyzing gcc-5__Ou__dico__dico/ds_autologin
started running ds_autologin
finished ds_autologin
removing targets
analyzing gcc-5__Ou__dico__dico/ds_sasl
started running ds_sasl
finished ds_sasl
removing targets
analyzing gcc-5__Ou__dico__dico/ds_database
started running ds_database
finished ds_database
removing targets
analyzing gcc-5__Ou__dico__dico/result_generator
started running result_generator
finished result_generator
removing targets
analyzing gcc-5__Ou__dico__dico/db_generator
started running db_generator
finished db_generator
analyzing gcc-5__Ou__dico__dico/ds_compl_database
started running ds_compl_database
finished ds_compl_database
analyzing gcc-5__Ou__dico__dico/ds_strategy
started running ds_strategy
finished ds_strategy
removing targets
analyzing gcc-5__Ou__dico__dico/strat_generator
started running strat_generator
finished strat_generator
analyzing gcc-5__Ou__dico__dico/ds_compl_strategy
started running ds_compl_strategy
finished ds_compl_strategy
analyzing gcc-5__Ou__dico__dico/ds_verbose
started running ds_verbose
finished ds_verbose
removing targets
analyzing gcc-5__Ou__dico__dico/ds_transcript
started running ds_transcript
finished ds_transcript
removing targets
analyzing gcc-5__Ou__dico__dico/ds_define
started running ds_define
finished ds_define
analyzing gcc-5__Ou__dico__dico/ds_match
started running ds_match
finished ds_match
analyzing gcc-5__Ou__dico__dico/ds_define_nth
started running ds_define_nth
finished ds_define_nth
analyzing gcc-5__Ou__dico__dico/ds_distance
started running ds_distance
finished ds_distance
removing targets
analyzing gcc-5__Ou__dico__dico/ds_show_db
started running ds_show_db
finished ds_show_db
analyzing gcc-5__Ou__dico__dico/ds_show_strat
started running ds_show_strat
finished ds_show_strat
analyzing gcc-5__Ou__dico__dico/ds_show_info
started running ds_show_info
finished ds_show_info
removing targets
analyzing gcc-5__Ou__dico__dico/ds_version
started running ds_version
finished ds_version
analyzing gcc-5__Ou__dico__dico/print_reply
started running print_reply
finished print_reply
analyzing gcc-5__Ou__dico__dico/utf8_count_newlines
started running utf8_count_newlines
finished utf8_count_newlines
analyzing gcc-5__Ou__dico__dico/result_count_lines
started running result_count_lines
finished result_count_lines
removing targets
analyzing gcc-5__Ou__dico__dico/format_defn
started running format_defn
finished format_defn
analyzing gcc-5__Ou__dico__dico/format_match
started running format_match
finished format_match
analyzing gcc-5__Ou__dico__dico/print_result
started running print_result
finished print_result
analyzing gcc-5__Ou__dico__dico/alloc_display
started running alloc_display
finished alloc_display
analyzing gcc-5__Ou__dico__dico/find_descr
started running find_descr
finished find_descr
removing targets
analyzing gcc-5__Ou__dico__dico/print_match_result
started running print_match_result
finished print_match_result
removing targets
analyzing gcc-5__Ou__dico__dico/dict_lookup
started running dict_lookup
finished dict_lookup
removing targets
analyzing gcc-5__Ou__dico__dico/dict_lookup_url
started running dict_lookup_url
finished dict_lookup_url
removing targets
analyzing gcc-5__Ou__dico__dico/dict_word
started running dict_word
finished dict_word
analyzing gcc-5__Ou__dico__dico/dict_run_single_command
started running dict_run_single_command
finished dict_run_single_command
removing targets
analyzing gcc-5__Ou__dico__dico/dict_single_command
started running dict_single_command
finished dict_single_command
removing targets
analyzing gcc-5__Ou__dico__dico/get_pager_name
started running get_pager_name
finished get_pager_name
removing targets
analyzing gcc-5__Ou__dico__dico/ds_pager
started running ds_pager
finished ds_pager
removing targets
analyzing gcc-5__Ou__dico__dico/create_output_stream
started running create_output_stream
finished create_output_stream
analyzing gcc-5__Ou__dico__dico/get_screen_lines
started running get_screen_lines
finished get_screen_lines
analyzing gcc-5__Ou__dico__dico/fp_write
started running fp_write
finished fp_write
analyzing gcc-5__Ou__dico__dico/fp_close
started running fp_close
finished fp_close
analyzing gcc-5__Ou__dico__dico/create_pfile_stream
started running create_pfile_stream
finished create_pfile_stream
analyzing gcc-5__Ou__dico__dico/create_pager_stream
started running create_pager_stream
finished create_pager_stream
analyzing gcc-5__Ou__dico__dico/saslauth
started running saslauth
finished saslauth
analyzing gcc-5__Ou__dico__dico/sasl_enable
started running sasl_enable
finished sasl_enable
analyzing gcc-5__Ou__dico__dico/sasl_enabled_p
started running sasl_enabled_p
finished sasl_enabled_p
analyzing gcc-5__Ou__dico__dico/find_funtab
started running find_funtab
finished find_funtab
removing targets
analyzing gcc-5__Ou__dico__dico/ds_prefix
started running ds_prefix
finished ds_prefix
removing targets
analyzing gcc-5__Ou__dico__dico/ds_help
started running ds_help
finished ds_help
removing targets
analyzing gcc-5__Ou__dico__dico/ds_quiet
started running ds_quiet
finished ds_quiet
analyzing gcc-5__Ou__dico__dico/script_diag
started running script_diag
finished script_diag
removing targets
analyzing gcc-5__Ou__dico__dico/script_warning
started running script_warning
finished script_warning
removing targets
analyzing gcc-5__Ou__dico__dico/script_error
started running script_error
finished script_error
removing targets
analyzing gcc-5__Ou__dico__dico/is_command
started running is_command
finished is_command
removing targets
analyzing gcc-5__Ou__dico__dico/parse_script_file
started running parse_script_file
finished parse_script_file
analyzing gcc-5__Ou__dico__dico/script_getline
started running script_getline
finished script_getline
analyzing gcc-5__Ou__dico__dico/parse_init_script
started running parse_init_script
finished parse_init_script
analyzing gcc-5__Ou__dico__dico/parse_init_scripts
started running parse_init_scripts
finished parse_init_scripts
analyzing gcc-5__Ou__dico__dico/ds_prompt
started running ds_prompt
finished ds_prompt
analyzing gcc-5__Ou__dico__dico/get_history_file_name
started running get_history_file_name
finished get_history_file_name
removing targets
analyzing gcc-5__Ou__dico__dico/ds_history
started running ds_history
finished ds_history
analyzing gcc-5__Ou__dico__dico/pre_input
started running pre_input
finished pre_input
analyzing gcc-5__Ou__dico__dico/retrieve_history
started running retrieve_history
finished retrieve_history
analyzing gcc-5__Ou__dico__dico/dict_completion_matches
started running dict_completion_matches
finished dict_completion_matches
analyzing gcc-5__Ou__dico__dico/no_compl
started running no_compl
finished no_compl
analyzing gcc-5__Ou__dico__dico/shell_init
started running shell_init
finished shell_init
analyzing gcc-5__Ou__dico__dico/shell_finish
started running shell_finish
finished shell_finish
removing targets
analyzing gcc-5__Ou__dico__dico/shell_getline
started running shell_getline
finished shell_getline
removing targets
analyzing gcc-5__Ou__dico__dico/dico_shell
started running dico_shell
finished dico_shell
analyzing gcc-5__Ou__dico__dico/appi18n_init
started running appi18n_init
finished appi18n_init
analyzing gcc-5__Ou__dico__dico/print_transcript
started running print_transcript
finished print_transcript
removing targets
analyzing gcc-5__Ou__dico__dico/transcript_read
started running transcript_read
finished transcript_read
analyzing gcc-5__Ou__dico__dico/transcript_write
started running transcript_write
finished transcript_write
analyzing gcc-5__Ou__dico__dico/transcript_flush
started running transcript_flush
finished transcript_flush
removing targets
analyzing gcc-5__Ou__dico__dico/transcript_close
started running transcript_close
finished transcript_close
analyzing gcc-5__Ou__dico__dico/transcript_destroy
started running transcript_destroy
finished transcript_destroy
analyzing gcc-5__Ou__dico__dico/transcript_strerror
started running transcript_strerror
finished transcript_strerror
analyzing gcc-5__Ou__dico__dico/transcript_ioctl
started running transcript_ioctl
finished transcript_ioctl
removing targets
analyzing gcc-5__Ou__dico__dico/xdico_transcript_stream_create
started running xdico_transcript_stream_create
finished xdico_transcript_stream_create
analyzing gcc-5__Ou__dico__dico/stream_writez
started running stream_writez
finished stream_writez
analyzing gcc-5__Ou__dico__dico/stream_printf
started running stream_printf
finished stream_printf
removing targets
analyzing gcc-5__Ou__dico__dico/stream_write_multiline
started running stream_write_multiline
finished stream_write_multiline
analyzing gcc-5__Ou__dico__dico/xdico_tokenize_string
started running xdico_tokenize_string
finished xdico_tokenize_string
analyzing gcc-5__Ou__dico__dico/trimnl
started running trimnl
finished trimnl
removing targets
analyzing gcc-5__Ou__dico__dico/make_full_file_name
started running make_full_file_name
finished make_full_file_name
analyzing gcc-5__Ou__dico__dico/xdico_list_create
started running xdico_list_create
finished xdico_list_create
analyzing gcc-5__Ou__dico__dico/xdico_list_iterator
started running xdico_list_iterator
finished xdico_list_iterator
analyzing gcc-5__Ou__dico__dico/xdico_list_append
started running xdico_list_append
finished xdico_list_append
analyzing gcc-5__Ou__dico__dico/xdico_list_prepend
started running xdico_list_prepend
finished xdico_list_prepend
analyzing gcc-5__Ou__dico__dico/xdico_assoc_create
started running xdico_assoc_create
finished xdico_assoc_create
analyzing gcc-5__Ou__dico__dico/xdico_assoc_append
started running xdico_assoc_append
finished xdico_assoc_append
analyzing gcc-5__Ou__dico__dico/xdico_assoc_add
started running xdico_assoc_add
finished xdico_assoc_add
analyzing gcc-5__Ou__dico__dico/xdico_assign_string
started running xdico_assign_string
finished xdico_assign_string
removing targets
analyzing gcc-5__Ou__dico__dico/xdico_sasl_mech_to_capa
started running xdico_sasl_mech_to_capa
finished xdico_sasl_mech_to_capa
removing targets
analyzing gcc-5__Ou__dico__dico/xdico_sasl_capa_match_p
started running xdico_sasl_capa_match_p
finished xdico_sasl_capa_match_p
removing targets
analyzing gcc-5__Ou__dico__dico/dicod_free_item
started running dicod_free_item
finished dicod_free_item
analyzing gcc-5__Ou__dico__dico/c_strcasecmp
started running c_strcasecmp
finished c_strcasecmp
removing targets
analyzing gcc-5__Ou__dico__dico/md5_init_ctx
started running md5_init_ctx
finished md5_init_ctx
analyzing gcc-5__Ou__dico__dico/set_uint32
started running set_uint32
finished set_uint32
analyzing gcc-5__Ou__dico__dico/md5_read_ctx
started running md5_read_ctx
finished md5_read_ctx
analyzing gcc-5__Ou__dico__dico/md5_finish_ctx
started running md5_finish_ctx
finished md5_finish_ctx
removing targets
analyzing gcc-5__Ou__dico__dico/md5_stream
started running md5_stream
finished md5_stream
analyzing gcc-5__Ou__dico__dico/md5_buffer
started running md5_buffer
finished md5_buffer
analyzing gcc-5__Ou__dico__dico/md5_process_bytes
started running md5_process_bytes
finished md5_process_bytes
removing targets
analyzing gcc-5__Ou__dico__dico/md5_process_block
started running md5_process_block
finished md5_process_block
removing targets
analyzing gcc-5__Ou__dico__dico/clone_quoting_options
started running clone_quoting_options
finished clone_quoting_options
analyzing gcc-5__Ou__dico__dico/get_quoting_style
started running get_quoting_style
finished get_quoting_style
removing targets
analyzing gcc-5__Ou__dico__dico/set_quoting_style
started running set_quoting_style
finished set_quoting_style
removing targets
analyzing gcc-5__Ou__dico__dico/set_char_quoting
started running set_char_quoting
finished set_char_quoting
removing targets
analyzing gcc-5__Ou__dico__dico/set_quoting_flags
started running set_quoting_flags
finished set_quoting_flags
removing targets
analyzing gcc-5__Ou__dico__dico/set_custom_quoting
started running set_custom_quoting
finished set_custom_quoting
removing targets
analyzing gcc-5__Ou__dico__dico/quoting_options_from_style
started running quoting_options_from_style
finished quoting_options_from_style
analyzing gcc-5__Ou__dico__dico/gettext_quote
started running gettext_quote
finished gettext_quote
analyzing gcc-5__Ou__dico__dico/quotearg_buffer_restyled
started running quotearg_buffer_restyled
analyzing gcc-5__Ou__dico__dico/quotearg_buffer
started running quotearg_buffer
analyzing gcc-5__Ou__dico__dico/quotearg_alloc
started running quotearg_alloc
finished quotearg_alloc
analyzing gcc-5__Ou__dico__dico/quotearg_alloc_mem
started running quotearg_alloc_mem
finished quotearg_alloc_mem
removing targets
analyzing gcc-5__Ou__dico__dico/quotearg_free
started running quotearg_free
finished quotearg_free
removing targets
analyzing gcc-5__Ou__dico__dico/quotearg_n_options
started running quotearg_n_options
finished quotearg_n_options
analyzing gcc-5__Ou__dico__dico/quotearg_n
started running quotearg_n
finished quotearg_n
analyzing gcc-5__Ou__dico__dico/quotearg_n_mem
started running quotearg_n_mem
finished quotearg_n_mem
analyzing gcc-5__Ou__dico__dico/quotearg
started running quotearg
finished quotearg
analyzing gcc-5__Ou__dico__dico/quotearg_mem
started running quotearg_mem
finished quotearg_mem
analyzing gcc-5__Ou__dico__dico/quotearg_n_style
started running quotearg_n_style
finished quotearg_n_style
analyzing gcc-5__Ou__dico__dico/quotearg_n_style_mem
started running quotearg_n_style_mem
finished quotearg_n_style_mem
analyzing gcc-5__Ou__dico__dico/quotearg_style
started running quotearg_style
finished quotearg_style
analyzing gcc-5__Ou__dico__dico/quotearg_style_mem
started running quotearg_style_mem
finished quotearg_style_mem
analyzing gcc-5__Ou__dico__dico/quotearg_char_mem
started running quotearg_char_mem
finished quotearg_char_mem
analyzing gcc-5__Ou__dico__dico/quotearg_char
started running quotearg_char
finished quotearg_char
analyzing gcc-5__Ou__dico__dico/quotearg_colon
started running quotearg_colon
finished quotearg_colon
analyzing gcc-5__Ou__dico__dico/quotearg_colon_mem
started running quotearg_colon_mem
finished quotearg_colon_mem
analyzing gcc-5__Ou__dico__dico/quotearg_n_custom
started running quotearg_n_custom
finished quotearg_n_custom
analyzing gcc-5__Ou__dico__dico/quotearg_n_custom_mem
started running quotearg_n_custom_mem
finished quotearg_n_custom_mem
analyzing gcc-5__Ou__dico__dico/quotearg_custom
started running quotearg_custom
finished quotearg_custom
analyzing gcc-5__Ou__dico__dico/quotearg_custom_mem
started running quotearg_custom_mem
finished quotearg_custom_mem
analyzing gcc-5__Ou__dico__dico/quote_n_mem
started running quote_n_mem
finished quote_n_mem
analyzing gcc-5__Ou__dico__dico/quote_mem
started running quote_mem
finished quote_mem
analyzing gcc-5__Ou__dico__dico/quote_n
started running quote_n
finished quote_n
analyzing gcc-5__Ou__dico__dico/quote
started running quote
finished quote
analyzing gcc-5__Ou__dico__dico/xnmalloc
started running xnmalloc
finished xnmalloc
removing targets
analyzing gcc-5__Ou__dico__dico/xnrealloc
started running xnrealloc
finished xnrealloc
removing targets
analyzing gcc-5__Ou__dico__dico/x2nrealloc
started running x2nrealloc
finished x2nrealloc
removing targets
analyzing gcc-5__Ou__dico__dico/xcharalloc
started running xcharalloc
finished xcharalloc
analyzing gcc-5__Ou__dico__dico/xmalloc
started running xmalloc
finished xmalloc
analyzing gcc-5__Ou__dico__dico/xrealloc
started running xrealloc
finished xrealloc
removing targets
analyzing gcc-5__Ou__dico__dico/x2realloc
started running x2realloc
finished x2realloc
analyzing gcc-5__Ou__dico__dico/xzalloc
started running xzalloc
finished xzalloc
analyzing gcc-5__Ou__dico__dico/xcalloc
started running xcalloc
finished xcalloc
analyzing gcc-5__Ou__dico__dico/xmemdup
started running xmemdup
finished xmemdup
analyzing gcc-5__Ou__dico__dico/xstrdup
started running xstrdup
finished xstrdup
analyzing gcc-5__Ou__dico__dico/call_fclose
started running call_fclose
finished call_fclose
removing targets
analyzing gcc-5__Ou__dico__dico/gnu_getpass
started running gnu_getpass
finished gnu_getpass
analyzing gcc-5__Ou__dico__dico/c_isascii
started running c_isascii
finished c_isascii
removing targets
analyzing gcc-5__Ou__dico__dico/c_isalnum
started running c_isalnum
finished c_isalnum
removing targets
analyzing gcc-5__Ou__dico__dico/c_isalpha
started running c_isalpha
finished c_isalpha
removing targets
analyzing gcc-5__Ou__dico__dico/c_isblank
started running c_isblank
finished c_isblank
removing targets
analyzing gcc-5__Ou__dico__dico/c_iscntrl
started running c_iscntrl
finished c_iscntrl
removing targets
analyzing gcc-5__Ou__dico__dico/c_isdigit
started running c_isdigit
finished c_isdigit
removing targets
analyzing gcc-5__Ou__dico__dico/c_islower
started running c_islower
finished c_islower
removing targets
analyzing gcc-5__Ou__dico__dico/c_isgraph
started running c_isgraph
finished c_isgraph
removing targets
analyzing gcc-5__Ou__dico__dico/c_isprint
started running c_isprint
finished c_isprint
removing targets
analyzing gcc-5__Ou__dico__dico/c_ispunct
started running c_ispunct
finished c_ispunct
removing targets
analyzing gcc-5__Ou__dico__dico/c_isspace
started running c_isspace
finished c_isspace
removing targets
analyzing gcc-5__Ou__dico__dico/c_isupper
started running c_isupper
finished c_isupper
removing targets
analyzing gcc-5__Ou__dico__dico/c_isxdigit
started running c_isxdigit
finished c_isxdigit
removing targets
analyzing gcc-5__Ou__dico__dico/c_tolower
started running c_tolower
finished c_tolower
removing targets
analyzing gcc-5__Ou__dico__dico/c_toupper
started running c_toupper
finished c_toupper
removing targets
analyzing gcc-5__Ou__dico__dico/get_charset_aliases
started running get_charset_aliases
finished get_charset_aliases
removing targets
analyzing gcc-5__Ou__dico__dico/locale_charset
started running locale_charset
analyzing gcc-5__Ou__dico__dico/xalloc_die
started running xalloc_die
finished xalloc_die
