WARNING | 2021-12-08 20:11:04,509 | cle.backends.externs | Symbol was allocated without a known size; emulation may fail if it is used non-opaquely: tmpl_cmd_set_acpi_power_state_rs
WARNING | 2021-12-08 20:11:04,510 | cle.backends.externs | Symbol was allocated without a known size; emulation may fail if it is used non-opaquely: tmpl_cmd_get_ip_udp_rmcp_statistics_rs
WARNING | 2021-12-08 20:11:04,510 | cle.backends.externs | Symbol was allocated without a known size; emulation may fail if it is used non-opaquely: tmpl_cmd_get_channel_info_rs
WARNING | 2021-12-08 20:11:04,510 | cle.backends.externs | Symbol was allocated without a known size; emulation may fail if it is used non-opaquely: tmpl_cmd_get_sel_time_utc_offset_rs
WARNING | 2021-12-08 20:11:04,510 | cle.backends.externs | Symbol was allocated without a known size; emulation may fail if it is used non-opaquely: tmpl_cmd_get_fru_inventory_area_info_rs
WARNING | 2021-12-08 20:11:04,510 | cle.backends.externs | Symbol was allocated without a known size; emulation may fail if it is used non-opaquely: tmpl_cmd_get_system_interface_capabilities_kcs_rs
WARNING | 2021-12-08 20:11:04,510 | cle.backends.externs | Symbol was allocated without a known size; emulation may fail if it is used non-opaquely: tmpl_cmd_platform_event_rs
WARNING | 2021-12-08 20:11:04,510 | cle.backends.externs | Symbol was allocated without a known size; emulation may fail if it is used non-opaquely: tmpl_cmd_get_auxiliary_log_status_rs
WARNING | 2021-12-08 20:11:04,510 | cle.backends.externs | Symbol was allocated without a known size; emulation may fail if it is used non-opaquely: tmpl_cmd_get_acpi_power_state_rs
WARNING | 2021-12-08 20:11:04,510 | cle.backends.externs | Symbol was allocated without a known size; emulation may fail if it is used non-opaquely: tmpl_cmd_write_fru_data_rs
WARNING | 2021-12-08 20:11:04,510 | cle.backends.externs | Symbol was allocated without a known size; emulation may fail if it is used non-opaquely: tmpl_cmd_get_bmc_global_enables_rs
WARNING | 2021-12-08 20:11:04,510 | cle.backends.externs | Symbol was allocated without a known size; emulation may fail if it is used non-opaquely: tmpl_cmd_get_auxiliary_log_status_mca_rs
WARNING | 2021-12-08 20:11:04,510 | cle.backends.externs | Symbol was allocated without a known size; emulation may fail if it is used non-opaquely: tmpl_cmd_re_arm_sensor_events_rs
WARNING | 2021-12-08 20:11:04,510 | cle.backends.externs | Symbol was allocated without a known size; emulation may fail if it is used non-opaquely: tmpl_cmd_get_self_test_results_rs
WARNING | 2021-12-08 20:11:04,511 | cle.backends.externs | Symbol was allocated without a known size; emulation may fail if it is used non-opaquely: tmpl_cmd_get_sel_time_rs
WARNING | 2021-12-08 20:11:04,511 | cle.backends.externs | Symbol was allocated without a known size; emulation may fail if it is used non-opaquely: tmpl_cmd_set_sel_time_rs
WARNING | 2021-12-08 20:11:04,511 | cle.backends.externs | Symbol was allocated without a known size; emulation may fail if it is used non-opaquely: tmpl_cmd_cold_reset_rs
WARNING | 2021-12-08 20:11:04,511 | cle.backends.externs | Symbol was allocated without a known size; emulation may fail if it is used non-opaquely: tmpl_cmd_set_system_info_parameters_rs
WARNING | 2021-12-08 20:11:04,511 | cle.backends.externs | Symbol was allocated without a known size; emulation may fail if it is used non-opaquely: tmpl_cmd_set_sensor_reading_and_event_status_rs
WARNING | 2021-12-08 20:11:04,511 | cle.backends.externs | Symbol was allocated without a known size; emulation may fail if it is used non-opaquely: tmpl_cmd_set_sdr_repository_time_rs
WARNING | 2021-12-08 20:11:04,511 | cle.backends.externs | Symbol was allocated without a known size; emulation may fail if it is used non-opaquely: tmpl_cmd_get_sdr_repository_time_rs
WARNING | 2021-12-08 20:11:04,511 | cle.backends.externs | Symbol was allocated without a known size; emulation may fail if it is used non-opaquely: tmpl_cmd_warm_reset_rs
WARNING | 2021-12-08 20:11:04,511 | cle.backends.externs | Symbol was allocated without a known size; emulation may fail if it is used non-opaquely: tmpl_cmd_set_sel_time_utc_offset_rs
WARNING | 2021-12-08 20:11:04,511 | cle.backends.externs | Symbol was allocated without a known size; emulation may fail if it is used non-opaquely: tmpl_cmd_get_bt_interface_capabilities_rs
WARNING | 2021-12-08 20:11:04,511 | cle.backends.externs | Symbol was allocated without a known size; emulation may fail if it is used non-opaquely: tmpl_cmd_get_system_interface_capabilities_ssif_rs
WARNING | 2021-12-08 20:11:04,515 | cle.loader | For more information about "Symbol was allocated without a known size", see https://docs.angr.io/extending-angr/environment#simdata
ERROR   | 2021-12-08 20:25:31,660 | root     | list index out of range
ERROR   | 2021-12-08 20:25:31,663 | root     | got an error while analyzing bmc_device_argp_parse
ASSERTION VIOLATION
File: ../src/ast/shared_occs.cpp
Line: 119
UNEXPECTED CODE WAS REACHED.
Z3 4.8.13.0
Please file an issue with this message and more detail about how you encountered it at https://github.com/Z3Prover/z3/issues/new
