gcc-5__Ou__freeipmi__bmc-watchdog have 64 funcs
analyzing gcc-5__Ou__freeipmi__bmc-watchdog/deregister_tm_clones
started running deregister_tm_clones
finished deregister_tm_clones
removing targets
analyzing gcc-5__Ou__freeipmi__bmc-watchdog/register_tm_clones
started running register_tm_clones
finished register_tm_clones
removing targets
analyzing gcc-5__Ou__freeipmi__bmc-watchdog/frame_dummy
started running frame_dummy
finished frame_dummy
removing targets
analyzing gcc-5__Ou__freeipmi__bmc-watchdog/cmdline_parse
started running cmdline_parse
finished cmdline_parse
removing targets
analyzing gcc-5__Ou__freeipmi__bmc-watchdog/bmc_watchdog_argp_parse
started running bmc_watchdog_argp_parse
finished bmc_watchdog_argp_parse
analyzing gcc-5__Ou__freeipmi__bmc-watchdog/config_file_parse
started running config_file_parse
finished config_file_parse
analyzing gcc-5__Ou__freeipmi__bmc-watchdog/cmdline_config_file_parse
started running cmdline_config_file_parse
finished cmdline_config_file_parse
removing targets
analyzing gcc-5__Ou__freeipmi__bmc-watchdog/common_parse_opt
started running common_parse_opt
finished common_parse_opt
removing targets
analyzing gcc-5__Ou__freeipmi__bmc-watchdog/init_common_cmd_args_user
started running init_common_cmd_args_user
finished init_common_cmd_args_user
analyzing gcc-5__Ou__freeipmi__bmc-watchdog/init_common_cmd_args_operator
started running init_common_cmd_args_operator
finished init_common_cmd_args_operator
analyzing gcc-5__Ou__freeipmi__bmc-watchdog/init_common_cmd_args_admin
started running init_common_cmd_args_admin
finished init_common_cmd_args_admin
analyzing gcc-5__Ou__freeipmi__bmc-watchdog/verify_common_cmd_args_inband
started running verify_common_cmd_args_inband
finished verify_common_cmd_args_inband
removing targets
analyzing gcc-5__Ou__freeipmi__bmc-watchdog/verify_common_cmd_args_outofband
started running verify_common_cmd_args_outofband
finished verify_common_cmd_args_outofband
removing targets
analyzing gcc-5__Ou__freeipmi__bmc-watchdog/verify_common_cmd_args
started running verify_common_cmd_args
finished verify_common_cmd_args
analyzing gcc-5__Ou__freeipmi__bmc-watchdog/daemonize_common
started running daemonize_common
finished daemonize_common
analyzing gcc-5__Ou__freeipmi__bmc-watchdog/daemon_signal_handler_setup
started running daemon_signal_handler_setup
finished daemon_signal_handler_setup
analyzing gcc-5__Ou__freeipmi__bmc-watchdog/daemon_sleep
started running daemon_sleep
finished daemon_sleep
removing targets
analyzing gcc-5__Ou__freeipmi__bmc-watchdog/ipmi_is_root
started running ipmi_is_root
finished ipmi_is_root
analyzing gcc-5__Ou__freeipmi__bmc-watchdog/ipmi_disable_coredump
started running ipmi_disable_coredump
finished ipmi_disable_coredump
analyzing gcc-5__Ou__freeipmi__bmc-watchdog/check_kg_len
started running check_kg_len
finished check_kg_len
removing targets
analyzing gcc-5__Ou__freeipmi__bmc-watchdog/format_kg
started running format_kg
finished format_kg
removing targets
analyzing gcc-5__Ou__freeipmi__bmc-watchdog/get_timestamp_flags
started running get_timestamp_flags
finished get_timestamp_flags
removing targets
analyzing gcc-5__Ou__freeipmi__bmc-watchdog/conffile_handle_create
started running conffile_handle_create
finished conffile_handle_create
analyzing gcc-5__Ou__freeipmi__bmc-watchdog/conffile_handle_destroy
started running conffile_handle_destroy
finished conffile_handle_destroy
removing targets
analyzing gcc-5__Ou__freeipmi__bmc-watchdog/conffile_errnum
started running conffile_errnum
finished conffile_errnum
removing targets
analyzing gcc-5__Ou__freeipmi__bmc-watchdog/conffile_errmsg
started running conffile_errmsg
finished conffile_errmsg
removing targets
analyzing gcc-5__Ou__freeipmi__bmc-watchdog/conffile_seterrnum
started running conffile_seterrnum
finished conffile_seterrnum
removing targets
analyzing gcc-5__Ou__freeipmi__bmc-watchdog/conffile_line_number
started running conffile_line_number
finished conffile_line_number
removing targets
analyzing gcc-5__Ou__freeipmi__bmc-watchdog/conffile_parse
started running conffile_parse
stopped exploration
finished conffile_parse
removing targets
analyzing gcc-5__Ou__freeipmi__bmc-watchdog/conffile_empty
started running conffile_empty
finished conffile_empty
analyzing gcc-5__Ou__freeipmi__bmc-watchdog/conffile_bool
started running conffile_bool
finished conffile_bool
removing targets
analyzing gcc-5__Ou__freeipmi__bmc-watchdog/conffile_int
started running conffile_int
finished conffile_int
removing targets
analyzing gcc-5__Ou__freeipmi__bmc-watchdog/conffile_double
started running conffile_double
finished conffile_double
removing targets
analyzing gcc-5__Ou__freeipmi__bmc-watchdog/conffile_string
started running conffile_string
finished conffile_string
removing targets
analyzing gcc-5__Ou__freeipmi__bmc-watchdog/err_init
started running err_init
finished err_init
analyzing gcc-5__Ou__freeipmi__bmc-watchdog/err_init_exit_value
started running err_init_exit_value
finished err_init_exit_value
analyzing gcc-5__Ou__freeipmi__bmc-watchdog/err_get_flags
started running err_get_flags
finished err_get_flags
analyzing gcc-5__Ou__freeipmi__bmc-watchdog/err_set_flags
started running err_set_flags
finished err_set_flags
analyzing gcc-5__Ou__freeipmi__bmc-watchdog/err_debug
started running err_debug
finished err_debug
removing targets
analyzing gcc-5__Ou__freeipmi__bmc-watchdog/err_output
started running err_output
finished err_output
removing targets
analyzing gcc-5__Ou__freeipmi__bmc-watchdog/err_exit
started running err_exit
finished err_exit
removing targets
analyzing gcc-5__Ou__freeipmi__bmc-watchdog/fd_read_n
started running fd_read_n
finished fd_read_n
removing targets
analyzing gcc-5__Ou__freeipmi__bmc-watchdog/fd_write_n
started running fd_write_n
finished fd_write_n
removing targets
analyzing gcc-5__Ou__freeipmi__bmc-watchdog/fd_read_line
started running fd_read_line
finished fd_read_line
removing targets
analyzing gcc-5__Ou__freeipmi__bmc-watchdog/fd_get_read_lock
started running fd_get_read_lock
finished fd_get_read_lock
analyzing gcc-5__Ou__freeipmi__bmc-watchdog/fd_get_readw_lock
started running fd_get_readw_lock
finished fd_get_readw_lock
analyzing gcc-5__Ou__freeipmi__bmc-watchdog/fd_get_write_lock
started running fd_get_write_lock
finished fd_get_write_lock
analyzing gcc-5__Ou__freeipmi__bmc-watchdog/fd_get_writew_lock
started running fd_get_writew_lock
finished fd_get_writew_lock
analyzing gcc-5__Ou__freeipmi__bmc-watchdog/fd_release_lock
started running fd_release_lock
finished fd_release_lock
analyzing gcc-5__Ou__freeipmi__bmc-watchdog/fd_is_read_lock_blocked
started running fd_is_read_lock_blocked
finished fd_is_read_lock_blocked
analyzing gcc-5__Ou__freeipmi__bmc-watchdog/fd_is_write_lock_blocked
started running fd_is_write_lock_blocked
finished fd_is_write_lock_blocked
analyzing gcc-5__Ou__freeipmi__bmc-watchdog/fd_set_close_on_exec
started running fd_set_close_on_exec
finished fd_set_close_on_exec
analyzing gcc-5__Ou__freeipmi__bmc-watchdog/fd_set_nonblocking
started running fd_set_nonblocking
finished fd_set_nonblocking
analyzing gcc-5__Ou__freeipmi__bmc-watchdog/parse_inband_driver_type
started running parse_inband_driver_type
finished parse_inband_driver_type
analyzing gcc-5__Ou__freeipmi__bmc-watchdog/parse_outofband_driver_type
started running parse_outofband_driver_type
finished parse_outofband_driver_type
analyzing gcc-5__Ou__freeipmi__bmc-watchdog/parse_driver_type
started running parse_driver_type
finished parse_driver_type
analyzing gcc-5__Ou__freeipmi__bmc-watchdog/parse_authentication_type
started running parse_authentication_type
finished parse_authentication_type
analyzing gcc-5__Ou__freeipmi__bmc-watchdog/parse_privilege_level
started running parse_privilege_level
finished parse_privilege_level
analyzing gcc-5__Ou__freeipmi__bmc-watchdog/parse_workaround_flags
started running parse_workaround_flags
finished parse_workaround_flags
analyzing gcc-5__Ou__freeipmi__bmc-watchdog/parse_workaround_flags_tool
started running parse_workaround_flags_tool
finished parse_workaround_flags_tool
analyzing gcc-5__Ou__freeipmi__bmc-watchdog/parse_kg
started running parse_kg
finished parse_kg
removing targets
analyzing gcc-5__Ou__freeipmi__bmc-watchdog/parse_get_freeipmi_outofband_flags
started running parse_get_freeipmi_outofband_flags
finished parse_get_freeipmi_outofband_flags
removing targets
analyzing gcc-5__Ou__freeipmi__bmc-watchdog/parse_get_freeipmi_outofband_2_0_flags
started running parse_get_freeipmi_outofband_2_0_flags
finished parse_get_freeipmi_outofband_2_0_flags
removing targets
analyzing gcc-5__Ou__freeipmi__bmc-watchdog/parse_get_freeipmi_inband_flags
started running parse_get_freeipmi_inband_flags
finished parse_get_freeipmi_inband_flags
removing targets
