WARNING | 2021-12-08 20:16:21,910 | cle.backends.externs | Symbol was allocated without a known size; emulation may fail if it is used non-opaquely: tmpl_cmd_get_sol_configuration_parameters_sol_non_volatile_bit_rate_rs
WARNING | 2021-12-08 20:16:21,910 | cle.backends.externs | Symbol was allocated without a known size; emulation may fail if it is used non-opaquely: tmpl_cmd_get_sol_configuration_parameters_sol_enable_rs
WARNING | 2021-12-08 20:16:21,910 | cle.backends.externs | Symbol was allocated without a known size; emulation may fail if it is used non-opaquely: tmpl_cmd_get_pef_configuration_parameters_alert_strings_rs
WARNING | 2021-12-08 20:16:21,910 | cle.backends.externs | Symbol was allocated without a known size; emulation may fail if it is used non-opaquely: tmpl_cmd_get_sensor_event_enable_rs
WARNING | 2021-12-08 20:16:21,910 | cle.backends.externs | Symbol was allocated without a known size; emulation may fail if it is used non-opaquely: tmpl_cmd_set_system_boot_options_rs
WARNING | 2021-12-08 20:16:21,910 | cle.backends.externs | Symbol was allocated without a known size; emulation may fail if it is used non-opaquely: tmpl_cmd_dcmi_get_asset_tag_rs
WARNING | 2021-12-08 20:16:21,910 | cle.backends.externs | Symbol was allocated without a known size; emulation may fail if it is used non-opaquely: tmpl_cmd_get_lan_configuration_parameters_community_string_rs
WARNING | 2021-12-08 20:16:21,911 | cle.backends.externs | Symbol was allocated without a known size; emulation may fail if it is used non-opaquely: tmpl_cmd_set_sensor_event_enable_rs
WARNING | 2021-12-08 20:16:21,911 | cle.backends.externs | Symbol was allocated without a known size; emulation may fail if it is used non-opaquely: tmpl_cmd_get_sensor_hysteresis_rs
WARNING | 2021-12-08 20:16:21,911 | cle.backends.externs | Symbol was allocated without a known size; emulation may fail if it is used non-opaquely: tmpl_cmd_get_lan_configuration_parameters_ip_address_source_rs
WARNING | 2021-12-08 20:16:21,911 | cle.backends.externs | Symbol was allocated without a known size; emulation may fail if it is used non-opaquely: tmpl_cmd_get_lan_configuration_parameters_vlan_priority_rs
WARNING | 2021-12-08 20:16:21,911 | cle.backends.externs | Symbol was allocated without a known size; emulation may fail if it is used non-opaquely: tmpl_cmd_set_user_password_rs
WARNING | 2021-12-08 20:16:21,911 | cle.backends.externs | Symbol was allocated without a known size; emulation may fail if it is used non-opaquely: tmpl_cmd_get_chassis_status_rs
WARNING | 2021-12-08 20:16:21,911 | cle.backends.externs | Symbol was allocated without a known size; emulation may fail if it is used non-opaquely: tmpl_cmd_get_lan_configuration_parameters_primary_rmcp_port_number_rs
WARNING | 2021-12-08 20:16:21,911 | cle.backends.externs | Symbol was allocated without a known size; emulation may fail if it is used non-opaquely: tmpl_cmd_set_user_password_rq
WARNING | 2021-12-08 20:16:21,911 | cle.backends.externs | Symbol was allocated without a known size; emulation may fail if it is used non-opaquely: tmpl_cmd_get_pef_capabilities_rs
WARNING | 2021-12-08 20:16:21,911 | cle.backends.externs | Symbol was allocated without a known size; emulation may fail if it is used non-opaquely: tmpl_cmd_set_channel_access_rs
WARNING | 2021-12-08 20:16:21,911 | cle.backends.externs | Symbol was allocated without a known size; emulation may fail if it is used non-opaquely: tmpl_cmd_get_serial_modem_configuration_page_blackout_interval_rs
WARNING | 2021-12-08 20:16:21,911 | cle.backends.externs | Symbol was allocated without a known size; emulation may fail if it is used non-opaquely: tmpl_cmd_get_sol_configuration_parameters_character_accumulate_interval_and_send_threshold_rs
WARNING | 2021-12-08 20:16:21,911 | cle.backends.externs | Symbol was allocated without a known size; emulation may fail if it is used non-opaquely: tmpl_cmd_set_user_payload_access_rs
WARNING | 2021-12-08 20:16:21,912 | cle.backends.externs | Symbol was allocated without a known size; emulation may fail if it is used non-opaquely: tmpl_cmd_get_system_boot_options_boot_flags_rs
WARNING | 2021-12-08 20:16:21,912 | cle.backends.externs | Symbol was allocated without a known size; emulation may fail if it is used non-opaquely: tmpl_cmd_get_sensor_thresholds_rs
WARNING | 2021-12-08 20:16:21,912 | cle.backends.externs | Symbol was allocated without a known size; emulation may fail if it is used non-opaquely: tmpl_cmd_get_pef_configuration_parameters_pef_alert_startup_delay_rs
WARNING | 2021-12-08 20:16:21,912 | cle.backends.externs | Symbol was allocated without a known size; emulation may fail if it is used non-opaquely: tmpl_cmd_set_serial_modem_configuration_rs
WARNING | 2021-12-08 20:16:21,912 | cle.backends.externs | Symbol was allocated without a known size; emulation may fail if it is used non-opaquely: tmpl_cmd_get_lan_configuration_parameters_ipv6_static_router_1_prefix_value_rs
WARNING | 2021-12-08 20:16:21,912 | cle.backends.externs | Symbol was allocated without a known size; emulation may fail if it is used non-opaquely: tmpl_cmd_get_sol_configuration_parameters_sol_payload_port_number_rs
WARNING | 2021-12-08 20:16:21,912 | cle.backends.externs | Symbol was allocated without a known size; emulation may fail if it is used non-opaquely: tmpl_cmd_get_lan_configuration_parameters_ipv6_status_rs
WARNING | 2021-12-08 20:16:21,912 | cle.backends.externs | Symbol was allocated without a known size; emulation may fail if it is used non-opaquely: tmpl_cmd_get_lan_configuration_parameters_destination_type_rs
WARNING | 2021-12-08 20:16:21,912 | cle.backends.externs | Symbol was allocated without a known size; emulation may fail if it is used non-opaquely: tmpl_cmd_get_lan_configuration_parameters_bmc_generated_arp_control_rs
WARNING | 2021-12-08 20:16:21,912 | cle.backends.externs | Symbol was allocated without a known size; emulation may fail if it is used non-opaquely: tmpl_cmd_get_serial_modem_configuration_call_retry_interval_rs
WARNING | 2021-12-08 20:16:21,912 | cle.backends.externs | Symbol was allocated without a known size; emulation may fail if it is used non-opaquely: tmpl_cmd_set_lan_configuration_parameters_rs
WARNING | 2021-12-08 20:16:21,912 | cle.backends.externs | Symbol was allocated without a known size; emulation may fail if it is used non-opaquely: tmpl_cmd_get_user_name_rs
WARNING | 2021-12-08 20:16:21,912 | cle.backends.externs | Symbol was allocated without a known size; emulation may fail if it is used non-opaquely: tmpl_cmd_set_front_panel_enables_rs
WARNING | 2021-12-08 20:16:21,913 | cle.backends.externs | Symbol was allocated without a known size; emulation may fail if it is used non-opaquely: tmpl_cmd_get_sol_configuration_parameters_sol_payload_channel_rs
WARNING | 2021-12-08 20:16:21,913 | cle.backends.externs | Symbol was allocated without a known size; emulation may fail if it is used non-opaquely: tmpl_cmd_get_pef_configuration_parameters_pef_control_rs
WARNING | 2021-12-08 20:16:21,913 | cle.backends.externs | Symbol was allocated without a known size; emulation may fail if it is used non-opaquely: tmpl_cmd_get_lan_configuration_parameters_vlan_id_rs
WARNING | 2021-12-08 20:16:21,913 | cle.backends.externs | Symbol was allocated without a known size; emulation may fail if it is used non-opaquely: tmpl_cmd_dcmi_set_asset_tag_rs
WARNING | 2021-12-08 20:16:21,913 | cle.backends.externs | Symbol was allocated without a known size; emulation may fail if it is used non-opaquely: tmpl_cmd_get_lan_configuration_parameters_rmcpplus_messaging_cipher_suite_entries_rs
WARNING | 2021-12-08 20:16:21,913 | cle.backends.externs | Symbol was allocated without a known size; emulation may fail if it is used non-opaquely: tmpl_cmd_set_user_name_rs
WARNING | 2021-12-08 20:16:21,913 | cle.backends.externs | Symbol was allocated without a known size; emulation may fail if it is used non-opaquely: tmpl_cmd_get_pef_configuration_parameters_alert_policy_table_rs
WARNING | 2021-12-08 20:16:21,913 | cle.backends.externs | Symbol was allocated without a known size; emulation may fail if it is used non-opaquely: tmpl_cmd_get_lan_configuration_parameters_gratuitous_arp_interval_rs
WARNING | 2021-12-08 20:16:21,913 | cle.backends.externs | Symbol was allocated without a known size; emulation may fail if it is used non-opaquely: tmpl_cmd_get_lan_configuration_parameters_ipv6_static_router_2_ip_address_rs
WARNING | 2021-12-08 20:16:21,913 | cle.backends.externs | Symbol was allocated without a known size; emulation may fail if it is used non-opaquely: tmpl_cmd_dcmi_set_management_controller_identifier_string_rs
WARNING | 2021-12-08 20:16:21,913 | cle.backends.externs | Symbol was allocated without a known size; emulation may fail if it is used non-opaquely: tmpl_cmd_set_pef_configuration_parameters_rs
WARNING | 2021-12-08 20:16:21,913 | cle.backends.externs | Symbol was allocated without a known size; emulation may fail if it is used non-opaquely: tmpl_cmd_set_sensor_thresholds_rs
WARNING | 2021-12-08 20:16:21,913 | cle.backends.externs | Symbol was allocated without a known size; emulation may fail if it is used non-opaquely: tmpl_cmd_dcmi_set_power_limit_rs
WARNING | 2021-12-08 20:16:21,914 | cle.backends.externs | Symbol was allocated without a known size; emulation may fail if it is used non-opaquely: tmpl_cmd_set_sol_configuration_parameters_rs
WARNING | 2021-12-08 20:16:21,914 | cle.backends.externs | Symbol was allocated without a known size; emulation may fail if it is used non-opaquely: tmpl_cmd_set_power_cycle_interval_rs
WARNING | 2021-12-08 20:16:21,914 | cle.backends.externs | Symbol was allocated without a known size; emulation may fail if it is used non-opaquely: tmpl_cmd_get_lan_configuration_parameters_ip_address_rs
WARNING | 2021-12-08 20:16:21,914 | cle.backends.externs | Symbol was allocated without a known size; emulation may fail if it is used non-opaquely: tmpl_cmd_get_lan_configuration_parameters_ipv6_dynamic_address_rs
WARNING | 2021-12-08 20:16:21,914 | cle.backends.externs | Symbol was allocated without a known size; emulation may fail if it is used non-opaquely: tmpl_cmd_get_lan_configuration_parameters_rmcpplus_messaging_cipher_suite_privilege_levels_rs
WARNING | 2021-12-08 20:16:21,914 | cle.backends.externs | Symbol was allocated without a known size; emulation may fail if it is used non-opaquely: tmpl_cmd_get_sol_configuration_parameters_sol_retry_rs
WARNING | 2021-12-08 20:16:21,914 | cle.backends.externs | Symbol was allocated without a known size; emulation may fail if it is used non-opaquely: tmpl_cmd_get_lan_configuration_parameters_ipv6_static_router_2_mac_address_rs
WARNING | 2021-12-08 20:16:21,914 | cle.backends.externs | Symbol was allocated without a known size; emulation may fail if it is used non-opaquely: tmpl_cmd_get_serial_modem_configuration_ipmi_messaging_comm_settings_rs
WARNING | 2021-12-08 20:16:21,914 | cle.backends.externs | Symbol was allocated without a known size; emulation may fail if it is used non-opaquely: tmpl_cmd_get_channel_access_rs
WARNING | 2021-12-08 20:16:21,914 | cle.backends.externs | Symbol was allocated without a known size; emulation may fail if it is used non-opaquely: tmpl_cmd_set_sensor_hysteresis_rs
WARNING | 2021-12-08 20:16:21,914 | cle.backends.externs | Symbol was allocated without a known size; emulation may fail if it is used non-opaquely: tmpl_cmd_set_channel_security_keys_rs
WARNING | 2021-12-08 20:16:21,914 | cle.backends.externs | Symbol was allocated without a known size; emulation may fail if it is used non-opaquely: tmpl_cmd_get_serial_modem_configuration_connection_mode_rs
WARNING | 2021-12-08 20:16:21,914 | cle.backends.externs | Symbol was allocated without a known size; emulation may fail if it is used non-opaquely: tmpl_cmd_get_lan_configuration_parameters_default_gateway_address_rs
WARNING | 2021-12-08 20:16:21,914 | cle.backends.externs | Symbol was allocated without a known size; emulation may fail if it is used non-opaquely: tmpl_cmd_get_lan_configuration_parameters_ipv6_static_router_2_prefix_length_rs
WARNING | 2021-12-08 20:16:21,915 | cle.backends.externs | Symbol was allocated without a known size; emulation may fail if it is used non-opaquely: tmpl_cmd_get_lan_configuration_parameters_ipv6_static_router_1_mac_address_rs
WARNING | 2021-12-08 20:16:21,915 | cle.backends.externs | Symbol was allocated without a known size; emulation may fail if it is used non-opaquely: tmpl_cmd_get_lan_configuration_parameters_ipv6_router_address_configuration_control_rs
WARNING | 2021-12-08 20:16:21,915 | cle.backends.externs | Symbol was allocated without a known size; emulation may fail if it is used non-opaquely: tmpl_cmd_get_pef_configuration_parameters_pef_action_global_control_rs
WARNING | 2021-12-08 20:16:21,915 | cle.backends.externs | Symbol was allocated without a known size; emulation may fail if it is used non-opaquely: tmpl_cmd_get_pef_configuration_parameters_number_of_alert_policy_entries_rs
WARNING | 2021-12-08 20:16:21,915 | cle.backends.externs | Symbol was allocated without a known size; emulation may fail if it is used non-opaquely: tmpl_cmd_get_lan_configuration_parameters_bad_password_threshold_rs
WARNING | 2021-12-08 20:16:21,915 | cle.backends.externs | Symbol was allocated without a known size; emulation may fail if it is used non-opaquely: tmpl_cmd_get_lan_configuration_parameters_ipv6_static_router_2_prefix_value_rs
WARNING | 2021-12-08 20:16:21,915 | cle.backends.externs | Symbol was allocated without a known size; emulation may fail if it is used non-opaquely: tmpl_cmd_get_pef_configuration_parameters_number_of_alert_strings_rs
WARNING | 2021-12-08 20:16:21,915 | cle.backends.externs | Symbol was allocated without a known size; emulation may fail if it is used non-opaquely: tmpl_cmd_get_sol_configuration_parameters_sol_authentication_rs
WARNING | 2021-12-08 20:16:21,915 | cle.backends.externs | Symbol was allocated without a known size; emulation may fail if it is used non-opaquely: tmpl_cmd_get_lan_configuration_parameters_subnet_mask_rs
WARNING | 2021-12-08 20:16:21,915 | cle.backends.externs | Symbol was allocated without a known size; emulation may fail if it is used non-opaquely: tmpl_cmd_get_user_payload_access_rs
WARNING | 2021-12-08 20:16:21,915 | cle.backends.externs | Symbol was allocated without a known size; emulation may fail if it is used non-opaquely: tmpl_cmd_get_lan_configuration_parameters_authentication_type_support_rs
WARNING | 2021-12-08 20:16:21,915 | cle.backends.externs | Symbol was allocated without a known size; emulation may fail if it is used non-opaquely: tmpl_cmd_get_pef_configuration_parameters_pef_startup_delay_rs
WARNING | 2021-12-08 20:16:21,915 | cle.backends.externs | Symbol was allocated without a known size; emulation may fail if it is used non-opaquely: tmpl_cmd_dcmi_get_management_controller_identifier_string_rs
WARNING | 2021-12-08 20:16:21,915 | cle.backends.externs | Symbol was allocated without a known size; emulation may fail if it is used non-opaquely: tmpl_cmd_get_pef_configuration_parameters_number_of_event_filters_rs
WARNING | 2021-12-08 20:16:21,916 | cle.backends.externs | Symbol was allocated without a known size; emulation may fail if it is used non-opaquely: tmpl_cmd_get_lan_configuration_parameters_ipv4_header_parameters_rs
WARNING | 2021-12-08 20:16:21,916 | cle.backends.externs | Symbol was allocated without a known size; emulation may fail if it is used non-opaquely: tmpl_cmd_get_sol_configuration_parameters_sol_volatile_bit_rate_rs
WARNING | 2021-12-08 20:16:21,916 | cle.backends.externs | Symbol was allocated without a known size; emulation may fail if it is used non-opaquely: tmpl_cmd_get_lan_configuration_parameters_ipv6_static_router_1_prefix_length_rs
WARNING | 2021-12-08 20:16:21,916 | cle.backends.externs | Symbol was allocated without a known size; emulation may fail if it is used non-opaquely: tmpl_cmd_get_lan_configuration_parameters_backup_gateway_address_rs
WARNING | 2021-12-08 20:16:21,916 | cle.backends.externs | Symbol was allocated without a known size; emulation may fail if it is used non-opaquely: tmpl_cmd_get_lan_configuration_parameters_destination_addresses_rs
WARNING | 2021-12-08 20:16:21,916 | cle.backends.externs | Symbol was allocated without a known size; emulation may fail if it is used non-opaquely: tmpl_cmd_get_lan_configuration_parameters_secondary_rmcp_port_number_rs
WARNING | 2021-12-08 20:16:21,916 | cle.backends.externs | Symbol was allocated without a known size; emulation may fail if it is used non-opaquely: tmpl_cmd_get_lan_configuration_parameters_ipv6_ipv4_addressing_enables_rs
WARNING | 2021-12-08 20:16:21,916 | cle.backends.externs | Symbol was allocated without a known size; emulation may fail if it is used non-opaquely: tmpl_cmd_get_lan_configuration_parameters_backup_gateway_mac_address_rs
WARNING | 2021-12-08 20:16:21,916 | cle.backends.externs | Symbol was allocated without a known size; emulation may fail if it is used non-opaquely: tmpl_cmd_get_pef_configuration_parameters_alert_string_keys_rs
WARNING | 2021-12-08 20:16:21,916 | cle.backends.externs | Symbol was allocated without a known size; emulation may fail if it is used non-opaquely: tmpl_cmd_get_lan_configuration_parameters_rmcpplus_messaging_cipher_suite_entry_support_rs
WARNING | 2021-12-08 20:16:21,916 | cle.backends.externs | Symbol was allocated without a known size; emulation may fail if it is used non-opaquely: tmpl_cmd_get_lan_configuration_parameters_ipv6_static_addresses_rs
WARNING | 2021-12-08 20:16:21,916 | cle.backends.externs | Symbol was allocated without a known size; emulation may fail if it is used non-opaquely: tmpl_cmd_get_user_access_rs
WARNING | 2021-12-08 20:16:21,916 | cle.backends.externs | Symbol was allocated without a known size; emulation may fail if it is used non-opaquely: tmpl_cmd_get_lan_configuration_parameters_ipv6_ipv4_support_rs
WARNING | 2021-12-08 20:16:21,917 | cle.backends.externs | Symbol was allocated without a known size; emulation may fail if it is used non-opaquely: tmpl_cmd_get_lan_configuration_parameters_number_of_destinations_rs
WARNING | 2021-12-08 20:16:21,917 | cle.backends.externs | Symbol was allocated without a known size; emulation may fail if it is used non-opaquely: tmpl_cmd_dcmi_get_power_limit_rs
WARNING | 2021-12-08 20:16:21,917 | cle.backends.externs | Symbol was allocated without a known size; emulation may fail if it is used non-opaquely: tmpl_cmd_set_power_restore_policy_rs
WARNING | 2021-12-08 20:16:21,917 | cle.backends.externs | Symbol was allocated without a known size; emulation may fail if it is used non-opaquely: tmpl_cmd_get_lan_configuration_parameters_authentication_type_enables_rs
WARNING | 2021-12-08 20:16:21,917 | cle.backends.externs | Symbol was allocated without a known size; emulation may fail if it is used non-opaquely: tmpl_cmd_set_user_access_rs
WARNING | 2021-12-08 20:16:21,917 | cle.backends.externs | Symbol was allocated without a known size; emulation may fail if it is used non-opaquely: tmpl_cmd_get_lan_configuration_parameters_mac_address_rs
WARNING | 2021-12-08 20:16:21,917 | cle.backends.externs | Symbol was allocated without a known size; emulation may fail if it is used non-opaquely: tmpl_cmd_get_pef_configuration_parameters_event_filter_table_rs
WARNING | 2021-12-08 20:16:21,917 | cle.backends.externs | Symbol was allocated without a known size; emulation may fail if it is used non-opaquely: tmpl_cmd_get_lan_configuration_parameters_default_gateway_mac_address_rs
WARNING | 2021-12-08 20:16:21,917 | cle.backends.externs | Symbol was allocated without a known size; emulation may fail if it is used non-opaquely: tmpl_cmd_get_lan_configuration_parameters_ipv6_static_router_1_ip_address_rs
WARNING | 2021-12-08 20:16:21,925 | cle.loader | For more information about "Symbol was allocated without a known size", see https://docs.angr.io/extending-angr/environment#simdata
ERROR   | 2021-12-08 22:35:31,157 | root     | b'out of memory'
ERROR   | 2021-12-08 22:35:31,161 | root     | got an error while analyzing hostname_create_with_suffix
ERROR   | 2021-12-08 22:37:33,879 | root     | b'out of memory'
ERROR   | 2021-12-08 22:37:33,882 | root     | got an error while analyzing hostrange_shift
ERROR   | 2021-12-08 22:41:17,465 | root     | b'out of memory'
ERROR   | 2021-12-08 22:41:17,473 | root     | got an error while analyzing hostlist_new
ERROR   | 2021-12-08 22:41:20,049 | root     | b'out of memory'
ERROR   | 2021-12-08 22:41:20,050 | root     | got an error while analyzing hostlist_resize
Killed
