gcc-5__Ou__freeipmi__ipmiconsole have 54 funcs
analyzing gcc-5__Ou__freeipmi__ipmiconsole/deregister_tm_clones
started running deregister_tm_clones
finished deregister_tm_clones
removing targets
analyzing gcc-5__Ou__freeipmi__ipmiconsole/register_tm_clones
started running register_tm_clones
finished register_tm_clones
removing targets
analyzing gcc-5__Ou__freeipmi__ipmiconsole/frame_dummy
started running frame_dummy
finished frame_dummy
removing targets
analyzing gcc-5__Ou__freeipmi__ipmiconsole/cmdline_parse
started running cmdline_parse
finished cmdline_parse
removing targets
analyzing gcc-5__Ou__freeipmi__ipmiconsole/ipmiconsole_argp_parse
started running ipmiconsole_argp_parse
finished ipmiconsole_argp_parse
analyzing gcc-5__Ou__freeipmi__ipmiconsole/config_file_parse
started running config_file_parse
finished config_file_parse
analyzing gcc-5__Ou__freeipmi__ipmiconsole/cmdline_config_file_parse
started running cmdline_config_file_parse
finished cmdline_config_file_parse
removing targets
analyzing gcc-5__Ou__freeipmi__ipmiconsole/common_parse_opt
started running common_parse_opt
finished common_parse_opt
removing targets
analyzing gcc-5__Ou__freeipmi__ipmiconsole/init_common_cmd_args_user
started running init_common_cmd_args_user
finished init_common_cmd_args_user
analyzing gcc-5__Ou__freeipmi__ipmiconsole/init_common_cmd_args_operator
started running init_common_cmd_args_operator
finished init_common_cmd_args_operator
analyzing gcc-5__Ou__freeipmi__ipmiconsole/init_common_cmd_args_admin
started running init_common_cmd_args_admin
finished init_common_cmd_args_admin
analyzing gcc-5__Ou__freeipmi__ipmiconsole/verify_common_cmd_args_inband
started running verify_common_cmd_args_inband
finished verify_common_cmd_args_inband
removing targets
analyzing gcc-5__Ou__freeipmi__ipmiconsole/verify_common_cmd_args_outofband
started running verify_common_cmd_args_outofband
finished verify_common_cmd_args_outofband
removing targets
analyzing gcc-5__Ou__freeipmi__ipmiconsole/verify_common_cmd_args
started running verify_common_cmd_args
finished verify_common_cmd_args
analyzing gcc-5__Ou__freeipmi__ipmiconsole/ipmi_is_root
started running ipmi_is_root
finished ipmi_is_root
analyzing gcc-5__Ou__freeipmi__ipmiconsole/ipmi_disable_coredump
started running ipmi_disable_coredump
finished ipmi_disable_coredump
analyzing gcc-5__Ou__freeipmi__ipmiconsole/check_kg_len
started running check_kg_len
finished check_kg_len
removing targets
analyzing gcc-5__Ou__freeipmi__ipmiconsole/format_kg
started running format_kg
finished format_kg
removing targets
analyzing gcc-5__Ou__freeipmi__ipmiconsole/get_timestamp_flags
started running get_timestamp_flags
finished get_timestamp_flags
removing targets
analyzing gcc-5__Ou__freeipmi__ipmiconsole/conffile_handle_create
started running conffile_handle_create
finished conffile_handle_create
analyzing gcc-5__Ou__freeipmi__ipmiconsole/conffile_handle_destroy
started running conffile_handle_destroy
finished conffile_handle_destroy
removing targets
analyzing gcc-5__Ou__freeipmi__ipmiconsole/conffile_errnum
started running conffile_errnum
finished conffile_errnum
removing targets
analyzing gcc-5__Ou__freeipmi__ipmiconsole/conffile_errmsg
started running conffile_errmsg
finished conffile_errmsg
removing targets
analyzing gcc-5__Ou__freeipmi__ipmiconsole/conffile_seterrnum
started running conffile_seterrnum
finished conffile_seterrnum
removing targets
analyzing gcc-5__Ou__freeipmi__ipmiconsole/conffile_line_number
started running conffile_line_number
finished conffile_line_number
removing targets
analyzing gcc-5__Ou__freeipmi__ipmiconsole/conffile_parse
started running conffile_parse
stopped exploration
finished conffile_parse
removing targets
analyzing gcc-5__Ou__freeipmi__ipmiconsole/conffile_empty
started running conffile_empty
finished conffile_empty
analyzing gcc-5__Ou__freeipmi__ipmiconsole/conffile_bool
started running conffile_bool
finished conffile_bool
removing targets
analyzing gcc-5__Ou__freeipmi__ipmiconsole/conffile_int
started running conffile_int
finished conffile_int
removing targets
analyzing gcc-5__Ou__freeipmi__ipmiconsole/conffile_double
started running conffile_double
finished conffile_double
removing targets
analyzing gcc-5__Ou__freeipmi__ipmiconsole/conffile_string
started running conffile_string
finished conffile_string
removing targets
analyzing gcc-5__Ou__freeipmi__ipmiconsole/fd_read_n
started running fd_read_n
finished fd_read_n
removing targets
analyzing gcc-5__Ou__freeipmi__ipmiconsole/fd_write_n
started running fd_write_n
finished fd_write_n
removing targets
analyzing gcc-5__Ou__freeipmi__ipmiconsole/fd_read_line
started running fd_read_line
finished fd_read_line
removing targets
analyzing gcc-5__Ou__freeipmi__ipmiconsole/fd_get_read_lock
started running fd_get_read_lock
finished fd_get_read_lock
analyzing gcc-5__Ou__freeipmi__ipmiconsole/fd_get_readw_lock
started running fd_get_readw_lock
finished fd_get_readw_lock
analyzing gcc-5__Ou__freeipmi__ipmiconsole/fd_get_write_lock
started running fd_get_write_lock
finished fd_get_write_lock
analyzing gcc-5__Ou__freeipmi__ipmiconsole/fd_get_writew_lock
started running fd_get_writew_lock
finished fd_get_writew_lock
analyzing gcc-5__Ou__freeipmi__ipmiconsole/fd_release_lock
started running fd_release_lock
finished fd_release_lock
analyzing gcc-5__Ou__freeipmi__ipmiconsole/fd_is_read_lock_blocked
started running fd_is_read_lock_blocked
finished fd_is_read_lock_blocked
analyzing gcc-5__Ou__freeipmi__ipmiconsole/fd_is_write_lock_blocked
started running fd_is_write_lock_blocked
finished fd_is_write_lock_blocked
analyzing gcc-5__Ou__freeipmi__ipmiconsole/fd_set_close_on_exec
started running fd_set_close_on_exec
finished fd_set_close_on_exec
analyzing gcc-5__Ou__freeipmi__ipmiconsole/fd_set_nonblocking
started running fd_set_nonblocking
finished fd_set_nonblocking
analyzing gcc-5__Ou__freeipmi__ipmiconsole/parse_inband_driver_type
started running parse_inband_driver_type
finished parse_inband_driver_type
analyzing gcc-5__Ou__freeipmi__ipmiconsole/parse_outofband_driver_type
started running parse_outofband_driver_type
finished parse_outofband_driver_type
analyzing gcc-5__Ou__freeipmi__ipmiconsole/parse_driver_type
started running parse_driver_type
finished parse_driver_type
analyzing gcc-5__Ou__freeipmi__ipmiconsole/parse_authentication_type
started running parse_authentication_type
finished parse_authentication_type
analyzing gcc-5__Ou__freeipmi__ipmiconsole/parse_privilege_level
started running parse_privilege_level
finished parse_privilege_level
analyzing gcc-5__Ou__freeipmi__ipmiconsole/parse_workaround_flags
started running parse_workaround_flags
finished parse_workaround_flags
analyzing gcc-5__Ou__freeipmi__ipmiconsole/parse_workaround_flags_tool
started running parse_workaround_flags_tool
finished parse_workaround_flags_tool
analyzing gcc-5__Ou__freeipmi__ipmiconsole/parse_kg
started running parse_kg
finished parse_kg
removing targets
analyzing gcc-5__Ou__freeipmi__ipmiconsole/parse_get_freeipmi_outofband_flags
started running parse_get_freeipmi_outofband_flags
finished parse_get_freeipmi_outofband_flags
removing targets
analyzing gcc-5__Ou__freeipmi__ipmiconsole/parse_get_freeipmi_outofband_2_0_flags
started running parse_get_freeipmi_outofband_2_0_flags
finished parse_get_freeipmi_outofband_2_0_flags
removing targets
analyzing gcc-5__Ou__freeipmi__ipmiconsole/parse_get_freeipmi_inband_flags
started running parse_get_freeipmi_inband_flags
finished parse_get_freeipmi_inband_flags
removing targets
