gcc-5__Ou__freeipmi__ipmidetect have 126 funcs
analyzing gcc-5__Ou__freeipmi__ipmidetect/deregister_tm_clones
started running deregister_tm_clones
finished deregister_tm_clones
removing targets
analyzing gcc-5__Ou__freeipmi__ipmidetect/register_tm_clones
started running register_tm_clones
finished register_tm_clones
removing targets
analyzing gcc-5__Ou__freeipmi__ipmidetect/frame_dummy
started running frame_dummy
finished frame_dummy
removing targets
analyzing gcc-5__Ou__freeipmi__ipmidetect/cmdline_parse
started running cmdline_parse
finished cmdline_parse
removing targets
analyzing gcc-5__Ou__freeipmi__ipmidetect/ipmidetect_argp_parse
started running ipmidetect_argp_parse
finished ipmidetect_argp_parse
analyzing gcc-5__Ou__freeipmi__ipmidetect/err_init
started running err_init
finished err_init
analyzing gcc-5__Ou__freeipmi__ipmidetect/err_init_exit_value
started running err_init_exit_value
finished err_init_exit_value
analyzing gcc-5__Ou__freeipmi__ipmidetect/err_get_flags
started running err_get_flags
finished err_get_flags
analyzing gcc-5__Ou__freeipmi__ipmidetect/err_set_flags
started running err_set_flags
finished err_set_flags
analyzing gcc-5__Ou__freeipmi__ipmidetect/err_debug
started running err_debug
finished err_debug
removing targets
analyzing gcc-5__Ou__freeipmi__ipmidetect/err_output
started running err_output
finished err_output
removing targets
analyzing gcc-5__Ou__freeipmi__ipmidetect/err_exit
started running err_exit
finished err_exit
removing targets
analyzing gcc-5__Ou__freeipmi__ipmidetect/fd_read_n
started running fd_read_n
finished fd_read_n
removing targets
analyzing gcc-5__Ou__freeipmi__ipmidetect/fd_write_n
started running fd_write_n
finished fd_write_n
removing targets
analyzing gcc-5__Ou__freeipmi__ipmidetect/fd_read_line
started running fd_read_line
finished fd_read_line
removing targets
analyzing gcc-5__Ou__freeipmi__ipmidetect/fd_get_read_lock
started running fd_get_read_lock
finished fd_get_read_lock
analyzing gcc-5__Ou__freeipmi__ipmidetect/fd_get_readw_lock
started running fd_get_readw_lock
finished fd_get_readw_lock
analyzing gcc-5__Ou__freeipmi__ipmidetect/fd_get_write_lock
started running fd_get_write_lock
finished fd_get_write_lock
analyzing gcc-5__Ou__freeipmi__ipmidetect/fd_get_writew_lock
started running fd_get_writew_lock
finished fd_get_writew_lock
analyzing gcc-5__Ou__freeipmi__ipmidetect/fd_release_lock
started running fd_release_lock
finished fd_release_lock
analyzing gcc-5__Ou__freeipmi__ipmidetect/fd_is_read_lock_blocked
started running fd_is_read_lock_blocked
finished fd_is_read_lock_blocked
analyzing gcc-5__Ou__freeipmi__ipmidetect/fd_is_write_lock_blocked
started running fd_is_write_lock_blocked
finished fd_is_write_lock_blocked
analyzing gcc-5__Ou__freeipmi__ipmidetect/fd_set_close_on_exec
started running fd_set_close_on_exec
finished fd_set_close_on_exec
analyzing gcc-5__Ou__freeipmi__ipmidetect/fd_set_nonblocking
started running fd_set_nonblocking
finished fd_set_nonblocking
analyzing gcc-5__Ou__freeipmi__ipmidetect/fi_hostlist_create
started running fi_hostlist_create
finished fi_hostlist_create
analyzing gcc-5__Ou__freeipmi__ipmidetect/fi_hostlist_copy
started running fi_hostlist_copy
finished fi_hostlist_copy
analyzing gcc-5__Ou__freeipmi__ipmidetect/fi_hostlist_destroy
started running fi_hostlist_destroy
finished fi_hostlist_destroy
removing targets
analyzing gcc-5__Ou__freeipmi__ipmidetect/fi_hostlist_push
started running fi_hostlist_push
finished fi_hostlist_push
analyzing gcc-5__Ou__freeipmi__ipmidetect/fi_hostlist_push_host
started running fi_hostlist_push_host
finished fi_hostlist_push_host
analyzing gcc-5__Ou__freeipmi__ipmidetect/fi_hostlist_push_list
started running fi_hostlist_push_list
finished fi_hostlist_push_list
analyzing gcc-5__Ou__freeipmi__ipmidetect/fi_hostlist_find
started running fi_hostlist_find
finished fi_hostlist_find
analyzing gcc-5__Ou__freeipmi__ipmidetect/fi_hostlist_delete
started running fi_hostlist_delete
finished fi_hostlist_delete
analyzing gcc-5__Ou__freeipmi__ipmidetect/fi_hostlist_delete_host
started running fi_hostlist_delete_host
finished fi_hostlist_delete_host
analyzing gcc-5__Ou__freeipmi__ipmidetect/fi_hostlist_count
started running fi_hostlist_count
finished fi_hostlist_count
analyzing gcc-5__Ou__freeipmi__ipmidetect/fi_hostlist_sort
started running fi_hostlist_sort
finished fi_hostlist_sort
analyzing gcc-5__Ou__freeipmi__ipmidetect/fi_hostlist_uniq
started running fi_hostlist_uniq
finished fi_hostlist_uniq
analyzing gcc-5__Ou__freeipmi__ipmidetect/fi_hostlist_ranged_string
started running fi_hostlist_ranged_string
finished fi_hostlist_ranged_string
analyzing gcc-5__Ou__freeipmi__ipmidetect/fi_hostlist_deranged_string
started running fi_hostlist_deranged_string
finished fi_hostlist_deranged_string
analyzing gcc-5__Ou__freeipmi__ipmidetect/fi_hostlist_iterator_create
started running fi_hostlist_iterator_create
finished fi_hostlist_iterator_create
analyzing gcc-5__Ou__freeipmi__ipmidetect/fi_hostlist_iterator_destroy
started running fi_hostlist_iterator_destroy
finished fi_hostlist_iterator_destroy
removing targets
analyzing gcc-5__Ou__freeipmi__ipmidetect/fi_hostlist_iterator_reset
started running fi_hostlist_iterator_reset
finished fi_hostlist_iterator_reset
analyzing gcc-5__Ou__freeipmi__ipmidetect/fi_hostlist_next
started running fi_hostlist_next
finished fi_hostlist_next
analyzing gcc-5__Ou__freeipmi__ipmidetect/fi_hostlist_remove
started running fi_hostlist_remove
finished fi_hostlist_remove
analyzing gcc-5__Ou__freeipmi__ipmidetect/host_prefix_end
started running host_prefix_end
finished host_prefix_end
analyzing gcc-5__Ou__freeipmi__ipmidetect/hostname_create_with_suffix
started running hostname_create_with_suffix
finished hostname_create_with_suffix
analyzing gcc-5__Ou__freeipmi__ipmidetect/hostname_create
started running hostname_create
finished hostname_create
analyzing gcc-5__Ou__freeipmi__ipmidetect/hostname_destroy
started running hostname_destroy
finished hostname_destroy
removing targets
analyzing gcc-5__Ou__freeipmi__ipmidetect/hostname_suffix_is_valid
started running hostname_suffix_is_valid
finished hostname_suffix_is_valid
analyzing gcc-5__Ou__freeipmi__ipmidetect/hostname_suffix_width
started running hostname_suffix_width
finished hostname_suffix_width
analyzing gcc-5__Ou__freeipmi__ipmidetect/hostrange_new
started running hostrange_new
finished hostrange_new
analyzing gcc-5__Ou__freeipmi__ipmidetect/hostrange_create_single
started running hostrange_create_single
finished hostrange_create_single
analyzing gcc-5__Ou__freeipmi__ipmidetect/hostrange_create
started running hostrange_create
finished hostrange_create
analyzing gcc-5__Ou__freeipmi__ipmidetect/hostrange_count
started running hostrange_count
finished hostrange_count
removing targets
analyzing gcc-5__Ou__freeipmi__ipmidetect/hostrange_copy
started running hostrange_copy
finished hostrange_copy
removing targets
analyzing gcc-5__Ou__freeipmi__ipmidetect/hostrange_destroy
started running hostrange_destroy
finished hostrange_destroy
removing targets
analyzing gcc-5__Ou__freeipmi__ipmidetect/hostrange_delete_host
started running hostrange_delete_host
finished hostrange_delete_host
removing targets
analyzing gcc-5__Ou__freeipmi__ipmidetect/hostrange_cmp
started running hostrange_cmp
finished hostrange_cmp
analyzing gcc-5__Ou__freeipmi__ipmidetect/hostrange_prefix_cmp
started running hostrange_prefix_cmp
finished hostrange_prefix_cmp
removing targets
analyzing gcc-5__Ou__freeipmi__ipmidetect/hostrange_within_range
started running hostrange_within_range
finished hostrange_within_range
analyzing gcc-5__Ou__freeipmi__ipmidetect/hostrange_width_combine
started running hostrange_width_combine
finished hostrange_width_combine
analyzing gcc-5__Ou__freeipmi__ipmidetect/hostrange_empty
started running hostrange_empty
finished hostrange_empty
removing targets
analyzing gcc-5__Ou__freeipmi__ipmidetect/hostrange_pop
started running hostrange_pop
finished hostrange_pop
removing targets
analyzing gcc-5__Ou__freeipmi__ipmidetect/hostrange_shift
started running hostrange_shift
finished hostrange_shift
removing targets
analyzing gcc-5__Ou__freeipmi__ipmidetect/hostrange_join
started running hostrange_join
finished hostrange_join
analyzing gcc-5__Ou__freeipmi__ipmidetect/hostrange_intersect
started running hostrange_intersect
finished hostrange_intersect
removing targets
analyzing gcc-5__Ou__freeipmi__ipmidetect/hostrange_hn_within
started running hostrange_hn_within
finished hostrange_hn_within
removing targets
analyzing gcc-5__Ou__freeipmi__ipmidetect/hostrange_to_string
started running hostrange_to_string
finished hostrange_to_string
removing targets
analyzing gcc-5__Ou__freeipmi__ipmidetect/hostrange_numstr
started running hostrange_numstr
finished hostrange_numstr
removing targets
analyzing gcc-5__Ou__freeipmi__ipmidetect/hostlist_new
started running hostlist_new
finished hostlist_new
analyzing gcc-5__Ou__freeipmi__ipmidetect/hostlist_resize
started running hostlist_resize
finished hostlist_resize
analyzing gcc-5__Ou__freeipmi__ipmidetect/hostlist_expand
started running hostlist_expand
finished hostlist_expand
analyzing gcc-5__Ou__freeipmi__ipmidetect/hostlist_push_range
started running hostlist_push_range
finished hostlist_push_range
removing targets
analyzing gcc-5__Ou__freeipmi__ipmidetect/hostlist_push_hr
started running hostlist_push_hr
finished hostlist_push_hr
analyzing gcc-5__Ou__freeipmi__ipmidetect/hostlist_insert_range
started running hostlist_insert_range
finished hostlist_insert_range
removing targets
analyzing gcc-5__Ou__freeipmi__ipmidetect/hostlist_delete_range
started running hostlist_delete_range
finished hostlist_delete_range
removing targets
analyzing gcc-5__Ou__freeipmi__ipmidetect/hostlist_create
started running hostlist_create
finished hostlist_create
analyzing gcc-5__Ou__freeipmi__ipmidetect/hostlist_copy
started running hostlist_copy
finished hostlist_copy
removing targets
analyzing gcc-5__Ou__freeipmi__ipmidetect/hostlist_destroy
started running hostlist_destroy
finished hostlist_destroy
removing targets
analyzing gcc-5__Ou__freeipmi__ipmidetect/hostlist_push
started running hostlist_push
finished hostlist_push
removing targets
analyzing gcc-5__Ou__freeipmi__ipmidetect/hostlist_push_host
started running hostlist_push_host
finished hostlist_push_host
removing targets
analyzing gcc-5__Ou__freeipmi__ipmidetect/hostlist_push_list
started running hostlist_push_list
finished hostlist_push_list
removing targets
analyzing gcc-5__Ou__freeipmi__ipmidetect/hostlist_pop
started running hostlist_pop
finished hostlist_pop
removing targets
analyzing gcc-5__Ou__freeipmi__ipmidetect/hostlist_shift_iterators
started running hostlist_shift_iterators
finished hostlist_shift_iterators
removing targets
analyzing gcc-5__Ou__freeipmi__ipmidetect/hostlist_shift
started running hostlist_shift
finished hostlist_shift
removing targets
analyzing gcc-5__Ou__freeipmi__ipmidetect/hostlist_pop_range
started running hostlist_pop_range
finished hostlist_pop_range
removing targets
analyzing gcc-5__Ou__freeipmi__ipmidetect/hostlist_shift_range
started running hostlist_shift_range
finished hostlist_shift_range
analyzing gcc-5__Ou__freeipmi__ipmidetect/hostlist_delete
started running hostlist_delete
finished hostlist_delete
analyzing gcc-5__Ou__freeipmi__ipmidetect/hostlist_delete_host
started running hostlist_delete_host
finished hostlist_delete_host
analyzing gcc-5__Ou__freeipmi__ipmidetect/hostlist_nth
started running hostlist_nth
finished hostlist_nth
removing targets
analyzing gcc-5__Ou__freeipmi__ipmidetect/hostlist_delete_nth
started running hostlist_delete_nth
finished hostlist_delete_nth
removing targets
analyzing gcc-5__Ou__freeipmi__ipmidetect/hostlist_count
started running hostlist_count
finished hostlist_count
analyzing gcc-5__Ou__freeipmi__ipmidetect/hostlist_find
started running hostlist_find
finished hostlist_find
removing targets
analyzing gcc-5__Ou__freeipmi__ipmidetect/hostlist_sort
started running hostlist_sort
finished hostlist_sort
removing targets
analyzing gcc-5__Ou__freeipmi__ipmidetect/hostlist_collapse
started running hostlist_collapse
finished hostlist_collapse
removing targets
analyzing gcc-5__Ou__freeipmi__ipmidetect/hostlist_coalesce
started running hostlist_coalesce
stopped exploration
finished hostlist_coalesce
removing targets
analyzing gcc-5__Ou__freeipmi__ipmidetect/hostlist_uniq
started running hostlist_uniq
finished hostlist_uniq
removing targets
analyzing gcc-5__Ou__freeipmi__ipmidetect/hostlist_deranged_string
started running hostlist_deranged_string
finished hostlist_deranged_string
removing targets
analyzing gcc-5__Ou__freeipmi__ipmidetect/hostlist_ranged_string
started running hostlist_ranged_string
finished hostlist_ranged_string
removing targets
analyzing gcc-5__Ou__freeipmi__ipmidetect/hostlist_iterator_new
started running hostlist_iterator_new
finished hostlist_iterator_new
analyzing gcc-5__Ou__freeipmi__ipmidetect/hostlist_iterator_create
started running hostlist_iterator_create
finished hostlist_iterator_create
analyzing gcc-5__Ou__freeipmi__ipmidetect/hostset_iterator_create
started running hostset_iterator_create
finished hostset_iterator_create
analyzing gcc-5__Ou__freeipmi__ipmidetect/hostlist_iterator_reset
started running hostlist_iterator_reset
finished hostlist_iterator_reset
analyzing gcc-5__Ou__freeipmi__ipmidetect/hostlist_iterator_destroy
started running hostlist_iterator_destroy
finished hostlist_iterator_destroy
removing targets
analyzing gcc-5__Ou__freeipmi__ipmidetect/hostlist_next
started running hostlist_next
finished hostlist_next
analyzing gcc-5__Ou__freeipmi__ipmidetect/hostlist_next_range
started running hostlist_next_range
finished hostlist_next_range
analyzing gcc-5__Ou__freeipmi__ipmidetect/hostlist_remove
started running hostlist_remove
finished hostlist_remove
analyzing gcc-5__Ou__freeipmi__ipmidetect/hostset_create
started running hostset_create
finished hostset_create
analyzing gcc-5__Ou__freeipmi__ipmidetect/hostset_copy
started running hostset_copy
finished hostset_copy
analyzing gcc-5__Ou__freeipmi__ipmidetect/hostset_destroy
started running hostset_destroy
finished hostset_destroy
removing targets
analyzing gcc-5__Ou__freeipmi__ipmidetect/hostset_insert_range
started running hostset_insert_range
finished hostset_insert_range
removing targets
analyzing gcc-5__Ou__freeipmi__ipmidetect/hostset_insert
started running hostset_insert
finished hostset_insert
analyzing gcc-5__Ou__freeipmi__ipmidetect/hostset_find_host
started running hostset_find_host
finished hostset_find_host
analyzing gcc-5__Ou__freeipmi__ipmidetect/hostset_within
started running hostset_within
finished hostset_within
analyzing gcc-5__Ou__freeipmi__ipmidetect/hostset_delete
started running hostset_delete
finished hostset_delete
analyzing gcc-5__Ou__freeipmi__ipmidetect/hostset_delete_host
started running hostset_delete_host
finished hostset_delete_host
analyzing gcc-5__Ou__freeipmi__ipmidetect/hostset_shift
started running hostset_shift
finished hostset_shift
analyzing gcc-5__Ou__freeipmi__ipmidetect/hostset_pop
started running hostset_pop
finished hostset_pop
analyzing gcc-5__Ou__freeipmi__ipmidetect/hostset_shift_range
started running hostset_shift_range
finished hostset_shift_range
analyzing gcc-5__Ou__freeipmi__ipmidetect/hostset_pop_range
started running hostset_pop_range
finished hostset_pop_range
analyzing gcc-5__Ou__freeipmi__ipmidetect/hostset_count
started running hostset_count
finished hostset_count
analyzing gcc-5__Ou__freeipmi__ipmidetect/hostset_ranged_string
started running hostset_ranged_string
finished hostset_ranged_string
analyzing gcc-5__Ou__freeipmi__ipmidetect/hostset_deranged_string
started running hostset_deranged_string
finished hostset_deranged_string
analyzing gcc-5__Ou__freeipmi__ipmidetect/host_is_ipv6_with_port
started running host_is_ipv6_with_port
finished host_is_ipv6_with_port
analyzing gcc-5__Ou__freeipmi__ipmidetect/host_is_host_with_port
started running host_is_host_with_port
finished host_is_host_with_port
analyzing gcc-5__Ou__freeipmi__ipmidetect/host_is_valid
started running host_is_valid
finished host_is_valid
analyzing gcc-5__Ou__freeipmi__ipmidetect/host_is_localhost
started running host_is_localhost
finished host_is_localhost
