gcc-5__Ou__freeipmi__ipmidetectd have 196 funcs
analyzing gcc-5__Ou__freeipmi__ipmidetectd/deregister_tm_clones
started running deregister_tm_clones
finished deregister_tm_clones
removing targets
analyzing gcc-5__Ou__freeipmi__ipmidetectd/register_tm_clones
started running register_tm_clones
finished register_tm_clones
removing targets
analyzing gcc-5__Ou__freeipmi__ipmidetectd/frame_dummy
started running frame_dummy
finished frame_dummy
removing targets
analyzing gcc-5__Ou__freeipmi__ipmidetectd/cmdline_parse
started running cmdline_parse
finished cmdline_parse
removing targets
analyzing gcc-5__Ou__freeipmi__ipmidetectd/ipmidetectd_argp_parse
started running ipmidetectd_argp_parse
finished ipmidetectd_argp_parse
analyzing gcc-5__Ou__freeipmi__ipmidetectd/ipmidetectd_config_setup
started running ipmidetectd_config_setup
finished ipmidetectd_config_setup
analyzing gcc-5__Ou__freeipmi__ipmidetectd/daemonize_common
started running daemonize_common
finished daemonize_common
analyzing gcc-5__Ou__freeipmi__ipmidetectd/daemon_signal_handler_setup
started running daemon_signal_handler_setup
finished daemon_signal_handler_setup
analyzing gcc-5__Ou__freeipmi__ipmidetectd/daemon_sleep
started running daemon_sleep
finished daemon_sleep
removing targets
analyzing gcc-5__Ou__freeipmi__ipmidetectd/conffile_handle_create
started running conffile_handle_create
finished conffile_handle_create
analyzing gcc-5__Ou__freeipmi__ipmidetectd/conffile_handle_destroy
started running conffile_handle_destroy
finished conffile_handle_destroy
removing targets
analyzing gcc-5__Ou__freeipmi__ipmidetectd/conffile_errnum
started running conffile_errnum
finished conffile_errnum
removing targets
analyzing gcc-5__Ou__freeipmi__ipmidetectd/conffile_errmsg
started running conffile_errmsg
finished conffile_errmsg
removing targets
analyzing gcc-5__Ou__freeipmi__ipmidetectd/conffile_seterrnum
started running conffile_seterrnum
finished conffile_seterrnum
removing targets
analyzing gcc-5__Ou__freeipmi__ipmidetectd/conffile_line_number
started running conffile_line_number
finished conffile_line_number
removing targets
analyzing gcc-5__Ou__freeipmi__ipmidetectd/conffile_parse
started running conffile_parse
stopped exploration
finished conffile_parse
removing targets
analyzing gcc-5__Ou__freeipmi__ipmidetectd/conffile_empty
started running conffile_empty
finished conffile_empty
analyzing gcc-5__Ou__freeipmi__ipmidetectd/conffile_bool
started running conffile_bool
finished conffile_bool
removing targets
analyzing gcc-5__Ou__freeipmi__ipmidetectd/conffile_int
started running conffile_int
finished conffile_int
removing targets
analyzing gcc-5__Ou__freeipmi__ipmidetectd/conffile_double
started running conffile_double
finished conffile_double
removing targets
analyzing gcc-5__Ou__freeipmi__ipmidetectd/conffile_string
started running conffile_string
finished conffile_string
removing targets
analyzing gcc-5__Ou__freeipmi__ipmidetectd/err_init
started running err_init
finished err_init
analyzing gcc-5__Ou__freeipmi__ipmidetectd/err_init_exit_value
started running err_init_exit_value
finished err_init_exit_value
analyzing gcc-5__Ou__freeipmi__ipmidetectd/err_get_flags
started running err_get_flags
finished err_get_flags
analyzing gcc-5__Ou__freeipmi__ipmidetectd/err_set_flags
started running err_set_flags
finished err_set_flags
analyzing gcc-5__Ou__freeipmi__ipmidetectd/err_debug
started running err_debug
finished err_debug
removing targets
analyzing gcc-5__Ou__freeipmi__ipmidetectd/err_output
started running err_output
finished err_output
removing targets
analyzing gcc-5__Ou__freeipmi__ipmidetectd/err_exit
started running err_exit
finished err_exit
removing targets
analyzing gcc-5__Ou__freeipmi__ipmidetectd/fd_read_n
started running fd_read_n
finished fd_read_n
removing targets
analyzing gcc-5__Ou__freeipmi__ipmidetectd/fd_write_n
started running fd_write_n
finished fd_write_n
removing targets
analyzing gcc-5__Ou__freeipmi__ipmidetectd/fd_read_line
started running fd_read_line
finished fd_read_line
removing targets
analyzing gcc-5__Ou__freeipmi__ipmidetectd/fd_get_read_lock
started running fd_get_read_lock
finished fd_get_read_lock
analyzing gcc-5__Ou__freeipmi__ipmidetectd/fd_get_readw_lock
started running fd_get_readw_lock
finished fd_get_readw_lock
analyzing gcc-5__Ou__freeipmi__ipmidetectd/fd_get_write_lock
started running fd_get_write_lock
finished fd_get_write_lock
analyzing gcc-5__Ou__freeipmi__ipmidetectd/fd_get_writew_lock
started running fd_get_writew_lock
finished fd_get_writew_lock
analyzing gcc-5__Ou__freeipmi__ipmidetectd/fd_release_lock
started running fd_release_lock
finished fd_release_lock
analyzing gcc-5__Ou__freeipmi__ipmidetectd/fd_is_read_lock_blocked
started running fd_is_read_lock_blocked
finished fd_is_read_lock_blocked
analyzing gcc-5__Ou__freeipmi__ipmidetectd/fd_is_write_lock_blocked
started running fd_is_write_lock_blocked
finished fd_is_write_lock_blocked
analyzing gcc-5__Ou__freeipmi__ipmidetectd/fd_set_close_on_exec
started running fd_set_close_on_exec
finished fd_set_close_on_exec
analyzing gcc-5__Ou__freeipmi__ipmidetectd/fd_set_nonblocking
started running fd_set_nonblocking
finished fd_set_nonblocking
analyzing gcc-5__Ou__freeipmi__ipmidetectd/fi_hostlist_create
started running fi_hostlist_create
finished fi_hostlist_create
analyzing gcc-5__Ou__freeipmi__ipmidetectd/fi_hostlist_copy
started running fi_hostlist_copy
finished fi_hostlist_copy
analyzing gcc-5__Ou__freeipmi__ipmidetectd/fi_hostlist_destroy
started running fi_hostlist_destroy
finished fi_hostlist_destroy
removing targets
analyzing gcc-5__Ou__freeipmi__ipmidetectd/fi_hostlist_push
started running fi_hostlist_push
finished fi_hostlist_push
analyzing gcc-5__Ou__freeipmi__ipmidetectd/fi_hostlist_push_host
started running fi_hostlist_push_host
finished fi_hostlist_push_host
analyzing gcc-5__Ou__freeipmi__ipmidetectd/fi_hostlist_push_list
started running fi_hostlist_push_list
finished fi_hostlist_push_list
analyzing gcc-5__Ou__freeipmi__ipmidetectd/fi_hostlist_find
started running fi_hostlist_find
finished fi_hostlist_find
analyzing gcc-5__Ou__freeipmi__ipmidetectd/fi_hostlist_delete
started running fi_hostlist_delete
finished fi_hostlist_delete
analyzing gcc-5__Ou__freeipmi__ipmidetectd/fi_hostlist_delete_host
started running fi_hostlist_delete_host
finished fi_hostlist_delete_host
analyzing gcc-5__Ou__freeipmi__ipmidetectd/fi_hostlist_count
started running fi_hostlist_count
finished fi_hostlist_count
analyzing gcc-5__Ou__freeipmi__ipmidetectd/fi_hostlist_sort
started running fi_hostlist_sort
finished fi_hostlist_sort
analyzing gcc-5__Ou__freeipmi__ipmidetectd/fi_hostlist_uniq
started running fi_hostlist_uniq
finished fi_hostlist_uniq
analyzing gcc-5__Ou__freeipmi__ipmidetectd/fi_hostlist_ranged_string
started running fi_hostlist_ranged_string
finished fi_hostlist_ranged_string
analyzing gcc-5__Ou__freeipmi__ipmidetectd/fi_hostlist_deranged_string
started running fi_hostlist_deranged_string
finished fi_hostlist_deranged_string
analyzing gcc-5__Ou__freeipmi__ipmidetectd/fi_hostlist_iterator_create
started running fi_hostlist_iterator_create
finished fi_hostlist_iterator_create
analyzing gcc-5__Ou__freeipmi__ipmidetectd/fi_hostlist_iterator_destroy
started running fi_hostlist_iterator_destroy
finished fi_hostlist_iterator_destroy
removing targets
analyzing gcc-5__Ou__freeipmi__ipmidetectd/fi_hostlist_iterator_reset
started running fi_hostlist_iterator_reset
finished fi_hostlist_iterator_reset
analyzing gcc-5__Ou__freeipmi__ipmidetectd/fi_hostlist_next
started running fi_hostlist_next
finished fi_hostlist_next
analyzing gcc-5__Ou__freeipmi__ipmidetectd/fi_hostlist_remove
started running fi_hostlist_remove
finished fi_hostlist_remove
analyzing gcc-5__Ou__freeipmi__ipmidetectd/hash_create
started running hash_create
finished hash_create
removing targets
analyzing gcc-5__Ou__freeipmi__ipmidetectd/hash_destroy
started running hash_destroy
finished hash_destroy
removing targets
analyzing gcc-5__Ou__freeipmi__ipmidetectd/hash_is_empty
started running hash_is_empty
finished hash_is_empty
removing targets
analyzing gcc-5__Ou__freeipmi__ipmidetectd/hash_count
started running hash_count
finished hash_count
removing targets
analyzing gcc-5__Ou__freeipmi__ipmidetectd/hash_find
started running hash_find
finished hash_find
removing targets
analyzing gcc-5__Ou__freeipmi__ipmidetectd/hash_insert
started running hash_insert
finished hash_insert
removing targets
analyzing gcc-5__Ou__freeipmi__ipmidetectd/hash_remove
started running hash_remove
finished hash_remove
removing targets
analyzing gcc-5__Ou__freeipmi__ipmidetectd/hash_delete_if
started running hash_delete_if
finished hash_delete_if
removing targets
analyzing gcc-5__Ou__freeipmi__ipmidetectd/hash_for_each
started running hash_for_each
finished hash_for_each
removing targets
analyzing gcc-5__Ou__freeipmi__ipmidetectd/hash_key_string
started running hash_key_string
finished hash_key_string
removing targets
analyzing gcc-5__Ou__freeipmi__ipmidetectd/hash_node_alloc
started running hash_node_alloc
finished hash_node_alloc
analyzing gcc-5__Ou__freeipmi__ipmidetectd/hash_node_free
started running hash_node_free
finished hash_node_free
analyzing gcc-5__Ou__freeipmi__ipmidetectd/host_prefix_end
started running host_prefix_end
finished host_prefix_end
analyzing gcc-5__Ou__freeipmi__ipmidetectd/hostname_create_with_suffix
started running hostname_create_with_suffix
finished hostname_create_with_suffix
analyzing gcc-5__Ou__freeipmi__ipmidetectd/hostname_create
started running hostname_create
finished hostname_create
analyzing gcc-5__Ou__freeipmi__ipmidetectd/hostname_destroy
started running hostname_destroy
finished hostname_destroy
removing targets
analyzing gcc-5__Ou__freeipmi__ipmidetectd/hostname_suffix_is_valid
started running hostname_suffix_is_valid
finished hostname_suffix_is_valid
analyzing gcc-5__Ou__freeipmi__ipmidetectd/hostname_suffix_width
started running hostname_suffix_width
finished hostname_suffix_width
analyzing gcc-5__Ou__freeipmi__ipmidetectd/hostrange_new
started running hostrange_new
finished hostrange_new
analyzing gcc-5__Ou__freeipmi__ipmidetectd/hostrange_create_single
started running hostrange_create_single
finished hostrange_create_single
analyzing gcc-5__Ou__freeipmi__ipmidetectd/hostrange_create
started running hostrange_create
finished hostrange_create
analyzing gcc-5__Ou__freeipmi__ipmidetectd/hostrange_count
started running hostrange_count
finished hostrange_count
removing targets
analyzing gcc-5__Ou__freeipmi__ipmidetectd/hostrange_copy
started running hostrange_copy
finished hostrange_copy
removing targets
analyzing gcc-5__Ou__freeipmi__ipmidetectd/hostrange_destroy
started running hostrange_destroy
finished hostrange_destroy
removing targets
analyzing gcc-5__Ou__freeipmi__ipmidetectd/hostrange_delete_host
started running hostrange_delete_host
finished hostrange_delete_host
removing targets
analyzing gcc-5__Ou__freeipmi__ipmidetectd/hostrange_cmp
started running hostrange_cmp
finished hostrange_cmp
analyzing gcc-5__Ou__freeipmi__ipmidetectd/hostrange_prefix_cmp
started running hostrange_prefix_cmp
finished hostrange_prefix_cmp
removing targets
analyzing gcc-5__Ou__freeipmi__ipmidetectd/hostrange_within_range
started running hostrange_within_range
finished hostrange_within_range
analyzing gcc-5__Ou__freeipmi__ipmidetectd/hostrange_width_combine
started running hostrange_width_combine
finished hostrange_width_combine
analyzing gcc-5__Ou__freeipmi__ipmidetectd/hostrange_empty
started running hostrange_empty
finished hostrange_empty
removing targets
analyzing gcc-5__Ou__freeipmi__ipmidetectd/hostrange_pop
started running hostrange_pop
finished hostrange_pop
removing targets
analyzing gcc-5__Ou__freeipmi__ipmidetectd/hostrange_shift
started running hostrange_shift
finished hostrange_shift
removing targets
analyzing gcc-5__Ou__freeipmi__ipmidetectd/hostrange_join
started running hostrange_join
finished hostrange_join
analyzing gcc-5__Ou__freeipmi__ipmidetectd/hostrange_intersect
started running hostrange_intersect
finished hostrange_intersect
removing targets
analyzing gcc-5__Ou__freeipmi__ipmidetectd/hostrange_hn_within
started running hostrange_hn_within
finished hostrange_hn_within
removing targets
analyzing gcc-5__Ou__freeipmi__ipmidetectd/hostrange_to_string
started running hostrange_to_string
finished hostrange_to_string
removing targets
analyzing gcc-5__Ou__freeipmi__ipmidetectd/hostrange_numstr
started running hostrange_numstr
finished hostrange_numstr
removing targets
analyzing gcc-5__Ou__freeipmi__ipmidetectd/hostlist_new
started running hostlist_new
finished hostlist_new
analyzing gcc-5__Ou__freeipmi__ipmidetectd/hostlist_resize
started running hostlist_resize
finished hostlist_resize
analyzing gcc-5__Ou__freeipmi__ipmidetectd/hostlist_expand
started running hostlist_expand
finished hostlist_expand
analyzing gcc-5__Ou__freeipmi__ipmidetectd/hostlist_push_range
started running hostlist_push_range
finished hostlist_push_range
removing targets
analyzing gcc-5__Ou__freeipmi__ipmidetectd/hostlist_push_hr
started running hostlist_push_hr
finished hostlist_push_hr
analyzing gcc-5__Ou__freeipmi__ipmidetectd/hostlist_insert_range
started running hostlist_insert_range
finished hostlist_insert_range
removing targets
analyzing gcc-5__Ou__freeipmi__ipmidetectd/hostlist_delete_range
started running hostlist_delete_range
finished hostlist_delete_range
removing targets
analyzing gcc-5__Ou__freeipmi__ipmidetectd/hostlist_create
started running hostlist_create
finished hostlist_create
analyzing gcc-5__Ou__freeipmi__ipmidetectd/hostlist_copy
started running hostlist_copy
finished hostlist_copy
removing targets
analyzing gcc-5__Ou__freeipmi__ipmidetectd/hostlist_destroy
started running hostlist_destroy
finished hostlist_destroy
removing targets
analyzing gcc-5__Ou__freeipmi__ipmidetectd/hostlist_push
started running hostlist_push
finished hostlist_push
removing targets
analyzing gcc-5__Ou__freeipmi__ipmidetectd/hostlist_push_host
started running hostlist_push_host
finished hostlist_push_host
removing targets
analyzing gcc-5__Ou__freeipmi__ipmidetectd/hostlist_push_list
started running hostlist_push_list
finished hostlist_push_list
removing targets
analyzing gcc-5__Ou__freeipmi__ipmidetectd/hostlist_pop
started running hostlist_pop
finished hostlist_pop
removing targets
analyzing gcc-5__Ou__freeipmi__ipmidetectd/hostlist_shift_iterators
started running hostlist_shift_iterators
finished hostlist_shift_iterators
removing targets
analyzing gcc-5__Ou__freeipmi__ipmidetectd/hostlist_shift
started running hostlist_shift
finished hostlist_shift
removing targets
analyzing gcc-5__Ou__freeipmi__ipmidetectd/hostlist_pop_range
started running hostlist_pop_range
finished hostlist_pop_range
removing targets
analyzing gcc-5__Ou__freeipmi__ipmidetectd/hostlist_shift_range
started running hostlist_shift_range
finished hostlist_shift_range
analyzing gcc-5__Ou__freeipmi__ipmidetectd/hostlist_delete
started running hostlist_delete
finished hostlist_delete
analyzing gcc-5__Ou__freeipmi__ipmidetectd/hostlist_delete_host
started running hostlist_delete_host
finished hostlist_delete_host
analyzing gcc-5__Ou__freeipmi__ipmidetectd/hostlist_nth
started running hostlist_nth
finished hostlist_nth
removing targets
analyzing gcc-5__Ou__freeipmi__ipmidetectd/hostlist_delete_nth
started running hostlist_delete_nth
finished hostlist_delete_nth
removing targets
analyzing gcc-5__Ou__freeipmi__ipmidetectd/hostlist_count
started running hostlist_count
finished hostlist_count
analyzing gcc-5__Ou__freeipmi__ipmidetectd/hostlist_find
started running hostlist_find
finished hostlist_find
removing targets
analyzing gcc-5__Ou__freeipmi__ipmidetectd/hostlist_sort
started running hostlist_sort
finished hostlist_sort
removing targets
analyzing gcc-5__Ou__freeipmi__ipmidetectd/hostlist_collapse
started running hostlist_collapse
finished hostlist_collapse
removing targets
analyzing gcc-5__Ou__freeipmi__ipmidetectd/hostlist_coalesce
started running hostlist_coalesce
stopped exploration
finished hostlist_coalesce
removing targets
analyzing gcc-5__Ou__freeipmi__ipmidetectd/hostlist_uniq
started running hostlist_uniq
finished hostlist_uniq
removing targets
analyzing gcc-5__Ou__freeipmi__ipmidetectd/hostlist_deranged_string
started running hostlist_deranged_string
finished hostlist_deranged_string
removing targets
analyzing gcc-5__Ou__freeipmi__ipmidetectd/hostlist_ranged_string
started running hostlist_ranged_string
finished hostlist_ranged_string
removing targets
analyzing gcc-5__Ou__freeipmi__ipmidetectd/hostlist_iterator_new
started running hostlist_iterator_new
finished hostlist_iterator_new
analyzing gcc-5__Ou__freeipmi__ipmidetectd/hostlist_iterator_create
started running hostlist_iterator_create
finished hostlist_iterator_create
analyzing gcc-5__Ou__freeipmi__ipmidetectd/hostset_iterator_create
started running hostset_iterator_create
finished hostset_iterator_create
analyzing gcc-5__Ou__freeipmi__ipmidetectd/hostlist_iterator_reset
started running hostlist_iterator_reset
finished hostlist_iterator_reset
analyzing gcc-5__Ou__freeipmi__ipmidetectd/hostlist_iterator_destroy
started running hostlist_iterator_destroy
finished hostlist_iterator_destroy
removing targets
analyzing gcc-5__Ou__freeipmi__ipmidetectd/hostlist_next
started running hostlist_next
finished hostlist_next
analyzing gcc-5__Ou__freeipmi__ipmidetectd/hostlist_next_range
started running hostlist_next_range
finished hostlist_next_range
analyzing gcc-5__Ou__freeipmi__ipmidetectd/hostlist_remove
started running hostlist_remove
finished hostlist_remove
analyzing gcc-5__Ou__freeipmi__ipmidetectd/hostset_create
started running hostset_create
finished hostset_create
analyzing gcc-5__Ou__freeipmi__ipmidetectd/hostset_copy
started running hostset_copy
finished hostset_copy
analyzing gcc-5__Ou__freeipmi__ipmidetectd/hostset_destroy
started running hostset_destroy
finished hostset_destroy
removing targets
analyzing gcc-5__Ou__freeipmi__ipmidetectd/hostset_insert_range
started running hostset_insert_range
finished hostset_insert_range
removing targets
analyzing gcc-5__Ou__freeipmi__ipmidetectd/hostset_insert
started running hostset_insert
finished hostset_insert
analyzing gcc-5__Ou__freeipmi__ipmidetectd/hostset_find_host
started running hostset_find_host
finished hostset_find_host
analyzing gcc-5__Ou__freeipmi__ipmidetectd/hostset_within
started running hostset_within
finished hostset_within
analyzing gcc-5__Ou__freeipmi__ipmidetectd/hostset_delete
started running hostset_delete
finished hostset_delete
analyzing gcc-5__Ou__freeipmi__ipmidetectd/hostset_delete_host
started running hostset_delete_host
finished hostset_delete_host
analyzing gcc-5__Ou__freeipmi__ipmidetectd/hostset_shift
started running hostset_shift
finished hostset_shift
analyzing gcc-5__Ou__freeipmi__ipmidetectd/hostset_pop
started running hostset_pop
finished hostset_pop
analyzing gcc-5__Ou__freeipmi__ipmidetectd/hostset_shift_range
started running hostset_shift_range
finished hostset_shift_range
analyzing gcc-5__Ou__freeipmi__ipmidetectd/hostset_pop_range
started running hostset_pop_range
finished hostset_pop_range
analyzing gcc-5__Ou__freeipmi__ipmidetectd/hostset_count
started running hostset_count
finished hostset_count
analyzing gcc-5__Ou__freeipmi__ipmidetectd/hostset_ranged_string
started running hostset_ranged_string
finished hostset_ranged_string
analyzing gcc-5__Ou__freeipmi__ipmidetectd/hostset_deranged_string
started running hostset_deranged_string
finished hostset_deranged_string
analyzing gcc-5__Ou__freeipmi__ipmidetectd/list_create
started running list_create
finished list_create
analyzing gcc-5__Ou__freeipmi__ipmidetectd/list_destroy
started running list_destroy
finished list_destroy
removing targets
analyzing gcc-5__Ou__freeipmi__ipmidetectd/list_is_empty
started running list_is_empty
finished list_is_empty
analyzing gcc-5__Ou__freeipmi__ipmidetectd/list_count
started running list_count
finished list_count
analyzing gcc-5__Ou__freeipmi__ipmidetectd/list_append
started running list_append
finished list_append
analyzing gcc-5__Ou__freeipmi__ipmidetectd/list_prepend
started running list_prepend
finished list_prepend
analyzing gcc-5__Ou__freeipmi__ipmidetectd/list_find_first
started running list_find_first
finished list_find_first
removing targets
analyzing gcc-5__Ou__freeipmi__ipmidetectd/list_delete_all
started running list_delete_all
finished list_delete_all
removing targets
analyzing gcc-5__Ou__freeipmi__ipmidetectd/list_for_each
started running list_for_each
finished list_for_each
removing targets
analyzing gcc-5__Ou__freeipmi__ipmidetectd/list_sort
started running list_sort
finished list_sort
removing targets
analyzing gcc-5__Ou__freeipmi__ipmidetectd/list_push
started running list_push
finished list_push
analyzing gcc-5__Ou__freeipmi__ipmidetectd/list_pop
started running list_pop
finished list_pop
analyzing gcc-5__Ou__freeipmi__ipmidetectd/list_peek
started running list_peek
finished list_peek
removing targets
analyzing gcc-5__Ou__freeipmi__ipmidetectd/list_enqueue
started running list_enqueue
finished list_enqueue
analyzing gcc-5__Ou__freeipmi__ipmidetectd/list_dequeue
started running list_dequeue
finished list_dequeue
analyzing gcc-5__Ou__freeipmi__ipmidetectd/list_iterator_create
started running list_iterator_create
finished list_iterator_create
analyzing gcc-5__Ou__freeipmi__ipmidetectd/list_iterator_reset
started running list_iterator_reset
finished list_iterator_reset
analyzing gcc-5__Ou__freeipmi__ipmidetectd/list_iterator_destroy
started running list_iterator_destroy
finished list_iterator_destroy
removing targets
analyzing gcc-5__Ou__freeipmi__ipmidetectd/list_next
started running list_next
finished list_next
removing targets
analyzing gcc-5__Ou__freeipmi__ipmidetectd/list_insert
started running list_insert
finished list_insert
analyzing gcc-5__Ou__freeipmi__ipmidetectd/list_find
started running list_find
finished list_find
analyzing gcc-5__Ou__freeipmi__ipmidetectd/list_remove
started running list_remove
finished list_remove
removing targets
analyzing gcc-5__Ou__freeipmi__ipmidetectd/list_delete
started running list_delete
finished list_delete
analyzing gcc-5__Ou__freeipmi__ipmidetectd/list_node_create
started running list_node_create
finished list_node_create
analyzing gcc-5__Ou__freeipmi__ipmidetectd/list_node_destroy
started running list_node_destroy
finished list_node_destroy
removing targets
analyzing gcc-5__Ou__freeipmi__ipmidetectd/list_alloc
started running list_alloc
finished list_alloc
analyzing gcc-5__Ou__freeipmi__ipmidetectd/list_free
started running list_free
finished list_free
analyzing gcc-5__Ou__freeipmi__ipmidetectd/list_node_alloc
started running list_node_alloc
finished list_node_alloc
analyzing gcc-5__Ou__freeipmi__ipmidetectd/list_node_free
started running list_node_free
finished list_node_free
analyzing gcc-5__Ou__freeipmi__ipmidetectd/list_iterator_alloc
started running list_iterator_alloc
finished list_iterator_alloc
analyzing gcc-5__Ou__freeipmi__ipmidetectd/list_iterator_free
started running list_iterator_free
finished list_iterator_free
analyzing gcc-5__Ou__freeipmi__ipmidetectd/list_alloc_aux
started running list_alloc_aux
finished list_alloc_aux
analyzing gcc-5__Ou__freeipmi__ipmidetectd/list_free_aux
started running list_free_aux
finished list_free_aux
analyzing gcc-5__Ou__freeipmi__ipmidetectd/host_is_ipv6_with_port
started running host_is_ipv6_with_port
finished host_is_ipv6_with_port
analyzing gcc-5__Ou__freeipmi__ipmidetectd/host_is_host_with_port
started running host_is_host_with_port
finished host_is_host_with_port
analyzing gcc-5__Ou__freeipmi__ipmidetectd/host_is_valid
started running host_is_valid
finished host_is_valid
analyzing gcc-5__Ou__freeipmi__ipmidetectd/host_is_localhost
started running host_is_localhost
finished host_is_localhost
analyzing gcc-5__Ou__freeipmi__ipmidetectd/timeval_clear
started running timeval_clear
finished timeval_clear
analyzing gcc-5__Ou__freeipmi__ipmidetectd/timeval_gt
started running timeval_gt
finished timeval_gt
removing targets
analyzing gcc-5__Ou__freeipmi__ipmidetectd/timeval_lt
started running timeval_lt
finished timeval_lt
removing targets
analyzing gcc-5__Ou__freeipmi__ipmidetectd/timeval_add
started running timeval_add
finished timeval_add
removing targets
analyzing gcc-5__Ou__freeipmi__ipmidetectd/timeval_sub
started running timeval_sub
finished timeval_sub
analyzing gcc-5__Ou__freeipmi__ipmidetectd/timeval_millisecond_init
started running timeval_millisecond_init
finished timeval_millisecond_init
analyzing gcc-5__Ou__freeipmi__ipmidetectd/timeval_add_ms
started running timeval_add_ms
finished timeval_add_ms
analyzing gcc-5__Ou__freeipmi__ipmidetectd/timeval_sub_ms
started running timeval_sub_ms
finished timeval_sub_ms
analyzing gcc-5__Ou__freeipmi__ipmidetectd/timeval_millisecond_calc
started running timeval_millisecond_calc
finished timeval_millisecond_calc
removing targets
