gcc-5__Ou__freeipmi__ipmipower have 295 funcs
analyzing gcc-5__Ou__freeipmi__ipmipower/deregister_tm_clones
started running deregister_tm_clones
finished deregister_tm_clones
removing targets
analyzing gcc-5__Ou__freeipmi__ipmipower/register_tm_clones
started running register_tm_clones
finished register_tm_clones
removing targets
analyzing gcc-5__Ou__freeipmi__ipmipower/frame_dummy
started running frame_dummy
finished frame_dummy
removing targets
analyzing gcc-5__Ou__freeipmi__ipmipower/argv_create
started running argv_create
finished argv_create
analyzing gcc-5__Ou__freeipmi__ipmipower/argv_destroy
started running argv_destroy
finished argv_destroy
removing targets
analyzing gcc-5__Ou__freeipmi__ipmipower/cmdline_parse
started running cmdline_parse
finished cmdline_parse
removing targets
analyzing gcc-5__Ou__freeipmi__ipmipower/ipmipower_argp_parse
started running ipmipower_argp_parse
finished ipmipower_argp_parse
analyzing gcc-5__Ou__freeipmi__ipmipower/ipmipower_check_checksum
started running ipmipower_check_checksum
finished ipmipower_check_checksum
removing targets
analyzing gcc-5__Ou__freeipmi__ipmipower/ipmipower_check_authentication_code
started running ipmipower_check_authentication_code
finished ipmipower_check_authentication_code
removing targets
analyzing gcc-5__Ou__freeipmi__ipmipower/ipmipower_check_outbound_sequence_number
started running ipmipower_check_outbound_sequence_number
finished ipmipower_check_outbound_sequence_number
removing targets
analyzing gcc-5__Ou__freeipmi__ipmipower/ipmipower_check_session_id
started running ipmipower_check_session_id
finished ipmipower_check_session_id
removing targets
analyzing gcc-5__Ou__freeipmi__ipmipower/ipmipower_check_network_function
started running ipmipower_check_network_function
finished ipmipower_check_network_function
analyzing gcc-5__Ou__freeipmi__ipmipower/ipmipower_check_command
started running ipmipower_check_command
finished ipmipower_check_command
analyzing gcc-5__Ou__freeipmi__ipmipower/ipmipower_check_requester_sequence_number
started running ipmipower_check_requester_sequence_number
finished ipmipower_check_requester_sequence_number
analyzing gcc-5__Ou__freeipmi__ipmipower/ipmipower_check_completion_code
started running ipmipower_check_completion_code
finished ipmipower_check_completion_code
analyzing gcc-5__Ou__freeipmi__ipmipower/ipmipower_check_payload_type
started running ipmipower_check_payload_type
finished ipmipower_check_payload_type
analyzing gcc-5__Ou__freeipmi__ipmipower/ipmipower_check_message_tag
started running ipmipower_check_message_tag
finished ipmipower_check_message_tag
analyzing gcc-5__Ou__freeipmi__ipmipower/ipmipower_check_rmcpplus_status_code
started running ipmipower_check_rmcpplus_status_code
finished ipmipower_check_rmcpplus_status_code
analyzing gcc-5__Ou__freeipmi__ipmipower/ipmipower_check_packet
started running ipmipower_check_packet
finished ipmipower_check_packet
analyzing gcc-5__Ou__freeipmi__ipmipower/ipmipower_check_open_session_response_privilege
started running ipmipower_check_open_session_response_privilege
finished ipmipower_check_open_session_response_privilege
removing targets
analyzing gcc-5__Ou__freeipmi__ipmipower/ipmipower_check_rakp_2_key_exchange_authentication_code
started running ipmipower_check_rakp_2_key_exchange_authentication_code
finished ipmipower_check_rakp_2_key_exchange_authentication_code
removing targets
analyzing gcc-5__Ou__freeipmi__ipmipower/ipmipower_check_rakp_4_integrity_check_value
started running ipmipower_check_rakp_4_integrity_check_value
finished ipmipower_check_rakp_4_integrity_check_value
removing targets
analyzing gcc-5__Ou__freeipmi__ipmipower/ipmipower_check_payload_pad
started running ipmipower_check_payload_pad
finished ipmipower_check_payload_pad
analyzing gcc-5__Ou__freeipmi__ipmipower/ipmipower_check_integrity_pad
started running ipmipower_check_integrity_pad
finished ipmipower_check_integrity_pad
removing targets
analyzing gcc-5__Ou__freeipmi__ipmipower/ipmipower_connection_clear
started running ipmipower_connection_clear
finished ipmipower_connection_clear
analyzing gcc-5__Ou__freeipmi__ipmipower/ipmipower_connection_array_create
started running ipmipower_connection_array_create
stopped exploration
finished ipmipower_connection_array_create
analyzing gcc-5__Ou__freeipmi__ipmipower/ipmipower_connection_array_destroy
started running ipmipower_connection_array_destroy
finished ipmipower_connection_array_destroy
removing targets
analyzing gcc-5__Ou__freeipmi__ipmipower/ipmipower_connection_hostname_index
started running ipmipower_connection_hostname_index
finished ipmipower_connection_hostname_index
removing targets
analyzing gcc-5__Ou__freeipmi__ipmipower/ipmipower_error_setup
started running ipmipower_error_setup
finished ipmipower_error_setup
analyzing gcc-5__Ou__freeipmi__ipmipower/ipmipower_error
started running ipmipower_error
finished ipmipower_error
removing targets
analyzing gcc-5__Ou__freeipmi__ipmipower/ipmipower_debug
started running ipmipower_debug
finished ipmipower_debug
removing targets
analyzing gcc-5__Ou__freeipmi__ipmipower/ipmipower_oem_power_cmd_check_support_and_privilege
started running ipmipower_oem_power_cmd_check_support_and_privilege
finished ipmipower_oem_power_cmd_check_support_and_privilege
analyzing gcc-5__Ou__freeipmi__ipmipower/ipmipower_oem_power_cmd_check_extra_arg
started running ipmipower_oem_power_cmd_check_extra_arg
finished ipmipower_oem_power_cmd_check_extra_arg
removing targets
analyzing gcc-5__Ou__freeipmi__ipmipower/ipmipower_output
started running ipmipower_output
finished ipmipower_output
removing targets
analyzing gcc-5__Ou__freeipmi__ipmipower/ipmipower_output_finish
started running ipmipower_output_finish
finished ipmipower_output_finish
removing targets
analyzing gcc-5__Ou__freeipmi__ipmipower/ipmipower_packet_cmd_template
started running ipmipower_packet_cmd_template
finished ipmipower_packet_cmd_template
removing targets
analyzing gcc-5__Ou__freeipmi__ipmipower/ipmipower_packet_cmd_obj
started running ipmipower_packet_cmd_obj
finished ipmipower_packet_cmd_obj
removing targets
analyzing gcc-5__Ou__freeipmi__ipmipower/ipmipower_packet_dump
started running ipmipower_packet_dump
finished ipmipower_packet_dump
removing targets
analyzing gcc-5__Ou__freeipmi__ipmipower/ipmipower_packet_store
started running ipmipower_packet_store
finished ipmipower_packet_store
analyzing gcc-5__Ou__freeipmi__ipmipower/ipmipower_packet_create
started running ipmipower_packet_create
finished ipmipower_packet_create
removing targets
analyzing gcc-5__Ou__freeipmi__ipmipower/ipmipower_packet_errmsg
started running ipmipower_packet_errmsg
finished ipmipower_packet_errmsg
analyzing gcc-5__Ou__freeipmi__ipmipower/ipmipower_ping_force_discovery_sweep
started running ipmipower_ping_force_discovery_sweep
finished ipmipower_ping_force_discovery_sweep
analyzing gcc-5__Ou__freeipmi__ipmipower/ipmipower_ping_process_pings
started running ipmipower_ping_process_pings
finished ipmipower_ping_process_pings
removing targets
analyzing gcc-5__Ou__freeipmi__ipmipower/ipmipower_powercmd_setup
started running ipmipower_powercmd_setup
finished ipmipower_powercmd_setup
analyzing gcc-5__Ou__freeipmi__ipmipower/ipmipower_powercmd_cleanup
started running ipmipower_powercmd_cleanup
finished ipmipower_powercmd_cleanup
analyzing gcc-5__Ou__freeipmi__ipmipower/ipmipower_powercmd_queue
started running ipmipower_powercmd_queue
stopped exploration
finished ipmipower_powercmd_queue
analyzing gcc-5__Ou__freeipmi__ipmipower/ipmipower_powercmd_pending
started running ipmipower_powercmd_pending
finished ipmipower_powercmd_pending
analyzing gcc-5__Ou__freeipmi__ipmipower/ipmipower_powercmd_process_pending
started running ipmipower_powercmd_process_pending
stopped exploration
finished ipmipower_powercmd_process_pending
analyzing gcc-5__Ou__freeipmi__ipmipower/ipmipower_prompt_process_cmdline
started running ipmipower_prompt_process_cmdline
finished ipmipower_prompt_process_cmdline
analyzing gcc-5__Ou__freeipmi__ipmipower/ipmipower_power_cmd_to_string
started running ipmipower_power_cmd_to_string
finished ipmipower_power_cmd_to_string
removing targets
analyzing gcc-5__Ou__freeipmi__ipmipower/ipmipower_power_cmd_check_privilege
started running ipmipower_power_cmd_check_privilege
finished ipmipower_power_cmd_check_privilege
removing targets
analyzing gcc-5__Ou__freeipmi__ipmipower/ipmipower_poll
started running ipmipower_poll
stopped exploration
finished ipmipower_poll
removing targets
analyzing gcc-5__Ou__freeipmi__ipmipower/ipmipower_cbuf_printf
started running ipmipower_cbuf_printf
finished ipmipower_cbuf_printf
removing targets
analyzing gcc-5__Ou__freeipmi__ipmipower/ipmipower_cbuf_peek_and_drop
started running ipmipower_cbuf_peek_and_drop
finished ipmipower_cbuf_peek_and_drop
analyzing gcc-5__Ou__freeipmi__ipmipower/config_file_parse
started running config_file_parse
finished config_file_parse
analyzing gcc-5__Ou__freeipmi__ipmipower/cmdline_config_file_parse
started running cmdline_config_file_parse
finished cmdline_config_file_parse
removing targets
analyzing gcc-5__Ou__freeipmi__ipmipower/common_parse_opt
started running common_parse_opt
finished common_parse_opt
removing targets
analyzing gcc-5__Ou__freeipmi__ipmipower/init_common_cmd_args_user
started running init_common_cmd_args_user
finished init_common_cmd_args_user
analyzing gcc-5__Ou__freeipmi__ipmipower/init_common_cmd_args_operator
started running init_common_cmd_args_operator
finished init_common_cmd_args_operator
analyzing gcc-5__Ou__freeipmi__ipmipower/init_common_cmd_args_admin
started running init_common_cmd_args_admin
finished init_common_cmd_args_admin
analyzing gcc-5__Ou__freeipmi__ipmipower/verify_common_cmd_args_inband
started running verify_common_cmd_args_inband
finished verify_common_cmd_args_inband
removing targets
analyzing gcc-5__Ou__freeipmi__ipmipower/verify_common_cmd_args_outofband
started running verify_common_cmd_args_outofband
finished verify_common_cmd_args_outofband
removing targets
analyzing gcc-5__Ou__freeipmi__ipmipower/verify_common_cmd_args
started running verify_common_cmd_args
finished verify_common_cmd_args
analyzing gcc-5__Ou__freeipmi__ipmipower/ipmi_is_root
started running ipmi_is_root
finished ipmi_is_root
analyzing gcc-5__Ou__freeipmi__ipmipower/ipmi_disable_coredump
started running ipmi_disable_coredump
finished ipmi_disable_coredump
analyzing gcc-5__Ou__freeipmi__ipmipower/check_kg_len
started running check_kg_len
finished check_kg_len
removing targets
analyzing gcc-5__Ou__freeipmi__ipmipower/format_kg
started running format_kg
finished format_kg
removing targets
analyzing gcc-5__Ou__freeipmi__ipmipower/get_timestamp_flags
started running get_timestamp_flags
finished get_timestamp_flags
removing targets
analyzing gcc-5__Ou__freeipmi__ipmipower/debug_hdr_str
started running debug_hdr_str
finished debug_hdr_str
removing targets
analyzing gcc-5__Ou__freeipmi__ipmipower/debug_hdr_cmd
started running debug_hdr_cmd
finished debug_hdr_cmd
removing targets
analyzing gcc-5__Ou__freeipmi__ipmipower/cbuf_create
started running cbuf_create
finished cbuf_create
removing targets
analyzing gcc-5__Ou__freeipmi__ipmipower/cbuf_destroy
started running cbuf_destroy
finished cbuf_destroy
analyzing gcc-5__Ou__freeipmi__ipmipower/cbuf_flush
started running cbuf_flush
finished cbuf_flush
analyzing gcc-5__Ou__freeipmi__ipmipower/cbuf_size
started running cbuf_size
finished cbuf_size
analyzing gcc-5__Ou__freeipmi__ipmipower/cbuf_free
started running cbuf_free
finished cbuf_free
analyzing gcc-5__Ou__freeipmi__ipmipower/cbuf_used
started running cbuf_used
finished cbuf_used
analyzing gcc-5__Ou__freeipmi__ipmipower/cbuf_lines_used
started running cbuf_lines_used
finished cbuf_lines_used
analyzing gcc-5__Ou__freeipmi__ipmipower/cbuf_reused
started running cbuf_reused
finished cbuf_reused
analyzing gcc-5__Ou__freeipmi__ipmipower/cbuf_lines_reused
started running cbuf_lines_reused
finished cbuf_lines_reused
analyzing gcc-5__Ou__freeipmi__ipmipower/cbuf_is_empty
started running cbuf_is_empty
finished cbuf_is_empty
analyzing gcc-5__Ou__freeipmi__ipmipower/cbuf_opt_get
started running cbuf_opt_get
finished cbuf_opt_get
removing targets
analyzing gcc-5__Ou__freeipmi__ipmipower/cbuf_opt_set
started running cbuf_opt_set
finished cbuf_opt_set
removing targets
analyzing gcc-5__Ou__freeipmi__ipmipower/cbuf_drop
started running cbuf_drop
finished cbuf_drop
removing targets
analyzing gcc-5__Ou__freeipmi__ipmipower/cbuf_peek
started running cbuf_peek
finished cbuf_peek
removing targets
analyzing gcc-5__Ou__freeipmi__ipmipower/cbuf_read
started running cbuf_read
finished cbuf_read
removing targets
analyzing gcc-5__Ou__freeipmi__ipmipower/cbuf_replay
started running cbuf_replay
finished cbuf_replay
removing targets
analyzing gcc-5__Ou__freeipmi__ipmipower/cbuf_rewind
started running cbuf_rewind
finished cbuf_rewind
removing targets
analyzing gcc-5__Ou__freeipmi__ipmipower/cbuf_write
started running cbuf_write
finished cbuf_write
removing targets
analyzing gcc-5__Ou__freeipmi__ipmipower/cbuf_drop_line
started running cbuf_drop_line
finished cbuf_drop_line
removing targets
analyzing gcc-5__Ou__freeipmi__ipmipower/cbuf_peek_line
started running cbuf_peek_line
finished cbuf_peek_line
removing targets
analyzing gcc-5__Ou__freeipmi__ipmipower/cbuf_read_line
started running cbuf_read_line
finished cbuf_read_line
removing targets
analyzing gcc-5__Ou__freeipmi__ipmipower/cbuf_replay_line
started running cbuf_replay_line
finished cbuf_replay_line
removing targets
analyzing gcc-5__Ou__freeipmi__ipmipower/cbuf_rewind_line
started running cbuf_rewind_line
finished cbuf_rewind_line
removing targets
analyzing gcc-5__Ou__freeipmi__ipmipower/cbuf_write_line
started running cbuf_write_line
finished cbuf_write_line
removing targets
analyzing gcc-5__Ou__freeipmi__ipmipower/cbuf_peek_to_fd
started running cbuf_peek_to_fd
finished cbuf_peek_to_fd
removing targets
analyzing gcc-5__Ou__freeipmi__ipmipower/cbuf_read_to_fd
started running cbuf_read_to_fd
finished cbuf_read_to_fd
removing targets
analyzing gcc-5__Ou__freeipmi__ipmipower/cbuf_replay_to_fd
started running cbuf_replay_to_fd
finished cbuf_replay_to_fd
removing targets
analyzing gcc-5__Ou__freeipmi__ipmipower/cbuf_write_from_fd
started running cbuf_write_from_fd
finished cbuf_write_from_fd
removing targets
analyzing gcc-5__Ou__freeipmi__ipmipower/cbuf_copy
started running cbuf_copy
finished cbuf_copy
removing targets
analyzing gcc-5__Ou__freeipmi__ipmipower/cbuf_move
started running cbuf_move
finished cbuf_move
removing targets
analyzing gcc-5__Ou__freeipmi__ipmipower/cbuf_find_replay_line
started running cbuf_find_replay_line
stopped exploration
finished cbuf_find_replay_line
removing targets
analyzing gcc-5__Ou__freeipmi__ipmipower/cbuf_find_unread_line
started running cbuf_find_unread_line
stopped exploration
finished cbuf_find_unread_line
removing targets
analyzing gcc-5__Ou__freeipmi__ipmipower/cbuf_get_fd
started running cbuf_get_fd
finished cbuf_get_fd
analyzing gcc-5__Ou__freeipmi__ipmipower/cbuf_get_mem
started running cbuf_get_mem
finished cbuf_get_mem
analyzing gcc-5__Ou__freeipmi__ipmipower/cbuf_put_fd
started running cbuf_put_fd
finished cbuf_put_fd
analyzing gcc-5__Ou__freeipmi__ipmipower/cbuf_put_mem
started running cbuf_put_mem
finished cbuf_put_mem
analyzing gcc-5__Ou__freeipmi__ipmipower/cbuf_copier
started running cbuf_copier
stopped exploration
finished cbuf_copier
removing targets
analyzing gcc-5__Ou__freeipmi__ipmipower/cbuf_dropper
started running cbuf_dropper
finished cbuf_dropper
removing targets
analyzing gcc-5__Ou__freeipmi__ipmipower/cbuf_reader
started running cbuf_reader
finished cbuf_reader
removing targets
analyzing gcc-5__Ou__freeipmi__ipmipower/cbuf_replayer
started running cbuf_replayer
finished cbuf_replayer
removing targets
analyzing gcc-5__Ou__freeipmi__ipmipower/cbuf_writer
started running cbuf_writer
finished cbuf_writer
removing targets
analyzing gcc-5__Ou__freeipmi__ipmipower/cbuf_grow
started running cbuf_grow
finished cbuf_grow
removing targets
analyzing gcc-5__Ou__freeipmi__ipmipower/cbuf_shrink
started running cbuf_shrink
finished cbuf_shrink
removing targets
analyzing gcc-5__Ou__freeipmi__ipmipower/conffile_handle_create
started running conffile_handle_create
finished conffile_handle_create
analyzing gcc-5__Ou__freeipmi__ipmipower/conffile_handle_destroy
started running conffile_handle_destroy
finished conffile_handle_destroy
removing targets
analyzing gcc-5__Ou__freeipmi__ipmipower/conffile_errnum
started running conffile_errnum
finished conffile_errnum
removing targets
analyzing gcc-5__Ou__freeipmi__ipmipower/conffile_errmsg
started running conffile_errmsg
finished conffile_errmsg
removing targets
analyzing gcc-5__Ou__freeipmi__ipmipower/conffile_seterrnum
started running conffile_seterrnum
finished conffile_seterrnum
removing targets
analyzing gcc-5__Ou__freeipmi__ipmipower/conffile_line_number
started running conffile_line_number
finished conffile_line_number
removing targets
analyzing gcc-5__Ou__freeipmi__ipmipower/conffile_parse
started running conffile_parse
stopped exploration
finished conffile_parse
removing targets
analyzing gcc-5__Ou__freeipmi__ipmipower/conffile_empty
started running conffile_empty
finished conffile_empty
analyzing gcc-5__Ou__freeipmi__ipmipower/conffile_bool
started running conffile_bool
finished conffile_bool
removing targets
analyzing gcc-5__Ou__freeipmi__ipmipower/conffile_int
started running conffile_int
finished conffile_int
removing targets
analyzing gcc-5__Ou__freeipmi__ipmipower/conffile_double
started running conffile_double
finished conffile_double
removing targets
analyzing gcc-5__Ou__freeipmi__ipmipower/conffile_string
started running conffile_string
finished conffile_string
removing targets
analyzing gcc-5__Ou__freeipmi__ipmipower/fd_read_n
started running fd_read_n
finished fd_read_n
removing targets
analyzing gcc-5__Ou__freeipmi__ipmipower/fd_write_n
started running fd_write_n
finished fd_write_n
removing targets
analyzing gcc-5__Ou__freeipmi__ipmipower/fd_read_line
started running fd_read_line
finished fd_read_line
removing targets
analyzing gcc-5__Ou__freeipmi__ipmipower/fd_get_read_lock
started running fd_get_read_lock
finished fd_get_read_lock
analyzing gcc-5__Ou__freeipmi__ipmipower/fd_get_readw_lock
started running fd_get_readw_lock
finished fd_get_readw_lock
analyzing gcc-5__Ou__freeipmi__ipmipower/fd_get_write_lock
started running fd_get_write_lock
finished fd_get_write_lock
analyzing gcc-5__Ou__freeipmi__ipmipower/fd_get_writew_lock
started running fd_get_writew_lock
finished fd_get_writew_lock
analyzing gcc-5__Ou__freeipmi__ipmipower/fd_release_lock
started running fd_release_lock
finished fd_release_lock
analyzing gcc-5__Ou__freeipmi__ipmipower/fd_is_read_lock_blocked
started running fd_is_read_lock_blocked
finished fd_is_read_lock_blocked
analyzing gcc-5__Ou__freeipmi__ipmipower/fd_is_write_lock_blocked
started running fd_is_write_lock_blocked
finished fd_is_write_lock_blocked
analyzing gcc-5__Ou__freeipmi__ipmipower/fd_set_close_on_exec
started running fd_set_close_on_exec
finished fd_set_close_on_exec
analyzing gcc-5__Ou__freeipmi__ipmipower/fd_set_nonblocking
started running fd_set_nonblocking
finished fd_set_nonblocking
analyzing gcc-5__Ou__freeipmi__ipmipower/fi_hostlist_create
started running fi_hostlist_create
finished fi_hostlist_create
analyzing gcc-5__Ou__freeipmi__ipmipower/fi_hostlist_copy
started running fi_hostlist_copy
finished fi_hostlist_copy
analyzing gcc-5__Ou__freeipmi__ipmipower/fi_hostlist_destroy
started running fi_hostlist_destroy
finished fi_hostlist_destroy
removing targets
analyzing gcc-5__Ou__freeipmi__ipmipower/fi_hostlist_push
started running fi_hostlist_push
finished fi_hostlist_push
analyzing gcc-5__Ou__freeipmi__ipmipower/fi_hostlist_push_host
started running fi_hostlist_push_host
finished fi_hostlist_push_host
analyzing gcc-5__Ou__freeipmi__ipmipower/fi_hostlist_push_list
started running fi_hostlist_push_list
finished fi_hostlist_push_list
analyzing gcc-5__Ou__freeipmi__ipmipower/fi_hostlist_find
started running fi_hostlist_find
finished fi_hostlist_find
analyzing gcc-5__Ou__freeipmi__ipmipower/fi_hostlist_delete
started running fi_hostlist_delete
finished fi_hostlist_delete
analyzing gcc-5__Ou__freeipmi__ipmipower/fi_hostlist_delete_host
started running fi_hostlist_delete_host
finished fi_hostlist_delete_host
analyzing gcc-5__Ou__freeipmi__ipmipower/fi_hostlist_count
started running fi_hostlist_count
finished fi_hostlist_count
analyzing gcc-5__Ou__freeipmi__ipmipower/fi_hostlist_sort
started running fi_hostlist_sort
finished fi_hostlist_sort
analyzing gcc-5__Ou__freeipmi__ipmipower/fi_hostlist_uniq
started running fi_hostlist_uniq
finished fi_hostlist_uniq
analyzing gcc-5__Ou__freeipmi__ipmipower/fi_hostlist_ranged_string
started running fi_hostlist_ranged_string
finished fi_hostlist_ranged_string
analyzing gcc-5__Ou__freeipmi__ipmipower/fi_hostlist_deranged_string
started running fi_hostlist_deranged_string
finished fi_hostlist_deranged_string
analyzing gcc-5__Ou__freeipmi__ipmipower/fi_hostlist_iterator_create
started running fi_hostlist_iterator_create
finished fi_hostlist_iterator_create
analyzing gcc-5__Ou__freeipmi__ipmipower/fi_hostlist_iterator_destroy
started running fi_hostlist_iterator_destroy
finished fi_hostlist_iterator_destroy
removing targets
analyzing gcc-5__Ou__freeipmi__ipmipower/fi_hostlist_iterator_reset
started running fi_hostlist_iterator_reset
finished fi_hostlist_iterator_reset
analyzing gcc-5__Ou__freeipmi__ipmipower/fi_hostlist_next
started running fi_hostlist_next
finished fi_hostlist_next
analyzing gcc-5__Ou__freeipmi__ipmipower/fi_hostlist_remove
started running fi_hostlist_remove
finished fi_hostlist_remove
analyzing gcc-5__Ou__freeipmi__ipmipower/host_prefix_end
started running host_prefix_end
finished host_prefix_end
analyzing gcc-5__Ou__freeipmi__ipmipower/hostname_create_with_suffix
started running hostname_create_with_suffix
finished hostname_create_with_suffix
analyzing gcc-5__Ou__freeipmi__ipmipower/hostname_create
started running hostname_create
finished hostname_create
analyzing gcc-5__Ou__freeipmi__ipmipower/hostname_destroy
started running hostname_destroy
finished hostname_destroy
removing targets
analyzing gcc-5__Ou__freeipmi__ipmipower/hostname_suffix_is_valid
started running hostname_suffix_is_valid
finished hostname_suffix_is_valid
analyzing gcc-5__Ou__freeipmi__ipmipower/hostname_suffix_width
started running hostname_suffix_width
finished hostname_suffix_width
analyzing gcc-5__Ou__freeipmi__ipmipower/hostrange_new
started running hostrange_new
finished hostrange_new
analyzing gcc-5__Ou__freeipmi__ipmipower/hostrange_create_single
started running hostrange_create_single
finished hostrange_create_single
analyzing gcc-5__Ou__freeipmi__ipmipower/hostrange_create
started running hostrange_create
finished hostrange_create
analyzing gcc-5__Ou__freeipmi__ipmipower/hostrange_count
started running hostrange_count
finished hostrange_count
removing targets
analyzing gcc-5__Ou__freeipmi__ipmipower/hostrange_copy
started running hostrange_copy
finished hostrange_copy
removing targets
analyzing gcc-5__Ou__freeipmi__ipmipower/hostrange_destroy
started running hostrange_destroy
finished hostrange_destroy
removing targets
analyzing gcc-5__Ou__freeipmi__ipmipower/hostrange_delete_host
started running hostrange_delete_host
finished hostrange_delete_host
removing targets
analyzing gcc-5__Ou__freeipmi__ipmipower/hostrange_cmp
started running hostrange_cmp
finished hostrange_cmp
analyzing gcc-5__Ou__freeipmi__ipmipower/hostrange_prefix_cmp
started running hostrange_prefix_cmp
finished hostrange_prefix_cmp
removing targets
analyzing gcc-5__Ou__freeipmi__ipmipower/hostrange_within_range
started running hostrange_within_range
finished hostrange_within_range
analyzing gcc-5__Ou__freeipmi__ipmipower/hostrange_width_combine
started running hostrange_width_combine
finished hostrange_width_combine
analyzing gcc-5__Ou__freeipmi__ipmipower/hostrange_empty
started running hostrange_empty
finished hostrange_empty
removing targets
analyzing gcc-5__Ou__freeipmi__ipmipower/hostrange_pop
started running hostrange_pop
finished hostrange_pop
removing targets
analyzing gcc-5__Ou__freeipmi__ipmipower/hostrange_shift
started running hostrange_shift
finished hostrange_shift
removing targets
analyzing gcc-5__Ou__freeipmi__ipmipower/hostrange_join
started running hostrange_join
finished hostrange_join
analyzing gcc-5__Ou__freeipmi__ipmipower/hostrange_intersect
started running hostrange_intersect
finished hostrange_intersect
removing targets
analyzing gcc-5__Ou__freeipmi__ipmipower/hostrange_hn_within
started running hostrange_hn_within
finished hostrange_hn_within
removing targets
analyzing gcc-5__Ou__freeipmi__ipmipower/hostrange_to_string
started running hostrange_to_string
finished hostrange_to_string
removing targets
analyzing gcc-5__Ou__freeipmi__ipmipower/hostrange_numstr
started running hostrange_numstr
finished hostrange_numstr
removing targets
analyzing gcc-5__Ou__freeipmi__ipmipower/hostlist_new
started running hostlist_new
finished hostlist_new
analyzing gcc-5__Ou__freeipmi__ipmipower/hostlist_resize
started running hostlist_resize
finished hostlist_resize
analyzing gcc-5__Ou__freeipmi__ipmipower/hostlist_expand
started running hostlist_expand
finished hostlist_expand
analyzing gcc-5__Ou__freeipmi__ipmipower/hostlist_push_range
started running hostlist_push_range
finished hostlist_push_range
removing targets
analyzing gcc-5__Ou__freeipmi__ipmipower/hostlist_push_hr
started running hostlist_push_hr
finished hostlist_push_hr
analyzing gcc-5__Ou__freeipmi__ipmipower/hostlist_insert_range
started running hostlist_insert_range
finished hostlist_insert_range
removing targets
analyzing gcc-5__Ou__freeipmi__ipmipower/hostlist_delete_range
started running hostlist_delete_range
finished hostlist_delete_range
removing targets
analyzing gcc-5__Ou__freeipmi__ipmipower/hostlist_create
started running hostlist_create
finished hostlist_create
analyzing gcc-5__Ou__freeipmi__ipmipower/hostlist_copy
started running hostlist_copy
finished hostlist_copy
removing targets
analyzing gcc-5__Ou__freeipmi__ipmipower/hostlist_destroy
started running hostlist_destroy
finished hostlist_destroy
removing targets
analyzing gcc-5__Ou__freeipmi__ipmipower/hostlist_push
started running hostlist_push
finished hostlist_push
removing targets
analyzing gcc-5__Ou__freeipmi__ipmipower/hostlist_push_host
started running hostlist_push_host
finished hostlist_push_host
removing targets
analyzing gcc-5__Ou__freeipmi__ipmipower/hostlist_push_list
started running hostlist_push_list
finished hostlist_push_list
removing targets
analyzing gcc-5__Ou__freeipmi__ipmipower/hostlist_pop
started running hostlist_pop
finished hostlist_pop
removing targets
analyzing gcc-5__Ou__freeipmi__ipmipower/hostlist_shift_iterators
started running hostlist_shift_iterators
finished hostlist_shift_iterators
removing targets
analyzing gcc-5__Ou__freeipmi__ipmipower/hostlist_shift
started running hostlist_shift
finished hostlist_shift
removing targets
analyzing gcc-5__Ou__freeipmi__ipmipower/hostlist_pop_range
started running hostlist_pop_range
finished hostlist_pop_range
removing targets
analyzing gcc-5__Ou__freeipmi__ipmipower/hostlist_shift_range
started running hostlist_shift_range
finished hostlist_shift_range
analyzing gcc-5__Ou__freeipmi__ipmipower/hostlist_delete
started running hostlist_delete
finished hostlist_delete
analyzing gcc-5__Ou__freeipmi__ipmipower/hostlist_delete_host
started running hostlist_delete_host
finished hostlist_delete_host
analyzing gcc-5__Ou__freeipmi__ipmipower/hostlist_nth
started running hostlist_nth
finished hostlist_nth
removing targets
analyzing gcc-5__Ou__freeipmi__ipmipower/hostlist_delete_nth
started running hostlist_delete_nth
finished hostlist_delete_nth
removing targets
analyzing gcc-5__Ou__freeipmi__ipmipower/hostlist_count
started running hostlist_count
finished hostlist_count
analyzing gcc-5__Ou__freeipmi__ipmipower/hostlist_find
started running hostlist_find
finished hostlist_find
removing targets
analyzing gcc-5__Ou__freeipmi__ipmipower/hostlist_sort
started running hostlist_sort
finished hostlist_sort
removing targets
analyzing gcc-5__Ou__freeipmi__ipmipower/hostlist_collapse
started running hostlist_collapse
finished hostlist_collapse
removing targets
analyzing gcc-5__Ou__freeipmi__ipmipower/hostlist_coalesce
started running hostlist_coalesce
stopped exploration
finished hostlist_coalesce
removing targets
analyzing gcc-5__Ou__freeipmi__ipmipower/hostlist_uniq
started running hostlist_uniq
finished hostlist_uniq
removing targets
analyzing gcc-5__Ou__freeipmi__ipmipower/hostlist_deranged_string
started running hostlist_deranged_string
finished hostlist_deranged_string
removing targets
analyzing gcc-5__Ou__freeipmi__ipmipower/hostlist_ranged_string
started running hostlist_ranged_string
finished hostlist_ranged_string
removing targets
analyzing gcc-5__Ou__freeipmi__ipmipower/hostlist_iterator_new
started running hostlist_iterator_new
finished hostlist_iterator_new
analyzing gcc-5__Ou__freeipmi__ipmipower/hostlist_iterator_create
started running hostlist_iterator_create
finished hostlist_iterator_create
analyzing gcc-5__Ou__freeipmi__ipmipower/hostset_iterator_create
started running hostset_iterator_create
finished hostset_iterator_create
analyzing gcc-5__Ou__freeipmi__ipmipower/hostlist_iterator_reset
started running hostlist_iterator_reset
finished hostlist_iterator_reset
analyzing gcc-5__Ou__freeipmi__ipmipower/hostlist_iterator_destroy
started running hostlist_iterator_destroy
finished hostlist_iterator_destroy
removing targets
analyzing gcc-5__Ou__freeipmi__ipmipower/hostlist_next
started running hostlist_next
finished hostlist_next
analyzing gcc-5__Ou__freeipmi__ipmipower/hostlist_next_range
started running hostlist_next_range
finished hostlist_next_range
analyzing gcc-5__Ou__freeipmi__ipmipower/hostlist_remove
started running hostlist_remove
finished hostlist_remove
analyzing gcc-5__Ou__freeipmi__ipmipower/hostset_create
started running hostset_create
finished hostset_create
analyzing gcc-5__Ou__freeipmi__ipmipower/hostset_copy
started running hostset_copy
finished hostset_copy
analyzing gcc-5__Ou__freeipmi__ipmipower/hostset_destroy
started running hostset_destroy
finished hostset_destroy
removing targets
analyzing gcc-5__Ou__freeipmi__ipmipower/hostset_insert_range
started running hostset_insert_range
finished hostset_insert_range
removing targets
analyzing gcc-5__Ou__freeipmi__ipmipower/hostset_insert
started running hostset_insert
finished hostset_insert
analyzing gcc-5__Ou__freeipmi__ipmipower/hostset_find_host
started running hostset_find_host
finished hostset_find_host
analyzing gcc-5__Ou__freeipmi__ipmipower/hostset_within
started running hostset_within
finished hostset_within
analyzing gcc-5__Ou__freeipmi__ipmipower/hostset_delete
started running hostset_delete
finished hostset_delete
analyzing gcc-5__Ou__freeipmi__ipmipower/hostset_delete_host
started running hostset_delete_host
finished hostset_delete_host
analyzing gcc-5__Ou__freeipmi__ipmipower/hostset_shift
started running hostset_shift
finished hostset_shift
analyzing gcc-5__Ou__freeipmi__ipmipower/hostset_pop
started running hostset_pop
finished hostset_pop
analyzing gcc-5__Ou__freeipmi__ipmipower/hostset_shift_range
started running hostset_shift_range
finished hostset_shift_range
analyzing gcc-5__Ou__freeipmi__ipmipower/hostset_pop_range
started running hostset_pop_range
finished hostset_pop_range
analyzing gcc-5__Ou__freeipmi__ipmipower/hostset_count
started running hostset_count
finished hostset_count
analyzing gcc-5__Ou__freeipmi__ipmipower/hostset_ranged_string
started running hostset_ranged_string
finished hostset_ranged_string
analyzing gcc-5__Ou__freeipmi__ipmipower/hostset_deranged_string
started running hostset_deranged_string
finished hostset_deranged_string
analyzing gcc-5__Ou__freeipmi__ipmipower/list_create
started running list_create
finished list_create
analyzing gcc-5__Ou__freeipmi__ipmipower/list_destroy
started running list_destroy
finished list_destroy
removing targets
analyzing gcc-5__Ou__freeipmi__ipmipower/list_is_empty
started running list_is_empty
finished list_is_empty
analyzing gcc-5__Ou__freeipmi__ipmipower/list_count
started running list_count
finished list_count
analyzing gcc-5__Ou__freeipmi__ipmipower/list_append
started running list_append
finished list_append
analyzing gcc-5__Ou__freeipmi__ipmipower/list_prepend
started running list_prepend
finished list_prepend
analyzing gcc-5__Ou__freeipmi__ipmipower/list_find_first
started running list_find_first
finished list_find_first
removing targets
analyzing gcc-5__Ou__freeipmi__ipmipower/list_delete_all
started running list_delete_all
finished list_delete_all
removing targets
analyzing gcc-5__Ou__freeipmi__ipmipower/list_for_each
started running list_for_each
finished list_for_each
removing targets
analyzing gcc-5__Ou__freeipmi__ipmipower/list_sort
started running list_sort
finished list_sort
removing targets
analyzing gcc-5__Ou__freeipmi__ipmipower/list_push
started running list_push
finished list_push
analyzing gcc-5__Ou__freeipmi__ipmipower/list_pop
started running list_pop
finished list_pop
analyzing gcc-5__Ou__freeipmi__ipmipower/list_peek
started running list_peek
finished list_peek
removing targets
analyzing gcc-5__Ou__freeipmi__ipmipower/list_enqueue
started running list_enqueue
finished list_enqueue
analyzing gcc-5__Ou__freeipmi__ipmipower/list_dequeue
started running list_dequeue
finished list_dequeue
analyzing gcc-5__Ou__freeipmi__ipmipower/list_iterator_create
started running list_iterator_create
finished list_iterator_create
analyzing gcc-5__Ou__freeipmi__ipmipower/list_iterator_reset
started running list_iterator_reset
finished list_iterator_reset
analyzing gcc-5__Ou__freeipmi__ipmipower/list_iterator_destroy
started running list_iterator_destroy
finished list_iterator_destroy
removing targets
analyzing gcc-5__Ou__freeipmi__ipmipower/list_next
started running list_next
finished list_next
removing targets
analyzing gcc-5__Ou__freeipmi__ipmipower/list_insert
started running list_insert
finished list_insert
analyzing gcc-5__Ou__freeipmi__ipmipower/list_find
started running list_find
finished list_find
analyzing gcc-5__Ou__freeipmi__ipmipower/list_remove
started running list_remove
finished list_remove
removing targets
analyzing gcc-5__Ou__freeipmi__ipmipower/list_delete
started running list_delete
finished list_delete
analyzing gcc-5__Ou__freeipmi__ipmipower/list_node_create
started running list_node_create
finished list_node_create
analyzing gcc-5__Ou__freeipmi__ipmipower/list_node_destroy
started running list_node_destroy
finished list_node_destroy
removing targets
analyzing gcc-5__Ou__freeipmi__ipmipower/list_alloc
started running list_alloc
finished list_alloc
analyzing gcc-5__Ou__freeipmi__ipmipower/list_free
started running list_free
finished list_free
analyzing gcc-5__Ou__freeipmi__ipmipower/list_node_alloc
started running list_node_alloc
finished list_node_alloc
analyzing gcc-5__Ou__freeipmi__ipmipower/list_node_free
started running list_node_free
finished list_node_free
analyzing gcc-5__Ou__freeipmi__ipmipower/list_iterator_alloc
started running list_iterator_alloc
finished list_iterator_alloc
analyzing gcc-5__Ou__freeipmi__ipmipower/list_iterator_free
started running list_iterator_free
finished list_iterator_free
analyzing gcc-5__Ou__freeipmi__ipmipower/list_alloc_aux
started running list_alloc_aux
finished list_alloc_aux
analyzing gcc-5__Ou__freeipmi__ipmipower/list_free_aux
started running list_free_aux
finished list_free_aux
analyzing gcc-5__Ou__freeipmi__ipmipower/host_is_ipv6_with_port
started running host_is_ipv6_with_port
finished host_is_ipv6_with_port
analyzing gcc-5__Ou__freeipmi__ipmipower/host_is_host_with_port
started running host_is_host_with_port
finished host_is_host_with_port
analyzing gcc-5__Ou__freeipmi__ipmipower/host_is_valid
started running host_is_valid
finished host_is_valid
analyzing gcc-5__Ou__freeipmi__ipmipower/host_is_localhost
started running host_is_localhost
finished host_is_localhost
analyzing gcc-5__Ou__freeipmi__ipmipower/secure_memset
started running secure_memset
finished secure_memset
removing targets
analyzing gcc-5__Ou__freeipmi__ipmipower/secure_malloc
started running secure_malloc
finished secure_malloc
analyzing gcc-5__Ou__freeipmi__ipmipower/secure_free
started running secure_free
finished secure_free
removing targets
analyzing gcc-5__Ou__freeipmi__ipmipower/timeval_clear
started running timeval_clear
finished timeval_clear
analyzing gcc-5__Ou__freeipmi__ipmipower/timeval_gt
started running timeval_gt
finished timeval_gt
removing targets
analyzing gcc-5__Ou__freeipmi__ipmipower/timeval_lt
started running timeval_lt
finished timeval_lt
removing targets
analyzing gcc-5__Ou__freeipmi__ipmipower/timeval_add
started running timeval_add
finished timeval_add
removing targets
analyzing gcc-5__Ou__freeipmi__ipmipower/timeval_sub
started running timeval_sub
finished timeval_sub
analyzing gcc-5__Ou__freeipmi__ipmipower/timeval_millisecond_init
started running timeval_millisecond_init
finished timeval_millisecond_init
analyzing gcc-5__Ou__freeipmi__ipmipower/timeval_add_ms
started running timeval_add_ms
finished timeval_add_ms
analyzing gcc-5__Ou__freeipmi__ipmipower/timeval_sub_ms
started running timeval_sub_ms
finished timeval_sub_ms
analyzing gcc-5__Ou__freeipmi__ipmipower/timeval_millisecond_calc
started running timeval_millisecond_calc
finished timeval_millisecond_calc
removing targets
analyzing gcc-5__Ou__freeipmi__ipmipower/parse_inband_driver_type
started running parse_inband_driver_type
finished parse_inband_driver_type
analyzing gcc-5__Ou__freeipmi__ipmipower/parse_outofband_driver_type
started running parse_outofband_driver_type
finished parse_outofband_driver_type
analyzing gcc-5__Ou__freeipmi__ipmipower/parse_driver_type
started running parse_driver_type
finished parse_driver_type
analyzing gcc-5__Ou__freeipmi__ipmipower/parse_authentication_type
started running parse_authentication_type
finished parse_authentication_type
analyzing gcc-5__Ou__freeipmi__ipmipower/parse_privilege_level
started running parse_privilege_level
finished parse_privilege_level
analyzing gcc-5__Ou__freeipmi__ipmipower/parse_workaround_flags
started running parse_workaround_flags
finished parse_workaround_flags
analyzing gcc-5__Ou__freeipmi__ipmipower/parse_workaround_flags_tool
started running parse_workaround_flags_tool
finished parse_workaround_flags_tool
analyzing gcc-5__Ou__freeipmi__ipmipower/parse_kg
started running parse_kg
finished parse_kg
removing targets
analyzing gcc-5__Ou__freeipmi__ipmipower/parse_get_freeipmi_outofband_flags
started running parse_get_freeipmi_outofband_flags
finished parse_get_freeipmi_outofband_flags
removing targets
analyzing gcc-5__Ou__freeipmi__ipmipower/parse_get_freeipmi_outofband_2_0_flags
started running parse_get_freeipmi_outofband_2_0_flags
finished parse_get_freeipmi_outofband_2_0_flags
removing targets
analyzing gcc-5__Ou__freeipmi__ipmipower/parse_get_freeipmi_inband_flags
started running parse_get_freeipmi_inband_flags
finished parse_get_freeipmi_inband_flags
removing targets
