gcc-5__Ou__freeipmi__rmcpping have 12 funcs
analyzing gcc-5__Ou__freeipmi__rmcpping/deregister_tm_clones
started running deregister_tm_clones
finished deregister_tm_clones
removing targets
analyzing gcc-5__Ou__freeipmi__rmcpping/register_tm_clones
started running register_tm_clones
finished register_tm_clones
removing targets
analyzing gcc-5__Ou__freeipmi__rmcpping/frame_dummy
started running frame_dummy
finished frame_dummy
removing targets
analyzing gcc-5__Ou__freeipmi__rmcpping/createpacket
started running createpacket
finished createpacket
removing targets
analyzing gcc-5__Ou__freeipmi__rmcpping/parsepacket
started running parsepacket
finished parsepacket
removing targets
analyzing gcc-5__Ou__freeipmi__rmcpping/latepacket
started running latepacket
finished latepacket
analyzing gcc-5__Ou__freeipmi__rmcpping/endresult
started running endresult
finished endresult
removing targets
analyzing gcc-5__Ou__freeipmi__rmcpping/ipmi_ping_err_exit
started running ipmi_ping_err_exit
finished ipmi_ping_err_exit
removing targets
analyzing gcc-5__Ou__freeipmi__rmcpping/ipmi_ping_setup
started running ipmi_ping_setup
stopped exploration
finished ipmi_ping_setup
removing targets
analyzing gcc-5__Ou__freeipmi__rmcpping/ipmi_ping_loop
started running ipmi_ping_loop
finished ipmi_ping_loop
analyzing gcc-5__Ou__freeipmi__rmcpping/debug_hdr_str
started running debug_hdr_str
finished debug_hdr_str
removing targets
analyzing gcc-5__Ou__freeipmi__rmcpping/debug_hdr_cmd
started running debug_hdr_cmd
finished debug_hdr_cmd
removing targets
