gcc-5__Ou__glpk__glpsol have 8 funcs
analyzing gcc-5__Ou__glpk__glpsol/deregister_tm_clones
started running deregister_tm_clones
finished deregister_tm_clones
removing targets
analyzing gcc-5__Ou__glpk__glpsol/register_tm_clones
started running register_tm_clones
finished register_tm_clones
removing targets
analyzing gcc-5__Ou__glpk__glpsol/frame_dummy
started running frame_dummy
finished frame_dummy
removing targets
analyzing gcc-5__Ou__glpk__glpsol/str2int
started running str2int
finished str2int
analyzing gcc-5__Ou__glpk__glpsol/str2num
started running str2num
finished str2num
analyzing gcc-5__Ou__glpk__glpsol/print_help
started running print_help
finished print_help
analyzing gcc-5__Ou__glpk__glpsol/print_version
started running print_version
finished print_version
analyzing gcc-5__Ou__glpk__glpsol/parse_cmdline
started running parse_cmdline
stopped exploration
finished parse_cmdline
removing targets
