gcc-5__Ou__gnutls28-3.4.10__crywrap have 8 funcs
analyzing gcc-5__Ou__gnutls28-3.4.10__crywrap/deregister_tm_clones
started running deregister_tm_clones
finished deregister_tm_clones
removing targets
analyzing gcc-5__Ou__gnutls28-3.4.10__crywrap/register_tm_clones
started running register_tm_clones
finished register_tm_clones
removing targets
analyzing gcc-5__Ou__gnutls28-3.4.10__crywrap/frame_dummy
started running frame_dummy
finished frame_dummy
removing targets
analyzing gcc-5__Ou__gnutls28-3.4.10__crywrap/tls_audit_log_func
started running tls_audit_log_func
finished tls_audit_log_func
analyzing gcc-5__Ou__gnutls28-3.4.10__crywrap/load_file
started running load_file
finished load_file
analyzing gcc-5__Ou__gnutls28-3.4.10__crywrap/system_log
started running system_log
finished system_log
removing targets
analyzing gcc-5__Ou__gnutls28-3.4.10__crywrap/system_log_error
started running system_log_error
finished system_log_error
removing targets
analyzing gcc-5__Ou__gnutls28-3.4.10__crywrap/debug_log
started running debug_log
finished debug_log
removing targets
