gcc-5__Ou__gnutls28-3.4.10__ex-cert-select have 7 funcs
analyzing gcc-5__Ou__gnutls28-3.4.10__ex-cert-select/deregister_tm_clones
started running deregister_tm_clones
finished deregister_tm_clones
removing targets
analyzing gcc-5__Ou__gnutls28-3.4.10__ex-cert-select/register_tm_clones
started running register_tm_clones
finished register_tm_clones
removing targets
analyzing gcc-5__Ou__gnutls28-3.4.10__ex-cert-select/frame_dummy
started running frame_dummy
finished frame_dummy
removing targets
analyzing gcc-5__Ou__gnutls28-3.4.10__ex-cert-select/load_keys
started running load_keys
finished load_keys
analyzing gcc-5__Ou__gnutls28-3.4.10__ex-cert-select/cert_callback
started running cert_callback
finished cert_callback
removing targets
analyzing gcc-5__Ou__gnutls28-3.4.10__ex-cert-select/tcp_connect
started running tcp_connect
finished tcp_connect
analyzing gcc-5__Ou__gnutls28-3.4.10__ex-cert-select/tcp_close
started running tcp_close
finished tcp_close
