gcc-5__Ou__gnutls28-3.4.10__ex-cert-select-pkcs11 have 6 funcs
analyzing gcc-5__Ou__gnutls28-3.4.10__ex-cert-select-pkcs11/deregister_tm_clones
started running deregister_tm_clones
finished deregister_tm_clones
removing targets
analyzing gcc-5__Ou__gnutls28-3.4.10__ex-cert-select-pkcs11/register_tm_clones
started running register_tm_clones
finished register_tm_clones
removing targets
analyzing gcc-5__Ou__gnutls28-3.4.10__ex-cert-select-pkcs11/frame_dummy
started running frame_dummy
finished frame_dummy
removing targets
analyzing gcc-5__Ou__gnutls28-3.4.10__ex-cert-select-pkcs11/pin_callback
started running pin_callback
finished pin_callback
analyzing gcc-5__Ou__gnutls28-3.4.10__ex-cert-select-pkcs11/tcp_connect
started running tcp_connect
finished tcp_connect
analyzing gcc-5__Ou__gnutls28-3.4.10__ex-cert-select-pkcs11/tcp_close
started running tcp_close
finished tcp_close
