gcc-5__Ou__gnutls28-3.4.10__ex-ocsp-client have 7 funcs
analyzing gcc-5__Ou__gnutls28-3.4.10__ex-ocsp-client/deregister_tm_clones
started running deregister_tm_clones
finished deregister_tm_clones
removing targets
analyzing gcc-5__Ou__gnutls28-3.4.10__ex-ocsp-client/register_tm_clones
started running register_tm_clones
finished register_tm_clones
removing targets
analyzing gcc-5__Ou__gnutls28-3.4.10__ex-ocsp-client/frame_dummy
started running frame_dummy
finished frame_dummy
removing targets
analyzing gcc-5__Ou__gnutls28-3.4.10__ex-ocsp-client/load_cert
started running load_cert
finished load_cert
analyzing gcc-5__Ou__gnutls28-3.4.10__ex-ocsp-client/get_data
started running get_data
finished get_data
analyzing gcc-5__Ou__gnutls28-3.4.10__ex-ocsp-client/internal_read_file
started running internal_read_file
finished internal_read_file
analyzing gcc-5__Ou__gnutls28-3.4.10__ex-ocsp-client/fstat
started running fstat
finished fstat
removing targets
