gcc-5__Ou__gnutls28-3.4.10__ex-serv-dtls have 9 funcs
analyzing gcc-5__Ou__gnutls28-3.4.10__ex-serv-dtls/deregister_tm_clones
started running deregister_tm_clones
finished deregister_tm_clones
removing targets
analyzing gcc-5__Ou__gnutls28-3.4.10__ex-serv-dtls/register_tm_clones
started running register_tm_clones
finished register_tm_clones
removing targets
analyzing gcc-5__Ou__gnutls28-3.4.10__ex-serv-dtls/frame_dummy
started running frame_dummy
finished frame_dummy
removing targets
analyzing gcc-5__Ou__gnutls28-3.4.10__ex-serv-dtls/wait_for_connection
started running wait_for_connection
finished wait_for_connection
analyzing gcc-5__Ou__gnutls28-3.4.10__ex-serv-dtls/pull_timeout_func
started running pull_timeout_func
finished pull_timeout_func
analyzing gcc-5__Ou__gnutls28-3.4.10__ex-serv-dtls/push_func
started running push_func
finished push_func
analyzing gcc-5__Ou__gnutls28-3.4.10__ex-serv-dtls/pull_func
started running pull_func
finished pull_func
analyzing gcc-5__Ou__gnutls28-3.4.10__ex-serv-dtls/human_addr
started running human_addr
finished human_addr
removing targets
analyzing gcc-5__Ou__gnutls28-3.4.10__ex-serv-dtls/generate_dh_params
started running generate_dh_params
finished generate_dh_params
