gcc-5__Ou__bash__bashversion have 5 funcs
analyzing gcc-5__Ou__bash__bashversion/deregister_tm_clones
started running deregister_tm_clones
finished deregister_tm_clones
removing targets
analyzing gcc-5__Ou__bash__bashversion/register_tm_clones
started running register_tm_clones
finished register_tm_clones
removing targets
analyzing gcc-5__Ou__bash__bashversion/frame_dummy
started running frame_dummy
finished frame_dummy
removing targets
analyzing gcc-5__Ou__bash__bashversion/shell_version_string
started running shell_version_string
finished shell_version_string
removing targets
analyzing gcc-5__Ou__bash__bashversion/show_shell_version
started running show_shell_version
finished show_shell_version
