gcc-5__Ou__libmicrohttpd__demo_https have 16 funcs
analyzing gcc-5__Ou__libmicrohttpd__demo_https/deregister_tm_clones
started running deregister_tm_clones
finished deregister_tm_clones
removing targets
analyzing gcc-5__Ou__libmicrohttpd__demo_https/register_tm_clones
started running register_tm_clones
finished register_tm_clones
removing targets
analyzing gcc-5__Ou__libmicrohttpd__demo_https/frame_dummy
started running frame_dummy
finished frame_dummy
removing targets
analyzing gcc-5__Ou__libmicrohttpd__demo_https/mark_as_html
started running mark_as_html
finished mark_as_html
analyzing gcc-5__Ou__libmicrohttpd__demo_https/update_cached_response
started running update_cached_response
finished update_cached_response
analyzing gcc-5__Ou__libmicrohttpd__demo_https/list_directory
started running list_directory
finished list_directory
analyzing gcc-5__Ou__libmicrohttpd__demo_https/update_directory
started running update_directory
finished update_directory
analyzing gcc-5__Ou__libmicrohttpd__demo_https/do_append
started running do_append
finished do_append
removing targets
analyzing gcc-5__Ou__libmicrohttpd__demo_https/process_upload_data
started running process_upload_data
finished process_upload_data
analyzing gcc-5__Ou__libmicrohttpd__demo_https/response_completed_callback
started running response_completed_callback
finished response_completed_callback
removing targets
analyzing gcc-5__Ou__libmicrohttpd__demo_https/return_directory_response
started running return_directory_response
finished return_directory_response
analyzing gcc-5__Ou__libmicrohttpd__demo_https/generate_page
started running generate_page
finished generate_page
analyzing gcc-5__Ou__libmicrohttpd__demo_https/catcher
started running catcher
finished catcher
analyzing gcc-5__Ou__libmicrohttpd__demo_https/ignore_sigpipe
started running ignore_sigpipe
finished ignore_sigpipe
analyzing gcc-5__Ou__libmicrohttpd__demo_https/stat
started running stat
finished stat
removing targets
analyzing gcc-5__Ou__libmicrohttpd__demo_https/fstat
started running fstat
finished fstat
removing targets
