gcc-5__Ou__libmicrohttpd__fileserver_example have 5 funcs
analyzing gcc-5__Ou__libmicrohttpd__fileserver_example/deregister_tm_clones
started running deregister_tm_clones
finished deregister_tm_clones
removing targets
analyzing gcc-5__Ou__libmicrohttpd__fileserver_example/register_tm_clones
started running register_tm_clones
finished register_tm_clones
removing targets
analyzing gcc-5__Ou__libmicrohttpd__fileserver_example/frame_dummy
started running frame_dummy
finished frame_dummy
removing targets
analyzing gcc-5__Ou__libmicrohttpd__fileserver_example/ahc_echo
started running ahc_echo
finished ahc_echo
analyzing gcc-5__Ou__libmicrohttpd__fileserver_example/fstat
started running fstat
finished fstat
removing targets
