gcc-5__Ou__libmicrohttpd__fileserver_example_external_select have 7 funcs
analyzing gcc-5__Ou__libmicrohttpd__fileserver_example_external_select/deregister_tm_clones
started running deregister_tm_clones
finished deregister_tm_clones
removing targets
analyzing gcc-5__Ou__libmicrohttpd__fileserver_example_external_select/register_tm_clones
started running register_tm_clones
finished register_tm_clones
removing targets
analyzing gcc-5__Ou__libmicrohttpd__fileserver_example_external_select/frame_dummy
started running frame_dummy
finished frame_dummy
removing targets
analyzing gcc-5__Ou__libmicrohttpd__fileserver_example_external_select/file_reader
started running file_reader
finished file_reader
analyzing gcc-5__Ou__libmicrohttpd__fileserver_example_external_select/free_callback
started running free_callback
finished free_callback
analyzing gcc-5__Ou__libmicrohttpd__fileserver_example_external_select/ahc_echo
started running ahc_echo
finished ahc_echo
analyzing gcc-5__Ou__libmicrohttpd__fileserver_example_external_select/fstat
started running fstat
finished fstat
removing targets
