gcc-5__Ou__libmicrohttpd__https_fileserver_example have 7 funcs
analyzing gcc-5__Ou__libmicrohttpd__https_fileserver_example/deregister_tm_clones
started running deregister_tm_clones
finished deregister_tm_clones
removing targets
analyzing gcc-5__Ou__libmicrohttpd__https_fileserver_example/register_tm_clones
started running register_tm_clones
finished register_tm_clones
removing targets
analyzing gcc-5__Ou__libmicrohttpd__https_fileserver_example/frame_dummy
started running frame_dummy
finished frame_dummy
removing targets
analyzing gcc-5__Ou__libmicrohttpd__https_fileserver_example/file_reader
started running file_reader
finished file_reader
analyzing gcc-5__Ou__libmicrohttpd__https_fileserver_example/file_free_callback
started running file_free_callback
finished file_free_callback
analyzing gcc-5__Ou__libmicrohttpd__https_fileserver_example/http_ahc
started running http_ahc
finished http_ahc
analyzing gcc-5__Ou__libmicrohttpd__https_fileserver_example/fstat
started running fstat
finished fstat
removing targets
