gcc-5__Ou__libmicrohttpd__largepost have 7 funcs
analyzing gcc-5__Ou__libmicrohttpd__largepost/deregister_tm_clones
started running deregister_tm_clones
finished deregister_tm_clones
removing targets
analyzing gcc-5__Ou__libmicrohttpd__largepost/register_tm_clones
started running register_tm_clones
finished register_tm_clones
removing targets
analyzing gcc-5__Ou__libmicrohttpd__largepost/frame_dummy
started running frame_dummy
finished frame_dummy
removing targets
analyzing gcc-5__Ou__libmicrohttpd__largepost/send_page
started running send_page
finished send_page
analyzing gcc-5__Ou__libmicrohttpd__largepost/iterate_post
started running iterate_post
finished iterate_post
analyzing gcc-5__Ou__libmicrohttpd__largepost/request_completed
started running request_completed
finished request_completed
removing targets
analyzing gcc-5__Ou__libmicrohttpd__largepost/answer_to_connection
started running answer_to_connection
finished answer_to_connection
removing targets
