gcc-5__Ou__libmicrohttpd__post_example have 13 funcs
analyzing gcc-5__Ou__libmicrohttpd__post_example/deregister_tm_clones
started running deregister_tm_clones
finished deregister_tm_clones
removing targets
analyzing gcc-5__Ou__libmicrohttpd__post_example/register_tm_clones
started running register_tm_clones
finished register_tm_clones
removing targets
analyzing gcc-5__Ou__libmicrohttpd__post_example/frame_dummy
started running frame_dummy
finished frame_dummy
removing targets
analyzing gcc-5__Ou__libmicrohttpd__post_example/get_session
started running get_session
finished get_session
analyzing gcc-5__Ou__libmicrohttpd__post_example/add_session_cookie
started running add_session_cookie
finished add_session_cookie
analyzing gcc-5__Ou__libmicrohttpd__post_example/serve_simple_form
started running serve_simple_form
finished serve_simple_form
analyzing gcc-5__Ou__libmicrohttpd__post_example/fill_v1_form
started running fill_v1_form
finished fill_v1_form
analyzing gcc-5__Ou__libmicrohttpd__post_example/fill_v1_v2_form
started running fill_v1_v2_form
finished fill_v1_v2_form
analyzing gcc-5__Ou__libmicrohttpd__post_example/not_found_page
started running not_found_page
finished not_found_page
analyzing gcc-5__Ou__libmicrohttpd__post_example/post_iterator
started running post_iterator
finished post_iterator
analyzing gcc-5__Ou__libmicrohttpd__post_example/create_response
started running create_response
finished create_response
removing targets
analyzing gcc-5__Ou__libmicrohttpd__post_example/request_completed_callback
started running request_completed_callback
finished request_completed_callback
removing targets
analyzing gcc-5__Ou__libmicrohttpd__post_example/expire_sessions
started running expire_sessions
finished expire_sessions
