gcc-5__Ou__libredwg__load_dwg have 11 funcs
analyzing gcc-5__Ou__libredwg__load_dwg/deregister_tm_clones
started running deregister_tm_clones
finished deregister_tm_clones
removing targets
analyzing gcc-5__Ou__libredwg__load_dwg/register_tm_clones
started running register_tm_clones
finished register_tm_clones
removing targets
analyzing gcc-5__Ou__libredwg__load_dwg/frame_dummy
started running frame_dummy
finished frame_dummy
removing targets
analyzing gcc-5__Ou__libredwg__load_dwg/suffix
started running suffix
finished suffix
analyzing gcc-5__Ou__libredwg__load_dwg/verbosity
started running verbosity
finished verbosity
analyzing gcc-5__Ou__libredwg__load_dwg/opt_version
started running opt_version
finished opt_version
analyzing gcc-5__Ou__libredwg__load_dwg/help
started running help
finished help
analyzing gcc-5__Ou__libredwg__load_dwg/add_line
started running add_line
finished add_line
analyzing gcc-5__Ou__libredwg__load_dwg/add_circle
started running add_circle
finished add_circle
analyzing gcc-5__Ou__libredwg__load_dwg/add_text
started running add_text
finished add_text
analyzing gcc-5__Ou__libredwg__load_dwg/load_dwg
started running load_dwg
finished load_dwg
