gcc-5__Ou__mailutils__addr have 7 funcs
analyzing gcc-5__Ou__mailutils__addr/deregister_tm_clones
started running deregister_tm_clones
finished deregister_tm_clones
removing targets
analyzing gcc-5__Ou__mailutils__addr/register_tm_clones
started running register_tm_clones
finished register_tm_clones
removing targets
analyzing gcc-5__Ou__mailutils__addr/frame_dummy
started running frame_dummy
finished frame_dummy
removing targets
analyzing gcc-5__Ou__mailutils__addr/parse
started running parse
finished parse
analyzing gcc-5__Ou__mailutils__addr/addr_fieldptr_by_mask
started running addr_fieldptr_by_mask
finished addr_fieldptr_by_mask
removing targets
analyzing gcc-5__Ou__mailutils__addr/sethint
started running sethint
finished sethint
analyzing gcc-5__Ou__mailutils__addr/parseinput
started running parseinput
finished parseinput
removing targets
