gcc-5__Ou__bash__mksignames have 5 funcs
analyzing gcc-5__Ou__bash__mksignames/deregister_tm_clones
started running deregister_tm_clones
finished deregister_tm_clones
removing targets
analyzing gcc-5__Ou__bash__mksignames/register_tm_clones
started running register_tm_clones
finished register_tm_clones
removing targets
analyzing gcc-5__Ou__bash__mksignames/frame_dummy
started running frame_dummy
finished frame_dummy
removing targets
analyzing gcc-5__Ou__bash__mksignames/write_signames
started running write_signames
finished write_signames
analyzing gcc-5__Ou__bash__mksignames/initialize_signames
started running initialize_signames
finished initialize_signames
removing targets
