gcc-5__Ou__bash__mksyntax have 12 funcs
analyzing gcc-5__Ou__bash__mksyntax/deregister_tm_clones
started running deregister_tm_clones
finished deregister_tm_clones
removing targets
analyzing gcc-5__Ou__bash__mksyntax/register_tm_clones
started running register_tm_clones
finished register_tm_clones
removing targets
analyzing gcc-5__Ou__bash__mksyntax/frame_dummy
started running frame_dummy
finished frame_dummy
removing targets
analyzing gcc-5__Ou__bash__mksyntax/cdesc
started running cdesc
finished cdesc
removing targets
analyzing gcc-5__Ou__bash__mksyntax/getcstr
started running getcstr
finished getcstr
removing targets
analyzing gcc-5__Ou__bash__mksyntax/addcstr
started running addcstr
finished addcstr
removing targets
analyzing gcc-5__Ou__bash__mksyntax/addcchar
started running addcchar
finished addcchar
removing targets
analyzing gcc-5__Ou__bash__mksyntax/addblanks
started running addblanks
finished addblanks
removing targets
analyzing gcc-5__Ou__bash__mksyntax/load_lsyntax
started running load_lsyntax
finished load_lsyntax
analyzing gcc-5__Ou__bash__mksyntax/dump_lflags
started running dump_lflags
finished dump_lflags
removing targets
analyzing gcc-5__Ou__bash__mksyntax/wcomment
started running wcomment
finished wcomment
analyzing gcc-5__Ou__bash__mksyntax/dump_lsyntax
started running dump_lsyntax
finished dump_lsyntax
