gcc-5__Ou__mailutils__lsf have 5 funcs
analyzing gcc-5__Ou__mailutils__lsf/deregister_tm_clones
started running deregister_tm_clones
finished deregister_tm_clones
removing targets
analyzing gcc-5__Ou__mailutils__lsf/register_tm_clones
started running register_tm_clones
finished register_tm_clones
removing targets
analyzing gcc-5__Ou__mailutils__lsf/frame_dummy
started running frame_dummy
finished frame_dummy
removing targets
analyzing gcc-5__Ou__mailutils__lsf/enumfun
started running enumfun
finished enumfun
removing targets
analyzing gcc-5__Ou__mailutils__lsf/ls_folders
started running ls_folders
finished ls_folders
