gcc-5__Ou__mailutils__mailutils have 7 funcs
analyzing gcc-5__Ou__mailutils__mailutils/deregister_tm_clones
started running deregister_tm_clones
finished deregister_tm_clones
removing targets
analyzing gcc-5__Ou__mailutils__mailutils/register_tm_clones
started running register_tm_clones
finished register_tm_clones
removing targets
analyzing gcc-5__Ou__mailutils__mailutils/frame_dummy
started running frame_dummy
finished frame_dummy
removing targets
analyzing gcc-5__Ou__mailutils__mailutils/find_tools
started running find_tools
stopped exploration
finished find_tools
analyzing gcc-5__Ou__mailutils__mailutils/mutool_comp
started running mutool_comp
finished mutool_comp
analyzing gcc-5__Ou__mailutils__mailutils/show_help
started running show_help
finished show_help
analyzing gcc-5__Ou__mailutils__mailutils/subcommand_help
started running subcommand_help
finished subcommand_help
