gcc-5__Ou__mailutils__mailutils-filter have 10 funcs
analyzing gcc-5__Ou__mailutils__mailutils-filter/deregister_tm_clones
started running deregister_tm_clones
finished deregister_tm_clones
removing targets
analyzing gcc-5__Ou__mailutils__mailutils-filter/register_tm_clones
started running register_tm_clones
finished register_tm_clones
removing targets
analyzing gcc-5__Ou__mailutils__mailutils-filter/frame_dummy
started running frame_dummy
finished frame_dummy
removing targets
analyzing gcc-5__Ou__mailutils__mailutils-filter/set_encode_mode
started running set_encode_mode
finished set_encode_mode
analyzing gcc-5__Ou__mailutils__mailutils-filter/set_decode_mode
started running set_decode_mode
finished set_decode_mode
analyzing gcc-5__Ou__mailutils__mailutils-filter/filter_printer
started running filter_printer
finished filter_printer
analyzing gcc-5__Ou__mailutils__mailutils-filter/list_filters
started running list_filters
finished list_filters
analyzing gcc-5__Ou__mailutils__mailutils-filter/negate_filter_mode
started running negate_filter_mode
finished negate_filter_mode
removing targets
analyzing gcc-5__Ou__mailutils__mailutils-filter/describe
started running describe
finished describe
analyzing gcc-5__Ou__mailutils__mailutils-filter/mu_action_getopt
started running mu_action_getopt
finished mu_action_getopt
