gcc-5__Ou__mailutils__mailutils-ldflags have 7 funcs
analyzing gcc-5__Ou__mailutils__mailutils-ldflags/deregister_tm_clones
started running deregister_tm_clones
finished deregister_tm_clones
removing targets
analyzing gcc-5__Ou__mailutils__mailutils-ldflags/register_tm_clones
started running register_tm_clones
finished register_tm_clones
removing targets
analyzing gcc-5__Ou__mailutils__mailutils-ldflags/frame_dummy
started running frame_dummy
finished frame_dummy
removing targets
analyzing gcc-5__Ou__mailutils__mailutils-ldflags/add_entry
started running add_entry
finished add_entry
removing targets
analyzing gcc-5__Ou__mailutils__mailutils-ldflags/sort_entries
started running sort_entries
finished sort_entries
removing targets
analyzing gcc-5__Ou__mailutils__mailutils-ldflags/describe
started running describe
finished describe
analyzing gcc-5__Ou__mailutils__mailutils-ldflags/mu_action_getopt
started running mu_action_getopt
finished mu_action_getopt
