gcc-5__Ou__mailutils__mailutils-send have 8 funcs
analyzing gcc-5__Ou__mailutils__mailutils-send/deregister_tm_clones
started running deregister_tm_clones
finished deregister_tm_clones
removing targets
analyzing gcc-5__Ou__mailutils__mailutils-send/register_tm_clones
started running register_tm_clones
finished register_tm_clones
removing targets
analyzing gcc-5__Ou__mailutils__mailutils-send/frame_dummy
started running frame_dummy
finished frame_dummy
removing targets
analyzing gcc-5__Ou__mailutils__mailutils-send/send_address_add
started running send_address_add
finished send_address_add
analyzing gcc-5__Ou__mailutils__mailutils-send/set_from_address
started running set_from_address
finished set_from_address
analyzing gcc-5__Ou__mailutils__mailutils-send/set_rcpt_address
started running set_rcpt_address
finished set_rcpt_address
analyzing gcc-5__Ou__mailutils__mailutils-send/describe
started running describe
finished describe
analyzing gcc-5__Ou__mailutils__mailutils-send/mu_action_getopt
started running mu_action_getopt
finished mu_action_getopt
