gcc-5__Ou__mailutils__mailutils-smtp have 64 funcs
analyzing gcc-5__Ou__mailutils__mailutils-smtp/deregister_tm_clones
started running deregister_tm_clones
finished deregister_tm_clones
removing targets
analyzing gcc-5__Ou__mailutils__mailutils-smtp/register_tm_clones
started running register_tm_clones
finished register_tm_clones
removing targets
analyzing gcc-5__Ou__mailutils__mailutils-smtp/frame_dummy
started running frame_dummy
finished frame_dummy
removing targets
analyzing gcc-5__Ou__mailutils__mailutils-smtp/mu_prstr
started running mu_prstr
finished mu_prstr
removing targets
analyzing gcc-5__Ou__mailutils__mailutils-smtp/smtp_session_str
started running smtp_session_str
finished smtp_session_str
removing targets
analyzing gcc-5__Ou__mailutils__mailutils-smtp/smtp_prompt_env
started running smtp_prompt_env
finished smtp_prompt_env
analyzing gcc-5__Ou__mailutils__mailutils-smtp/smtp_set_verbose
started running smtp_set_verbose
finished smtp_set_verbose
removing targets
analyzing gcc-5__Ou__mailutils__mailutils-smtp/smtp_set_verbose_mask
started running smtp_set_verbose_mask
finished smtp_set_verbose_mask
removing targets
analyzing gcc-5__Ou__mailutils__mailutils-smtp/com_verbose
started running com_verbose
finished com_verbose
analyzing gcc-5__Ou__mailutils__mailutils-smtp/smtp_error_handler
started running smtp_error_handler
finished smtp_error_handler
removing targets
analyzing gcc-5__Ou__mailutils__mailutils-smtp/com_disconnect
started running com_disconnect
finished com_disconnect
removing targets
analyzing gcc-5__Ou__mailutils__mailutils-smtp/com_connect
started running com_connect
finished com_connect
removing targets
analyzing gcc-5__Ou__mailutils__mailutils-smtp/com_capa
started running com_capa
finished com_capa
removing targets
analyzing gcc-5__Ou__mailutils__mailutils-smtp/com_ehlo
started running com_ehlo
finished com_ehlo
removing targets
analyzing gcc-5__Ou__mailutils__mailutils-smtp/com_rset
started running com_rset
finished com_rset
analyzing gcc-5__Ou__mailutils__mailutils-smtp/com_quit
started running com_quit
finished com_quit
removing targets
analyzing gcc-5__Ou__mailutils__mailutils-smtp/com_from
started running com_from
finished com_from
removing targets
analyzing gcc-5__Ou__mailutils__mailutils-smtp/send_rcpt_to
started running send_rcpt_to
finished send_rcpt_to
analyzing gcc-5__Ou__mailutils__mailutils-smtp/com_to
started running com_to
finished com_to
removing targets
analyzing gcc-5__Ou__mailutils__mailutils-smtp/edit
started running edit
finished edit
analyzing gcc-5__Ou__mailutils__mailutils-smtp/print_rcpt
started running print_rcpt
finished print_rcpt
removing targets
analyzing gcc-5__Ou__mailutils__mailutils-smtp/edit_file
started running edit_file
finished edit_file
removing targets
analyzing gcc-5__Ou__mailutils__mailutils-smtp/com_send
started running com_send
finished com_send
removing targets
analyzing gcc-5__Ou__mailutils__mailutils-smtp/com_starttls
started running com_starttls
finished com_starttls
analyzing gcc-5__Ou__mailutils__mailutils-smtp/com_auth
started running com_auth
finished com_auth
analyzing gcc-5__Ou__mailutils__mailutils-smtp/get_param
started running get_param
finished get_param
removing targets
analyzing gcc-5__Ou__mailutils__mailutils-smtp/com_set
started running com_set
finished com_set
removing targets
analyzing gcc-5__Ou__mailutils__mailutils-smtp/com_clear
started running com_clear
finished com_clear
removing targets
analyzing gcc-5__Ou__mailutils__mailutils-smtp/com_list_param
started running com_list_param
finished com_list_param
removing targets
analyzing gcc-5__Ou__mailutils__mailutils-smtp/com_smtp_command
started running com_smtp_command
finished com_smtp_command
analyzing gcc-5__Ou__mailutils__mailutils-smtp/describe
started running describe
finished describe
analyzing gcc-5__Ou__mailutils__mailutils-smtp/mu_action_getopt
started running mu_action_getopt
finished mu_action_getopt
analyzing gcc-5__Ou__mailutils__mailutils-smtp/mu_vgetans
started running mu_vgetans
finished mu_vgetans
analyzing gcc-5__Ou__mailutils__mailutils-smtp/mu_getans
started running mu_getans
finished mu_getans
removing targets
analyzing gcc-5__Ou__mailutils__mailutils-smtp/report_signals
started running report_signals
finished report_signals
removing targets
analyzing gcc-5__Ou__mailutils__mailutils-smtp/print_comtab
started running print_comtab
stopped exploration
finished print_comtab
removing targets
analyzing gcc-5__Ou__mailutils__mailutils-smtp/print_help
started running print_help
finished print_help
removing targets
analyzing gcc-5__Ou__mailutils__mailutils-smtp/list_commands
started running list_commands
finished list_commands
analyzing gcc-5__Ou__mailutils__mailutils-smtp/simple_find_command
started running simple_find_command
finished simple_find_command
removing targets
analyzing gcc-5__Ou__mailutils__mailutils-smtp/find_command
started running find_command
finished find_command
analyzing gcc-5__Ou__mailutils__mailutils-smtp/shell_help
started running shell_help
finished shell_help
removing targets
analyzing gcc-5__Ou__mailutils__mailutils-smtp/shell_prompt
started running shell_prompt
finished shell_prompt
analyzing gcc-5__Ou__mailutils__mailutils-smtp/mutool_open_pager
started running mutool_open_pager
finished mutool_open_pager
removing targets
analyzing gcc-5__Ou__mailutils__mailutils-smtp/get_history_file_name
started running get_history_file_name
finished get_history_file_name
removing targets
analyzing gcc-5__Ou__mailutils__mailutils-smtp/mutool_initialize_readline
started running mutool_initialize_readline
finished mutool_initialize_readline
analyzing gcc-5__Ou__mailutils__mailutils-smtp/finish_readline
started running finish_readline
finished finish_readline
analyzing gcc-5__Ou__mailutils__mailutils-smtp/shell_completion
started running shell_completion
finished shell_completion
removing targets
analyzing gcc-5__Ou__mailutils__mailutils-smtp/shell_command_generator
started running shell_command_generator
finished shell_command_generator
removing targets
analyzing gcc-5__Ou__mailutils__mailutils-smtp/pre_input
started running pre_input
finished pre_input
analyzing gcc-5__Ou__mailutils__mailutils-smtp/retrieve_history
started running retrieve_history
finished retrieve_history
analyzing gcc-5__Ou__mailutils__mailutils-smtp/shell_history
started running shell_history
finished shell_history
analyzing gcc-5__Ou__mailutils__mailutils-smtp/next_arg
started running next_arg
finished next_arg
analyzing gcc-5__Ou__mailutils__mailutils-smtp/execute_line
started running execute_line
finished execute_line
analyzing gcc-5__Ou__mailutils__mailutils-smtp/input_line_interactive
started running input_line_interactive
finished input_line_interactive
analyzing gcc-5__Ou__mailutils__mailutils-smtp/input_line_script
started running input_line_script
finished input_line_script
analyzing gcc-5__Ou__mailutils__mailutils-smtp/shell_exit
started running shell_exit
finished shell_exit
analyzing gcc-5__Ou__mailutils__mailutils-smtp/mutool_shell_prompt_assoc
started running mutool_shell_prompt_assoc
finished mutool_shell_prompt_assoc
removing targets
analyzing gcc-5__Ou__mailutils__mailutils-smtp/mutool_shell
started running mutool_shell
finished mutool_shell
analyzing gcc-5__Ou__mailutils__mailutils-smtp/port_from_sa
started running port_from_sa
finished port_from_sa
removing targets
analyzing gcc-5__Ou__mailutils__mailutils-smtp/string_to_xlev
started running string_to_xlev
finished string_to_xlev
analyzing gcc-5__Ou__mailutils__mailutils-smtp/change_verbose_mask
started running change_verbose_mask
finished change_verbose_mask
removing targets
analyzing gcc-5__Ou__mailutils__mailutils-smtp/shell_verbose
started running shell_verbose
finished shell_verbose
removing targets
analyzing gcc-5__Ou__mailutils__mailutils-smtp/get_bool
started running get_bool
finished get_bool
analyzing gcc-5__Ou__mailutils__mailutils-smtp/get_port
started running get_port
finished get_port
