gcc-5__Ou__mailutils__mailutils-wicket have 7 funcs
analyzing gcc-5__Ou__mailutils__mailutils-wicket/deregister_tm_clones
started running deregister_tm_clones
finished deregister_tm_clones
removing targets
analyzing gcc-5__Ou__mailutils__mailutils-wicket/register_tm_clones
started running register_tm_clones
finished register_tm_clones
removing targets
analyzing gcc-5__Ou__mailutils__mailutils-wicket/frame_dummy
started running frame_dummy
finished frame_dummy
removing targets
analyzing gcc-5__Ou__mailutils__mailutils-wicket/clear_wicket_verbose
started running clear_wicket_verbose
finished clear_wicket_verbose
analyzing gcc-5__Ou__mailutils__mailutils-wicket/wicket_match
started running wicket_match
finished wicket_match
removing targets
analyzing gcc-5__Ou__mailutils__mailutils-wicket/describe
started running describe
finished describe
analyzing gcc-5__Ou__mailutils__mailutils-wicket/mu_action_getopt
started running mu_action_getopt
finished mu_action_getopt
