gcc-5__Ou__mailutils__mimeview have 87 funcs
analyzing gcc-5__Ou__mailutils__mimeview/deregister_tm_clones
started running deregister_tm_clones
finished deregister_tm_clones
removing targets
analyzing gcc-5__Ou__mailutils__mimeview/register_tm_clones
started running register_tm_clones
finished register_tm_clones
removing targets
analyzing gcc-5__Ou__mailutils__mimeview/frame_dummy
started running frame_dummy
finished frame_dummy
removing targets
analyzing gcc-5__Ou__mailutils__mimeview/cli_no_ask
started running cli_no_ask
finished cli_no_ask
removing targets
analyzing gcc-5__Ou__mailutils__mimeview/cli_no_interactive
started running cli_no_interactive
finished cli_no_interactive
analyzing gcc-5__Ou__mailutils__mimeview/cli_debug
started running cli_debug
finished cli_debug
removing targets
analyzing gcc-5__Ou__mailutils__mimeview/cli_metamail
started running cli_metamail
finished cli_metamail
removing targets
analyzing gcc-5__Ou__mailutils__mimeview/open_file
started running open_file
finished open_file
analyzing gcc-5__Ou__mailutils__mimeview/close_file
started running close_file
finished close_file
analyzing gcc-5__Ou__mailutils__mimeview/display_file
started running display_file
finished display_file
removing targets
analyzing gcc-5__Ou__mailutils__mimeview/yyprint
started running yyprint
finished yyprint
removing targets
analyzing gcc-5__Ou__mailutils__mimeview/yy_symbol_value_print
started running yy_symbol_value_print
finished yy_symbol_value_print
removing targets
analyzing gcc-5__Ou__mailutils__mimeview/yy_symbol_print
started running yy_symbol_print
finished yy_symbol_print
removing targets
analyzing gcc-5__Ou__mailutils__mimeview/yy_stack_print
started running yy_stack_print
finished yy_stack_print
analyzing gcc-5__Ou__mailutils__mimeview/yy_reduce_print
started running yy_reduce_print
finished yy_reduce_print
analyzing gcc-5__Ou__mailutils__mimeview/yydestruct
started running yydestruct
finished yydestruct
removing targets
analyzing gcc-5__Ou__mailutils__mimeview/mimetypes_yyparse
started running mimetypes_yyparse
finished mimetypes_yyparse
removing targets
analyzing gcc-5__Ou__mailutils__mimeview/mimetypes_parse
started running mimetypes_parse
finished mimetypes_parse
analyzing gcc-5__Ou__mailutils__mimeview/make_node
started running make_node
finished make_node
analyzing gcc-5__Ou__mailutils__mimeview/make_binary_node
started running make_binary_node
finished make_binary_node
analyzing gcc-5__Ou__mailutils__mimeview/make_negation_node
started running make_negation_node
finished make_negation_node
analyzing gcc-5__Ou__mailutils__mimeview/make_suffix_node
started running make_suffix_node
finished make_suffix_node
analyzing gcc-5__Ou__mailutils__mimeview/b_match
started running b_match
finished b_match
analyzing gcc-5__Ou__mailutils__mimeview/b_ascii
started running b_ascii
finished b_ascii
analyzing gcc-5__Ou__mailutils__mimeview/b_printable
started running b_printable
finished b_printable
analyzing gcc-5__Ou__mailutils__mimeview/b_string
started running b_string
finished b_string
analyzing gcc-5__Ou__mailutils__mimeview/b_istring
started running b_istring
finished b_istring
analyzing gcc-5__Ou__mailutils__mimeview/compare_bytes
started running compare_bytes
finished compare_bytes
analyzing gcc-5__Ou__mailutils__mimeview/b_char
started running b_char
finished b_char
analyzing gcc-5__Ou__mailutils__mimeview/b_short
started running b_short
finished b_short
analyzing gcc-5__Ou__mailutils__mimeview/b_int
started running b_int
finished b_int
analyzing gcc-5__Ou__mailutils__mimeview/b_locale
started running b_locale
finished b_locale
analyzing gcc-5__Ou__mailutils__mimeview/b_contains
started running b_contains
finished b_contains
analyzing gcc-5__Ou__mailutils__mimeview/b_regex
started running b_regex
finished b_regex
analyzing gcc-5__Ou__mailutils__mimeview/make_functional_node
started running make_functional_node
finished make_functional_node
removing targets
analyzing gcc-5__Ou__mailutils__mimeview/check_suffix
started running check_suffix
finished check_suffix
analyzing gcc-5__Ou__mailutils__mimeview/mime_debug
started running mime_debug
finished mime_debug
removing targets
analyzing gcc-5__Ou__mailutils__mimeview/eval_rule
started running eval_rule
finished eval_rule
removing targets
analyzing gcc-5__Ou__mailutils__mimeview/evaluate
started running evaluate
finished evaluate
analyzing gcc-5__Ou__mailutils__mimeview/rule_cmp
started running rule_cmp
finished rule_cmp
removing targets
analyzing gcc-5__Ou__mailutils__mimeview/get_file_type
started running get_file_type
finished get_file_type
analyzing gcc-5__Ou__mailutils__mimeview/digit_to_number
started running digit_to_number
finished digit_to_number
removing targets
analyzing gcc-5__Ou__mailutils__mimeview/drop_string
started running drop_string
finished drop_string
analyzing gcc-5__Ou__mailutils__mimeview/finish_string
started running finish_string
finished finish_string
analyzing gcc-5__Ou__mailutils__mimeview/mimetypes_yylex
started running mimetypes_yylex
stopped exploration
finished mimetypes_yylex
removing targets
analyzing gcc-5__Ou__mailutils__mimeview/yy_get_next_buffer
started running yy_get_next_buffer
stopped exploration
finished yy_get_next_buffer
removing targets
analyzing gcc-5__Ou__mailutils__mimeview/yy_get_previous_state
started running yy_get_previous_state
finished yy_get_previous_state
removing targets
analyzing gcc-5__Ou__mailutils__mimeview/yy_try_NUL_trans
started running yy_try_NUL_trans
finished yy_try_NUL_trans
removing targets
analyzing gcc-5__Ou__mailutils__mimeview/yyunput
started running yyunput
finished yyunput
removing targets
analyzing gcc-5__Ou__mailutils__mimeview/input
started running input
finished input
removing targets
analyzing gcc-5__Ou__mailutils__mimeview/mimetypes_yyrestart
started running mimetypes_yyrestart
finished mimetypes_yyrestart
removing targets
analyzing gcc-5__Ou__mailutils__mimeview/mimetypes_yy_switch_to_buffer
started running mimetypes_yy_switch_to_buffer
finished mimetypes_yy_switch_to_buffer
analyzing gcc-5__Ou__mailutils__mimeview/mimetypes_yy_load_buffer_state
started running mimetypes_yy_load_buffer_state
finished mimetypes_yy_load_buffer_state
analyzing gcc-5__Ou__mailutils__mimeview/mimetypes_yy_create_buffer
started running mimetypes_yy_create_buffer
finished mimetypes_yy_create_buffer
analyzing gcc-5__Ou__mailutils__mimeview/mimetypes_yy_delete_buffer
started running mimetypes_yy_delete_buffer
finished mimetypes_yy_delete_buffer
removing targets
analyzing gcc-5__Ou__mailutils__mimeview/mimetypes_yy_init_buffer
started running mimetypes_yy_init_buffer
finished mimetypes_yy_init_buffer
analyzing gcc-5__Ou__mailutils__mimeview/mimetypes_yy_flush_buffer
started running mimetypes_yy_flush_buffer
finished mimetypes_yy_flush_buffer
removing targets
analyzing gcc-5__Ou__mailutils__mimeview/yypush_buffer_state
started running yypush_buffer_state
finished yypush_buffer_state
removing targets
analyzing gcc-5__Ou__mailutils__mimeview/yypop_buffer_state
started running yypop_buffer_state
finished yypop_buffer_state
removing targets
analyzing gcc-5__Ou__mailutils__mimeview/yyensure_buffer_stack
started running yyensure_buffer_stack
finished yyensure_buffer_stack
removing targets
analyzing gcc-5__Ou__mailutils__mimeview/yy_scan_buffer
started running yy_scan_buffer
finished yy_scan_buffer
removing targets
analyzing gcc-5__Ou__mailutils__mimeview/yy_scan_string
started running yy_scan_string
finished yy_scan_string
analyzing gcc-5__Ou__mailutils__mimeview/yy_scan_bytes
started running yy_scan_bytes
finished yy_scan_bytes
analyzing gcc-5__Ou__mailutils__mimeview/yy_fatal_error
started running yy_fatal_error
finished yy_fatal_error
analyzing gcc-5__Ou__mailutils__mimeview/yyget_lineno
started running yyget_lineno
finished yyget_lineno
analyzing gcc-5__Ou__mailutils__mimeview/yyget_in
started running yyget_in
finished yyget_in
analyzing gcc-5__Ou__mailutils__mimeview/yyget_out
started running yyget_out
finished yyget_out
analyzing gcc-5__Ou__mailutils__mimeview/yyget_leng
started running yyget_leng
finished yyget_leng
analyzing gcc-5__Ou__mailutils__mimeview/yyget_text
started running yyget_text
finished yyget_text
analyzing gcc-5__Ou__mailutils__mimeview/yyset_lineno
started running yyset_lineno
finished yyset_lineno
analyzing gcc-5__Ou__mailutils__mimeview/yyset_in
started running yyset_in
finished yyset_in
analyzing gcc-5__Ou__mailutils__mimeview/yyset_out
started running yyset_out
finished yyset_out
analyzing gcc-5__Ou__mailutils__mimeview/yyget_debug
started running yyget_debug
finished yyget_debug
analyzing gcc-5__Ou__mailutils__mimeview/yyset_debug
started running yyset_debug
finished yyset_debug
analyzing gcc-5__Ou__mailutils__mimeview/yy_init_globals
started running yy_init_globals
finished yy_init_globals
analyzing gcc-5__Ou__mailutils__mimeview/yylex_destroy
started running yylex_destroy
finished yylex_destroy
removing targets
analyzing gcc-5__Ou__mailutils__mimeview/mimetypes_yyalloc
started running mimetypes_yyalloc
finished mimetypes_yyalloc
analyzing gcc-5__Ou__mailutils__mimeview/mimetypes_yyrealloc
started running mimetypes_yyrealloc
finished mimetypes_yyrealloc
analyzing gcc-5__Ou__mailutils__mimeview/mimetypes_yyfree
started running mimetypes_yyfree
finished mimetypes_yyfree
analyzing gcc-5__Ou__mailutils__mimeview/mimetypes_open
started running mimetypes_open
finished mimetypes_open
analyzing gcc-5__Ou__mailutils__mimeview/mimetypes_close
started running mimetypes_close
finished mimetypes_close
analyzing gcc-5__Ou__mailutils__mimeview/mimetypes_yyerror
started running mimetypes_yyerror
finished mimetypes_yyerror
analyzing gcc-5__Ou__mailutils__mimeview/mimetypes_yywrap
started running mimetypes_yywrap
finished mimetypes_yywrap
analyzing gcc-5__Ou__mailutils__mimeview/mimetypes_string_dup
started running mimetypes_string_dup
finished mimetypes_string_dup
analyzing gcc-5__Ou__mailutils__mimeview/mimetypes_malloc
started running mimetypes_malloc
finished mimetypes_malloc
analyzing gcc-5__Ou__mailutils__mimeview/lex_next_rule
started running lex_next_rule
finished lex_next_rule
removing targets
analyzing gcc-5__Ou__mailutils__mimeview/stat
started running stat
finished stat
removing targets
