gcc-5__Ou__nettle__aesdata have 15 funcs
analyzing gcc-5__Ou__nettle__aesdata/deregister_tm_clones
started running deregister_tm_clones
finished deregister_tm_clones
removing targets
analyzing gcc-5__Ou__nettle__aesdata/register_tm_clones
started running register_tm_clones
finished register_tm_clones
removing targets
analyzing gcc-5__Ou__nettle__aesdata/frame_dummy
started running frame_dummy
finished frame_dummy
removing targets
analyzing gcc-5__Ou__nettle__aesdata/xtime
started running xtime
finished xtime
removing targets
analyzing gcc-5__Ou__nettle__aesdata/compute_log
started running compute_log
finished compute_log
analyzing gcc-5__Ou__nettle__aesdata/mult
started running mult
finished mult
removing targets
analyzing gcc-5__Ou__nettle__aesdata/invert
started running invert
finished invert
removing targets
analyzing gcc-5__Ou__nettle__aesdata/affine
started running affine
finished affine
analyzing gcc-5__Ou__nettle__aesdata/compute_sbox
started running compute_sbox
finished compute_sbox
removing targets
analyzing gcc-5__Ou__nettle__aesdata/compute_dtable
started running compute_dtable
finished compute_dtable
removing targets
analyzing gcc-5__Ou__nettle__aesdata/compute_itable
started running compute_itable
finished compute_itable
removing targets
analyzing gcc-5__Ou__nettle__aesdata/compute_mtable
started running compute_mtable
finished compute_mtable
removing targets
analyzing gcc-5__Ou__nettle__aesdata/display_byte_table
started running display_byte_table
finished display_byte_table
analyzing gcc-5__Ou__nettle__aesdata/display_table
started running display_table
finished display_table
analyzing gcc-5__Ou__nettle__aesdata/display_polynomial
started running display_polynomial
finished display_polynomial
