gcc-5__Ou__nettle__base64dec have 10 funcs
analyzing gcc-5__Ou__nettle__base64dec/deregister_tm_clones
started running deregister_tm_clones
finished deregister_tm_clones
removing targets
analyzing gcc-5__Ou__nettle__base64dec/register_tm_clones
started running register_tm_clones
finished register_tm_clones
removing targets
analyzing gcc-5__Ou__nettle__base64dec/frame_dummy
started running frame_dummy
finished frame_dummy
removing targets
analyzing gcc-5__Ou__nettle__base64dec/xalloc
started running xalloc
finished xalloc
analyzing gcc-5__Ou__nettle__base64dec/werror
started running werror
finished werror
removing targets
analyzing gcc-5__Ou__nettle__base64dec/read_file
started running read_file
finished read_file
analyzing gcc-5__Ou__nettle__base64dec/write_data
started running write_data
finished write_data
analyzing gcc-5__Ou__nettle__base64dec/write_file
started running write_file
finished write_file
analyzing gcc-5__Ou__nettle__base64dec/simple_random
started running simple_random
finished simple_random
removing targets
analyzing gcc-5__Ou__nettle__base64dec/hash_file
started running hash_file
finished hash_file
