gcc-5__Ou__nettle__nettle-hash have 9 funcs
analyzing gcc-5__Ou__nettle__nettle-hash/deregister_tm_clones
started running deregister_tm_clones
finished deregister_tm_clones
removing targets
analyzing gcc-5__Ou__nettle__nettle-hash/register_tm_clones
started running register_tm_clones
finished register_tm_clones
removing targets
analyzing gcc-5__Ou__nettle__nettle-hash/frame_dummy
started running frame_dummy
finished frame_dummy
removing targets
analyzing gcc-5__Ou__nettle__nettle-hash/list_algorithms
started running list_algorithms
finished list_algorithms
analyzing gcc-5__Ou__nettle__nettle-hash/hash_file
started running hash_file
finished hash_file
analyzing gcc-5__Ou__nettle__nettle-hash/digest_file
started running digest_file
finished digest_file
analyzing gcc-5__Ou__nettle__nettle-hash/die
started running die
finished die
removing targets
analyzing gcc-5__Ou__nettle__nettle-hash/werror
started running werror
finished werror
removing targets
analyzing gcc-5__Ou__nettle__nettle-hash/xalloc
started running xalloc
finished xalloc
