gcc-5__Ou__nettle__nettle-pbkdf2 have 6 funcs
analyzing gcc-5__Ou__nettle__nettle-pbkdf2/deregister_tm_clones
started running deregister_tm_clones
finished deregister_tm_clones
removing targets
analyzing gcc-5__Ou__nettle__nettle-pbkdf2/register_tm_clones
started running register_tm_clones
finished register_tm_clones
removing targets
analyzing gcc-5__Ou__nettle__nettle-pbkdf2/frame_dummy
started running frame_dummy
finished frame_dummy
removing targets
analyzing gcc-5__Ou__nettle__nettle-pbkdf2/die
started running die
finished die
removing targets
analyzing gcc-5__Ou__nettle__nettle-pbkdf2/werror
started running werror
finished werror
removing targets
analyzing gcc-5__Ou__nettle__nettle-pbkdf2/xalloc
started running xalloc
finished xalloc
