gcc-5__Ou__nettle__pkcs1-conv have 20 funcs
analyzing gcc-5__Ou__nettle__pkcs1-conv/deregister_tm_clones
started running deregister_tm_clones
finished deregister_tm_clones
removing targets
analyzing gcc-5__Ou__nettle__pkcs1-conv/register_tm_clones
started running register_tm_clones
finished register_tm_clones
removing targets
analyzing gcc-5__Ou__nettle__pkcs1-conv/frame_dummy
started running frame_dummy
finished frame_dummy
removing targets
analyzing gcc-5__Ou__nettle__pkcs1-conv/write_file
started running write_file
finished write_file
analyzing gcc-5__Ou__nettle__pkcs1-conv/read_line
started running read_line
finished read_line
removing targets
analyzing gcc-5__Ou__nettle__pkcs1-conv/read_file
started running read_file
finished read_file
removing targets
analyzing gcc-5__Ou__nettle__pkcs1-conv/match_pem_start
started running match_pem_start
finished match_pem_start
removing targets
analyzing gcc-5__Ou__nettle__pkcs1-conv/match_pem_end
started running match_pem_end
finished match_pem_end
removing targets
analyzing gcc-5__Ou__nettle__pkcs1-conv/read_pem
started running read_pem
finished read_pem
analyzing gcc-5__Ou__nettle__pkcs1-conv/base64_decode_in_place
started running base64_decode_in_place
finished base64_decode_in_place
analyzing gcc-5__Ou__nettle__pkcs1-conv/decode_base64
started running decode_base64
finished decode_base64
analyzing gcc-5__Ou__nettle__pkcs1-conv/convert_rsa_public_key
started running convert_rsa_public_key
finished convert_rsa_public_key
analyzing gcc-5__Ou__nettle__pkcs1-conv/convert_rsa_private_key
started running convert_rsa_private_key
finished convert_rsa_private_key
analyzing gcc-5__Ou__nettle__pkcs1-conv/convert_dsa_private_key
started running convert_dsa_private_key
finished convert_dsa_private_key
analyzing gcc-5__Ou__nettle__pkcs1-conv/convert_public_key
started running convert_public_key
finished convert_public_key
analyzing gcc-5__Ou__nettle__pkcs1-conv/convert_type
started running convert_type
finished convert_type
removing targets
analyzing gcc-5__Ou__nettle__pkcs1-conv/convert_file
started running convert_file
finished convert_file
removing targets
analyzing gcc-5__Ou__nettle__pkcs1-conv/die
started running die
finished die
removing targets
analyzing gcc-5__Ou__nettle__pkcs1-conv/werror
started running werror
finished werror
removing targets
analyzing gcc-5__Ou__nettle__pkcs1-conv/xalloc
started running xalloc
finished xalloc
