gcc-5__Ou__nettle__rsa-decrypt have 16 funcs
analyzing gcc-5__Ou__nettle__rsa-decrypt/deregister_tm_clones
started running deregister_tm_clones
finished deregister_tm_clones
removing targets
analyzing gcc-5__Ou__nettle__rsa-decrypt/register_tm_clones
started running register_tm_clones
finished register_tm_clones
removing targets
analyzing gcc-5__Ou__nettle__rsa-decrypt/frame_dummy
started running frame_dummy
finished frame_dummy
removing targets
analyzing gcc-5__Ou__nettle__rsa-decrypt/rsa_session_set_decrypt_key
started running rsa_session_set_decrypt_key
finished rsa_session_set_decrypt_key
analyzing gcc-5__Ou__nettle__rsa-decrypt/read_uint32
started running read_uint32
finished read_uint32
analyzing gcc-5__Ou__nettle__rsa-decrypt/read_version
started running read_version
finished read_version
analyzing gcc-5__Ou__nettle__rsa-decrypt/read_bignum
started running read_bignum
finished read_bignum
analyzing gcc-5__Ou__nettle__rsa-decrypt/process_file
started running process_file
finished process_file
analyzing gcc-5__Ou__nettle__rsa-decrypt/xalloc
started running xalloc
finished xalloc
analyzing gcc-5__Ou__nettle__rsa-decrypt/werror
started running werror
finished werror
removing targets
analyzing gcc-5__Ou__nettle__rsa-decrypt/read_file
started running read_file
finished read_file
analyzing gcc-5__Ou__nettle__rsa-decrypt/write_data
started running write_data
finished write_data
analyzing gcc-5__Ou__nettle__rsa-decrypt/write_file
started running write_file
finished write_file
analyzing gcc-5__Ou__nettle__rsa-decrypt/simple_random
started running simple_random
finished simple_random
removing targets
analyzing gcc-5__Ou__nettle__rsa-decrypt/hash_file
started running hash_file
finished hash_file
analyzing gcc-5__Ou__nettle__rsa-decrypt/read_rsa_key
started running read_rsa_key
finished read_rsa_key
