gcc-5__Ou__nettle__rsa-encrypt have 16 funcs
analyzing gcc-5__Ou__nettle__rsa-encrypt/deregister_tm_clones
started running deregister_tm_clones
finished deregister_tm_clones
removing targets
analyzing gcc-5__Ou__nettle__rsa-encrypt/register_tm_clones
started running register_tm_clones
finished register_tm_clones
removing targets
analyzing gcc-5__Ou__nettle__rsa-encrypt/frame_dummy
started running frame_dummy
finished frame_dummy
removing targets
analyzing gcc-5__Ou__nettle__rsa-encrypt/rsa_session_set_encrypt_key
started running rsa_session_set_encrypt_key
finished rsa_session_set_encrypt_key
analyzing gcc-5__Ou__nettle__rsa-encrypt/write_uint32
started running write_uint32
finished write_uint32
analyzing gcc-5__Ou__nettle__rsa-encrypt/write_version
started running write_version
finished write_version
analyzing gcc-5__Ou__nettle__rsa-encrypt/write_bignum
started running write_bignum
finished write_bignum
analyzing gcc-5__Ou__nettle__rsa-encrypt/process_file
started running process_file
finished process_file
analyzing gcc-5__Ou__nettle__rsa-encrypt/xalloc
started running xalloc
finished xalloc
analyzing gcc-5__Ou__nettle__rsa-encrypt/werror
started running werror
finished werror
removing targets
analyzing gcc-5__Ou__nettle__rsa-encrypt/read_file
started running read_file
finished read_file
analyzing gcc-5__Ou__nettle__rsa-encrypt/write_data
started running write_data
finished write_data
analyzing gcc-5__Ou__nettle__rsa-encrypt/write_file
started running write_file
finished write_file
analyzing gcc-5__Ou__nettle__rsa-encrypt/simple_random
started running simple_random
finished simple_random
removing targets
analyzing gcc-5__Ou__nettle__rsa-encrypt/hash_file
started running hash_file
finished hash_file
analyzing gcc-5__Ou__nettle__rsa-encrypt/read_rsa_key
started running read_rsa_key
finished read_rsa_key
