gcc-5__Ou__nettle__rsa-keygen have 12 funcs
analyzing gcc-5__Ou__nettle__rsa-keygen/deregister_tm_clones
started running deregister_tm_clones
finished deregister_tm_clones
removing targets
analyzing gcc-5__Ou__nettle__rsa-keygen/register_tm_clones
started running register_tm_clones
finished register_tm_clones
removing targets
analyzing gcc-5__Ou__nettle__rsa-keygen/frame_dummy
started running frame_dummy
finished frame_dummy
removing targets
analyzing gcc-5__Ou__nettle__rsa-keygen/progress
started running progress
finished progress
analyzing gcc-5__Ou__nettle__rsa-keygen/uint_arg
started running uint_arg
finished uint_arg
analyzing gcc-5__Ou__nettle__rsa-keygen/xalloc
started running xalloc
finished xalloc
analyzing gcc-5__Ou__nettle__rsa-keygen/werror
started running werror
finished werror
removing targets
analyzing gcc-5__Ou__nettle__rsa-keygen/read_file
started running read_file
finished read_file
analyzing gcc-5__Ou__nettle__rsa-keygen/write_data
started running write_data
finished write_data
analyzing gcc-5__Ou__nettle__rsa-keygen/write_file
started running write_file
finished write_file
analyzing gcc-5__Ou__nettle__rsa-keygen/simple_random
started running simple_random
finished simple_random
removing targets
analyzing gcc-5__Ou__nettle__rsa-keygen/hash_file
started running hash_file
finished hash_file
