gcc-5__Ou__octave__audioread.oct have 7 funcs
analyzing gcc-5__Ou__octave__audioread.oct/deregister_tm_clones
started running deregister_tm_clones
finished deregister_tm_clones
removing targets
analyzing gcc-5__Ou__octave__audioread.oct/register_tm_clones
started running register_tm_clones
finished register_tm_clones
removing targets
analyzing gcc-5__Ou__octave__audioread.oct/frame_dummy
started running frame_dummy
finished frame_dummy
removing targets
analyzing gcc-5__Ou__octave__audioread.oct/Gaudioread
started running Gaudioread
finished Gaudioread
analyzing gcc-5__Ou__octave__audioread.oct/Gaudiowrite
started running Gaudiowrite
finished Gaudiowrite
analyzing gcc-5__Ou__octave__audioread.oct/Gaudioinfo
started running Gaudioinfo
finished Gaudioinfo
analyzing gcc-5__Ou__octave__audioread.oct/Gaudioformats
started running Gaudioformats
finished Gaudioformats
