gcc-5__Ou__pexec__pexec have 146 funcs
analyzing gcc-5__Ou__pexec__pexec/format_int_realloc.isra.0.part.1
started running format_int_realloc.isra.0.part.1
stopped exploration
finished format_int_realloc.isra.0.part.1
analyzing gcc-5__Ou__pexec__pexec/linebuffer_concatenate.part.0
started running linebuffer_concatenate.part.0
stopped exploration
finished linebuffer_concatenate.part.0
analyzing gcc-5__Ou__pexec__pexec/deregister_tm_clones
started running deregister_tm_clones
finished deregister_tm_clones
removing targets
analyzing gcc-5__Ou__pexec__pexec/register_tm_clones
started running register_tm_clones
finished register_tm_clones
removing targets
analyzing gcc-5__Ou__pexec__pexec/frame_dummy
started running frame_dummy
finished frame_dummy
removing targets
analyzing gcc-5__Ou__pexec__pexec/sig_act_interrupt
started running sig_act_interrupt
finished sig_act_interrupt
removing targets
analyzing gcc-5__Ou__pexec__pexec/sig_act_child
started running sig_act_child
finished sig_act_child
removing targets
analyzing gcc-5__Ou__pexec__pexec/xmalloc.part.3
started running xmalloc.part.3
finished xmalloc.part.3
analyzing gcc-5__Ou__pexec__pexec/xrealloc
started running xrealloc
finished xrealloc
analyzing gcc-5__Ou__pexec__pexec/write_output.constprop.14
started running write_output.constprop.14
finished write_output.constprop.14
removing targets
analyzing gcc-5__Ou__pexec__pexec/log_message
started running log_message
finished log_message
removing targets
analyzing gcc-5__Ou__pexec__pexec/background
started running background
finished background
analyzing gcc-5__Ou__pexec__pexec/fdwait
started running fdwait
finished fdwait
analyzing gcc-5__Ou__pexec__pexec/env_export
started running env_export
finished env_export
removing targets
analyzing gcc-5__Ou__pexec__pexec/is_nasty_char
started running is_nasty_char
finished is_nasty_char
analyzing gcc-5__Ou__pexec__pexec/get_nasty_char_number
started running get_nasty_char_number
finished get_nasty_char_number
removing targets
analyzing gcc-5__Ou__pexec__pexec/concatenate_arguments
started running concatenate_arguments
stopped exploration
finished concatenate_arguments
removing targets
analyzing gcc-5__Ou__pexec__pexec/daemon_commandtoken_escape
started running daemon_commandtoken_escape
stopped exploration
finished daemon_commandtoken_escape
removing targets
analyzing gcc-5__Ou__pexec__pexec/daemon_commandtoken_escape_string
started running daemon_commandtoken_escape_string
stopped exploration
finished daemon_commandtoken_escape_string
removing targets
analyzing gcc-5__Ou__pexec__pexec/daemon_commandtoken_unescape
started running daemon_commandtoken_unescape
stopped exploration
finished daemon_commandtoken_unescape
removing targets
analyzing gcc-5__Ou__pexec__pexec/hprintf
started running hprintf
finished hprintf
removing targets
analyzing gcc-5__Ou__pexec__pexec/get_number_of_cpus_proccpuinfo
started running get_number_of_cpus_proccpuinfo
stopped exploration
finished get_number_of_cpus_proccpuinfo
analyzing gcc-5__Ou__pexec__pexec/get_number_of_cpus_sysconf
started running get_number_of_cpus_sysconf
finished get_number_of_cpus_sysconf
analyzing gcc-5__Ou__pexec__pexec/get_number_of_cpus
started running get_number_of_cpus
finished get_number_of_cpus
analyzing gcc-5__Ou__pexec__pexec/get_bit_size
started running get_bit_size
finished get_bit_size
removing targets
analyzing gcc-5__Ou__pexec__pexec/get_child_by_pid
started running get_child_by_pid
finished get_child_by_pid
removing targets
analyzing gcc-5__Ou__pexec__pexec/get_child_by_id
started running get_child_by_id
finished get_child_by_id
removing targets
analyzing gcc-5__Ou__pexec__pexec/get_imutex_by_name
started running get_imutex_by_name
finished get_imutex_by_name
removing targets
analyzing gcc-5__Ou__pexec__pexec/fd_avail
started running fd_avail
finished fd_avail
analyzing gcc-5__Ou__pexec__pexec/fileformat_replace
started running fileformat_replace
finished fileformat_replace
analyzing gcc-5__Ou__pexec__pexec/submit_task
started running submit_task
stopped exploration
finished submit_task
removing targets
analyzing gcc-5__Ou__pexec__pexec/send_task
started running send_task
stopped exploration
finished send_task
analyzing gcc-5__Ou__pexec__pexec/read_fd_block
started running read_fd_block
finished read_fd_block
removing targets
analyzing gcc-5__Ou__pexec__pexec/read_signalinfo
started running read_signalinfo
finished read_signalinfo
removing targets
analyzing gcc-5__Ou__pexec__pexec/write_out_line
started running write_out_line
finished write_out_line
analyzing gcc-5__Ou__pexec__pexec/write_output
started running write_output
finished write_output
removing targets
analyzing gcc-5__Ou__pexec__pexec/imutex_cleanup
started running imutex_cleanup
stopped exploration
finished imutex_cleanup
removing targets
analyzing gcc-5__Ou__pexec__pexec/imutex_lock_get_params
started running imutex_lock_get_params
finished imutex_lock_get_params
removing targets
analyzing gcc-5__Ou__pexec__pexec/imutex_unlock_get_params
started running imutex_unlock_get_params
finished imutex_unlock_get_params
removing targets
analyzing gcc-5__Ou__pexec__pexec/imutex_mutex_get_params
started running imutex_mutex_get_params
finished imutex_mutex_get_params
removing targets
analyzing gcc-5__Ou__pexec__pexec/remote_client_master_parse_command_tokens
started running remote_client_master_parse_command_tokens
finished remote_client_master_parse_command_tokens
removing targets
analyzing gcc-5__Ou__pexec__pexec/remote_client_master_parse_command
started running remote_client_master_parse_command
finished remote_client_master_parse_command
analyzing gcc-5__Ou__pexec__pexec/pexec_submit
started running pexec_submit
finished pexec_submit
analyzing gcc-5__Ou__pexec__pexec/pexec_get_free_remote_shell
started running pexec_get_free_remote_shell
finished pexec_get_free_remote_shell
removing targets
analyzing gcc-5__Ou__pexec__pexec/pexec_do_parallelized_execution
started running pexec_do_parallelized_execution
stopped exploration
finished pexec_do_parallelized_execution
analyzing gcc-5__Ou__pexec__pexec/remote_client_daemon_parse_command
started running remote_client_daemon_parse_command
finished remote_client_daemon_parse_command
analyzing gcc-5__Ou__pexec__pexec/dqueue_get_queue_by_id
started running dqueue_get_queue_by_id
finished dqueue_get_queue_by_id
removing targets
analyzing gcc-5__Ou__pexec__pexec/daemon_process_command
started running daemon_process_command
finished daemon_process_command
removing targets
analyzing gcc-5__Ou__pexec__pexec/daemon_send_data
started running daemon_send_data
finished daemon_send_data
removing targets
analyzing gcc-5__Ou__pexec__pexec/daemon_send_output
started running daemon_send_output
finished daemon_send_output
removing targets
analyzing gcc-5__Ou__pexec__pexec/daemon_send_error
started running daemon_send_error
finished daemon_send_error
removing targets
analyzing gcc-5__Ou__pexec__pexec/pexec_daemon_main_loop
started running pexec_daemon_main_loop
stopped exploration
finished pexec_daemon_main_loop
analyzing gcc-5__Ou__pexec__pexec/parse_host_data
started running parse_host_data
stopped exploration
finished parse_host_data
removing targets
analyzing gcc-5__Ou__pexec__pexec/remote_shell_init
started running remote_shell_init
finished remote_shell_init
removing targets
analyzing gcc-5__Ou__pexec__pexec/is_unix_socket_name
started running is_unix_socket_name
finished is_unix_socket_name
analyzing gcc-5__Ou__pexec__pexec/is_inet_socket_name
started running is_inet_socket_name
finished is_inet_socket_name
analyzing gcc-5__Ou__pexec__pexec/remote_control_port_bind
started running remote_control_port_bind
stopped exploration
finished remote_control_port_bind
removing targets
analyzing gcc-5__Ou__pexec__pexec/bind_variable_export
started running bind_variable_export
finished bind_variable_export
removing targets
analyzing gcc-5__Ou__pexec__pexec/remote_control_port_connect
started running remote_control_port_connect
finished remote_control_port_connect
removing targets
analyzing gcc-5__Ou__pexec__pexec/remote_status
started running remote_status
finished remote_status
analyzing gcc-5__Ou__pexec__pexec/remote_lock
started running remote_lock
finished remote_lock
analyzing gcc-5__Ou__pexec__pexec/remote_unlock
started running remote_unlock
finished remote_unlock
analyzing gcc-5__Ou__pexec__pexec/remote_copy
started running remote_copy
finished remote_copy
analyzing gcc-5__Ou__pexec__pexec/remote_atomic_execute
started running remote_atomic_execute
stopped exploration
finished remote_atomic_execute
analyzing gcc-5__Ou__pexec__pexec/remote_disconnect
started running remote_disconnect
finished remote_disconnect
analyzing gcc-5__Ou__pexec__pexec/pexec_hypervisor_check_load
started running pexec_hypervisor_check_load
finished pexec_hypervisor_check_load
removing targets
analyzing gcc-5__Ou__pexec__pexec/pexec_hypervisor_request_cleanup
started running pexec_hypervisor_request_cleanup
finished pexec_hypervisor_request_cleanup
removing targets
analyzing gcc-5__Ou__pexec__pexec/pexec_hypervisor_acknowledge_pending
started running pexec_hypervisor_acknowledge_pending
finished pexec_hypervisor_acknowledge_pending
removing targets
analyzing gcc-5__Ou__pexec__pexec/pexec_hypervisor_client_parse_command
started running pexec_hypervisor_client_parse_command
finished pexec_hypervisor_client_parse_command
analyzing gcc-5__Ou__pexec__pexec/pexec_hypervisor_main_loop
started running pexec_hypervisor_main_loop
finished pexec_hypervisor_main_loop
removing targets
analyzing gcc-5__Ou__pexec__pexec/pexec_hypervisor_stop
started running pexec_hypervisor_stop
finished pexec_hypervisor_stop
analyzing gcc-5__Ou__pexec__pexec/fprint_parameters
started running fprint_parameters
finished fprint_parameters
removing targets
analyzing gcc-5__Ou__pexec__pexec/fprint_pexec_long_help
started running fprint_pexec_long_help
finished fprint_pexec_long_help
analyzing gcc-5__Ou__pexec__pexec/fprint_pexec_usage
started running fprint_pexec_usage
finished fprint_pexec_usage
analyzing gcc-5__Ou__pexec__pexec/fprint_version
started running fprint_version
finished fprint_version
analyzing gcc-5__Ou__pexec__pexec/fprint_err_invarg0
started running fprint_err_invarg0
finished fprint_err_invarg0
analyzing gcc-5__Ou__pexec__pexec/fprint_err_invarg1
started running fprint_err_invarg1
finished fprint_err_invarg1
analyzing gcc-5__Ou__pexec__pexec/fprint_err_invarg2
started running fprint_err_invarg2
finished fprint_err_invarg2
analyzing gcc-5__Ou__pexec__pexec/remove_newlines_and_comments
started running remove_newlines_and_comments
finished remove_newlines_and_comments
removing targets
analyzing gcc-5__Ou__pexec__pexec/remove_spaces_and_comments
started running remove_spaces_and_comments
finished remove_spaces_and_comments
removing targets
analyzing gcc-5__Ou__pexec__pexec/remove_spaces
started running remove_spaces
finished remove_spaces
removing targets
analyzing gcc-5__Ou__pexec__pexec/remove_quotes
started running remove_quotes
finished remove_quotes
removing targets
analyzing gcc-5__Ou__pexec__pexec/char_is_space
started running char_is_space
finished char_is_space
removing targets
analyzing gcc-5__Ou__pexec__pexec/tokenize_spaces
started running tokenize_spaces
finished tokenize_spaces
removing targets
analyzing gcc-5__Ou__pexec__pexec/tokenize_spaces_dyn
started running tokenize_spaces_dyn
finished tokenize_spaces_dyn
analyzing gcc-5__Ou__pexec__pexec/tokenize_char
started running tokenize_char
finished tokenize_char
removing targets
analyzing gcc-5__Ou__pexec__pexec/tokenize_char_dyn_wwt
started running tokenize_char_dyn_wwt
finished tokenize_char_dyn_wwt
removing targets
analyzing gcc-5__Ou__pexec__pexec/tokenize_char_dyn
started running tokenize_char_dyn
finished tokenize_char_dyn
removing targets
analyzing gcc-5__Ou__pexec__pexec/freadline
started running freadline
finished freadline
analyzing gcc-5__Ou__pexec__pexec/freadline_bs
started running freadline_bs
finished freadline_bs
removing targets
analyzing gcc-5__Ou__pexec__pexec/fopenread
started running fopenread
finished fopenread
removing targets
analyzing gcc-5__Ou__pexec__pexec/fopenwrite
started running fopenwrite
finished fopenwrite
removing targets
analyzing gcc-5__Ou__pexec__pexec/fcloseread
started running fcloseread
finished fcloseread
analyzing gcc-5__Ou__pexec__pexec/fclosewrite
started running fclosewrite
finished fclosewrite
analyzing gcc-5__Ou__pexec__pexec/numhash_local_nextprev.isra.4
started running numhash_local_nextprev.isra.4
stopped exploration
finished numhash_local_nextprev.isra.4
removing targets
analyzing gcc-5__Ou__pexec__pexec/numhash_local_free.isra.5
started running numhash_local_free.isra.5
stopped exploration
finished numhash_local_free.isra.5
removing targets
analyzing gcc-5__Ou__pexec__pexec/numhash_local_walk.isra.0
started running numhash_local_walk.isra.0
stopped exploration
finished numhash_local_walk.isra.0
removing targets
analyzing gcc-5__Ou__pexec__pexec/numhash_local_walk_desc.isra.1
started running numhash_local_walk_desc.isra.1
stopped exploration
finished numhash_local_walk_desc.isra.1
removing targets
analyzing gcc-5__Ou__pexec__pexec/numhash_search
started running numhash_search
finished numhash_search
removing targets
analyzing gcc-5__Ou__pexec__pexec/numhash_init
started running numhash_init
finished numhash_init
analyzing gcc-5__Ou__pexec__pexec/numhash_add
started running numhash_add
finished numhash_add
removing targets
analyzing gcc-5__Ou__pexec__pexec/numhash_total
started running numhash_total
finished numhash_total
analyzing gcc-5__Ou__pexec__pexec/numhash_remove
started running numhash_remove
finished numhash_remove
removing targets
analyzing gcc-5__Ou__pexec__pexec/numhash_get_smallest_free
started running numhash_get_smallest_free
finished numhash_get_smallest_free
removing targets
analyzing gcc-5__Ou__pexec__pexec/numhash_get_largest_free
started running numhash_get_largest_free
stopped exploration
finished numhash_get_largest_free
removing targets
analyzing gcc-5__Ou__pexec__pexec/numhash_get_smallest_used
started running numhash_get_smallest_used
stopped exploration
finished numhash_get_smallest_used
removing targets
analyzing gcc-5__Ou__pexec__pexec/numhash_get_largest_used
started running numhash_get_largest_used
stopped exploration
finished numhash_get_largest_used
removing targets
analyzing gcc-5__Ou__pexec__pexec/numhash_walk
started running numhash_walk
finished numhash_walk
removing targets
analyzing gcc-5__Ou__pexec__pexec/numhash_walk_asc
started running numhash_walk_asc
finished numhash_walk_asc
removing targets
analyzing gcc-5__Ou__pexec__pexec/numhash_walk_desc
started running numhash_walk_desc
finished numhash_walk_desc
removing targets
analyzing gcc-5__Ou__pexec__pexec/numhash_walk_dir
started running numhash_walk_dir
finished numhash_walk_dir
removing targets
analyzing gcc-5__Ou__pexec__pexec/numhash_first
started running numhash_first
stopped exploration
finished numhash_first
removing targets
analyzing gcc-5__Ou__pexec__pexec/numhash_first_wdata
started running numhash_first_wdata
stopped exploration
finished numhash_first_wdata
removing targets
analyzing gcc-5__Ou__pexec__pexec/numhash_last
started running numhash_last
stopped exploration
finished numhash_last
removing targets
analyzing gcc-5__Ou__pexec__pexec/numhash_last_wdata
started running numhash_last_wdata
stopped exploration
finished numhash_last_wdata
removing targets
analyzing gcc-5__Ou__pexec__pexec/numhash_next_wdata
started running numhash_next_wdata
stopped exploration
finished numhash_next_wdata
removing targets
analyzing gcc-5__Ou__pexec__pexec/numhash_prev_wdata
started running numhash_prev_wdata
stopped exploration
finished numhash_prev_wdata
removing targets
analyzing gcc-5__Ou__pexec__pexec/numhash_next
started running numhash_next
stopped exploration
finished numhash_next
removing targets
analyzing gcc-5__Ou__pexec__pexec/numhash_prev
started running numhash_prev
stopped exploration
finished numhash_prev
removing targets
analyzing gcc-5__Ou__pexec__pexec/numhash_loop_start
started running numhash_loop_start
stopped exploration
finished numhash_loop_start
removing targets
analyzing gcc-5__Ou__pexec__pexec/numhash_loop_next
started running numhash_loop_next
stopped exploration
finished numhash_loop_next
removing targets
analyzing gcc-5__Ou__pexec__pexec/numhash_free
started running numhash_free
finished numhash_free
removing targets
analyzing gcc-5__Ou__pexec__pexec/fifo_init
started running fifo_init
finished fifo_init
analyzing gcc-5__Ou__pexec__pexec/fifo_free
started running fifo_free
finished fifo_free
removing targets
analyzing gcc-5__Ou__pexec__pexec/fifo_write
started running fifo_write
stopped exploration
finished fifo_write
removing targets
analyzing gcc-5__Ou__pexec__pexec/fifo_available
started running fifo_available
finished fifo_available
analyzing gcc-5__Ou__pexec__pexec/fifo_read
started running fifo_read
finished fifo_read
removing targets
analyzing gcc-5__Ou__pexec__pexec/fifo_skip
started running fifo_skip
finished fifo_skip
removing targets
analyzing gcc-5__Ou__pexec__pexec/fifo_peek
started running fifo_peek
finished fifo_peek
removing targets
analyzing gcc-5__Ou__pexec__pexec/fifo_flush
started running fifo_flush
finished fifo_flush
removing targets
analyzing gcc-5__Ou__pexec__pexec/format_get_parameters
started running format_get_parameters
stopped exploration
finished format_get_parameters
analyzing gcc-5__Ou__pexec__pexec/format_int_add_string
started running format_int_add_string
stopped exploration
finished format_int_add_string
analyzing gcc-5__Ou__pexec__pexec/format_check_if_formatted
started running format_check_if_formatted
finished format_check_if_formatted
removing targets
analyzing gcc-5__Ou__pexec__pexec/format_replace
started running format_replace
stopped exploration
finished format_replace
analyzing gcc-5__Ou__pexec__pexec/strkcpy
started running strkcpy
finished strkcpy
analyzing gcc-5__Ou__pexec__pexec/strappend
started running strappend
finished strappend
removing targets
analyzing gcc-5__Ou__pexec__pexec/vstrappendf
started running vstrappendf
finished vstrappendf
removing targets
analyzing gcc-5__Ou__pexec__pexec/strappendf
started running strappendf
finished strappendf
removing targets
analyzing gcc-5__Ou__pexec__pexec/longhelp_fprint_entry
started running longhelp_fprint_entry
finished longhelp_fprint_entry
analyzing gcc-5__Ou__pexec__pexec/longhelp_fprint
started running longhelp_fprint
finished longhelp_fprint
removing targets
analyzing gcc-5__Ou__pexec__pexec/linebuffer_reset
started running linebuffer_reset
finished linebuffer_reset
analyzing gcc-5__Ou__pexec__pexec/linebuffer_free
started running linebuffer_free
finished linebuffer_free
removing targets
analyzing gcc-5__Ou__pexec__pexec/linebuffer_concatenate
started running linebuffer_concatenate
stopped exploration
finished linebuffer_concatenate
removing targets
analyzing gcc-5__Ou__pexec__pexec/linebuffer_read_line
started running linebuffer_read_line
stopped exploration
finished linebuffer_read_line
removing targets
analyzing gcc-5__Ou__pexec__pexec/linebuffer_fetch
started running linebuffer_fetch
finished linebuffer_fetch
removing targets
analyzing gcc-5__Ou__pexec__pexec/linebuffer_flush
started running linebuffer_flush
finished linebuffer_flush
removing targets
