gcc-5__Ou__pies__piesctl have 586 funcs
analyzing gcc-5__Ou__pies__piesctl/deregister_tm_clones
started running deregister_tm_clones
finished deregister_tm_clones
removing targets
analyzing gcc-5__Ou__pies__piesctl/register_tm_clones
started running register_tm_clones
finished register_tm_clones
removing targets
analyzing gcc-5__Ou__pies__piesctl/frame_dummy
started running frame_dummy
finished frame_dummy
removing targets
analyzing gcc-5__Ou__pies__piesctl/parse_options
started running parse_options
stopped exploration
finished parse_options
removing targets
analyzing gcc-5__Ou__pies__piesctl/callback_instance
started running callback_instance
finished callback_instance
removing targets
analyzing gcc-5__Ou__pies__piesctl/parse_config
started running parse_config
finished parse_config
analyzing gcc-5__Ou__pies__piesctl/config_help
started running config_help
finished config_help
analyzing gcc-5__Ou__pies__piesctl/piesctl_diag
started running piesctl_diag
finished piesctl_diag
analyzing gcc-5__Ou__pies__piesctl/http_header_hash
started running http_header_hash
finished http_header_hash
analyzing gcc-5__Ou__pies__piesctl/http_header_compare
started running http_header_compare
finished http_header_compare
analyzing gcc-5__Ou__pies__piesctl/http_header_copy
started running http_header_copy
finished http_header_copy
analyzing gcc-5__Ou__pies__piesctl/http_header_free
started running http_header_free
finished http_header_free
analyzing gcc-5__Ou__pies__piesctl/shttp_io_init
started running shttp_io_init
finished shttp_io_init
analyzing gcc-5__Ou__pies__piesctl/shttp_io_header_put
started running shttp_io_header_put
finished shttp_io_header_put
removing targets
analyzing gcc-5__Ou__pies__piesctl/shttp_io_header_get
started running shttp_io_header_get
finished shttp_io_header_get
removing targets
analyzing gcc-5__Ou__pies__piesctl/shttp_io_free
started running shttp_io_free
finished shttp_io_free
analyzing gcc-5__Ou__pies__piesctl/shttp_connect
started running shttp_connect
finished shttp_connect
analyzing gcc-5__Ou__pies__piesctl/shttp_auth_free
started running shttp_auth_free
finished shttp_auth_free
removing targets
analyzing gcc-5__Ou__pies__piesctl/shttp_status_line_free
started running shttp_status_line_free
finished shttp_status_line_free
analyzing gcc-5__Ou__pies__piesctl/shttp_close
started running shttp_close
finished shttp_close
analyzing gcc-5__Ou__pies__piesctl/shttp_send_line
started running shttp_send_line
finished shttp_send_line
removing targets
analyzing gcc-5__Ou__pies__piesctl/shttp_read_line
started running shttp_read_line
finished shttp_read_line
analyzing gcc-5__Ou__pies__piesctl/send_header
started running send_header
finished send_header
analyzing gcc-5__Ou__pies__piesctl/shttp_request_send
started running shttp_request_send
finished shttp_request_send
analyzing gcc-5__Ou__pies__piesctl/shttp_save_header
started running shttp_save_header
finished shttp_save_header
removing targets
analyzing gcc-5__Ou__pies__piesctl/shttp_get_reply
started running shttp_get_reply
finished shttp_get_reply
analyzing gcc-5__Ou__pies__piesctl/fp_writer
started running fp_writer
finished fp_writer
analyzing gcc-5__Ou__pies__piesctl/print_json
started running print_json
finished print_json
analyzing gcc-5__Ou__pies__piesctl/shttp_format_result
started running shttp_format_result
finished shttp_format_result
analyzing gcc-5__Ou__pies__piesctl/shttp_print_error
started running shttp_print_error
finished shttp_print_error
removing targets
analyzing gcc-5__Ou__pies__piesctl/shttp_fatal
started running shttp_fatal
finished shttp_fatal
analyzing gcc-5__Ou__pies__piesctl/echo_off
started running echo_off
finished echo_off
analyzing gcc-5__Ou__pies__piesctl/echo_on
started running echo_on
finished echo_on
analyzing gcc-5__Ou__pies__piesctl/getans
started running getans
finished getans
removing targets
analyzing gcc-5__Ou__pies__piesctl/shttp_get_credentials
started running shttp_get_credentials
finished shttp_get_credentials
analyzing gcc-5__Ou__pies__piesctl/shttp_process
started running shttp_process
finished shttp_process
analyzing gcc-5__Ou__pies__piesctl/shttp_getval
started running shttp_getval
finished shttp_getval
analyzing gcc-5__Ou__pies__piesctl/kwtoc
started running kwtoc
finished kwtoc
removing targets
analyzing gcc-5__Ou__pies__piesctl/getval
started running getval
finished getval
analyzing gcc-5__Ou__pies__piesctl/print_comp
started running print_comp
finished print_comp
removing targets
analyzing gcc-5__Ou__pies__piesctl/next_token
started running next_token
finished next_token
removing targets
analyzing gcc-5__Ou__pies__piesctl/peek_token
started running peek_token
finished peek_token
removing targets
analyzing gcc-5__Ou__pies__piesctl/parse_error
started running parse_error
finished parse_error
removing targets
analyzing gcc-5__Ou__pies__piesctl/require_token
started running require_token
finished require_token
analyzing gcc-5__Ou__pies__piesctl/assert_eol
started running assert_eol
finished assert_eol
analyzing gcc-5__Ou__pies__piesctl/acc_writer
started running acc_writer
finished acc_writer
analyzing gcc-5__Ou__pies__piesctl/piesctl_format
started running piesctl_format
finished piesctl_format
analyzing gcc-5__Ou__pies__piesctl/json_encode_op
started running json_encode_op
finished json_encode_op
analyzing gcc-5__Ou__pies__piesctl/pcond_parse_unary
started running pcond_parse_unary
finished pcond_parse_unary
analyzing gcc-5__Ou__pies__piesctl/is_op
started running is_op
finished is_op
analyzing gcc-5__Ou__pies__piesctl/binop_append_optimized
started running binop_append_optimized
finished binop_append_optimized
analyzing gcc-5__Ou__pies__piesctl/pcond_parse_and
started running pcond_parse_and
finished pcond_parse_and
analyzing gcc-5__Ou__pies__piesctl/pcond_parse_or
started running pcond_parse_or
finished pcond_parse_or
analyzing gcc-5__Ou__pies__piesctl/parse_condition
started running parse_condition
finished parse_condition
removing targets
analyzing gcc-5__Ou__pies__piesctl/parse_condition_to_uri
started running parse_condition_to_uri
finished parse_condition_to_uri
removing targets
analyzing gcc-5__Ou__pies__piesctl/default_cond
started running default_cond
finished default_cond
analyzing gcc-5__Ou__pies__piesctl/com_list
started running com_list
finished com_list
analyzing gcc-5__Ou__pies__piesctl/json_object_get_type
started running json_object_get_type
finished json_object_get_type
analyzing gcc-5__Ou__pies__piesctl/json_object_require_type
started running json_object_require_type
finished json_object_require_type
analyzing gcc-5__Ou__pies__piesctl/shttp_print_response_status
started running shttp_print_response_status
finished shttp_print_response_status
removing targets
analyzing gcc-5__Ou__pies__piesctl/com_stop
started running com_stop
finished com_stop
analyzing gcc-5__Ou__pies__piesctl/com_start
started running com_start
finished com_start
analyzing gcc-5__Ou__pies__piesctl/com_restart
started running com_restart
finished com_restart
analyzing gcc-5__Ou__pies__piesctl/id_fmt_string
started running id_fmt_string
finished id_fmt_string
analyzing gcc-5__Ou__pies__piesctl/id_fmt_pid
started running id_fmt_pid
finished id_fmt_pid
analyzing gcc-5__Ou__pies__piesctl/id_fmt_argv
started running id_fmt_argv
finished id_fmt_argv
analyzing gcc-5__Ou__pies__piesctl/find_id_fmt
started running find_id_fmt
finished find_id_fmt
removing targets
analyzing gcc-5__Ou__pies__piesctl/com_id
started running com_id
finished com_id
removing targets
analyzing gcc-5__Ou__pies__piesctl/com_shutdown
started running com_shutdown
finished com_shutdown
analyzing gcc-5__Ou__pies__piesctl/com_reboot
started running com_reboot
finished com_reboot
analyzing gcc-5__Ou__pies__piesctl/telinit_format_runlevel
started running telinit_format_runlevel
finished telinit_format_runlevel
removing targets
analyzing gcc-5__Ou__pies__piesctl/telinit_parse_runlevel
started running telinit_parse_runlevel
finished telinit_parse_runlevel
analyzing gcc-5__Ou__pies__piesctl/telinit_format_environ
started running telinit_format_environ
finished telinit_format_environ
removing targets
analyzing gcc-5__Ou__pies__piesctl/telinit_format_modenv
started running telinit_format_modenv
finished telinit_format_modenv
analyzing gcc-5__Ou__pies__piesctl/telinit_list_environ
started running telinit_list_environ
finished telinit_list_environ
analyzing gcc-5__Ou__pies__piesctl/telinit_mod_environ
started running telinit_mod_environ
finished telinit_mod_environ
analyzing gcc-5__Ou__pies__piesctl/telinit_parse_environ
started running telinit_parse_environ
finished telinit_parse_environ
analyzing gcc-5__Ou__pies__piesctl/telinit_parse
started running telinit_parse
finished telinit_parse
analyzing gcc-5__Ou__pies__piesctl/com_telinit
started running com_telinit
finished com_telinit
analyzing gcc-5__Ou__pies__piesctl/locus_deserialize
started running locus_deserialize
finished locus_deserialize
analyzing gcc-5__Ou__pies__piesctl/conf_reload
started running conf_reload
stopped exploration
finished conf_reload
analyzing gcc-5__Ou__pies__piesctl/conf_file_list
started running conf_file_list
finished conf_file_list
analyzing gcc-5__Ou__pies__piesctl/conf_file_clear
started running conf_file_clear
finished conf_file_clear
analyzing gcc-5__Ou__pies__piesctl/conf_file_add
started running conf_file_add
finished conf_file_add
analyzing gcc-5__Ou__pies__piesctl/conf_file_del
started running conf_file_del
finished conf_file_del
analyzing gcc-5__Ou__pies__piesctl/conf_file
started running conf_file
finished conf_file
analyzing gcc-5__Ou__pies__piesctl/conf_parse
started running conf_parse
finished conf_parse
analyzing gcc-5__Ou__pies__piesctl/com_config
started running com_config
finished com_config
analyzing gcc-5__Ou__pies__piesctl/comtabend
started running comtabend
finished comtabend
removing targets
analyzing gcc-5__Ou__pies__piesctl/find_command
started running find_command
finished find_command
analyzing gcc-5__Ou__pies__piesctl/command_help
started running command_help
finished command_help
analyzing gcc-5__Ou__pies__piesctl/is_array_member
started running is_array_member
finished is_array_member
removing targets
analyzing gcc-5__Ou__pies__piesctl/array_index
started running array_index
finished array_index
removing targets
analyzing gcc-5__Ou__pies__piesctl/assert_grecs_value_type
started running assert_grecs_value_type
finished assert_grecs_value_type
removing targets
analyzing gcc-5__Ou__pies__piesctl/assert_scalar_stmt
started running assert_scalar_stmt
finished assert_scalar_stmt
removing targets
analyzing gcc-5__Ou__pies__piesctl/conf_callback_url
started running conf_callback_url
finished conf_callback_url
analyzing gcc-5__Ou__pies__piesctl/mkfilename
started running mkfilename
finished mkfilename
analyzing gcc-5__Ou__pies__piesctl/hostcmp
started running hostcmp
finished hostcmp
analyzing gcc-5__Ou__pies__piesctl/match_url
started running match_url
finished match_url
removing targets
analyzing gcc-5__Ou__pies__piesctl/parse_args
started running parse_args
finished parse_args
removing targets
analyzing gcc-5__Ou__pies__piesctl/netrc_scan_file
started running netrc_scan_file
finished netrc_scan_file
removing targets
analyzing gcc-5__Ou__pies__piesctl/netrc_scan
started running netrc_scan
finished netrc_scan
removing targets
analyzing gcc-5__Ou__pies__piesctl/pp_add_option
started running pp_add_option
finished pp_add_option
removing targets
analyzing gcc-5__Ou__pies__piesctl/pp_command_line
started running pp_command_line
finished pp_command_line
removing targets
analyzing gcc-5__Ou__pies__piesctl/split3
started running split3
finished split3
analyzing gcc-5__Ou__pies__piesctl/strsplit3
started running strsplit3
finished strsplit3
analyzing gcc-5__Ou__pies__piesctl/alloc_string_len
started running alloc_string_len
finished alloc_string_len
analyzing gcc-5__Ou__pies__piesctl/alloc_string
started running alloc_string
finished alloc_string
removing targets
analyzing gcc-5__Ou__pies__piesctl/url_parse_args
started running url_parse_args
finished url_parse_args
analyzing gcc-5__Ou__pies__piesctl/url_parse_path
started running url_parse_path
finished url_parse_path
analyzing gcc-5__Ou__pies__piesctl/url_parse_host
started running url_parse_host
finished url_parse_host
analyzing gcc-5__Ou__pies__piesctl/url_parse_user
started running url_parse_user
finished url_parse_user
removing targets
analyzing gcc-5__Ou__pies__piesctl/url_parse_scheme
started running url_parse_scheme
finished url_parse_scheme
removing targets
analyzing gcc-5__Ou__pies__piesctl/pies_url_free_user
started running pies_url_free_user
finished pies_url_free_user
removing targets
analyzing gcc-5__Ou__pies__piesctl/pies_url_free_passwd
started running pies_url_free_passwd
finished pies_url_free_passwd
removing targets
analyzing gcc-5__Ou__pies__piesctl/pies_url_destroy
started running pies_url_destroy
finished pies_url_destroy
removing targets
analyzing gcc-5__Ou__pies__piesctl/strasgn
started running strasgn
finished strasgn
removing targets
analyzing gcc-5__Ou__pies__piesctl/do_url_copy
started running do_url_copy
finished do_url_copy
analyzing gcc-5__Ou__pies__piesctl/pies_url_copy
started running pies_url_copy
finished pies_url_copy
analyzing gcc-5__Ou__pies__piesctl/pies_basic_url_create
started running pies_basic_url_create
finished pies_basic_url_create
analyzing gcc-5__Ou__pies__piesctl/pies_url_create
started running pies_url_create
finished pies_url_create
analyzing gcc-5__Ou__pies__piesctl/pies_url_get_arg
started running pies_url_get_arg
finished pies_url_get_arg
analyzing gcc-5__Ou__pies__piesctl/grecs_vasprintf
started running grecs_vasprintf
finished grecs_vasprintf
removing targets
analyzing gcc-5__Ou__pies__piesctl/grecs_asprintf
started running grecs_asprintf
finished grecs_asprintf
removing targets
analyzing gcc-5__Ou__pies__piesctl/default_print_diag
started running default_print_diag
finished default_print_diag
analyzing gcc-5__Ou__pies__piesctl/grecs_warning
started running grecs_warning
finished grecs_warning
removing targets
analyzing gcc-5__Ou__pies__piesctl/grecs_error
started running grecs_error
finished grecs_error
removing targets
analyzing gcc-5__Ou__pies__piesctl/grecs_asprint_locus
started running grecs_asprint_locus
finished grecs_asprint_locus
removing targets
analyzing gcc-5__Ou__pies__piesctl/grecs_data_type_string
started running grecs_data_type_string
finished grecs_data_type_string
removing targets
analyzing gcc-5__Ou__pies__piesctl/format_level
started running format_level
finished format_level
removing targets
analyzing gcc-5__Ou__pies__piesctl/grecs_print_docstring
started running grecs_print_docstring
stopped exploration
finished grecs_print_docstring
analyzing gcc-5__Ou__pies__piesctl/grecs_print_simple_statement
started running grecs_print_simple_statement
finished grecs_print_simple_statement
removing targets
analyzing gcc-5__Ou__pies__piesctl/grecs_print_block_statement
started running grecs_print_block_statement
finished grecs_print_block_statement
removing targets
analyzing gcc-5__Ou__pies__piesctl/grecs_print_statement_array
started running grecs_print_statement_array
finished grecs_print_statement_array
removing targets
analyzing gcc-5__Ou__pies__piesctl/grecs_format_locus
started running grecs_format_locus
finished grecs_format_locus
removing targets
analyzing gcc-5__Ou__pies__piesctl/grecs_format_node_path
started running grecs_format_node_path
finished grecs_format_node_path
removing targets
analyzing gcc-5__Ou__pies__piesctl/grecs_format_value
started running grecs_format_value
finished grecs_format_value
removing targets
analyzing gcc-5__Ou__pies__piesctl/grecs_format_node
started running grecs_format_node
finished grecs_format_node
removing targets
analyzing gcc-5__Ou__pies__piesctl/txtacc_fmt
started running txtacc_fmt
finished txtacc_fmt
analyzing gcc-5__Ou__pies__piesctl/grecs_txtacc_format_value
started running grecs_txtacc_format_value
finished grecs_txtacc_format_value
analyzing gcc-5__Ou__pies__piesctl/file_fmt
started running file_fmt
finished file_fmt
analyzing gcc-5__Ou__pies__piesctl/grecs_print_locus
started running grecs_print_locus
finished grecs_print_locus
analyzing gcc-5__Ou__pies__piesctl/grecs_print_node_path
started running grecs_print_node_path
finished grecs_print_node_path
analyzing gcc-5__Ou__pies__piesctl/grecs_print_value
started running grecs_print_value
finished grecs_print_value
analyzing gcc-5__Ou__pies__piesctl/grecs_print_node
started running grecs_print_node
finished grecs_print_node
analyzing gcc-5__Ou__pies__piesctl/grecs_value_eq
started running grecs_value_eq
finished grecs_value_eq
removing targets
analyzing gcc-5__Ou__pies__piesctl/grecs_value_match
started running grecs_value_match
finished grecs_value_match
removing targets
analyzing gcc-5__Ou__pies__piesctl/grecs_match_buf_create
started running grecs_match_buf_create
finished grecs_match_buf_create
analyzing gcc-5__Ou__pies__piesctl/grecs_match_buf_get_args
started running grecs_match_buf_get_args
finished grecs_match_buf_get_args
removing targets
analyzing gcc-5__Ou__pies__piesctl/grecs_match_buf_get_node
started running grecs_match_buf_get_node
finished grecs_match_buf_get_node
analyzing gcc-5__Ou__pies__piesctl/grecs_match_buf_get_root
started running grecs_match_buf_get_root
finished grecs_match_buf_get_root
analyzing gcc-5__Ou__pies__piesctl/grecs_match_buf_set_root
started running grecs_match_buf_set_root
finished grecs_match_buf_set_root
analyzing gcc-5__Ou__pies__piesctl/grecs_match_buf_free_contents
started running grecs_match_buf_free_contents
finished grecs_match_buf_free_contents
removing targets
analyzing gcc-5__Ou__pies__piesctl/grecs_match_buf_free
started running grecs_match_buf_free
finished grecs_match_buf_free
removing targets
analyzing gcc-5__Ou__pies__piesctl/parse_label
started running parse_label
finished parse_label
analyzing gcc-5__Ou__pies__piesctl/split_cfg_path
started running split_cfg_path
finished split_cfg_path
removing targets
analyzing gcc-5__Ou__pies__piesctl/grecs_node_exact_match
started running grecs_node_exact_match
finished grecs_node_exact_match
removing targets
analyzing gcc-5__Ou__pies__piesctl/grecs_find_node
started running grecs_find_node
finished grecs_find_node
analyzing gcc-5__Ou__pies__piesctl/fixup_loci
started running fixup_loci
finished fixup_loci
removing targets
analyzing gcc-5__Ou__pies__piesctl/grecs_node_from_path_locus
started running grecs_node_from_path_locus
stopped exploration
finished grecs_node_from_path_locus
analyzing gcc-5__Ou__pies__piesctl/grecs_node_from_path
started running grecs_node_from_path
finished grecs_node_from_path
analyzing gcc-5__Ou__pies__piesctl/is_root
started running is_root
finished is_root
removing targets
analyzing gcc-5__Ou__pies__piesctl/grecs_match
started running grecs_match
stopped exploration
finished grecs_match
removing targets
analyzing gcc-5__Ou__pies__piesctl/grecs_match_next
started running grecs_match_next
finished grecs_match_next
removing targets
analyzing gcc-5__Ou__pies__piesctl/grecs_match_buf_first
started running grecs_match_buf_first
finished grecs_match_buf_first
analyzing gcc-5__Ou__pies__piesctl/grecs_match_first
started running grecs_match_first
finished grecs_match_first
analyzing gcc-5__Ou__pies__piesctl/def_malloc_fun
started running def_malloc_fun
finished def_malloc_fun
analyzing gcc-5__Ou__pies__piesctl/def_realloc_fun
started running def_realloc_fun
finished def_realloc_fun
analyzing gcc-5__Ou__pies__piesctl/def_free_fun
started running def_free_fun
finished def_free_fun
analyzing gcc-5__Ou__pies__piesctl/grecs_free
started running grecs_free
finished grecs_free
analyzing gcc-5__Ou__pies__piesctl/grecs_malloc
started running grecs_malloc
finished grecs_malloc
analyzing gcc-5__Ou__pies__piesctl/grecs_zalloc
started running grecs_zalloc
finished grecs_zalloc
analyzing gcc-5__Ou__pies__piesctl/grecs_calloc
started running grecs_calloc
finished grecs_calloc
analyzing gcc-5__Ou__pies__piesctl/grecs_realloc
started running grecs_realloc
finished grecs_realloc
analyzing gcc-5__Ou__pies__piesctl/grecs_strdup
started running grecs_strdup
finished grecs_strdup
analyzing gcc-5__Ou__pies__piesctl/grecs_alloc_die
started running grecs_alloc_die
finished grecs_alloc_die
removing targets
analyzing gcc-5__Ou__pies__piesctl/indent
started running indent
finished indent
removing targets
analyzing gcc-5__Ou__pies__piesctl/print_option_descr
started running print_option_descr
finished print_option_descr
removing targets
analyzing gcc-5__Ou__pies__piesctl/optcmp
started running optcmp
finished optcmp
removing targets
analyzing gcc-5__Ou__pies__piesctl/sort_options
started running sort_options
finished sort_options
analyzing gcc-5__Ou__pies__piesctl/sort_group
started running sort_group
finished sort_group
removing targets
analyzing gcc-5__Ou__pies__piesctl/sort_opthelp
started running sort_opthelp
finished sort_opthelp
removing targets
analyzing gcc-5__Ou__pies__piesctl/grecs_print_help
started running grecs_print_help
stopped exploration
finished grecs_print_help
analyzing gcc-5__Ou__pies__piesctl/cmpidx_short
started running cmpidx_short
finished cmpidx_short
analyzing gcc-5__Ou__pies__piesctl/cmpidx_long
started running cmpidx_long
finished cmpidx_long
removing targets
analyzing gcc-5__Ou__pies__piesctl/grecs_print_usage
started running grecs_print_usage
stopped exploration
finished grecs_print_usage
analyzing gcc-5__Ou__pies__piesctl/grecs_print_version_only
started running grecs_print_version_only
finished grecs_print_version_only
analyzing gcc-5__Ou__pies__piesctl/grecs_print_version
started running grecs_print_version
finished grecs_print_version
analyzing gcc-5__Ou__pies__piesctl/grecs_gram_trace
started running grecs_gram_trace
finished grecs_gram_trace
removing targets
analyzing gcc-5__Ou__pies__piesctl/grecs_lex_trace
started running grecs_lex_trace
finished grecs_lex_trace
removing targets
analyzing gcc-5__Ou__pies__piesctl/grecs_parse
started running grecs_parse
finished grecs_parse
removing targets
analyzing gcc-5__Ou__pies__piesctl/grecs_getline
started running grecs_getline
finished grecs_getline
removing targets
analyzing gcc-5__Ou__pies__piesctl/putback
started running putback
finished putback
removing targets
analyzing gcc-5__Ou__pies__piesctl/pp_line_stmt
started running pp_line_stmt
finished pp_line_stmt
analyzing gcc-5__Ou__pies__piesctl/next_line
started running next_line
finished next_line
removing targets
analyzing gcc-5__Ou__pies__piesctl/grecs_preproc_fill_buffer
started running grecs_preproc_fill_buffer
stopped exploration
finished grecs_preproc_fill_buffer
removing targets
analyzing gcc-5__Ou__pies__piesctl/ctx_lookup
started running ctx_lookup
finished ctx_lookup
removing targets
analyzing gcc-5__Ou__pies__piesctl/grecs_include_path_count
started running grecs_include_path_count
finished grecs_include_path_count
removing targets
analyzing gcc-5__Ou__pies__piesctl/foreach_dir
started running foreach_dir
finished foreach_dir
removing targets
analyzing gcc-5__Ou__pies__piesctl/grecs_foreach_include_dir
started running grecs_foreach_include_dir
finished grecs_foreach_include_dir
removing targets
analyzing gcc-5__Ou__pies__piesctl/pp_list_find
started running pp_list_find
finished pp_list_find
removing targets
analyzing gcc-5__Ou__pies__piesctl/incl_free
started running incl_free
finished incl_free
analyzing gcc-5__Ou__pies__piesctl/grecs_include_path_clear
started running grecs_include_path_clear
finished grecs_include_path_clear
removing targets
analyzing gcc-5__Ou__pies__piesctl/grecs_include_path_setup_v
started running grecs_include_path_setup_v
finished grecs_include_path_setup_v
removing targets
analyzing gcc-5__Ou__pies__piesctl/grecs_include_path_setup
started running grecs_include_path_setup
finished grecs_include_path_setup
removing targets
analyzing gcc-5__Ou__pies__piesctl/grecs_preproc_add_include_dir
started running grecs_preproc_add_include_dir
finished grecs_preproc_add_include_dir
removing targets
analyzing gcc-5__Ou__pies__piesctl/incl_hasher
started running incl_hasher
finished incl_hasher
analyzing gcc-5__Ou__pies__piesctl/incl_compare
started running incl_compare
finished incl_compare
removing targets
analyzing gcc-5__Ou__pies__piesctl/incl_copy
started running incl_copy
finished incl_copy
analyzing gcc-5__Ou__pies__piesctl/source_lookup
started running source_lookup
finished source_lookup
removing targets
analyzing gcc-5__Ou__pies__piesctl/push_source
started running push_source
finished push_source
analyzing gcc-5__Ou__pies__piesctl/pop_source
started running pop_source
finished pop_source
removing targets
analyzing gcc-5__Ou__pies__piesctl/grecs_find_include_file
started running grecs_find_include_file
finished grecs_find_include_file
analyzing gcc-5__Ou__pies__piesctl/isglob
started running isglob
finished isglob
removing targets
analyzing gcc-5__Ou__pies__piesctl/parse_include
started running parse_include
finished parse_include
analyzing gcc-5__Ou__pies__piesctl/grecs_preproc_init
started running grecs_preproc_init
finished grecs_preproc_init
analyzing gcc-5__Ou__pies__piesctl/grecs_preproc_done
started running grecs_preproc_done
finished grecs_preproc_done
analyzing gcc-5__Ou__pies__piesctl/grecs_preproc_run
started running grecs_preproc_run
finished grecs_preproc_run
analyzing gcc-5__Ou__pies__piesctl/grecs_preproc_extrn_start
started running grecs_preproc_extrn_start
finished grecs_preproc_extrn_start
analyzing gcc-5__Ou__pies__piesctl/grecs_preproc_extrn_shutdown
started running grecs_preproc_extrn_shutdown
finished grecs_preproc_extrn_shutdown
analyzing gcc-5__Ou__pies__piesctl/syment_free
started running syment_free
finished syment_free
removing targets
analyzing gcc-5__Ou__pies__piesctl/syment_alloc
started running syment_alloc
finished syment_alloc
removing targets
analyzing gcc-5__Ou__pies__piesctl/grecs_hash_string
started running grecs_hash_string
finished grecs_hash_string
removing targets
analyzing gcc-5__Ou__pies__piesctl/grecs_hash_string_ci
started running grecs_hash_string_ci
finished grecs_hash_string_ci
removing targets
analyzing gcc-5__Ou__pies__piesctl/def_hash
started running def_hash
finished def_hash
analyzing gcc-5__Ou__pies__piesctl/def_cmp
started running def_cmp
finished def_cmp
analyzing gcc-5__Ou__pies__piesctl/def_copy
started running def_copy
finished def_copy
skipping def|free|fun
analyzing gcc-5__Ou__pies__piesctl/symtab_insert_pos
started running symtab_insert_pos
finished symtab_insert_pos
analyzing gcc-5__Ou__pies__piesctl/grecs_symtab_replace
started running grecs_symtab_replace
finished grecs_symtab_replace
analyzing gcc-5__Ou__pies__piesctl/symtab_rehash
started running symtab_rehash
finished symtab_rehash
removing targets
analyzing gcc-5__Ou__pies__piesctl/grecs_symtab_strerror
started running grecs_symtab_strerror
finished grecs_symtab_strerror
removing targets
analyzing gcc-5__Ou__pies__piesctl/grecs_symtab_remove
started running grecs_symtab_remove
finished grecs_symtab_remove
analyzing gcc-5__Ou__pies__piesctl/grecs_symtab_get_index
started running grecs_symtab_get_index
finished grecs_symtab_get_index
removing targets
analyzing gcc-5__Ou__pies__piesctl/grecs_symtab_lookup_or_install
started running grecs_symtab_lookup_or_install
finished grecs_symtab_lookup_or_install
analyzing gcc-5__Ou__pies__piesctl/grecs_symtab_clear
started running grecs_symtab_clear
finished grecs_symtab_clear
removing targets
analyzing gcc-5__Ou__pies__piesctl/grecs_symtab_create
started running grecs_symtab_create
finished grecs_symtab_create
analyzing gcc-5__Ou__pies__piesctl/grecs_symtab_create_default
started running grecs_symtab_create_default
finished grecs_symtab_create_default
analyzing gcc-5__Ou__pies__piesctl/grecs_symtab_free
started running grecs_symtab_free
finished grecs_symtab_free
removing targets
analyzing gcc-5__Ou__pies__piesctl/grecs_symtab_count_entries
started running grecs_symtab_count_entries
finished grecs_symtab_count_entries
removing targets
analyzing gcc-5__Ou__pies__piesctl/grecs_symtab_enumerate
started running grecs_symtab_enumerate
finished grecs_symtab_enumerate
removing targets
analyzing gcc-5__Ou__pies__piesctl/grecs_install_text
started running grecs_install_text
finished grecs_install_text
removing targets
analyzing gcc-5__Ou__pies__piesctl/grecs_destroy_text
started running grecs_destroy_text
finished grecs_destroy_text
analyzing gcc-5__Ou__pies__piesctl/grecs_text_table
started running grecs_text_table
finished grecs_text_table
analyzing gcc-5__Ou__pies__piesctl/grecs_value_free_content
started running grecs_value_free_content
finished grecs_value_free_content
removing targets
analyzing gcc-5__Ou__pies__piesctl/grecs_value_free
started running grecs_value_free
finished grecs_value_free
analyzing gcc-5__Ou__pies__piesctl/grecs_node_create
started running grecs_node_create
finished grecs_node_create
analyzing gcc-5__Ou__pies__piesctl/grecs_node_create_points
started running grecs_node_create_points
finished grecs_node_create_points
analyzing gcc-5__Ou__pies__piesctl/grecs_node_bind
started running grecs_node_bind
finished grecs_node_bind
removing targets
analyzing gcc-5__Ou__pies__piesctl/grecs_node_unlink
started running grecs_node_unlink
finished grecs_node_unlink
removing targets
analyzing gcc-5__Ou__pies__piesctl/listel_dispose
started running listel_dispose
finished listel_dispose
analyzing gcc-5__Ou__pies__piesctl/grecs_tree_recurse
started running grecs_tree_recurse
finished grecs_tree_recurse
analyzing gcc-5__Ou__pies__piesctl/grecs_node_free
started running grecs_node_free
finished grecs_node_free
removing targets
analyzing gcc-5__Ou__pies__piesctl/freeproc
started running freeproc
finished freeproc
removing targets
analyzing gcc-5__Ou__pies__piesctl/grecs_tree_free
started running grecs_tree_free
finished grecs_tree_free
removing targets
analyzing gcc-5__Ou__pies__piesctl/fake_callback
started running fake_callback
finished fake_callback
analyzing gcc-5__Ou__pies__piesctl/find_keyword
started running find_keyword
finished find_keyword
removing targets
analyzing gcc-5__Ou__pies__piesctl/target_ptr
started running target_ptr
finished target_ptr
removing targets
analyzing gcc-5__Ou__pies__piesctl/string_to_bool
started running string_to_bool
finished string_to_bool
analyzing gcc-5__Ou__pies__piesctl/string_to_host
started running string_to_host
finished string_to_host
analyzing gcc-5__Ou__pies__piesctl/grecs_string_convert
started running grecs_string_convert
finished grecs_string_convert
removing targets
analyzing gcc-5__Ou__pies__piesctl/string_cmp
started running string_cmp
finished string_cmp
analyzing gcc-5__Ou__pies__piesctl/short_cmp
started running short_cmp
finished short_cmp
analyzing gcc-5__Ou__pies__piesctl/int_cmp
started running int_cmp
finished int_cmp
analyzing gcc-5__Ou__pies__piesctl/long_cmp
started running long_cmp
finished long_cmp
analyzing gcc-5__Ou__pies__piesctl/size_t_cmp
started running size_t_cmp
finished size_t_cmp
analyzing gcc-5__Ou__pies__piesctl/time_t_cmp
started running time_t_cmp
finished time_t_cmp
analyzing gcc-5__Ou__pies__piesctl/in_addr_cmp
started running in_addr_cmp
finished in_addr_cmp
analyzing gcc-5__Ou__pies__piesctl/grecs_sockaddr_cmp
started running grecs_sockaddr_cmp
finished grecs_sockaddr_cmp
analyzing gcc-5__Ou__pies__piesctl/cidr_cmp
started running cidr_cmp
finished cidr_cmp
removing targets
analyzing gcc-5__Ou__pies__piesctl/grecs_process_ident
started running grecs_process_ident
finished grecs_process_ident
removing targets
analyzing gcc-5__Ou__pies__piesctl/stmt_begin
started running stmt_begin
finished stmt_begin
analyzing gcc-5__Ou__pies__piesctl/stmt_end
started running stmt_end
finished stmt_end
removing targets
analyzing gcc-5__Ou__pies__piesctl/nodeproc
started running nodeproc
finished nodeproc
removing targets
analyzing gcc-5__Ou__pies__piesctl/grecs_tree_process
started running grecs_tree_process
finished grecs_tree_process
analyzing gcc-5__Ou__pies__piesctl/grecs_node_eq
started running grecs_node_eq
finished grecs_node_eq
removing targets
analyzing gcc-5__Ou__pies__piesctl/free_value_entry
started running free_value_entry
finished free_value_entry
analyzing gcc-5__Ou__pies__piesctl/grecs_value_list_create
started running grecs_value_list_create
finished grecs_value_list_create
analyzing gcc-5__Ou__pies__piesctl/value_to_list
started running value_to_list
finished value_to_list
removing targets
analyzing gcc-5__Ou__pies__piesctl/value_to_array
started running value_to_array
finished value_to_array
removing targets
analyzing gcc-5__Ou__pies__piesctl/array_add
started running array_add
finished array_add
analyzing gcc-5__Ou__pies__piesctl/node_aggregate_stmt
started running node_aggregate_stmt
finished node_aggregate_stmt
removing targets
analyzing gcc-5__Ou__pies__piesctl/node_merge_stmt
started running node_merge_stmt
finished node_merge_stmt
removing targets
analyzing gcc-5__Ou__pies__piesctl/node_merge_block
started running node_merge_block
finished node_merge_block
removing targets
analyzing gcc-5__Ou__pies__piesctl/node_reduce
started running node_reduce
finished node_reduce
removing targets
analyzing gcc-5__Ou__pies__piesctl/reduceproc
started running reduceproc
finished reduceproc
removing targets
analyzing gcc-5__Ou__pies__piesctl/grecs_tree_reduce
started running grecs_tree_reduce
finished grecs_tree_reduce
analyzing gcc-5__Ou__pies__piesctl/grecs_tree_first_node
started running grecs_tree_first_node
finished grecs_tree_first_node
removing targets
analyzing gcc-5__Ou__pies__piesctl/grecs_next_node
started running grecs_next_node
finished grecs_next_node
removing targets
analyzing gcc-5__Ou__pies__piesctl/grecs_txtacc_alloc_entry
started running grecs_txtacc_alloc_entry
finished grecs_txtacc_alloc_entry
analyzing gcc-5__Ou__pies__piesctl/grecs_txtacc_cur_entry
started running grecs_txtacc_cur_entry
finished grecs_txtacc_cur_entry
analyzing gcc-5__Ou__pies__piesctl/grecs_txtacc_entry_append
started running grecs_txtacc_entry_append
finished grecs_txtacc_entry_append
analyzing gcc-5__Ou__pies__piesctl/grecs_txtacc_entry_tailor
started running grecs_txtacc_entry_tailor
finished grecs_txtacc_entry_tailor
removing targets
analyzing gcc-5__Ou__pies__piesctl/grecs_txtacc_entry_free
started running grecs_txtacc_entry_free
finished grecs_txtacc_entry_free
removing targets
analyzing gcc-5__Ou__pies__piesctl/grecs_txtacc_create
started running grecs_txtacc_create
finished grecs_txtacc_create
analyzing gcc-5__Ou__pies__piesctl/grecs_txtacc_free
started running grecs_txtacc_free
finished grecs_txtacc_free
removing targets
analyzing gcc-5__Ou__pies__piesctl/grecs_txtacc_grow
started running grecs_txtacc_grow
finished grecs_txtacc_grow
removing targets
analyzing gcc-5__Ou__pies__piesctl/grecs_txtacc_grow_string
started running grecs_txtacc_grow_string
finished grecs_txtacc_grow_string
analyzing gcc-5__Ou__pies__piesctl/grecs_txtacc_grow_string_escape
started running grecs_txtacc_grow_string_escape
finished grecs_txtacc_grow_string_escape
removing targets
analyzing gcc-5__Ou__pies__piesctl/grecs_txtacc_finish
started running grecs_txtacc_finish
finished grecs_txtacc_finish
analyzing gcc-5__Ou__pies__piesctl/grecs_txtacc_free_string
started running grecs_txtacc_free_string
finished grecs_txtacc_free_string
removing targets
analyzing gcc-5__Ou__pies__piesctl/grecs_txtacc_clear
started running grecs_txtacc_clear
finished grecs_txtacc_clear
analyzing gcc-5__Ou__pies__piesctl/wordsplit_init0
started running wordsplit_init0
finished wordsplit_init0
removing targets
analyzing gcc-5__Ou__pies__piesctl/wordsplit_init
started running wordsplit_init
stopped exploration
finished wordsplit_init
removing targets
analyzing gcc-5__Ou__pies__piesctl/alloc_space
started running alloc_space
finished alloc_space
removing targets
analyzing gcc-5__Ou__pies__piesctl/wsnode_flagstr
started running wsnode_flagstr
finished wsnode_flagstr
removing targets
analyzing gcc-5__Ou__pies__piesctl/wsnode_ptr
started running wsnode_ptr
finished wsnode_ptr
removing targets
analyzing gcc-5__Ou__pies__piesctl/wsnode_len
started running wsnode_len
finished wsnode_len
removing targets
analyzing gcc-5__Ou__pies__piesctl/wsnode_new
started running wsnode_new
finished wsnode_new
analyzing gcc-5__Ou__pies__piesctl/wsnode_free
started running wsnode_free
finished wsnode_free
removing targets
analyzing gcc-5__Ou__pies__piesctl/wsnode_append
started running wsnode_append
finished wsnode_append
removing targets
analyzing gcc-5__Ou__pies__piesctl/wsnode_remove
started running wsnode_remove
finished wsnode_remove
removing targets
analyzing gcc-5__Ou__pies__piesctl/wsnode_insert
started running wsnode_insert
finished wsnode_insert
removing targets
analyzing gcc-5__Ou__pies__piesctl/wordsplit_add_segm
started running wordsplit_add_segm
finished wordsplit_add_segm
removing targets
analyzing gcc-5__Ou__pies__piesctl/wordsplit_free_nodes
started running wordsplit_free_nodes
finished wordsplit_free_nodes
removing targets
analyzing gcc-5__Ou__pies__piesctl/wordsplit_dump_nodes
started running wordsplit_dump_nodes
finished wordsplit_dump_nodes
removing targets
analyzing gcc-5__Ou__pies__piesctl/coalesce_segment
started running coalesce_segment
finished coalesce_segment
removing targets
analyzing gcc-5__Ou__pies__piesctl/wsnode_quoteremoval
started running wsnode_quoteremoval
finished wsnode_quoteremoval
removing targets
analyzing gcc-5__Ou__pies__piesctl/wsnode_coalesce
started running wsnode_coalesce
finished wsnode_coalesce
removing targets
analyzing gcc-5__Ou__pies__piesctl/wordsplit_finish
started running wordsplit_finish
finished wordsplit_finish
removing targets
analyzing gcc-5__Ou__pies__piesctl/node_split_prefix
started running node_split_prefix
finished node_split_prefix
removing targets
analyzing gcc-5__Ou__pies__piesctl/find_closing_paren
started running find_closing_paren
finished find_closing_paren
removing targets
analyzing gcc-5__Ou__pies__piesctl/wordsplit_find_env
started running wordsplit_find_env
finished wordsplit_find_env
removing targets
analyzing gcc-5__Ou__pies__piesctl/wsplt_assign_var
started running wsplt_assign_var
finished wsplt_assign_var
removing targets
analyzing gcc-5__Ou__pies__piesctl/expvar
started running expvar
stopped exploration
finished expvar
removing targets
analyzing gcc-5__Ou__pies__piesctl/begin_var_p
started running begin_var_p
finished begin_var_p
removing targets
analyzing gcc-5__Ou__pies__piesctl/node_expand
started running node_expand
finished node_expand
analyzing gcc-5__Ou__pies__piesctl/wsnode_nullelim
started running wsnode_nullelim
finished wsnode_nullelim
removing targets
analyzing gcc-5__Ou__pies__piesctl/wordsplit_varexp
started running wordsplit_varexp
finished wordsplit_varexp
removing targets
analyzing gcc-5__Ou__pies__piesctl/begin_cmd_p
started running begin_cmd_p
finished begin_cmd_p
analyzing gcc-5__Ou__pies__piesctl/expcmd
started running expcmd
finished expcmd
analyzing gcc-5__Ou__pies__piesctl/wordsplit_cmdexp
started running wordsplit_cmdexp
finished wordsplit_cmdexp
removing targets
analyzing gcc-5__Ou__pies__piesctl/wordsplit_trimws
started running wordsplit_trimws
stopped exploration
finished wordsplit_trimws
removing targets
analyzing gcc-5__Ou__pies__piesctl/wordsplit_tildexpand
started running wordsplit_tildexpand
stopped exploration
finished wordsplit_tildexpand
removing targets
skipping isglob
analyzing gcc-5__Ou__pies__piesctl/wordsplit_pathexpand
started running wordsplit_pathexpand
stopped exploration
finished wordsplit_pathexpand
removing targets
analyzing gcc-5__Ou__pies__piesctl/skip_sed_expr
started running skip_sed_expr
finished skip_sed_expr
removing targets
analyzing gcc-5__Ou__pies__piesctl/skip_delim
started running skip_delim
finished skip_delim
removing targets
analyzing gcc-5__Ou__pies__piesctl/scan_qstring
started running scan_qstring
finished scan_qstring
removing targets
analyzing gcc-5__Ou__pies__piesctl/scan_word
started running scan_word
stopped exploration
finished scan_word
removing targets
analyzing gcc-5__Ou__pies__piesctl/xtonum
started running xtonum
finished xtonum
removing targets
analyzing gcc-5__Ou__pies__piesctl/wordsplit_c_quoted_length
started running wordsplit_c_quoted_length
stopped exploration
finished wordsplit_c_quoted_length
removing targets
analyzing gcc-5__Ou__pies__piesctl/wsplt_unquote_char
started running wsplt_unquote_char
finished wsplt_unquote_char
removing targets
analyzing gcc-5__Ou__pies__piesctl/wsplt_quote_char
started running wsplt_quote_char
finished wsplt_quote_char
removing targets
analyzing gcc-5__Ou__pies__piesctl/wordsplit_c_unquote_char
started running wordsplit_c_unquote_char
finished wordsplit_c_unquote_char
analyzing gcc-5__Ou__pies__piesctl/wordsplit_c_quote_char
started running wordsplit_c_quote_char
finished wordsplit_c_quote_char
analyzing gcc-5__Ou__pies__piesctl/wordsplit_string_unquote_copy
started running wordsplit_string_unquote_copy
stopped exploration
finished wordsplit_string_unquote_copy
removing targets
analyzing gcc-5__Ou__pies__piesctl/wordsplit_c_quote_copy
started running wordsplit_c_quote_copy
finished wordsplit_c_quote_copy
removing targets
analyzing gcc-5__Ou__pies__piesctl/wordsplit_process_list
started running wordsplit_process_list
finished wordsplit_process_list
removing targets
analyzing gcc-5__Ou__pies__piesctl/wordsplit_run
started running wordsplit_run
finished wordsplit_run
removing targets
analyzing gcc-5__Ou__pies__piesctl/wordsplit_len
started running wordsplit_len
finished wordsplit_len
analyzing gcc-5__Ou__pies__piesctl/wordsplit
started running wordsplit
finished wordsplit
removing targets
analyzing gcc-5__Ou__pies__piesctl/wordsplit_free_words
started running wordsplit_free_words
finished wordsplit_free_words
removing targets
analyzing gcc-5__Ou__pies__piesctl/wordsplit_free_envbuf
started running wordsplit_free_envbuf
finished wordsplit_free_envbuf
removing targets
analyzing gcc-5__Ou__pies__piesctl/wordsplit_clearerr
started running wordsplit_clearerr
finished wordsplit_clearerr
removing targets
analyzing gcc-5__Ou__pies__piesctl/wordsplit_free
started running wordsplit_free
finished wordsplit_free
analyzing gcc-5__Ou__pies__piesctl/wordsplit_getwords
started running wordsplit_getwords
finished wordsplit_getwords
analyzing gcc-5__Ou__pies__piesctl/wordsplit_strerror
started running wordsplit_strerror
finished wordsplit_strerror
removing targets
analyzing gcc-5__Ou__pies__piesctl/wordsplit_perror
started running wordsplit_perror
finished wordsplit_perror
removing targets
analyzing gcc-5__Ou__pies__piesctl/pairfree
started running pairfree
finished pairfree
analyzing gcc-5__Ou__pies__piesctl/objfree
started running objfree
finished objfree
analyzing gcc-5__Ou__pies__piesctl/grecs_json__symbol_value_print
started running grecs_json__symbol_value_print
finished grecs_json__symbol_value_print
analyzing gcc-5__Ou__pies__piesctl/grecs_json__symbol_print
started running grecs_json__symbol_print
finished grecs_json__symbol_print
removing targets
analyzing gcc-5__Ou__pies__piesctl/grecs_json__stack_print
started running grecs_json__stack_print
finished grecs_json__stack_print
analyzing gcc-5__Ou__pies__piesctl/grecs_json__reduce_print
started running grecs_json__reduce_print
finished grecs_json__reduce_print
analyzing gcc-5__Ou__pies__piesctl/grecs_json_tnamerr
started running grecs_json_tnamerr
finished grecs_json_tnamerr
removing targets
analyzing gcc-5__Ou__pies__piesctl/grecs_json_syntax_error
started running grecs_json_syntax_error
finished grecs_json_syntax_error
analyzing gcc-5__Ou__pies__piesctl/grecs_json_destruct
started running grecs_json_destruct
finished grecs_json_destruct
removing targets
analyzing gcc-5__Ou__pies__piesctl/grecs_json_parse
started running grecs_json_parse
finished grecs_json_parse
removing targets
analyzing gcc-5__Ou__pies__piesctl/grecs_json_error
started running grecs_json_error
finished grecs_json_error
analyzing gcc-5__Ou__pies__piesctl/json_value_create
started running json_value_create
finished json_value_create
analyzing gcc-5__Ou__pies__piesctl/json_value_free
started running json_value_free
finished json_value_free
removing targets
analyzing gcc-5__Ou__pies__piesctl/json_st_hash
started running json_st_hash
finished json_st_hash
analyzing gcc-5__Ou__pies__piesctl/json_st_cmp
started running json_st_cmp
finished json_st_cmp
analyzing gcc-5__Ou__pies__piesctl/json_st_copy
started running json_st_copy
finished json_st_copy
analyzing gcc-5__Ou__pies__piesctl/json_st_free
started running json_st_free
finished json_st_free
analyzing gcc-5__Ou__pies__piesctl/json_assoc_create
started running json_assoc_create
finished json_assoc_create
analyzing gcc-5__Ou__pies__piesctl/json_parse_string
started running json_parse_string
finished json_parse_string
analyzing gcc-5__Ou__pies__piesctl/json_value_lookup
started running json_value_lookup
stopped exploration
finished json_value_lookup
removing targets
analyzing gcc-5__Ou__pies__piesctl/json_new_string
started running json_new_string
finished json_new_string
analyzing gcc-5__Ou__pies__piesctl/json_new_number
started running json_new_number
finished json_new_number
analyzing gcc-5__Ou__pies__piesctl/json_new_bool
started running json_new_bool
finished json_new_bool
analyzing gcc-5__Ou__pies__piesctl/json_new_null
started running json_new_null
finished json_new_null
analyzing gcc-5__Ou__pies__piesctl/json_new_object
started running json_new_object
finished json_new_object
analyzing gcc-5__Ou__pies__piesctl/json_object_set
started running json_object_set
finished json_object_set
removing targets
analyzing gcc-5__Ou__pies__piesctl/json_object_get
started running json_object_get
finished json_object_get
removing targets
analyzing gcc-5__Ou__pies__piesctl/json_new_array
started running json_new_array
finished json_new_array
analyzing gcc-5__Ou__pies__piesctl/json_array_size
started running json_array_size
finished json_array_size
removing targets
analyzing gcc-5__Ou__pies__piesctl/json_array_flatten
started running json_array_flatten
finished json_array_flatten
analyzing gcc-5__Ou__pies__piesctl/json_array_insert
started running json_array_insert
finished json_array_insert
removing targets
analyzing gcc-5__Ou__pies__piesctl/json_array_append
started running json_array_append
finished json_array_append
removing targets
analyzing gcc-5__Ou__pies__piesctl/json_array_set
started running json_array_set
finished json_array_set
removing targets
analyzing gcc-5__Ou__pies__piesctl/json_array_get
started running json_array_get
finished json_array_get
removing targets
analyzing gcc-5__Ou__pies__piesctl/jsonlex_setup
started running jsonlex_setup
finished jsonlex_setup
analyzing gcc-5__Ou__pies__piesctl/jsonlex_diag
started running jsonlex_diag
finished jsonlex_diag
removing targets
analyzing gcc-5__Ou__pies__piesctl/utf8_wctomb
started running utf8_wctomb
finished utf8_wctomb
analyzing gcc-5__Ou__pies__piesctl/json_unescape
started running json_unescape
finished json_unescape
removing targets
analyzing gcc-5__Ou__pies__piesctl/grecs_json_wrap
started running grecs_json_wrap
finished grecs_json_wrap
analyzing gcc-5__Ou__pies__piesctl/json_line_begin
started running json_line_begin
finished json_line_begin
removing targets
analyzing gcc-5__Ou__pies__piesctl/json_line_finish
started running json_line_finish
finished json_line_finish
removing targets
analyzing gcc-5__Ou__pies__piesctl/json_line_grow
started running json_line_grow
finished json_line_grow
analyzing gcc-5__Ou__pies__piesctl/grecs_json_lex
started running grecs_json_lex
stopped exploration
finished grecs_json_lex
removing targets
analyzing gcc-5__Ou__pies__piesctl/grecs_json__get_next_buffer
started running grecs_json__get_next_buffer
finished grecs_json__get_next_buffer
removing targets
analyzing gcc-5__Ou__pies__piesctl/grecs_json__get_previous_state
started running grecs_json__get_previous_state
finished grecs_json__get_previous_state
removing targets
analyzing gcc-5__Ou__pies__piesctl/grecs_json__try_NUL_trans
started running grecs_json__try_NUL_trans
finished grecs_json__try_NUL_trans
removing targets
analyzing gcc-5__Ou__pies__piesctl/grecs_json_restart
started running grecs_json_restart
finished grecs_json_restart
removing targets
analyzing gcc-5__Ou__pies__piesctl/grecs_json__switch_to_buffer
started running grecs_json__switch_to_buffer
finished grecs_json__switch_to_buffer
analyzing gcc-5__Ou__pies__piesctl/grecs_json__load_buffer_state
started running grecs_json__load_buffer_state
finished grecs_json__load_buffer_state
analyzing gcc-5__Ou__pies__piesctl/grecs_json__create_buffer
started running grecs_json__create_buffer
finished grecs_json__create_buffer
analyzing gcc-5__Ou__pies__piesctl/grecs_json__delete_buffer
started running grecs_json__delete_buffer
finished grecs_json__delete_buffer
removing targets
analyzing gcc-5__Ou__pies__piesctl/grecs_json__init_buffer
started running grecs_json__init_buffer
finished grecs_json__init_buffer
analyzing gcc-5__Ou__pies__piesctl/grecs_json__flush_buffer
started running grecs_json__flush_buffer
finished grecs_json__flush_buffer
removing targets
analyzing gcc-5__Ou__pies__piesctl/grecs_json_push_buffer_state
started running grecs_json_push_buffer_state
finished grecs_json_push_buffer_state
removing targets
analyzing gcc-5__Ou__pies__piesctl/grecs_json_pop_buffer_state
started running grecs_json_pop_buffer_state
finished grecs_json_pop_buffer_state
removing targets
analyzing gcc-5__Ou__pies__piesctl/grecs_json_ensure_buffer_stack
started running grecs_json_ensure_buffer_stack
finished grecs_json_ensure_buffer_stack
removing targets
analyzing gcc-5__Ou__pies__piesctl/grecs_json__scan_buffer
started running grecs_json__scan_buffer
finished grecs_json__scan_buffer
removing targets
analyzing gcc-5__Ou__pies__piesctl/grecs_json__scan_string
started running grecs_json__scan_string
finished grecs_json__scan_string
analyzing gcc-5__Ou__pies__piesctl/grecs_json__scan_bytes
started running grecs_json__scan_bytes
finished grecs_json__scan_bytes
analyzing gcc-5__Ou__pies__piesctl/grecs_json__fatal_error
started running grecs_json__fatal_error
finished grecs_json__fatal_error
analyzing gcc-5__Ou__pies__piesctl/grecs_json_get_lineno
started running grecs_json_get_lineno
finished grecs_json_get_lineno
analyzing gcc-5__Ou__pies__piesctl/grecs_json_get_in
started running grecs_json_get_in
finished grecs_json_get_in
analyzing gcc-5__Ou__pies__piesctl/grecs_json_get_out
started running grecs_json_get_out
finished grecs_json_get_out
analyzing gcc-5__Ou__pies__piesctl/grecs_json_get_leng
started running grecs_json_get_leng
finished grecs_json_get_leng
analyzing gcc-5__Ou__pies__piesctl/grecs_json_get_text
started running grecs_json_get_text
finished grecs_json_get_text
analyzing gcc-5__Ou__pies__piesctl/grecs_json_set_lineno
started running grecs_json_set_lineno
finished grecs_json_set_lineno
analyzing gcc-5__Ou__pies__piesctl/grecs_json_set_in
started running grecs_json_set_in
finished grecs_json_set_in
analyzing gcc-5__Ou__pies__piesctl/grecs_json_set_out
started running grecs_json_set_out
finished grecs_json_set_out
analyzing gcc-5__Ou__pies__piesctl/grecs_json_get_debug
started running grecs_json_get_debug
finished grecs_json_get_debug
analyzing gcc-5__Ou__pies__piesctl/grecs_json_set_debug
started running grecs_json_set_debug
finished grecs_json_set_debug
analyzing gcc-5__Ou__pies__piesctl/grecs_json__init_globals
started running grecs_json__init_globals
finished grecs_json__init_globals
analyzing gcc-5__Ou__pies__piesctl/grecs_json_lex_destroy
started running grecs_json_lex_destroy
finished grecs_json_lex_destroy
removing targets
analyzing gcc-5__Ou__pies__piesctl/grecs_json_alloc
started running grecs_json_alloc
finished grecs_json_alloc
analyzing gcc-5__Ou__pies__piesctl/grecs_json_realloc
started running grecs_json_realloc
finished grecs_json_realloc
analyzing gcc-5__Ou__pies__piesctl/grecs_json_free
started running grecs_json_free
finished grecs_json_free
analyzing gcc-5__Ou__pies__piesctl/json_writez
started running json_writez
finished json_writez
analyzing gcc-5__Ou__pies__piesctl/json_writec
started running json_writec
finished json_writec
analyzing gcc-5__Ou__pies__piesctl/json_indent
started running json_indent
finished json_indent
removing targets
analyzing gcc-5__Ou__pies__piesctl/json_format_delim
started running json_format_delim
finished json_format_delim
analyzing gcc-5__Ou__pies__piesctl/escape
started running escape
finished escape
removing targets
analyzing gcc-5__Ou__pies__piesctl/json_format_string
started running json_format_string
finished json_format_string
analyzing gcc-5__Ou__pies__piesctl/json_format_number
started running json_format_number
finished json_format_number
removing targets
analyzing gcc-5__Ou__pies__piesctl/collect_keypairs
started running collect_keypairs
finished collect_keypairs
analyzing gcc-5__Ou__pies__piesctl/keypair_cmp_name
started running keypair_cmp_name
finished keypair_cmp_name
analyzing gcc-5__Ou__pies__piesctl/json_format_obj
started running json_format_obj
finished json_format_obj
analyzing gcc-5__Ou__pies__piesctl/json_format_array
started running json_format_array
finished json_format_array
analyzing gcc-5__Ou__pies__piesctl/json_formatter
started running json_formatter
finished json_formatter
removing targets
analyzing gcc-5__Ou__pies__piesctl/json_format_value
started running json_format_value
finished json_format_value
analyzing gcc-5__Ou__pies__piesctl/grecs_sockaddr_new
started running grecs_sockaddr_new
finished grecs_sockaddr_new
analyzing gcc-5__Ou__pies__piesctl/grecs_sockaddr_free
started running grecs_sockaddr_free
finished grecs_sockaddr_free
removing targets
analyzing gcc-5__Ou__pies__piesctl/parse_unix
started running parse_unix
finished parse_unix
analyzing gcc-5__Ou__pies__piesctl/parse_inet
started running parse_inet
finished parse_inet
analyzing gcc-5__Ou__pies__piesctl/parse_inet4
started running parse_inet4
finished parse_inet4
analyzing gcc-5__Ou__pies__piesctl/parse_inet6
started running parse_inet6
finished parse_inet6
analyzing gcc-5__Ou__pies__piesctl/grecs_str_to_sockaddr
started running grecs_str_to_sockaddr
finished grecs_str_to_sockaddr
removing targets
analyzing gcc-5__Ou__pies__piesctl/uint32_to_bytes
started running uint32_to_bytes
finished uint32_to_bytes
removing targets
analyzing gcc-5__Ou__pies__piesctl/grecs_inaddr_to_bytes
started running grecs_inaddr_to_bytes
finished grecs_inaddr_to_bytes
removing targets
analyzing gcc-5__Ou__pies__piesctl/grecs_sockaddr_to_bytes
started running grecs_sockaddr_to_bytes
finished grecs_sockaddr_to_bytes
removing targets
analyzing gcc-5__Ou__pies__piesctl/grecs_sockaddr_to_cidr
started running grecs_sockaddr_to_cidr
finished grecs_sockaddr_to_cidr
analyzing gcc-5__Ou__pies__piesctl/masklen_to_netmask
started running masklen_to_netmask
finished masklen_to_netmask
removing targets
analyzing gcc-5__Ou__pies__piesctl/grecs_str_to_cidr
started running grecs_str_to_cidr
finished grecs_str_to_cidr
analyzing gcc-5__Ou__pies__piesctl/grecs_cidr_match
started running grecs_cidr_match
finished grecs_cidr_match
removing targets
analyzing gcc-5__Ou__pies__piesctl/grecs_sockadd_cidr_match
started running grecs_sockadd_cidr_match
finished grecs_sockadd_cidr_match
analyzing gcc-5__Ou__pies__piesctl/grecs_grecs__symbol_value_print
started running grecs_grecs__symbol_value_print
finished grecs_grecs__symbol_value_print
analyzing gcc-5__Ou__pies__piesctl/grecs_grecs__symbol_print
started running grecs_grecs__symbol_print
finished grecs_grecs__symbol_print
removing targets
analyzing gcc-5__Ou__pies__piesctl/grecs_grecs__stack_print
started running grecs_grecs__stack_print
finished grecs_grecs__stack_print
analyzing gcc-5__Ou__pies__piesctl/grecs_grecs__reduce_print
started running grecs_grecs__reduce_print
finished grecs_grecs__reduce_print
analyzing gcc-5__Ou__pies__piesctl/grecs_grecs_tnamerr
started running grecs_grecs_tnamerr
finished grecs_grecs_tnamerr
removing targets
analyzing gcc-5__Ou__pies__piesctl/grecs_grecs_syntax_error
started running grecs_grecs_syntax_error
finished grecs_grecs_syntax_error
analyzing gcc-5__Ou__pies__piesctl/grecs_grecs_destruct
started running grecs_grecs_destruct
finished grecs_grecs_destruct
removing targets
analyzing gcc-5__Ou__pies__piesctl/grecs_grecs_parse
started running grecs_grecs_parse
finished grecs_grecs_parse
removing targets
analyzing gcc-5__Ou__pies__piesctl/grecs_grecs_error
started running grecs_grecs_error
finished grecs_grecs_error
analyzing gcc-5__Ou__pies__piesctl/grecs_grecs_parser
started running grecs_grecs_parser
finished grecs_grecs_parser
analyzing gcc-5__Ou__pies__piesctl/grecs_grecs_lex
started running grecs_grecs_lex
stopped exploration
finished grecs_grecs_lex
removing targets
analyzing gcc-5__Ou__pies__piesctl/grecs_grecs__get_next_buffer
started running grecs_grecs__get_next_buffer
finished grecs_grecs__get_next_buffer
removing targets
analyzing gcc-5__Ou__pies__piesctl/grecs_grecs__get_previous_state
started running grecs_grecs__get_previous_state
finished grecs_grecs__get_previous_state
removing targets
analyzing gcc-5__Ou__pies__piesctl/grecs_grecs__try_NUL_trans
started running grecs_grecs__try_NUL_trans
finished grecs_grecs__try_NUL_trans
removing targets
analyzing gcc-5__Ou__pies__piesctl/grecs_grecs_restart
started running grecs_grecs_restart
finished grecs_grecs_restart
removing targets
analyzing gcc-5__Ou__pies__piesctl/grecs_grecs__switch_to_buffer
started running grecs_grecs__switch_to_buffer
finished grecs_grecs__switch_to_buffer
analyzing gcc-5__Ou__pies__piesctl/grecs_grecs__load_buffer_state
started running grecs_grecs__load_buffer_state
finished grecs_grecs__load_buffer_state
analyzing gcc-5__Ou__pies__piesctl/grecs_grecs__create_buffer
started running grecs_grecs__create_buffer
finished grecs_grecs__create_buffer
analyzing gcc-5__Ou__pies__piesctl/grecs_grecs__delete_buffer
started running grecs_grecs__delete_buffer
finished grecs_grecs__delete_buffer
removing targets
analyzing gcc-5__Ou__pies__piesctl/grecs_grecs__init_buffer
started running grecs_grecs__init_buffer
finished grecs_grecs__init_buffer
analyzing gcc-5__Ou__pies__piesctl/grecs_grecs__flush_buffer
started running grecs_grecs__flush_buffer
finished grecs_grecs__flush_buffer
removing targets
analyzing gcc-5__Ou__pies__piesctl/grecs_grecs_push_buffer_state
started running grecs_grecs_push_buffer_state
finished grecs_grecs_push_buffer_state
removing targets
analyzing gcc-5__Ou__pies__piesctl/grecs_grecs_pop_buffer_state
started running grecs_grecs_pop_buffer_state
finished grecs_grecs_pop_buffer_state
removing targets
analyzing gcc-5__Ou__pies__piesctl/grecs_grecs_ensure_buffer_stack
started running grecs_grecs_ensure_buffer_stack
finished grecs_grecs_ensure_buffer_stack
removing targets
analyzing gcc-5__Ou__pies__piesctl/grecs_grecs__scan_buffer
started running grecs_grecs__scan_buffer
finished grecs_grecs__scan_buffer
removing targets
analyzing gcc-5__Ou__pies__piesctl/grecs_grecs__scan_string
started running grecs_grecs__scan_string
finished grecs_grecs__scan_string
analyzing gcc-5__Ou__pies__piesctl/grecs_grecs__scan_bytes
started running grecs_grecs__scan_bytes
finished grecs_grecs__scan_bytes
analyzing gcc-5__Ou__pies__piesctl/grecs_grecs__fatal_error
started running grecs_grecs__fatal_error
finished grecs_grecs__fatal_error
analyzing gcc-5__Ou__pies__piesctl/grecs_grecs_get_lineno
started running grecs_grecs_get_lineno
finished grecs_grecs_get_lineno
analyzing gcc-5__Ou__pies__piesctl/grecs_grecs_get_in
started running grecs_grecs_get_in
finished grecs_grecs_get_in
analyzing gcc-5__Ou__pies__piesctl/grecs_grecs_get_out
started running grecs_grecs_get_out
finished grecs_grecs_get_out
analyzing gcc-5__Ou__pies__piesctl/grecs_grecs_get_leng
started running grecs_grecs_get_leng
finished grecs_grecs_get_leng
analyzing gcc-5__Ou__pies__piesctl/grecs_grecs_get_text
started running grecs_grecs_get_text
finished grecs_grecs_get_text
analyzing gcc-5__Ou__pies__piesctl/grecs_grecs_set_lineno
started running grecs_grecs_set_lineno
finished grecs_grecs_set_lineno
analyzing gcc-5__Ou__pies__piesctl/grecs_grecs_set_in
started running grecs_grecs_set_in
finished grecs_grecs_set_in
analyzing gcc-5__Ou__pies__piesctl/grecs_grecs_set_out
started running grecs_grecs_set_out
finished grecs_grecs_set_out
analyzing gcc-5__Ou__pies__piesctl/grecs_grecs_get_debug
started running grecs_grecs_get_debug
finished grecs_grecs_get_debug
analyzing gcc-5__Ou__pies__piesctl/grecs_grecs_set_debug
started running grecs_grecs_set_debug
finished grecs_grecs_set_debug
analyzing gcc-5__Ou__pies__piesctl/grecs_grecs__init_globals
started running grecs_grecs__init_globals
finished grecs_grecs__init_globals
analyzing gcc-5__Ou__pies__piesctl/grecs_grecs_lex_destroy
started running grecs_grecs_lex_destroy
finished grecs_grecs_lex_destroy
removing targets
analyzing gcc-5__Ou__pies__piesctl/grecs_grecs_alloc
started running grecs_grecs_alloc
finished grecs_grecs_alloc
analyzing gcc-5__Ou__pies__piesctl/grecs_grecs_realloc
started running grecs_grecs_realloc
finished grecs_grecs_realloc
analyzing gcc-5__Ou__pies__piesctl/grecs_grecs_free
started running grecs_grecs_free
finished grecs_grecs_free
analyzing gcc-5__Ou__pies__piesctl/grecs_grecs_wrap
started running grecs_grecs_wrap
finished grecs_grecs_wrap
removing targets
analyzing gcc-5__Ou__pies__piesctl/grecs_lex_begin
started running grecs_lex_begin
finished grecs_lex_begin
analyzing gcc-5__Ou__pies__piesctl/grecs_lex_end
started running grecs_lex_end
finished grecs_lex_end
analyzing gcc-5__Ou__pies__piesctl/isemptystr
started running isemptystr
finished isemptystr
removing targets
analyzing gcc-5__Ou__pies__piesctl/multiline_strip_tabs
started running multiline_strip_tabs
finished multiline_strip_tabs
removing targets
analyzing gcc-5__Ou__pies__piesctl/multiline_add
started running multiline_add
finished multiline_add
removing targets
analyzing gcc-5__Ou__pies__piesctl/is_tab
started running is_tab
finished is_tab
analyzing gcc-5__Ou__pies__piesctl/is_ws
started running is_ws
finished is_ws
removing targets
analyzing gcc-5__Ou__pies__piesctl/multiline_begin
started running multiline_begin
finished multiline_begin
removing targets
analyzing gcc-5__Ou__pies__piesctl/ident
started running ident
finished ident
removing targets
analyzing gcc-5__Ou__pies__piesctl/qstring_locus_fixup
started running qstring_locus_fixup
finished qstring_locus_fixup
removing targets
analyzing gcc-5__Ou__pies__piesctl/grecs_value_ptr_from_static
started running grecs_value_ptr_from_static
finished grecs_value_ptr_from_static
analyzing gcc-5__Ou__pies__piesctl/assign_locus
started running assign_locus
finished assign_locus
removing targets
analyzing gcc-5__Ou__pies__piesctl/grecs_parse_line_directive
started running grecs_parse_line_directive
finished grecs_parse_line_directive
analyzing gcc-5__Ou__pies__piesctl/grecs_parse_line_directive_cpp
started running grecs_parse_line_directive_cpp
finished grecs_parse_line_directive_cpp
analyzing gcc-5__Ou__pies__piesctl/grecs_str_is_ipv4
started running grecs_str_is_ipv4
finished grecs_str_is_ipv4
removing targets
analyzing gcc-5__Ou__pies__piesctl/grecs_str_is_ipv6
started running grecs_str_is_ipv6
finished grecs_str_is_ipv6
removing targets
analyzing gcc-5__Ou__pies__piesctl/grecs_str_is_num
started running grecs_str_is_num
finished grecs_str_is_num
removing targets
analyzing gcc-5__Ou__pies__piesctl/grecs_str_is_ipaddr
started running grecs_str_is_ipaddr
finished grecs_str_is_ipaddr
analyzing gcc-5__Ou__pies__piesctl/grecs_line_acc_create
started running grecs_line_acc_create
finished grecs_line_acc_create
analyzing gcc-5__Ou__pies__piesctl/grecs_line_acc_free
started running grecs_line_acc_free
finished grecs_line_acc_free
analyzing gcc-5__Ou__pies__piesctl/grecs_line_acc_grow_char
started running grecs_line_acc_grow_char
finished grecs_line_acc_grow_char
analyzing gcc-5__Ou__pies__piesctl/grecs_line_acc_grow_char_unescape
started running grecs_line_acc_grow_char_unescape
finished grecs_line_acc_grow_char_unescape
removing targets
analyzing gcc-5__Ou__pies__piesctl/grecs_line_acc_grow
started running grecs_line_acc_grow
finished grecs_line_acc_grow
analyzing gcc-5__Ou__pies__piesctl/grecs_line_acc_grow_unescape_last
started running grecs_line_acc_grow_unescape_last
finished grecs_line_acc_grow_unescape_last
analyzing gcc-5__Ou__pies__piesctl/grecs_line_begin
started running grecs_line_begin
finished grecs_line_begin
removing targets
analyzing gcc-5__Ou__pies__piesctl/grecs_line_finish
started running grecs_line_finish
finished grecs_line_finish
analyzing gcc-5__Ou__pies__piesctl/grecs_list_create
started running grecs_list_create
finished grecs_list_create
analyzing gcc-5__Ou__pies__piesctl/grecs_list_size
started running grecs_list_size
finished grecs_list_size
removing targets
analyzing gcc-5__Ou__pies__piesctl/grecs_list_insert_entry
started running grecs_list_insert_entry
finished grecs_list_insert_entry
removing targets
analyzing gcc-5__Ou__pies__piesctl/grecs_list_remove_entry
started running grecs_list_remove_entry
finished grecs_list_remove_entry
removing targets
analyzing gcc-5__Ou__pies__piesctl/grecs_list_append
started running grecs_list_append
finished grecs_list_append
analyzing gcc-5__Ou__pies__piesctl/grecs_list_add
started running grecs_list_add
finished grecs_list_add
removing targets
analyzing gcc-5__Ou__pies__piesctl/grecs_list_push
started running grecs_list_push
finished grecs_list_push
analyzing gcc-5__Ou__pies__piesctl/grecs_list_pop
started running grecs_list_pop
finished grecs_list_pop
removing targets
analyzing gcc-5__Ou__pies__piesctl/grecs_list_remove_tail
started running grecs_list_remove_tail
finished grecs_list_remove_tail
removing targets
analyzing gcc-5__Ou__pies__piesctl/grecs_list_clear
started running grecs_list_clear
finished grecs_list_clear
removing targets
analyzing gcc-5__Ou__pies__piesctl/grecs_list_free
started running grecs_list_free
finished grecs_list_free
removing targets
analyzing gcc-5__Ou__pies__piesctl/grecs_list_locate
started running grecs_list_locate
finished grecs_list_locate
removing targets
analyzing gcc-5__Ou__pies__piesctl/grecs_list_index
started running grecs_list_index
finished grecs_list_index
removing targets
analyzing gcc-5__Ou__pies__piesctl/grecs_list_compare
started running grecs_list_compare
finished grecs_list_compare
removing targets
analyzing gcc-5__Ou__pies__piesctl/to_uchar
started running to_uchar
finished to_uchar
analyzing gcc-5__Ou__pies__piesctl/base64_encode_fast
started running base64_encode_fast
finished base64_encode_fast
removing targets
analyzing gcc-5__Ou__pies__piesctl/base64_encode
started running base64_encode
finished base64_encode
removing targets
analyzing gcc-5__Ou__pies__piesctl/base64_encode_alloc
started running base64_encode_alloc
finished base64_encode_alloc
removing targets
analyzing gcc-5__Ou__pies__piesctl/isbase64
started running isbase64
finished isbase64
analyzing gcc-5__Ou__pies__piesctl/base64_decode_ctx_init
started running base64_decode_ctx_init
finished base64_decode_ctx_init
analyzing gcc-5__Ou__pies__piesctl/get_4
started running get_4
finished get_4
removing targets
analyzing gcc-5__Ou__pies__piesctl/decode_4
started running decode_4
finished decode_4
removing targets
analyzing gcc-5__Ou__pies__piesctl/base64_decode_ctx
started running base64_decode_ctx
finished base64_decode_ctx
removing targets
analyzing gcc-5__Ou__pies__piesctl/base64_decode_alloc_ctx
started running base64_decode_alloc_ctx
finished base64_decode_alloc_ctx
analyzing gcc-5__Ou__pies__piesctl/fwrite_lowcase
started running fwrite_lowcase
finished fwrite_lowcase
removing targets
analyzing gcc-5__Ou__pies__piesctl/fwrite_uppcase
started running fwrite_uppcase
finished fwrite_uppcase
removing targets
analyzing gcc-5__Ou__pies__piesctl/iso_week_days
started running iso_week_days
finished iso_week_days
analyzing gcc-5__Ou__pies__piesctl/strftime_case_
started running strftime_case_
stopped exploration
finished strftime_case_
removing targets
analyzing gcc-5__Ou__pies__piesctl/fprintftime
started running fprintftime
finished fprintftime
analyzing gcc-5__Ou__pies__piesctl/set_program_name
started running set_program_name
finished set_program_name
removing targets
analyzing gcc-5__Ou__pies__piesctl/isdst_differ
started running isdst_differ
finished isdst_differ
removing targets
analyzing gcc-5__Ou__pies__piesctl/equal_tm
started running equal_tm
finished equal_tm
analyzing gcc-5__Ou__pies__piesctl/extend_abbrs
started running extend_abbrs
finished extend_abbrs
analyzing gcc-5__Ou__pies__piesctl/tzalloc
started running tzalloc
finished tzalloc
removing targets
analyzing gcc-5__Ou__pies__piesctl/save_abbr
started running save_abbr
finished save_abbr
removing targets
analyzing gcc-5__Ou__pies__piesctl/tzfree
started running tzfree
finished tzfree
removing targets
analyzing gcc-5__Ou__pies__piesctl/getenv_TZ
started running getenv_TZ
finished getenv_TZ
analyzing gcc-5__Ou__pies__piesctl/setenv_TZ
started running setenv_TZ
finished setenv_TZ
removing targets
analyzing gcc-5__Ou__pies__piesctl/change_env
started running change_env
finished change_env
removing targets
analyzing gcc-5__Ou__pies__piesctl/set_tz
started running set_tz
finished set_tz
analyzing gcc-5__Ou__pies__piesctl/revert_tz
started running revert_tz
finished revert_tz
removing targets
analyzing gcc-5__Ou__pies__piesctl/localtime_rz
started running localtime_rz
finished localtime_rz
removing targets
analyzing gcc-5__Ou__pies__piesctl/mktime_z
started running mktime_z
finished mktime_z
removing targets
analyzing gcc-5__Ou__pies__piesctl/leapyear
started running leapyear
finished leapyear
removing targets
skipping isdst|differ
analyzing gcc-5__Ou__pies__piesctl/ydhms_diff
started running ydhms_diff
finished ydhms_diff
analyzing gcc-5__Ou__pies__piesctl/time_t_avg
started running time_t_avg
finished time_t_avg
analyzing gcc-5__Ou__pies__piesctl/time_t_add_ok
started running time_t_add_ok
finished time_t_add_ok
analyzing gcc-5__Ou__pies__piesctl/time_t_int_add_ok
started running time_t_int_add_ok
finished time_t_int_add_ok
analyzing gcc-5__Ou__pies__piesctl/guess_time_tm
started running guess_time_tm
finished guess_time_tm
removing targets
analyzing gcc-5__Ou__pies__piesctl/ranged_convert
started running ranged_convert
finished ranged_convert
analyzing gcc-5__Ou__pies__piesctl/mktime_internal
started running mktime_internal
stopped exploration
finished mktime_internal
analyzing gcc-5__Ou__pies__piesctl/rpl_mktime
started running rpl_mktime
finished rpl_mktime
analyzing gcc-5__Ou__pies__piesctl/stat
started running stat
finished stat
removing targets
