gcc-5__Ou__uucp__uuxqt have 201 funcs
analyzing gcc-5__Ou__uucp__uuxqt/deregister_tm_clones
started running deregister_tm_clones
finished deregister_tm_clones
removing targets
analyzing gcc-5__Ou__uucp__uuxqt/register_tm_clones
started running register_tm_clones
finished register_tm_clones
removing targets
analyzing gcc-5__Ou__uucp__uuxqt/frame_dummy
started running frame_dummy
finished frame_dummy
removing targets
analyzing gcc-5__Ou__uucp__uuxqt/uqhelp
started running uqhelp
finished uqhelp
analyzing gcc-5__Ou__uucp__uuxqt/uqusage
started running uqusage
finished uqusage
analyzing gcc-5__Ou__uucp__uuxqt/uqabort
started running uqabort
finished uqabort
analyzing gcc-5__Ou__uucp__uuxqt/iqcmd
started running iqcmd
finished iqcmd
removing targets
analyzing gcc-5__Ou__uucp__uuxqt/iqout
started running iqout
finished iqout
removing targets
analyzing gcc-5__Ou__uucp__uuxqt/iqfile
started running iqfile
finished iqfile
removing targets
analyzing gcc-5__Ou__uucp__uuxqt/iqrequestor
started running iqrequestor
finished iqrequestor
removing targets
analyzing gcc-5__Ou__uucp__uuxqt/iquser
started running iquser
finished iquser
removing targets
analyzing gcc-5__Ou__uucp__uuxqt/iqset
started running iqset
finished iqset
analyzing gcc-5__Ou__uucp__uuxqt/uqdo_xqt_file
started running uqdo_xqt_file
finished uqdo_xqt_file
analyzing gcc-5__Ou__uucp__uuxqt/isave_files
started running isave_files
finished isave_files
analyzing gcc-5__Ou__uucp__uuxqt/uqcleanup
started running uqcleanup
finished uqcleanup
removing targets
analyzing gcc-5__Ou__uucp__uuxqt/fqforward
started running fqforward
finished fqforward
removing targets
analyzing gcc-5__Ou__uucp__uuxqt/funknown_system
started running funknown_system
finished funknown_system
analyzing gcc-5__Ou__uucp__uuxqt/zremove_local_sys
started running zremove_local_sys
stopped exploration
finished zremove_local_sys
analyzing gcc-5__Ou__uucp__uuxqt/fin_directory_list
started running fin_directory_list
finished fin_directory_list
removing targets
analyzing gcc-5__Ou__uucp__uuxqt/ulog_fatal_fn
started running ulog_fatal_fn
finished ulog_fatal_fn
analyzing gcc-5__Ou__uucp__uuxqt/ulog_to_file
started running ulog_to_file
finished ulog_to_file
analyzing gcc-5__Ou__uucp__uuxqt/ulog_id
started running ulog_id
finished ulog_id
analyzing gcc-5__Ou__uucp__uuxqt/ulog_user
started running ulog_user
finished ulog_user
analyzing gcc-5__Ou__uucp__uuxqt/ulog_system
started running ulog_system
finished ulog_system
removing targets
analyzing gcc-5__Ou__uucp__uuxqt/ulog_device
started running ulog_device
finished ulog_device
analyzing gcc-5__Ou__uucp__uuxqt/zstpcpy
started running zstpcpy
finished zstpcpy
removing targets
analyzing gcc-5__Ou__uucp__uuxqt/ulog
started running ulog
finished ulog
removing targets
analyzing gcc-5__Ou__uucp__uuxqt/ulog_uuconf
started running ulog_uuconf
finished ulog_uuconf
analyzing gcc-5__Ou__uucp__uuxqt/ulog_close
started running ulog_close
finished ulog_close
analyzing gcc-5__Ou__uucp__uuxqt/ustats
started running ustats
stopped exploration
finished ustats
removing targets
analyzing gcc-5__Ou__uucp__uuxqt/ustats_close
started running ustats_close
finished ustats_close
removing targets
analyzing gcc-5__Ou__uucp__uuxqt/zldate_and_time
started running zldate_and_time
finished zldate_and_time
analyzing gcc-5__Ou__uucp__uuxqt/fcopy_file
started running fcopy_file
finished fcopy_file
analyzing gcc-5__Ou__uucp__uuxqt/fcopy_open_file
started running fcopy_open_file
finished fcopy_open_file
analyzing gcc-5__Ou__uucp__uuxqt/zsysdep_base_name
started running zsysdep_base_name
finished zsysdep_base_name
analyzing gcc-5__Ou__uucp__uuxqt/csysdep_bytes_free
started running csysdep_bytes_free
finished csysdep_bytes_free
analyzing gcc-5__Ou__uucp__uuxqt/zsysdep_save_corrupt_file
started running zsysdep_save_corrupt_file
finished zsysdep_save_corrupt_file
analyzing gcc-5__Ou__uucp__uuxqt/esysdep_fopen
started running esysdep_fopen
finished esysdep_fopen
removing targets
analyzing gcc-5__Ou__uucp__uuxqt/fsysdep_file_exists
started running fsysdep_file_exists
finished fsysdep_file_exists
analyzing gcc-5__Ou__uucp__uuxqt/zsysdep_save_failed_file
started running zsysdep_save_failed_file
finished zsysdep_save_failed_file
analyzing gcc-5__Ou__uucp__uuxqt/fscmd_seq
started running fscmd_seq
stopped exploration
finished fscmd_seq
analyzing gcc-5__Ou__uucp__uuxqt/zsfile_name
started running zsfile_name
finished zsfile_name
removing targets
analyzing gcc-5__Ou__uucp__uuxqt/zsysdep_data_file_name
started running zsysdep_data_file_name
finished zsysdep_data_file_name
analyzing gcc-5__Ou__uucp__uuxqt/usput62
started running usput62
stopped exploration
finished usput62
removing targets
analyzing gcc-5__Ou__uucp__uuxqt/zscmd_file
started running zscmd_file
finished zscmd_file
analyzing gcc-5__Ou__uucp__uuxqt/zsysdep_xqt_file_name
started running zsysdep_xqt_file_name
finished zsysdep_xqt_file_name
analyzing gcc-5__Ou__uucp__uuxqt/adjust_blocks
started running adjust_blocks
finished adjust_blocks
removing targets
analyzing gcc-5__Ou__uucp__uuxqt/get_fs_usage
started running get_fs_usage
finished get_fs_usage
analyzing gcc-5__Ou__uucp__uuxqt/fsysdep_in_directory
started running fsysdep_in_directory
finished fsysdep_in_directory
removing targets
analyzing gcc-5__Ou__uucp__uuxqt/usysdep_initialize
started running usysdep_initialize
stopped exploration
finished usysdep_initialize
analyzing gcc-5__Ou__uucp__uuxqt/usysdep_exit
started running usysdep_exit
finished usysdep_exit
analyzing gcc-5__Ou__uucp__uuxqt/fsysdep_other_config
started running fsysdep_other_config
finished fsysdep_other_config
analyzing gcc-5__Ou__uucp__uuxqt/zsysdep_localname
started running zsysdep_localname
finished zsysdep_localname
analyzing gcc-5__Ou__uucp__uuxqt/zsysdep_login_name
started running zsysdep_login_name
finished zsysdep_login_name
removing targets
analyzing gcc-5__Ou__uucp__uuxqt/zsysdep_local_file
started running zsysdep_local_file
finished zsysdep_local_file
removing targets
analyzing gcc-5__Ou__uucp__uuxqt/fsdo_lock
started running fsdo_lock
stopped exploration
finished fsdo_lock
removing targets
analyzing gcc-5__Ou__uucp__uuxqt/fsdo_unlock
started running fsdo_unlock
finished fsdo_unlock
removing targets
analyzing gcc-5__Ou__uucp__uuxqt/usysdep_localtime
started running usysdep_localtime
finished usysdep_localtime
analyzing gcc-5__Ou__uucp__uuxqt/fsysdep_mail
started running fsysdep_mail
finished fsysdep_mail
analyzing gcc-5__Ou__uucp__uuxqt/fsysdep_make_dirs
started running fsysdep_make_dirs
finished fsysdep_make_dirs
analyzing gcc-5__Ou__uucp__uuxqt/fsysdep_move_file
started running fsysdep_move_file
finished fsysdep_move_file
removing targets
analyzing gcc-5__Ou__uucp__uuxqt/ussignal
started running ussignal
finished ussignal
removing targets
analyzing gcc-5__Ou__uucp__uuxqt/usset_signal
started running usset_signal
finished usset_signal
removing targets
analyzing gcc-5__Ou__uucp__uuxqt/usysdep_signal
started running usysdep_signal
finished usysdep_signal
analyzing gcc-5__Ou__uucp__uuxqt/zsysdep_in_dir
started running zsysdep_in_dir
finished zsysdep_in_dir
analyzing gcc-5__Ou__uucp__uuxqt/zsysdep_spool_commands
started running zsysdep_spool_commands
stopped exploration
finished zsysdep_spool_commands
removing targets
analyzing gcc-5__Ou__uucp__uuxqt/zsysdep_spool_file_name
started running zsysdep_spool_file_name
finished zsysdep_spool_file_name
analyzing gcc-5__Ou__uucp__uuxqt/zsfind_file
started running zsfind_file
finished zsfind_file
removing targets
analyzing gcc-5__Ou__uucp__uuxqt/fsysdep_sync
started running fsysdep_sync
finished fsysdep_sync
analyzing gcc-5__Ou__uucp__uuxqt/ixsysdep_time
started running ixsysdep_time
finished ixsysdep_time
analyzing gcc-5__Ou__uucp__uuxqt/fsuser_access
started running fsuser_access
stopped exploration
finished fsuser_access
removing targets
analyzing gcc-5__Ou__uucp__uuxqt/zswork_directory
started running zswork_directory
finished zswork_directory
analyzing gcc-5__Ou__uucp__uuxqt/fswork_file
started running fswork_file
finished fswork_file
removing targets
analyzing gcc-5__Ou__uucp__uuxqt/iswork_cmp
started running iswork_cmp
finished iswork_cmp
analyzing gcc-5__Ou__uucp__uuxqt/fsysdep_has_work
started running fsysdep_has_work
finished fsysdep_has_work
analyzing gcc-5__Ou__uucp__uuxqt/fsysdep_get_work_init
started running fsysdep_get_work_init
finished fsysdep_get_work_init
analyzing gcc-5__Ou__uucp__uuxqt/fsysdep_get_work
started running fsysdep_get_work
finished fsysdep_get_work
removing targets
analyzing gcc-5__Ou__uucp__uuxqt/fsysdep_did_work
started running fsysdep_did_work
finished fsysdep_did_work
analyzing gcc-5__Ou__uucp__uuxqt/usysdep_get_work_free
started running usysdep_get_work_free
finished usysdep_get_work_free
removing targets
analyzing gcc-5__Ou__uucp__uuxqt/zsysdep_save_temp_file
started running zsysdep_save_temp_file
finished zsysdep_save_temp_file
analyzing gcc-5__Ou__uucp__uuxqt/zsysdep_jobid
started running zsysdep_jobid
finished zsysdep_jobid
analyzing gcc-5__Ou__uucp__uuxqt/bsgrade
started running bsgrade
finished bsgrade
removing targets
analyzing gcc-5__Ou__uucp__uuxqt/fsysdep_get_xqt_init
started running fsysdep_get_xqt_init
finished fsysdep_get_xqt_init
analyzing gcc-5__Ou__uucp__uuxqt/zsysdep_get_xqt
started running zsysdep_get_xqt
finished zsysdep_get_xqt
removing targets
analyzing gcc-5__Ou__uucp__uuxqt/usysdep_get_xqt_free
started running usysdep_get_xqt_free
finished usysdep_get_xqt_free
removing targets
analyzing gcc-5__Ou__uucp__uuxqt/zsysdep_find_command
started running zsysdep_find_command
finished zsysdep_find_command
removing targets
analyzing gcc-5__Ou__uucp__uuxqt/zsysdep_xqt_local_file
started running zsysdep_xqt_local_file
finished zsysdep_xqt_local_file
removing targets
analyzing gcc-5__Ou__uucp__uuxqt/fsysdep_execute
started running fsysdep_execute
finished fsysdep_execute
removing targets
analyzing gcc-5__Ou__uucp__uuxqt/ixsysdep_lock_uuxqt
started running ixsysdep_lock_uuxqt
finished ixsysdep_lock_uuxqt
removing targets
analyzing gcc-5__Ou__uucp__uuxqt/fsysdep_unlock_uuxqt
started running fsysdep_unlock_uuxqt
finished fsysdep_unlock_uuxqt
analyzing gcc-5__Ou__uucp__uuxqt/fsysdep_uuxqt_locked
started running fsysdep_uuxqt_locked
finished fsysdep_uuxqt_locked
analyzing gcc-5__Ou__uucp__uuxqt/fsysdep_lock_uuxqt_file
started running fsysdep_lock_uuxqt_file
finished fsysdep_lock_uuxqt_file
analyzing gcc-5__Ou__uucp__uuxqt/fsysdep_unlock_uuxqt_file
started running fsysdep_unlock_uuxqt_file
finished fsysdep_unlock_uuxqt_file
analyzing gcc-5__Ou__uucp__uuxqt/fsysdep_lock_uuxqt_dir
started running fsysdep_lock_uuxqt_dir
finished fsysdep_lock_uuxqt_dir
removing targets
analyzing gcc-5__Ou__uucp__uuxqt/fsysdep_unlock_uuxqt_dir
started running fsysdep_unlock_uuxqt_dir
finished fsysdep_unlock_uuxqt_dir
removing targets
analyzing gcc-5__Ou__uucp__uuxqt/fclean_uuxqt_dir
started running fclean_uuxqt_dir
finished fclean_uuxqt_dir
analyzing gcc-5__Ou__uucp__uuxqt/fsysdep_copy_uuxqt_files
started running fsysdep_copy_uuxqt_files
stopped exploration
finished fsysdep_copy_uuxqt_files
removing targets
analyzing gcc-5__Ou__uucp__uuxqt/zsappend3
started running zsappend3
finished zsappend3
analyzing gcc-5__Ou__uucp__uuxqt/espopen
started running espopen
finished espopen
removing targets
analyzing gcc-5__Ou__uucp__uuxqt/fsysdep_directory
started running fsysdep_directory
finished fsysdep_directory
analyzing gcc-5__Ou__uucp__uuxqt/ixswait
started running ixswait
finished ixswait
removing targets
analyzing gcc-5__Ou__uucp__uuxqt/zsfile_to_jobid
started running zsfile_to_jobid
finished zsfile_to_jobid
analyzing gcc-5__Ou__uucp__uuxqt/zsjobid_to_file
started running zsjobid_to_file
finished zsjobid_to_file
analyzing gcc-5__Ou__uucp__uuxqt/ixsysdep_process_time
started running ixsysdep_process_time
finished ixsysdep_process_time
analyzing gcc-5__Ou__uucp__uuxqt/ixsspawn
started running ixsspawn
stopped exploration
finished ixsspawn
removing targets
analyzing gcc-5__Ou__uucp__uuxqt/fsysdep_rmdir
started running fsysdep_rmdir
finished fsysdep_rmdir
analyzing gcc-5__Ou__uucp__uuxqt/isremove_dir
started running isremove_dir
finished isremove_dir
removing targets
analyzing gcc-5__Ou__uucp__uuxqt/zstemp_file
started running zstemp_file
finished zstemp_file
analyzing gcc-5__Ou__uucp__uuxqt/ixsfork
started running ixsfork
finished ixsfork
removing targets
analyzing gcc-5__Ou__uucp__uuxqt/uuconf_cmd_file
started running uuconf_cmd_file
finished uuconf_cmd_file
removing targets
analyzing gcc-5__Ou__uucp__uuxqt/uuconf_cmd_line
started running uuconf_cmd_line
stopped exploration
finished uuconf_cmd_line
removing targets
analyzing gcc-5__Ou__uucp__uuxqt/uuconf_debugfile
started running uuconf_debugfile
finished uuconf_debugfile
analyzing gcc-5__Ou__uucp__uuxqt/uuconf_debuglevel
started running uuconf_debuglevel
finished uuconf_debuglevel
analyzing gcc-5__Ou__uucp__uuxqt/uuconf_error_string
started running uuconf_error_string
stopped exploration
finished uuconf_error_string
removing targets
analyzing gcc-5__Ou__uucp__uuxqt/zeprint_num
started running zeprint_num
finished zeprint_num
removing targets
analyzing gcc-5__Ou__uucp__uuxqt/uuconf_system_free
started running uuconf_system_free
finished uuconf_system_free
analyzing gcc-5__Ou__uucp__uuxqt/uuconf_grade_cmp
started running uuconf_grade_cmp
finished uuconf_grade_cmp
analyzing gcc-5__Ou__uucp__uuxqt/uuconf_init
started running uuconf_init
finished uuconf_init
analyzing gcc-5__Ou__uucp__uuxqt/uuconf_lockdir
started running uuconf_lockdir
finished uuconf_lockdir
analyzing gcc-5__Ou__uucp__uuxqt/uuconf_system_local
started running uuconf_system_local
finished uuconf_system_local
analyzing gcc-5__Ou__uucp__uuxqt/uuconf_localname
started running uuconf_localname
finished uuconf_localname
removing targets
analyzing gcc-5__Ou__uucp__uuxqt/uuconf_logfile
started running uuconf_logfile
finished uuconf_logfile
analyzing gcc-5__Ou__uucp__uuxqt/uuconf_maxuuxqts
started running uuconf_maxuuxqts
finished uuconf_maxuuxqts
analyzing gcc-5__Ou__uucp__uuxqt/uuconf_system_info
started running uuconf_system_info
finished uuconf_system_info
analyzing gcc-5__Ou__uucp__uuxqt/uuconf_system_names
started running uuconf_system_names
finished uuconf_system_names
analyzing gcc-5__Ou__uucp__uuxqt/uuconf_spooldir
started running uuconf_spooldir
finished uuconf_spooldir
analyzing gcc-5__Ou__uucp__uuxqt/uuconf_statsfile
started running uuconf_statsfile
finished uuconf_statsfile
analyzing gcc-5__Ou__uucp__uuxqt/uuconf_taylor_init
started running uuconf_taylor_init
finished uuconf_taylor_init
removing targets
analyzing gcc-5__Ou__uucp__uuxqt/itdebug
started running itdebug
finished itdebug
analyzing gcc-5__Ou__uucp__uuxqt/itaddfile
started running itaddfile
finished itaddfile
removing targets
analyzing gcc-5__Ou__uucp__uuxqt/itunknown
started running itunknown
finished itunknown
analyzing gcc-5__Ou__uucp__uuxqt/itprogram
started running itprogram
finished itprogram
removing targets
analyzing gcc-5__Ou__uucp__uuxqt/itset_default
started running itset_default
finished itset_default
removing targets
analyzing gcc-5__Ou__uucp__uuxqt/uiset_call
started running uiset_call
finished uiset_call
removing targets
analyzing gcc-5__Ou__uucp__uuxqt/iisystem
started running iisystem
finished iisystem
analyzing gcc-5__Ou__uucp__uuxqt/iialias
started running iialias
finished iialias
analyzing gcc-5__Ou__uucp__uuxqt/iialternate
started running iialternate
finished iialternate
analyzing gcc-5__Ou__uucp__uuxqt/iidefault_alternates
started running iidefault_alternates
finished iidefault_alternates
analyzing gcc-5__Ou__uucp__uuxqt/iitime
started running iitime
finished iitime
removing targets
analyzing gcc-5__Ou__uucp__uuxqt/iitimegrade
started running iitimegrade
finished iitimegrade
removing targets
analyzing gcc-5__Ou__uucp__uuxqt/iibaud_range
started running iibaud_range
finished iibaud_range
analyzing gcc-5__Ou__uucp__uuxqt/iisize
started running iisize
finished iisize
analyzing gcc-5__Ou__uucp__uuxqt/iisizecmp
started running iisizecmp
finished iisizecmp
removing targets
analyzing gcc-5__Ou__uucp__uuxqt/iiport
started running iiport
finished iiport
removing targets
analyzing gcc-5__Ou__uucp__uuxqt/iichat
started running iichat
finished iichat
analyzing gcc-5__Ou__uucp__uuxqt/iidebug
started running iidebug
finished iidebug
analyzing gcc-5__Ou__uucp__uuxqt/iicalled_login
started running iicalled_login
finished iicalled_login
removing targets
analyzing gcc-5__Ou__uucp__uuxqt/iiproto_param
started running iiproto_param
finished iiproto_param
removing targets
analyzing gcc-5__Ou__uucp__uuxqt/iirequest
started running iirequest
finished iirequest
analyzing gcc-5__Ou__uucp__uuxqt/iitransfer
started running iitransfer
finished iitransfer
analyzing gcc-5__Ou__uucp__uuxqt/iiforward
started running iiforward
finished iiforward
removing targets
analyzing gcc-5__Ou__uucp__uuxqt/iiunknown
started running iiunknown
finished iiunknown
analyzing gcc-5__Ou__uucp__uuxqt/uuconf_taylor_system_unknown
started running uuconf_taylor_system_unknown
finished uuconf_taylor_system_unknown
removing targets
analyzing gcc-5__Ou__uucp__uuxqt/uuconf_taylor_system_names
started running uuconf_taylor_system_names
finished uuconf_taylor_system_names
removing targets
analyzing gcc-5__Ou__uucp__uuxqt/uuconf_system_unknown
started running uuconf_system_unknown
finished uuconf_system_unknown
analyzing gcc-5__Ou__uucp__uuxqt/uuconf_add_block
started running uuconf_add_block
finished uuconf_add_block
analyzing gcc-5__Ou__uucp__uuxqt/uuconf_malloc_block
started running uuconf_malloc_block
finished uuconf_malloc_block
analyzing gcc-5__Ou__uucp__uuxqt/uuconf_malloc
started running uuconf_malloc
finished uuconf_malloc
removing targets
analyzing gcc-5__Ou__uucp__uuxqt/icchat
started running icchat
finished icchat
removing targets
analyzing gcc-5__Ou__uucp__uuxqt/icchat_fail
started running icchat_fail
finished icchat_fail
analyzing gcc-5__Ou__uucp__uuxqt/icunknown
started running icunknown
finished icunknown
analyzing gcc-5__Ou__uucp__uuxqt/uuconf_cmd_args
started running uuconf_cmd_args
stopped exploration
finished uuconf_cmd_args
removing targets
analyzing gcc-5__Ou__uucp__uuxqt/uuconf_free_block
started running uuconf_free_block
finished uuconf_free_block
removing targets
analyzing gcc-5__Ou__uucp__uuxqt/uuconf_free
started running uuconf_free
finished uuconf_free
removing targets
analyzing gcc-5__Ou__uucp__uuxqt/itsystem
started running itsystem
finished itsystem
analyzing gcc-5__Ou__uucp__uuxqt/itcalled_login
started running itcalled_login
finished itcalled_login
removing targets
analyzing gcc-5__Ou__uucp__uuxqt/itmyname
started running itmyname
finished itmyname
analyzing gcc-5__Ou__uucp__uuxqt/itadd_span
started running itadd_span
finished itadd_span
removing targets
analyzing gcc-5__Ou__uucp__uuxqt/itnew
started running itnew
finished itnew
analyzing gcc-5__Ou__uucp__uuxqt/ipproto_param
started running ipproto_param
finished ipproto_param
analyzing gcc-5__Ou__uucp__uuxqt/ipbaud_range
started running ipbaud_range
finished ipbaud_range
analyzing gcc-5__Ou__uucp__uuxqt/ipdialer
started running ipdialer
finished ipdialer
removing targets
analyzing gcc-5__Ou__uucp__uuxqt/ipcunknown
started running ipcunknown
finished ipcunknown
analyzing gcc-5__Ou__uucp__uuxqt/idchat
started running idchat
finished idchat
analyzing gcc-5__Ou__uucp__uuxqt/iddtr_toggle
started running iddtr_toggle
finished iddtr_toggle
removing targets
analyzing gcc-5__Ou__uucp__uuxqt/idcomplete
started running idcomplete
finished idcomplete
analyzing gcc-5__Ou__uucp__uuxqt/idproto_param
started running idproto_param
finished idproto_param
analyzing gcc-5__Ou__uucp__uuxqt/idcunknown
started running idcunknown
finished idcunknown
analyzing gcc-5__Ou__uucp__uuxqt/zbufalc
started running zbufalc
finished zbufalc
removing targets
analyzing gcc-5__Ou__uucp__uuxqt/ubuffree
started running ubuffree
finished ubuffree
removing targets
analyzing gcc-5__Ou__uucp__uuxqt/zbufcpy
started running zbufcpy
finished zbufcpy
removing targets
analyzing gcc-5__Ou__uucp__uuxqt/idebug_parse
started running idebug_parse
finished idebug_parse
analyzing gcc-5__Ou__uucp__uuxqt/cdebug_char
started running cdebug_char
finished cdebug_char
analyzing gcc-5__Ou__uucp__uuxqt/udebug_buffer
started running udebug_buffer
finished udebug_buffer
analyzing gcc-5__Ou__uucp__uuxqt/cescape
started running cescape
finished cescape
removing targets
analyzing gcc-5__Ou__uucp__uuxqt/exchange
started running exchange
finished exchange
analyzing gcc-5__Ou__uucp__uuxqt/gnu_getopt
started running gnu_getopt
finished gnu_getopt
analyzing gcc-5__Ou__uucp__uuxqt/getopt_long
started running getopt_long
finished getopt_long
analyzing gcc-5__Ou__uucp__uuxqt/getopt_long_only
started running getopt_long_only
finished getopt_long_only
analyzing gcc-5__Ou__uucp__uuxqt/fparse_cmd
started running fparse_cmd
finished fparse_cmd
analyzing gcc-5__Ou__uucp__uuxqt/ulunquote_cmd
started running ulunquote_cmd
finished ulunquote_cmd
removing targets
analyzing gcc-5__Ou__uucp__uuxqt/fneeds_quotes
started running fneeds_quotes
finished fneeds_quotes
removing targets
analyzing gcc-5__Ou__uucp__uuxqt/fcmd_needs_quotes
started running fcmd_needs_quotes
finished fcmd_needs_quotes
analyzing gcc-5__Ou__uucp__uuxqt/uquote_cmd
started running uquote_cmd
finished uquote_cmd
analyzing gcc-5__Ou__uucp__uuxqt/ufree_quoted_cmd
started running ufree_quoted_cmd
finished ufree_quoted_cmd
analyzing gcc-5__Ou__uucp__uuxqt/zquote_cmd_string
started running zquote_cmd_string
finished zquote_cmd_string
removing targets
analyzing gcc-5__Ou__uucp__uuxqt/fspool_file
started running fspool_file
finished fspool_file
removing targets
analyzing gcc-5__Ou__uucp__uuxqt/xfree
started running xfree
finished xfree
removing targets
analyzing gcc-5__Ou__uucp__uuxqt/xmalloc
started running xmalloc
finished xmalloc
analyzing gcc-5__Ou__uucp__uuxqt/xrealloc
started running xrealloc
finished xrealloc
removing targets
analyzing gcc-5__Ou__uucp__uuxqt/stat
started running stat
finished stat
removing targets
