gcc-5__Ou__whois-5.2.11__mkpasswd have 12 funcs
analyzing gcc-5__Ou__whois-5.2.11__mkpasswd/deregister_tm_clones
started running deregister_tm_clones
finished deregister_tm_clones
removing targets
analyzing gcc-5__Ou__whois-5.2.11__mkpasswd/register_tm_clones
started running register_tm_clones
finished register_tm_clones
removing targets
analyzing gcc-5__Ou__whois-5.2.11__mkpasswd/frame_dummy
started running frame_dummy
finished frame_dummy
removing targets
analyzing gcc-5__Ou__whois-5.2.11__mkpasswd/get_random_bytes
started running get_random_bytes
finished get_random_bytes
analyzing gcc-5__Ou__whois-5.2.11__mkpasswd/generate_salt
started running generate_salt
finished generate_salt
analyzing gcc-5__Ou__whois-5.2.11__mkpasswd/display_help
started running display_help
finished display_help
analyzing gcc-5__Ou__whois-5.2.11__mkpasswd/display_version
started running display_version
finished display_version
analyzing gcc-5__Ou__whois-5.2.11__mkpasswd/display_methods
started running display_methods
finished display_methods
analyzing gcc-5__Ou__whois-5.2.11__mkpasswd/do_nofail
started running do_nofail
finished do_nofail
removing targets
analyzing gcc-5__Ou__whois-5.2.11__mkpasswd/merge_args
started running merge_args
finished merge_args
removing targets
analyzing gcc-5__Ou__whois-5.2.11__mkpasswd/err_sys
started running err_sys
finished err_sys
removing targets
analyzing gcc-5__Ou__whois-5.2.11__mkpasswd/err_quit
started running err_quit
finished err_quit
removing targets
