gcc-5__Ou__coreutils-8.25__make-prime-list have 8 funcs
analyzing gcc-5__Ou__coreutils-8.25__make-prime-list/deregister_tm_clones
started running deregister_tm_clones
finished deregister_tm_clones
removing targets
analyzing gcc-5__Ou__coreutils-8.25__make-prime-list/register_tm_clones
started running register_tm_clones
finished register_tm_clones
removing targets
analyzing gcc-5__Ou__coreutils-8.25__make-prime-list/frame_dummy
started running frame_dummy
finished frame_dummy
removing targets
analyzing gcc-5__Ou__coreutils-8.25__make-prime-list/binvert
started running binvert
finished binvert
removing targets
analyzing gcc-5__Ou__coreutils-8.25__make-prime-list/process_prime
started running process_prime
finished process_prime
analyzing gcc-5__Ou__coreutils-8.25__make-prime-list/print_wide_uint
started running print_wide_uint
finished print_wide_uint
removing targets
analyzing gcc-5__Ou__coreutils-8.25__make-prime-list/output_primes
started running output_primes
finished output_primes
removing targets
analyzing gcc-5__Ou__coreutils-8.25__make-prime-list/xalloc
started running xalloc
finished xalloc
