ERROR   | 2021-12-08 19:03:58,861 | root     | list index out of range
ERROR   | 2021-12-08 19:03:58,861 | root     | got an error while analyzing powerld
ERROR   | 2021-12-08 19:03:59,114 | root     | list index out of range
ERROR   | 2021-12-08 19:03:59,114 | root     | got an error while analyzing absld
ERROR   | 2021-12-08 19:03:59,368 | root     | list index out of range
ERROR   | 2021-12-08 19:03:59,368 | root     | got an error while analyzing expld
ERROR   | 2021-12-08 19:03:59,631 | root     | list index out of range
ERROR   | 2021-12-08 19:03:59,631 | root     | got an error while analyzing simple_round_ceiling
ERROR   | 2021-12-08 19:03:59,883 | root     | list index out of range
ERROR   | 2021-12-08 19:03:59,883 | root     | got an error while analyzing simple_round_floor
ERROR   | 2021-12-08 19:04:00,136 | root     | list index out of range
ERROR   | 2021-12-08 19:04:00,136 | root     | got an error while analyzing simple_round_from_zero
ERROR   | 2021-12-08 19:04:00,384 | root     | list index out of range
ERROR   | 2021-12-08 19:04:00,384 | root     | got an error while analyzing simple_round_to_zero
ERROR   | 2021-12-08 19:04:00,647 | root     | list index out of range
ERROR   | 2021-12-08 19:04:00,647 | root     | got an error while analyzing simple_round_nearest
ERROR   | 2021-12-08 19:04:00,906 | root     | list index out of range
ERROR   | 2021-12-08 19:04:00,907 | root     | got an error while analyzing simple_round
ERROR   | 2021-12-08 19:04:01,791 | root     | list index out of range
ERROR   | 2021-12-08 19:04:01,791 | root     | got an error while analyzing simple_strtod_int
ERROR   | 2021-12-08 19:04:21,970 | root     | list index out of range
ERROR   | 2021-12-08 19:04:21,971 | root     | got an error while analyzing double_to_human
ERROR   | 2021-12-08 19:12:07,134 | root     | list index out of range
ERROR   | 2021-12-08 19:12:07,134 | root     | got an error while analyzing process_field
Segmentation fault
