gcc-5__Ou__coreutils-8.25__od have 136 funcs
analyzing gcc-5__Ou__coreutils-8.25__od/deregister_tm_clones
started running deregister_tm_clones
finished deregister_tm_clones
removing targets
analyzing gcc-5__Ou__coreutils-8.25__od/register_tm_clones
started running register_tm_clones
finished register_tm_clones
removing targets
analyzing gcc-5__Ou__coreutils-8.25__od/frame_dummy
started running frame_dummy
finished frame_dummy
removing targets
analyzing gcc-5__Ou__coreutils-8.25__od/gcd
started running gcd
finished gcd
removing targets
analyzing gcc-5__Ou__coreutils-8.25__od/lcm
started running lcm
finished lcm
analyzing gcc-5__Ou__coreutils-8.25__od/emit_stdin_note
started running emit_stdin_note
finished emit_stdin_note
analyzing gcc-5__Ou__coreutils-8.25__od/emit_mandatory_arg_note
started running emit_mandatory_arg_note
finished emit_mandatory_arg_note
analyzing gcc-5__Ou__coreutils-8.25__od/emit_ancillary_info
started running emit_ancillary_info
finished emit_ancillary_info
removing targets
analyzing gcc-5__Ou__coreutils-8.25__od/emit_try_help
started running emit_try_help
finished emit_try_help
analyzing gcc-5__Ou__coreutils-8.25__od/usable_st_size
started running usable_st_size
finished usable_st_size
removing targets
analyzing gcc-5__Ou__coreutils-8.25__od/print_s_char
started running print_s_char
finished print_s_char
removing targets
analyzing gcc-5__Ou__coreutils-8.25__od/print_char
started running print_char
finished print_char
removing targets
analyzing gcc-5__Ou__coreutils-8.25__od/print_s_short
started running print_s_short
finished print_s_short
removing targets
analyzing gcc-5__Ou__coreutils-8.25__od/print_short
started running print_short
finished print_short
removing targets
analyzing gcc-5__Ou__coreutils-8.25__od/print_int
started running print_int
finished print_int
removing targets
analyzing gcc-5__Ou__coreutils-8.25__od/print_long
started running print_long
finished print_long
removing targets
analyzing gcc-5__Ou__coreutils-8.25__od/print_long_long
started running print_long_long
finished print_long_long
removing targets
analyzing gcc-5__Ou__coreutils-8.25__od/print_float
started running print_float
finished print_float
removing targets
analyzing gcc-5__Ou__coreutils-8.25__od/print_double
started running print_double
finished print_double
removing targets
analyzing gcc-5__Ou__coreutils-8.25__od/print_long_double
started running print_long_double
finished print_long_double
removing targets
analyzing gcc-5__Ou__coreutils-8.25__od/dump_hexl_mode_trailer
started running dump_hexl_mode_trailer
finished dump_hexl_mode_trailer
analyzing gcc-5__Ou__coreutils-8.25__od/print_named_ascii
started running print_named_ascii
finished print_named_ascii
removing targets
analyzing gcc-5__Ou__coreutils-8.25__od/print_ascii
started running print_ascii
finished print_ascii
removing targets
analyzing gcc-5__Ou__coreutils-8.25__od/simple_strtoul
started running simple_strtoul
finished simple_strtoul
removing targets
analyzing gcc-5__Ou__coreutils-8.25__od/decode_one_format
started running decode_one_format
finished decode_one_format
removing targets
analyzing gcc-5__Ou__coreutils-8.25__od/open_next_file
started running open_next_file
finished open_next_file
removing targets
analyzing gcc-5__Ou__coreutils-8.25__od/check_and_close
started running check_and_close
finished check_and_close
removing targets
analyzing gcc-5__Ou__coreutils-8.25__od/decode_format_string
started running decode_format_string
stopped exploration
finished decode_format_string
removing targets
analyzing gcc-5__Ou__coreutils-8.25__od/skip
started running skip
finished skip
removing targets
analyzing gcc-5__Ou__coreutils-8.25__od/format_address_none
started running format_address_none
finished format_address_none
analyzing gcc-5__Ou__coreutils-8.25__od/format_address_std
started running format_address_std
finished format_address_std
removing targets
analyzing gcc-5__Ou__coreutils-8.25__od/format_address_paren
started running format_address_paren
finished format_address_paren
analyzing gcc-5__Ou__coreutils-8.25__od/format_address_label
started running format_address_label
finished format_address_label
analyzing gcc-5__Ou__coreutils-8.25__od/write_block
started running write_block
finished write_block
removing targets
analyzing gcc-5__Ou__coreutils-8.25__od/read_char
started running read_char
finished read_char
removing targets
analyzing gcc-5__Ou__coreutils-8.25__od/read_block
started running read_block
finished read_block
removing targets
analyzing gcc-5__Ou__coreutils-8.25__od/get_lcm
started running get_lcm
finished get_lcm
removing targets
analyzing gcc-5__Ou__coreutils-8.25__od/parse_old_offset
started running parse_old_offset
finished parse_old_offset
removing targets
analyzing gcc-5__Ou__coreutils-8.25__od/dump
started running dump
stopped exploration
finished dump
analyzing gcc-5__Ou__coreutils-8.25__od/dump_strings
started running dump_strings
finished dump_strings
analyzing gcc-5__Ou__coreutils-8.25__od/argmatch
started running argmatch
finished argmatch
analyzing gcc-5__Ou__coreutils-8.25__od/argmatch_invalid
started running argmatch_invalid
finished argmatch_invalid
removing targets
analyzing gcc-5__Ou__coreutils-8.25__od/argmatch_valid
started running argmatch_valid
finished argmatch_valid
analyzing gcc-5__Ou__coreutils-8.25__od/argmatch_to_argument
started running argmatch_to_argument
finished argmatch_to_argument
removing targets
analyzing gcc-5__Ou__coreutils-8.25__od/close_stdout_set_file_name
started running close_stdout_set_file_name
finished close_stdout_set_file_name
analyzing gcc-5__Ou__coreutils-8.25__od/close_stdout_set_ignore_EPIPE
started running close_stdout_set_ignore_EPIPE
finished close_stdout_set_ignore_EPIPE
analyzing gcc-5__Ou__coreutils-8.25__od/close_stdout
started running close_stdout
finished close_stdout
analyzing gcc-5__Ou__coreutils-8.25__od/dtoastr
started running dtoastr
finished dtoastr
removing targets
analyzing gcc-5__Ou__coreutils-8.25__od/ftoastr
started running ftoastr
finished ftoastr
removing targets
analyzing gcc-5__Ou__coreutils-8.25__od/ldtoastr
started running ldtoastr
finished ldtoastr
analyzing gcc-5__Ou__coreutils-8.25__od/set_program_name
started running set_program_name
finished set_program_name
removing targets
analyzing gcc-5__Ou__coreutils-8.25__od/clone_quoting_options
started running clone_quoting_options
finished clone_quoting_options
analyzing gcc-5__Ou__coreutils-8.25__od/get_quoting_style
started running get_quoting_style
finished get_quoting_style
removing targets
analyzing gcc-5__Ou__coreutils-8.25__od/set_quoting_style
started running set_quoting_style
finished set_quoting_style
removing targets
analyzing gcc-5__Ou__coreutils-8.25__od/set_char_quoting
started running set_char_quoting
finished set_char_quoting
removing targets
analyzing gcc-5__Ou__coreutils-8.25__od/set_quoting_flags
started running set_quoting_flags
finished set_quoting_flags
removing targets
analyzing gcc-5__Ou__coreutils-8.25__od/set_custom_quoting
started running set_custom_quoting
finished set_custom_quoting
removing targets
analyzing gcc-5__Ou__coreutils-8.25__od/quoting_options_from_style
started running quoting_options_from_style
finished quoting_options_from_style
analyzing gcc-5__Ou__coreutils-8.25__od/gettext_quote
started running gettext_quote
finished gettext_quote
analyzing gcc-5__Ou__coreutils-8.25__od/quotearg_buffer_restyled
started running quotearg_buffer_restyled
stopped exploration
finished quotearg_buffer_restyled
analyzing gcc-5__Ou__coreutils-8.25__od/quotearg_buffer
started running quotearg_buffer
finished quotearg_buffer
removing targets
analyzing gcc-5__Ou__coreutils-8.25__od/quotearg_alloc
started running quotearg_alloc
finished quotearg_alloc
analyzing gcc-5__Ou__coreutils-8.25__od/quotearg_alloc_mem
started running quotearg_alloc_mem
finished quotearg_alloc_mem
removing targets
analyzing gcc-5__Ou__coreutils-8.25__od/quotearg_free
started running quotearg_free
finished quotearg_free
removing targets
analyzing gcc-5__Ou__coreutils-8.25__od/quotearg_n_options
started running quotearg_n_options
finished quotearg_n_options
analyzing gcc-5__Ou__coreutils-8.25__od/quotearg_n
started running quotearg_n
finished quotearg_n
analyzing gcc-5__Ou__coreutils-8.25__od/quotearg_n_mem
started running quotearg_n_mem
finished quotearg_n_mem
analyzing gcc-5__Ou__coreutils-8.25__od/quotearg
started running quotearg
finished quotearg
analyzing gcc-5__Ou__coreutils-8.25__od/quotearg_mem
started running quotearg_mem
finished quotearg_mem
analyzing gcc-5__Ou__coreutils-8.25__od/quotearg_n_style
started running quotearg_n_style
finished quotearg_n_style
analyzing gcc-5__Ou__coreutils-8.25__od/quotearg_n_style_mem
started running quotearg_n_style_mem
finished quotearg_n_style_mem
analyzing gcc-5__Ou__coreutils-8.25__od/quotearg_style
started running quotearg_style
finished quotearg_style
analyzing gcc-5__Ou__coreutils-8.25__od/quotearg_style_mem
started running quotearg_style_mem
finished quotearg_style_mem
analyzing gcc-5__Ou__coreutils-8.25__od/quotearg_char_mem
started running quotearg_char_mem
finished quotearg_char_mem
analyzing gcc-5__Ou__coreutils-8.25__od/quotearg_char
started running quotearg_char
finished quotearg_char
analyzing gcc-5__Ou__coreutils-8.25__od/quotearg_colon
started running quotearg_colon
finished quotearg_colon
analyzing gcc-5__Ou__coreutils-8.25__od/quotearg_colon_mem
started running quotearg_colon_mem
finished quotearg_colon_mem
analyzing gcc-5__Ou__coreutils-8.25__od/quotearg_n_style_colon
started running quotearg_n_style_colon
finished quotearg_n_style_colon
analyzing gcc-5__Ou__coreutils-8.25__od/quotearg_n_custom
started running quotearg_n_custom
finished quotearg_n_custom
analyzing gcc-5__Ou__coreutils-8.25__od/quotearg_n_custom_mem
started running quotearg_n_custom_mem
finished quotearg_n_custom_mem
analyzing gcc-5__Ou__coreutils-8.25__od/quotearg_custom
started running quotearg_custom
finished quotearg_custom
analyzing gcc-5__Ou__coreutils-8.25__od/quotearg_custom_mem
started running quotearg_custom_mem
finished quotearg_custom_mem
analyzing gcc-5__Ou__coreutils-8.25__od/quote_n_mem
started running quote_n_mem
finished quote_n_mem
analyzing gcc-5__Ou__coreutils-8.25__od/quote_mem
started running quote_mem
finished quote_mem
analyzing gcc-5__Ou__coreutils-8.25__od/quote_n
started running quote_n
finished quote_n
analyzing gcc-5__Ou__coreutils-8.25__od/quote
started running quote
finished quote
analyzing gcc-5__Ou__coreutils-8.25__od/version_etc_arn
started running version_etc_arn
finished version_etc_arn
removing targets
analyzing gcc-5__Ou__coreutils-8.25__od/version_etc_ar
started running version_etc_ar
finished version_etc_ar
removing targets
analyzing gcc-5__Ou__coreutils-8.25__od/version_etc_va
started running version_etc_va
finished version_etc_va
removing targets
analyzing gcc-5__Ou__coreutils-8.25__od/version_etc
started running version_etc
finished version_etc
removing targets
analyzing gcc-5__Ou__coreutils-8.25__od/emit_bug_reporting_address
started running emit_bug_reporting_address
finished emit_bug_reporting_address
analyzing gcc-5__Ou__coreutils-8.25__od/xnmalloc
started running xnmalloc
finished xnmalloc
removing targets
analyzing gcc-5__Ou__coreutils-8.25__od/xnrealloc
started running xnrealloc
finished xnrealloc
removing targets
analyzing gcc-5__Ou__coreutils-8.25__od/x2nrealloc
started running x2nrealloc
finished x2nrealloc
removing targets
analyzing gcc-5__Ou__coreutils-8.25__od/xcharalloc
started running xcharalloc
finished xcharalloc
analyzing gcc-5__Ou__coreutils-8.25__od/xmalloc
started running xmalloc
finished xmalloc
analyzing gcc-5__Ou__coreutils-8.25__od/xrealloc
started running xrealloc
finished xrealloc
removing targets
analyzing gcc-5__Ou__coreutils-8.25__od/x2realloc
started running x2realloc
finished x2realloc
analyzing gcc-5__Ou__coreutils-8.25__od/xzalloc
started running xzalloc
finished xzalloc
analyzing gcc-5__Ou__coreutils-8.25__od/xcalloc
started running xcalloc
finished xcalloc
analyzing gcc-5__Ou__coreutils-8.25__od/xmemdup
started running xmemdup
finished xmemdup
analyzing gcc-5__Ou__coreutils-8.25__od/xstrdup
started running xstrdup
finished xstrdup
analyzing gcc-5__Ou__coreutils-8.25__od/xalloc_die
started running xalloc_die
finished xalloc_die
analyzing gcc-5__Ou__coreutils-8.25__od/xprintf
started running xprintf
finished xprintf
removing targets
analyzing gcc-5__Ou__coreutils-8.25__od/xvprintf
started running xvprintf
finished xvprintf
analyzing gcc-5__Ou__coreutils-8.25__od/xfprintf
started running xfprintf
finished xfprintf
removing targets
analyzing gcc-5__Ou__coreutils-8.25__od/xvfprintf
started running xvfprintf
finished xvfprintf
analyzing gcc-5__Ou__coreutils-8.25__od/xstrtol_error
started running xstrtol_error
finished xstrtol_error
removing targets
analyzing gcc-5__Ou__coreutils-8.25__od/xstrtol_fatal
started running xstrtol_fatal
finished xstrtol_fatal
analyzing gcc-5__Ou__coreutils-8.25__od/bkm_scale
started running bkm_scale
finished bkm_scale
removing targets
analyzing gcc-5__Ou__coreutils-8.25__od/bkm_scale_by_power
started running bkm_scale_by_power
finished bkm_scale_by_power
removing targets
analyzing gcc-5__Ou__coreutils-8.25__od/xstrtoumax
started running xstrtoumax
finished xstrtoumax
removing targets
analyzing gcc-5__Ou__coreutils-8.25__od/rpl_fclose
started running rpl_fclose
finished rpl_fclose
analyzing gcc-5__Ou__coreutils-8.25__od/clear_ungetc_buffer_preserving_position
started running clear_ungetc_buffer_preserving_position
finished clear_ungetc_buffer_preserving_position
removing targets
analyzing gcc-5__Ou__coreutils-8.25__od/rpl_fflush
started running rpl_fflush
finished rpl_fflush
removing targets
analyzing gcc-5__Ou__coreutils-8.25__od/rpl_fseeko
started running rpl_fseeko
finished rpl_fseeko
removing targets
analyzing gcc-5__Ou__coreutils-8.25__od/c_strcasecmp
started running c_strcasecmp
finished c_strcasecmp
removing targets
analyzing gcc-5__Ou__coreutils-8.25__od/close_stream
started running close_stream
finished close_stream
analyzing gcc-5__Ou__coreutils-8.25__od/get_charset_aliases
started running get_charset_aliases
stopped exploration
finished get_charset_aliases
removing targets
analyzing gcc-5__Ou__coreutils-8.25__od/locale_charset
started running locale_charset
finished locale_charset
analyzing gcc-5__Ou__coreutils-8.25__od/c_isalnum
started running c_isalnum
finished c_isalnum
removing targets
analyzing gcc-5__Ou__coreutils-8.25__od/c_isalpha
started running c_isalpha
finished c_isalpha
removing targets
analyzing gcc-5__Ou__coreutils-8.25__od/c_isascii
started running c_isascii
finished c_isascii
removing targets
analyzing gcc-5__Ou__coreutils-8.25__od/c_isblank
started running c_isblank
finished c_isblank
removing targets
analyzing gcc-5__Ou__coreutils-8.25__od/c_iscntrl
started running c_iscntrl
finished c_iscntrl
removing targets
analyzing gcc-5__Ou__coreutils-8.25__od/c_isdigit
started running c_isdigit
finished c_isdigit
removing targets
analyzing gcc-5__Ou__coreutils-8.25__od/c_isgraph
started running c_isgraph
finished c_isgraph
removing targets
analyzing gcc-5__Ou__coreutils-8.25__od/c_islower
started running c_islower
finished c_islower
removing targets
analyzing gcc-5__Ou__coreutils-8.25__od/c_isprint
started running c_isprint
finished c_isprint
removing targets
analyzing gcc-5__Ou__coreutils-8.25__od/c_ispunct
started running c_ispunct
finished c_ispunct
removing targets
analyzing gcc-5__Ou__coreutils-8.25__od/c_isspace
started running c_isspace
finished c_isspace
removing targets
analyzing gcc-5__Ou__coreutils-8.25__od/c_isupper
started running c_isupper
finished c_isupper
removing targets
analyzing gcc-5__Ou__coreutils-8.25__od/c_isxdigit
started running c_isxdigit
finished c_isxdigit
removing targets
analyzing gcc-5__Ou__coreutils-8.25__od/c_tolower
started running c_tolower
finished c_tolower
removing targets
analyzing gcc-5__Ou__coreutils-8.25__od/c_toupper
started running c_toupper
finished c_toupper
removing targets
analyzing gcc-5__Ou__coreutils-8.25__od/atexit
started running atexit
finished atexit
removing targets
