b2sum have 93 funcs
analyzing b2sum/deregister_tm_clones
started running deregister_tm_clones
finished deregister_tm_clones
removing targets
analyzing b2sum/register_tm_clones
started running register_tm_clones
finished register_tm_clones
removing targets
analyzing b2sum/frame_dummy
started running frame_dummy
finished frame_dummy
removing targets
analyzing b2sum/filename_unescape
started running filename_unescape
finished filename_unescape
removing targets
analyzing b2sum/hex_digits
started running hex_digits
finished hex_digits
removing targets
analyzing b2sum/print_filename
started running print_filename
finished print_filename
removing targets
analyzing b2sum/digest_file.isra.1
started running digest_file.isra.1
finished digest_file.isra.1
analyzing b2sum/blake2b_compress
started running blake2b_compress
finished blake2b_compress
removing targets
analyzing b2sum/blake2b_update.part.3
started running blake2b_update.part.3
finished blake2b_update.part.3
removing targets
analyzing b2sum/blake2b_init_param
started running blake2b_init_param
finished blake2b_init_param
analyzing b2sum/blake2b_init
started running blake2b_init
finished blake2b_init
removing targets
analyzing b2sum/blake2b_init_key
started running blake2b_init_key
finished blake2b_init_key
removing targets
analyzing b2sum/blake2b_update
started running blake2b_update
finished blake2b_update
removing targets
analyzing b2sum/blake2b_final
started running blake2b_final
finished blake2b_final
removing targets
analyzing b2sum/blake2b
started running blake2b
finished blake2b
removing targets
analyzing b2sum/blake2
started running blake2
finished blake2
removing targets
analyzing b2sum/blake2b_stream
started running blake2b_stream
finished blake2b_stream
analyzing b2sum/argmatch
started running argmatch
finished argmatch
analyzing b2sum/argmatch_invalid
started running argmatch_invalid
finished argmatch_invalid
removing targets
analyzing b2sum/argmatch_valid
started running argmatch_valid
finished argmatch_valid
analyzing b2sum/argmatch_to_argument
started running argmatch_to_argument
finished argmatch_to_argument
removing targets
analyzing b2sum/close_stdout_set_file_name
started running close_stdout_set_file_name
finished close_stdout_set_file_name
analyzing b2sum/close_stdout_set_ignore_EPIPE
started running close_stdout_set_ignore_EPIPE
finished close_stdout_set_ignore_EPIPE
analyzing b2sum/close_stdout
started running close_stdout
stopped exploration
finished close_stdout
analyzing b2sum/fdadvise
started running fdadvise
finished fdadvise
removing targets
analyzing b2sum/fadvise
started running fadvise
finished fadvise
removing targets
analyzing b2sum/fopen_safer
started running fopen_safer
finished fopen_safer
analyzing b2sum/set_program_name
started running set_program_name
finished set_program_name
removing targets
analyzing b2sum/gettext_quote.part.1
started running gettext_quote.part.1
finished gettext_quote.part.1
analyzing b2sum/quotearg_buffer_restyled
started running quotearg_buffer_restyled
finished quotearg_buffer_restyled
analyzing b2sum/quotearg_n_options
started running quotearg_n_options
finished quotearg_n_options
analyzing b2sum/clone_quoting_options
started running clone_quoting_options
finished clone_quoting_options
analyzing b2sum/get_quoting_style
started running get_quoting_style
finished get_quoting_style
analyzing b2sum/set_quoting_style
started running set_quoting_style
finished set_quoting_style
analyzing b2sum/set_char_quoting
started running set_char_quoting
finished set_char_quoting
analyzing b2sum/set_quoting_flags
started running set_quoting_flags
finished set_quoting_flags
analyzing b2sum/set_custom_quoting
started running set_custom_quoting
finished set_custom_quoting
removing targets
analyzing b2sum/quotearg_buffer
started running quotearg_buffer
finished quotearg_buffer
analyzing b2sum/quotearg_alloc_mem
started running quotearg_alloc_mem
finished quotearg_alloc_mem
analyzing b2sum/quotearg_alloc
started running quotearg_alloc
finished quotearg_alloc
removing targets
analyzing b2sum/quotearg_free
started running quotearg_free
finished quotearg_free
removing targets
analyzing b2sum/quotearg_n
started running quotearg_n
finished quotearg_n
removing targets
analyzing b2sum/quotearg_n_mem
started running quotearg_n_mem
finished quotearg_n_mem
removing targets
analyzing b2sum/quotearg
started running quotearg
finished quotearg
removing targets
analyzing b2sum/quotearg_mem
started running quotearg_mem
finished quotearg_mem
removing targets
analyzing b2sum/quotearg_n_style
started running quotearg_n_style
finished quotearg_n_style
removing targets
analyzing b2sum/quotearg_n_style_mem
started running quotearg_n_style_mem
finished quotearg_n_style_mem
removing targets
analyzing b2sum/quotearg_style
started running quotearg_style
finished quotearg_style
removing targets
analyzing b2sum/quotearg_style_mem
started running quotearg_style_mem
finished quotearg_style_mem
removing targets
analyzing b2sum/quotearg_char_mem
started running quotearg_char_mem
finished quotearg_char_mem
analyzing b2sum/quotearg_char
started running quotearg_char
finished quotearg_char
removing targets
analyzing b2sum/quotearg_colon
started running quotearg_colon
finished quotearg_colon
removing targets
analyzing b2sum/quotearg_colon_mem
started running quotearg_colon_mem
finished quotearg_colon_mem
removing targets
analyzing b2sum/quotearg_n_style_colon
started running quotearg_n_style_colon
finished quotearg_n_style_colon
removing targets
analyzing b2sum/quotearg_n_custom_mem
started running quotearg_n_custom_mem
finished quotearg_n_custom_mem
removing targets
analyzing b2sum/quotearg_n_custom
started running quotearg_n_custom
finished quotearg_n_custom
removing targets
analyzing b2sum/quotearg_custom
started running quotearg_custom
finished quotearg_custom
removing targets
analyzing b2sum/quotearg_custom_mem
started running quotearg_custom_mem
finished quotearg_custom_mem
removing targets
analyzing b2sum/quote_n_mem
started running quote_n_mem
finished quote_n_mem
removing targets
analyzing b2sum/quote_mem
started running quote_mem
finished quote_mem
removing targets
analyzing b2sum/quote_n
started running quote_n
finished quote_n
removing targets
analyzing b2sum/quote
started running quote
finished quote
removing targets
analyzing b2sum/dup_safer
started running dup_safer
finished dup_safer
removing targets
analyzing b2sum/version_etc_arn
started running version_etc_arn
finished version_etc_arn
removing targets
analyzing b2sum/version_etc_ar
started running version_etc_ar
finished version_etc_ar
removing targets
analyzing b2sum/version_etc_va
started running version_etc_va
finished version_etc_va
removing targets
analyzing b2sum/version_etc
started running version_etc
finished version_etc
removing targets
analyzing b2sum/emit_bug_reporting_address
started running emit_bug_reporting_address
finished emit_bug_reporting_address
analyzing b2sum/xmalloc
started running xmalloc
stopped exploration
finished xmalloc
analyzing b2sum/xnmalloc
started running xnmalloc
stopped exploration
finished xnmalloc
removing targets
analyzing b2sum/xcharalloc
started running xcharalloc
stopped exploration
finished xcharalloc
removing targets
analyzing b2sum/xrealloc
started running xrealloc
stopped exploration
finished xrealloc
removing targets
analyzing b2sum/xnrealloc
started running xnrealloc
stopped exploration
finished xnrealloc
removing targets
analyzing b2sum/x2nrealloc
started running x2nrealloc
stopped exploration
finished x2nrealloc
removing targets
analyzing b2sum/x2realloc
started running x2realloc
stopped exploration
finished x2realloc
removing targets
analyzing b2sum/xzalloc
started running xzalloc
finished xzalloc
analyzing b2sum/xcalloc
started running xcalloc
finished xcalloc
removing targets
analyzing b2sum/xmemdup
started running xmemdup
finished xmemdup
analyzing b2sum/xstrdup
started running xstrdup
finished xstrdup
analyzing b2sum/xalloc_die
started running xalloc_die
finished xalloc_die
analyzing b2sum/xnumtoumax
started running xnumtoumax
finished xnumtoumax
analyzing b2sum/xdectoumax
started running xdectoumax
finished xdectoumax
analyzing b2sum/xstrtoul
started running xstrtoul
stopped exploration
finished xstrtoul
removing targets
analyzing b2sum/xstrtoumax
started running xstrtoumax
finished xstrtoumax
removing targets
analyzing b2sum/rpl_fclose
started running rpl_fclose
finished rpl_fclose
analyzing b2sum/rpl_fcntl
started running rpl_fcntl
finished rpl_fcntl
removing targets
analyzing b2sum/rpl_fflush
started running rpl_fflush
finished rpl_fflush
removing targets
analyzing b2sum/rpl_fseeko
started running rpl_fseeko
finished rpl_fseeko
removing targets
analyzing b2sum/rpl_mbrtowc
started running rpl_mbrtowc
finished rpl_mbrtowc
analyzing b2sum/close_stream
started running close_stream
finished close_stream
analyzing b2sum/hard_locale
started running hard_locale
finished hard_locale
analyzing b2sum/locale_charset
started running locale_charset
finished locale_charset
analyzing b2sum/atexit
started running atexit
finished atexit
removing targets
