cut have 79 funcs
analyzing cut/deregister_tm_clones
started running deregister_tm_clones
finished deregister_tm_clones
removing targets
analyzing cut/register_tm_clones
started running register_tm_clones
finished register_tm_clones
removing targets
analyzing cut/frame_dummy
started running frame_dummy
finished frame_dummy
removing targets
analyzing cut/cut_file
started running cut_file
stopped exploration
finished cut_file
analyzing cut/compare_ranges
started running compare_ranges
finished compare_ranges
removing targets
analyzing cut/add_range_pair
started running add_range_pair
finished add_range_pair
removing targets
analyzing cut/set_fields
started running set_fields
stopped exploration
finished set_fields
removing targets
analyzing cut/reset_fields
started running reset_fields
finished reset_fields
analyzing cut/close_stdout_set_file_name
started running close_stdout_set_file_name
finished close_stdout_set_file_name
analyzing cut/close_stdout_set_ignore_EPIPE
started running close_stdout_set_ignore_EPIPE
finished close_stdout_set_ignore_EPIPE
analyzing cut/close_stdout
started running close_stdout
stopped exploration
finished close_stdout
analyzing cut/fdadvise
started running fdadvise
finished fdadvise
removing targets
analyzing cut/fadvise
started running fadvise
finished fadvise
removing targets
analyzing cut/getndelim2
started running getndelim2
stopped exploration
finished getndelim2
removing targets
analyzing cut/memchr2
started running memchr2
finished memchr2
removing targets
analyzing cut/set_program_name
started running set_program_name
finished set_program_name
removing targets
analyzing cut/gettext_quote.part.1
started running gettext_quote.part.1
finished gettext_quote.part.1
analyzing cut/quotearg_buffer_restyled
started running quotearg_buffer_restyled
finished quotearg_buffer_restyled
analyzing cut/quotearg_n_options
started running quotearg_n_options
finished quotearg_n_options
analyzing cut/clone_quoting_options
started running clone_quoting_options
finished clone_quoting_options
analyzing cut/get_quoting_style
started running get_quoting_style
finished get_quoting_style
analyzing cut/set_quoting_style
started running set_quoting_style
finished set_quoting_style
analyzing cut/set_char_quoting
started running set_char_quoting
finished set_char_quoting
analyzing cut/set_quoting_flags
started running set_quoting_flags
finished set_quoting_flags
analyzing cut/set_custom_quoting
started running set_custom_quoting
finished set_custom_quoting
removing targets
analyzing cut/quotearg_buffer
started running quotearg_buffer
finished quotearg_buffer
analyzing cut/quotearg_alloc_mem
started running quotearg_alloc_mem
finished quotearg_alloc_mem
analyzing cut/quotearg_alloc
started running quotearg_alloc
finished quotearg_alloc
removing targets
analyzing cut/quotearg_free
started running quotearg_free
finished quotearg_free
removing targets
analyzing cut/quotearg_n
started running quotearg_n
finished quotearg_n
removing targets
analyzing cut/quotearg_n_mem
started running quotearg_n_mem
finished quotearg_n_mem
removing targets
analyzing cut/quotearg
started running quotearg
finished quotearg
removing targets
analyzing cut/quotearg_mem
started running quotearg_mem
finished quotearg_mem
removing targets
analyzing cut/quotearg_n_style
started running quotearg_n_style
finished quotearg_n_style
removing targets
analyzing cut/quotearg_n_style_mem
started running quotearg_n_style_mem
finished quotearg_n_style_mem
removing targets
analyzing cut/quotearg_style
started running quotearg_style
finished quotearg_style
removing targets
analyzing cut/quotearg_style_mem
started running quotearg_style_mem
finished quotearg_style_mem
removing targets
analyzing cut/quotearg_char_mem
started running quotearg_char_mem
finished quotearg_char_mem
analyzing cut/quotearg_char
started running quotearg_char
finished quotearg_char
removing targets
analyzing cut/quotearg_colon
started running quotearg_colon
finished quotearg_colon
removing targets
analyzing cut/quotearg_colon_mem
started running quotearg_colon_mem
finished quotearg_colon_mem
removing targets
analyzing cut/quotearg_n_style_colon
started running quotearg_n_style_colon
finished quotearg_n_style_colon
removing targets
analyzing cut/quotearg_n_custom_mem
started running quotearg_n_custom_mem
finished quotearg_n_custom_mem
removing targets
analyzing cut/quotearg_n_custom
started running quotearg_n_custom
finished quotearg_n_custom
removing targets
analyzing cut/quotearg_custom
started running quotearg_custom
finished quotearg_custom
removing targets
analyzing cut/quotearg_custom_mem
started running quotearg_custom_mem
finished quotearg_custom_mem
removing targets
analyzing cut/quote_n_mem
started running quote_n_mem
finished quote_n_mem
removing targets
analyzing cut/quote_mem
started running quote_mem
finished quote_mem
removing targets
analyzing cut/quote_n
started running quote_n
finished quote_n
removing targets
analyzing cut/quote
started running quote
finished quote
removing targets
analyzing cut/version_etc_arn
started running version_etc_arn
finished version_etc_arn
removing targets
analyzing cut/version_etc_ar
started running version_etc_ar
finished version_etc_ar
removing targets
analyzing cut/version_etc_va
started running version_etc_va
finished version_etc_va
removing targets
analyzing cut/version_etc
started running version_etc
finished version_etc
removing targets
analyzing cut/emit_bug_reporting_address
started running emit_bug_reporting_address
finished emit_bug_reporting_address
analyzing cut/xmalloc
started running xmalloc
stopped exploration
finished xmalloc
analyzing cut/xnmalloc
started running xnmalloc
stopped exploration
finished xnmalloc
removing targets
analyzing cut/xcharalloc
started running xcharalloc
stopped exploration
finished xcharalloc
removing targets
analyzing cut/xrealloc
started running xrealloc
stopped exploration
finished xrealloc
removing targets
analyzing cut/xnrealloc
started running xnrealloc
stopped exploration
finished xnrealloc
removing targets
analyzing cut/x2nrealloc
started running x2nrealloc
stopped exploration
finished x2nrealloc
removing targets
analyzing cut/x2realloc
started running x2realloc
stopped exploration
finished x2realloc
removing targets
analyzing cut/xzalloc
started running xzalloc
finished xzalloc
analyzing cut/xcalloc
started running xcalloc
stopped exploration
finished xcalloc
removing targets
analyzing cut/xmemdup
started running xmemdup
finished xmemdup
analyzing cut/xstrdup
started running xstrdup
finished xstrdup
analyzing cut/xalloc_die
started running xalloc_die
stopped exploration
finished xalloc_die
analyzing cut/xstrndup
started running xstrndup
finished xstrndup
analyzing cut/rpl_fclose
started running rpl_fclose
finished rpl_fclose
analyzing cut/rpl_fflush
started running rpl_fflush
finished rpl_fflush
removing targets
analyzing cut/freadptr
started running freadptr
finished freadptr
removing targets
analyzing cut/rpl_fseeko
started running rpl_fseeko
finished rpl_fseeko
removing targets
analyzing cut/rpl_mbrtowc
started running rpl_mbrtowc
finished rpl_mbrtowc
analyzing cut/close_stream
started running close_stream
finished close_stream
analyzing cut/freadseek
started running freadseek
finished freadseek
removing targets
analyzing cut/hard_locale
started running hard_locale
finished hard_locale
analyzing cut/locale_charset
started running locale_charset
finished locale_charset
analyzing cut/freadahead
started running freadahead
finished freadahead
removing targets
analyzing cut/atexit
started running atexit
finished atexit
removing targets
