base32 have 78 funcs
analyzing base32/deregister_tm_clones
started running deregister_tm_clones
finished deregister_tm_clones
removing targets
analyzing base32/register_tm_clones
started running register_tm_clones
finished register_tm_clones
removing targets
analyzing base32/frame_dummy
started running frame_dummy
finished frame_dummy
removing targets
analyzing base32/decode_8
started running decode_8
finished decode_8
removing targets
analyzing base32/base32_encode
started running base32_encode
finished base32_encode
removing targets
analyzing base32/base32_encode_alloc
started running base32_encode_alloc
finished base32_encode_alloc
removing targets
analyzing base32/isbase32
started running isbase32
finished isbase32
analyzing base32/base32_decode_ctx_init
started running base32_decode_ctx_init
finished base32_decode_ctx_init
analyzing base32/base32_decode_ctx
started running base32_decode_ctx
stopped exploration
finished base32_decode_ctx
removing targets
analyzing base32/base32_decode_alloc_ctx
started running base32_decode_alloc_ctx
finished base32_decode_alloc_ctx
analyzing base32/close_stdout_set_file_name
started running close_stdout_set_file_name
finished close_stdout_set_file_name
analyzing base32/close_stdout_set_ignore_EPIPE
started running close_stdout_set_ignore_EPIPE
finished close_stdout_set_ignore_EPIPE
analyzing base32/close_stdout
started running close_stdout
stopped exploration
finished close_stdout
analyzing base32/fdadvise
started running fdadvise
finished fdadvise
removing targets
analyzing base32/fadvise
started running fadvise
finished fadvise
removing targets
analyzing base32/set_program_name
started running set_program_name
finished set_program_name
removing targets
analyzing base32/gettext_quote.part.1
started running gettext_quote.part.1
finished gettext_quote.part.1
analyzing base32/quotearg_buffer_restyled
started running quotearg_buffer_restyled
finished quotearg_buffer_restyled
analyzing base32/quotearg_n_options
started running quotearg_n_options
finished quotearg_n_options
analyzing base32/clone_quoting_options
started running clone_quoting_options
finished clone_quoting_options
analyzing base32/get_quoting_style
started running get_quoting_style
finished get_quoting_style
analyzing base32/set_quoting_style
started running set_quoting_style
finished set_quoting_style
analyzing base32/set_char_quoting
started running set_char_quoting
finished set_char_quoting
analyzing base32/set_quoting_flags
started running set_quoting_flags
finished set_quoting_flags
analyzing base32/set_custom_quoting
started running set_custom_quoting
finished set_custom_quoting
removing targets
analyzing base32/quotearg_buffer
started running quotearg_buffer
finished quotearg_buffer
analyzing base32/quotearg_alloc_mem
started running quotearg_alloc_mem
finished quotearg_alloc_mem
analyzing base32/quotearg_alloc
started running quotearg_alloc
finished quotearg_alloc
removing targets
analyzing base32/quotearg_free
started running quotearg_free
finished quotearg_free
removing targets
analyzing base32/quotearg_n
started running quotearg_n
finished quotearg_n
removing targets
analyzing base32/quotearg_n_mem
started running quotearg_n_mem
finished quotearg_n_mem
removing targets
analyzing base32/quotearg
started running quotearg
finished quotearg
removing targets
analyzing base32/quotearg_mem
started running quotearg_mem
finished quotearg_mem
removing targets
analyzing base32/quotearg_n_style
started running quotearg_n_style
finished quotearg_n_style
removing targets
analyzing base32/quotearg_n_style_mem
started running quotearg_n_style_mem
finished quotearg_n_style_mem
removing targets
analyzing base32/quotearg_style
started running quotearg_style
finished quotearg_style
removing targets
analyzing base32/quotearg_style_mem
started running quotearg_style_mem
finished quotearg_style_mem
removing targets
analyzing base32/quotearg_char_mem
started running quotearg_char_mem
finished quotearg_char_mem
analyzing base32/quotearg_char
started running quotearg_char
finished quotearg_char
removing targets
analyzing base32/quotearg_colon
started running quotearg_colon
finished quotearg_colon
removing targets
analyzing base32/quotearg_colon_mem
started running quotearg_colon_mem
finished quotearg_colon_mem
removing targets
analyzing base32/quotearg_n_style_colon
started running quotearg_n_style_colon
finished quotearg_n_style_colon
removing targets
analyzing base32/quotearg_n_custom_mem
started running quotearg_n_custom_mem
finished quotearg_n_custom_mem
removing targets
analyzing base32/quotearg_n_custom
started running quotearg_n_custom
finished quotearg_n_custom
removing targets
analyzing base32/quotearg_custom
started running quotearg_custom
finished quotearg_custom
removing targets
analyzing base32/quotearg_custom_mem
started running quotearg_custom_mem
finished quotearg_custom_mem
removing targets
analyzing base32/quote_n_mem
started running quote_n_mem
finished quote_n_mem
removing targets
analyzing base32/quote_mem
started running quote_mem
finished quote_mem
removing targets
analyzing base32/quote_n
started running quote_n
finished quote_n
removing targets
analyzing base32/quote
started running quote
finished quote
removing targets
analyzing base32/version_etc_arn
started running version_etc_arn
finished version_etc_arn
removing targets
analyzing base32/version_etc_ar
started running version_etc_ar
finished version_etc_ar
removing targets
analyzing base32/version_etc_va
started running version_etc_va
finished version_etc_va
removing targets
analyzing base32/version_etc
started running version_etc
finished version_etc
removing targets
analyzing base32/emit_bug_reporting_address
started running emit_bug_reporting_address
finished emit_bug_reporting_address
analyzing base32/xmalloc
started running xmalloc
stopped exploration
finished xmalloc
analyzing base32/xnmalloc
started running xnmalloc
stopped exploration
finished xnmalloc
removing targets
analyzing base32/xcharalloc
started running xcharalloc
stopped exploration
finished xcharalloc
removing targets
analyzing base32/xrealloc
started running xrealloc
stopped exploration
finished xrealloc
removing targets
analyzing base32/xnrealloc
started running xnrealloc
stopped exploration
finished xnrealloc
removing targets
analyzing base32/x2nrealloc
started running x2nrealloc
stopped exploration
finished x2nrealloc
removing targets
analyzing base32/x2realloc
started running x2realloc
stopped exploration
finished x2realloc
removing targets
analyzing base32/xzalloc
started running xzalloc
finished xzalloc
analyzing base32/xcalloc
started running xcalloc
stopped exploration
finished xcalloc
removing targets
analyzing base32/xmemdup
started running xmemdup
finished xmemdup
analyzing base32/xstrdup
started running xstrdup
finished xstrdup
analyzing base32/xalloc_die
started running xalloc_die
finished xalloc_die
analyzing base32/xnumtoumax
started running xnumtoumax
finished xnumtoumax
analyzing base32/xdectoumax
started running xdectoumax
finished xdectoumax
analyzing base32/xstrtoumax
started running xstrtoumax
stopped exploration
finished xstrtoumax
removing targets
analyzing base32/rpl_fclose
started running rpl_fclose
finished rpl_fclose
analyzing base32/rpl_fflush
started running rpl_fflush
finished rpl_fflush
removing targets
analyzing base32/rpl_fseeko
started running rpl_fseeko
finished rpl_fseeko
removing targets
analyzing base32/rpl_mbrtowc
started running rpl_mbrtowc
finished rpl_mbrtowc
analyzing base32/close_stream
started running close_stream
finished close_stream
analyzing base32/hard_locale
started running hard_locale
finished hard_locale
analyzing base32/locale_charset
started running locale_charset
finished locale_charset
analyzing base32/atexit
started running atexit
finished atexit
removing targets
