dircolors have 77 funcs
analyzing dircolors/deregister_tm_clones
started running deregister_tm_clones
finished deregister_tm_clones
removing targets
analyzing dircolors/register_tm_clones
started running register_tm_clones
finished register_tm_clones
removing targets
analyzing dircolors/frame_dummy
started running frame_dummy
finished frame_dummy
removing targets
analyzing dircolors/append_quoted
started running append_quoted
finished append_quoted
removing targets
analyzing dircolors/dc_parse_stream
started running dc_parse_stream
stopped exploration
finished dc_parse_stream
analyzing dircolors/c_strcasecmp
started running c_strcasecmp
finished c_strcasecmp
removing targets
analyzing dircolors/close_stdout_set_file_name
started running close_stdout_set_file_name
finished close_stdout_set_file_name
analyzing dircolors/close_stdout_set_ignore_EPIPE
started running close_stdout_set_ignore_EPIPE
finished close_stdout_set_ignore_EPIPE
analyzing dircolors/close_stdout
started running close_stdout
stopped exploration
finished close_stdout
analyzing dircolors/last_component
started running last_component
finished last_component
removing targets
analyzing dircolors/base_len
started running base_len
finished base_len
analyzing dircolors/protect_fd
started running protect_fd
finished protect_fd
analyzing dircolors/freopen_safer
started running freopen_safer
finished freopen_safer
analyzing dircolors/set_program_name
started running set_program_name
finished set_program_name
removing targets
analyzing dircolors/gettext_quote.part.1
started running gettext_quote.part.1
finished gettext_quote.part.1
analyzing dircolors/quotearg_buffer_restyled
started running quotearg_buffer_restyled
finished quotearg_buffer_restyled
analyzing dircolors/quotearg_n_options
started running quotearg_n_options
finished quotearg_n_options
analyzing dircolors/clone_quoting_options
started running clone_quoting_options
finished clone_quoting_options
analyzing dircolors/get_quoting_style
started running get_quoting_style
finished get_quoting_style
analyzing dircolors/set_quoting_style
started running set_quoting_style
finished set_quoting_style
analyzing dircolors/set_char_quoting
started running set_char_quoting
finished set_char_quoting
analyzing dircolors/set_quoting_flags
started running set_quoting_flags
finished set_quoting_flags
analyzing dircolors/set_custom_quoting
started running set_custom_quoting
finished set_custom_quoting
removing targets
analyzing dircolors/quotearg_buffer
started running quotearg_buffer
finished quotearg_buffer
analyzing dircolors/quotearg_alloc_mem
started running quotearg_alloc_mem
finished quotearg_alloc_mem
analyzing dircolors/quotearg_alloc
started running quotearg_alloc
finished quotearg_alloc
removing targets
analyzing dircolors/quotearg_free
started running quotearg_free
finished quotearg_free
removing targets
analyzing dircolors/quotearg_n
started running quotearg_n
finished quotearg_n
removing targets
analyzing dircolors/quotearg_n_mem
started running quotearg_n_mem
finished quotearg_n_mem
removing targets
analyzing dircolors/quotearg
started running quotearg
finished quotearg
removing targets
analyzing dircolors/quotearg_mem
started running quotearg_mem
finished quotearg_mem
removing targets
analyzing dircolors/quotearg_n_style
started running quotearg_n_style
finished quotearg_n_style
removing targets
analyzing dircolors/quotearg_n_style_mem
started running quotearg_n_style_mem
finished quotearg_n_style_mem
removing targets
analyzing dircolors/quotearg_style
started running quotearg_style
finished quotearg_style
removing targets
analyzing dircolors/quotearg_style_mem
started running quotearg_style_mem
finished quotearg_style_mem
removing targets
analyzing dircolors/quotearg_char_mem
started running quotearg_char_mem
finished quotearg_char_mem
analyzing dircolors/quotearg_char
started running quotearg_char
finished quotearg_char
removing targets
analyzing dircolors/quotearg_colon
started running quotearg_colon
finished quotearg_colon
removing targets
analyzing dircolors/quotearg_colon_mem
started running quotearg_colon_mem
finished quotearg_colon_mem
removing targets
analyzing dircolors/quotearg_n_style_colon
started running quotearg_n_style_colon
finished quotearg_n_style_colon
removing targets
analyzing dircolors/quotearg_n_custom_mem
started running quotearg_n_custom_mem
finished quotearg_n_custom_mem
removing targets
analyzing dircolors/quotearg_n_custom
started running quotearg_n_custom
finished quotearg_n_custom
removing targets
analyzing dircolors/quotearg_custom
started running quotearg_custom
finished quotearg_custom
removing targets
analyzing dircolors/quotearg_custom_mem
started running quotearg_custom_mem
finished quotearg_custom_mem
removing targets
analyzing dircolors/quote_n_mem
started running quote_n_mem
finished quote_n_mem
removing targets
analyzing dircolors/quote_mem
started running quote_mem
finished quote_mem
removing targets
analyzing dircolors/quote_n
started running quote_n
finished quote_n
removing targets
analyzing dircolors/quote
started running quote
finished quote
removing targets
analyzing dircolors/version_etc_arn
started running version_etc_arn
finished version_etc_arn
removing targets
analyzing dircolors/version_etc_ar
started running version_etc_ar
finished version_etc_ar
removing targets
analyzing dircolors/version_etc_va
started running version_etc_va
finished version_etc_va
removing targets
analyzing dircolors/version_etc
started running version_etc
finished version_etc
removing targets
analyzing dircolors/emit_bug_reporting_address
started running emit_bug_reporting_address
finished emit_bug_reporting_address
analyzing dircolors/xmalloc
started running xmalloc
stopped exploration
finished xmalloc
analyzing dircolors/xnmalloc
started running xnmalloc
stopped exploration
finished xnmalloc
removing targets
analyzing dircolors/xcharalloc
started running xcharalloc
stopped exploration
finished xcharalloc
removing targets
analyzing dircolors/xrealloc
started running xrealloc
stopped exploration
finished xrealloc
removing targets
analyzing dircolors/xnrealloc
started running xnrealloc
stopped exploration
finished xnrealloc
removing targets
analyzing dircolors/x2nrealloc
started running x2nrealloc
stopped exploration
finished x2nrealloc
removing targets
analyzing dircolors/x2realloc
started running x2realloc
stopped exploration
finished x2realloc
removing targets
analyzing dircolors/xzalloc
started running xzalloc
finished xzalloc
analyzing dircolors/xcalloc
started running xcalloc
stopped exploration
finished xcalloc
removing targets
analyzing dircolors/xmemdup
started running xmemdup
finished xmemdup
analyzing dircolors/xstrdup
started running xstrdup
finished xstrdup
analyzing dircolors/xalloc_die
started running xalloc_die
stopped exploration
finished xalloc_die
analyzing dircolors/xstrndup
started running xstrndup
finished xstrndup
analyzing dircolors/rpl_fclose
started running rpl_fclose
finished rpl_fclose
analyzing dircolors/rpl_fflush
started running rpl_fflush
finished rpl_fflush
removing targets
analyzing dircolors/rpl_fseeko
started running rpl_fseeko
finished rpl_fseeko
removing targets
analyzing dircolors/rpl_mbrtowc
started running rpl_mbrtowc
finished rpl_mbrtowc
analyzing dircolors/print_and_abort
started running print_and_abort
finished print_and_abort
analyzing dircolors/call_chunkfun
started running call_chunkfun
finished call_chunkfun
removing targets
analyzing dircolors/call_freefun
started running call_freefun
finished call_freefun
removing targets
analyzing dircolors/close_stream
started running close_stream
finished close_stream
analyzing dircolors/hard_locale
started running hard_locale
finished hard_locale
analyzing dircolors/locale_charset
started running locale_charset
finished locale_charset
analyzing dircolors/atexit
started running atexit
finished atexit
removing targets
