dirname have 70 funcs
analyzing dirname/deregister_tm_clones
started running deregister_tm_clones
finished deregister_tm_clones
removing targets
analyzing dirname/register_tm_clones
started running register_tm_clones
finished register_tm_clones
removing targets
analyzing dirname/frame_dummy
started running frame_dummy
finished frame_dummy
removing targets
analyzing dirname/close_stdout_set_file_name
started running close_stdout_set_file_name
finished close_stdout_set_file_name
analyzing dirname/close_stdout_set_ignore_EPIPE
started running close_stdout_set_ignore_EPIPE
finished close_stdout_set_ignore_EPIPE
analyzing dirname/close_stdout
started running close_stdout
stopped exploration
finished close_stdout
analyzing dirname/dir_len
started running dir_len
finished dir_len
analyzing dirname/mdir_name
started running mdir_name
finished mdir_name
analyzing dirname/last_component
started running last_component
finished last_component
removing targets
analyzing dirname/base_len
started running base_len
finished base_len
analyzing dirname/set_program_name
started running set_program_name
finished set_program_name
removing targets
analyzing dirname/gettext_quote.part.1
started running gettext_quote.part.1
finished gettext_quote.part.1
analyzing dirname/quotearg_buffer_restyled
started running quotearg_buffer_restyled
finished quotearg_buffer_restyled
analyzing dirname/quotearg_n_options
started running quotearg_n_options
finished quotearg_n_options
analyzing dirname/clone_quoting_options
started running clone_quoting_options
finished clone_quoting_options
analyzing dirname/get_quoting_style
started running get_quoting_style
finished get_quoting_style
analyzing dirname/set_quoting_style
started running set_quoting_style
finished set_quoting_style
analyzing dirname/set_char_quoting
started running set_char_quoting
finished set_char_quoting
analyzing dirname/set_quoting_flags
started running set_quoting_flags
finished set_quoting_flags
analyzing dirname/set_custom_quoting
started running set_custom_quoting
finished set_custom_quoting
removing targets
analyzing dirname/quotearg_buffer
started running quotearg_buffer
finished quotearg_buffer
analyzing dirname/quotearg_alloc_mem
started running quotearg_alloc_mem
finished quotearg_alloc_mem
analyzing dirname/quotearg_alloc
started running quotearg_alloc
finished quotearg_alloc
removing targets
analyzing dirname/quotearg_free
started running quotearg_free
finished quotearg_free
removing targets
analyzing dirname/quotearg_n
started running quotearg_n
finished quotearg_n
removing targets
analyzing dirname/quotearg_n_mem
started running quotearg_n_mem
finished quotearg_n_mem
removing targets
analyzing dirname/quotearg
started running quotearg
finished quotearg
removing targets
analyzing dirname/quotearg_mem
started running quotearg_mem
finished quotearg_mem
removing targets
analyzing dirname/quotearg_n_style
started running quotearg_n_style
finished quotearg_n_style
removing targets
analyzing dirname/quotearg_n_style_mem
started running quotearg_n_style_mem
finished quotearg_n_style_mem
removing targets
analyzing dirname/quotearg_style
started running quotearg_style
finished quotearg_style
removing targets
analyzing dirname/quotearg_style_mem
started running quotearg_style_mem
finished quotearg_style_mem
removing targets
analyzing dirname/quotearg_char_mem
started running quotearg_char_mem
finished quotearg_char_mem
analyzing dirname/quotearg_char
started running quotearg_char
finished quotearg_char
removing targets
analyzing dirname/quotearg_colon
started running quotearg_colon
finished quotearg_colon
removing targets
analyzing dirname/quotearg_colon_mem
started running quotearg_colon_mem
finished quotearg_colon_mem
removing targets
analyzing dirname/quotearg_n_style_colon
started running quotearg_n_style_colon
finished quotearg_n_style_colon
removing targets
analyzing dirname/quotearg_n_custom_mem
started running quotearg_n_custom_mem
finished quotearg_n_custom_mem
removing targets
analyzing dirname/quotearg_n_custom
started running quotearg_n_custom
finished quotearg_n_custom
removing targets
analyzing dirname/quotearg_custom
started running quotearg_custom
finished quotearg_custom
removing targets
analyzing dirname/quotearg_custom_mem
started running quotearg_custom_mem
finished quotearg_custom_mem
removing targets
analyzing dirname/quote_n_mem
started running quote_n_mem
finished quote_n_mem
removing targets
analyzing dirname/quote_mem
started running quote_mem
finished quote_mem
removing targets
analyzing dirname/quote_n
started running quote_n
finished quote_n
removing targets
analyzing dirname/quote
started running quote
finished quote
removing targets
analyzing dirname/version_etc_arn
started running version_etc_arn
finished version_etc_arn
removing targets
analyzing dirname/version_etc_ar
started running version_etc_ar
finished version_etc_ar
removing targets
analyzing dirname/version_etc_va
started running version_etc_va
finished version_etc_va
removing targets
analyzing dirname/version_etc
started running version_etc
finished version_etc
removing targets
analyzing dirname/emit_bug_reporting_address
started running emit_bug_reporting_address
finished emit_bug_reporting_address
analyzing dirname/xmalloc
started running xmalloc
stopped exploration
finished xmalloc
analyzing dirname/xnmalloc
started running xnmalloc
stopped exploration
finished xnmalloc
removing targets
analyzing dirname/xcharalloc
started running xcharalloc
stopped exploration
finished xcharalloc
removing targets
analyzing dirname/xrealloc
started running xrealloc
stopped exploration
finished xrealloc
removing targets
analyzing dirname/xnrealloc
started running xnrealloc
stopped exploration
finished xnrealloc
removing targets
analyzing dirname/x2nrealloc
started running x2nrealloc
stopped exploration
finished x2nrealloc
removing targets
analyzing dirname/x2realloc
started running x2realloc
stopped exploration
finished x2realloc
removing targets
analyzing dirname/xzalloc
started running xzalloc
finished xzalloc
analyzing dirname/xcalloc
started running xcalloc
stopped exploration
finished xcalloc
removing targets
analyzing dirname/xmemdup
started running xmemdup
finished xmemdup
analyzing dirname/xstrdup
started running xstrdup
finished xstrdup
analyzing dirname/xalloc_die
started running xalloc_die
finished xalloc_die
analyzing dirname/rpl_mbrtowc
started running rpl_mbrtowc
finished rpl_mbrtowc
analyzing dirname/close_stream
started running close_stream
finished close_stream
analyzing dirname/hard_locale
started running hard_locale
finished hard_locale
analyzing dirname/locale_charset
started running locale_charset
finished locale_charset
analyzing dirname/rpl_fclose
started running rpl_fclose
finished rpl_fclose
analyzing dirname/rpl_fflush
started running rpl_fflush
finished rpl_fflush
removing targets
analyzing dirname/rpl_fseeko
started running rpl_fseeko
finished rpl_fseeko
removing targets
analyzing dirname/atexit
started running atexit
finished atexit
removing targets
