echo have 67 funcs
analyzing echo/deregister_tm_clones
started running deregister_tm_clones
finished deregister_tm_clones
removing targets
analyzing echo/register_tm_clones
started running register_tm_clones
finished register_tm_clones
removing targets
analyzing echo/frame_dummy
started running frame_dummy
finished frame_dummy
removing targets
analyzing echo/hextobin
started running hextobin
finished hextobin
removing targets
analyzing echo/close_stdout_set_file_name
started running close_stdout_set_file_name
finished close_stdout_set_file_name
analyzing echo/close_stdout_set_ignore_EPIPE
started running close_stdout_set_ignore_EPIPE
finished close_stdout_set_ignore_EPIPE
analyzing echo/close_stdout
started running close_stdout
stopped exploration
finished close_stdout
analyzing echo/set_program_name
started running set_program_name
finished set_program_name
removing targets
analyzing echo/gettext_quote.part.1
started running gettext_quote.part.1
finished gettext_quote.part.1
analyzing echo/quotearg_buffer_restyled
started running quotearg_buffer_restyled
finished quotearg_buffer_restyled
analyzing echo/quotearg_n_options
started running quotearg_n_options
finished quotearg_n_options
analyzing echo/clone_quoting_options
started running clone_quoting_options
finished clone_quoting_options
analyzing echo/get_quoting_style
started running get_quoting_style
finished get_quoting_style
analyzing echo/set_quoting_style
started running set_quoting_style
finished set_quoting_style
analyzing echo/set_char_quoting
started running set_char_quoting
finished set_char_quoting
analyzing echo/set_quoting_flags
started running set_quoting_flags
finished set_quoting_flags
analyzing echo/set_custom_quoting
started running set_custom_quoting
finished set_custom_quoting
removing targets
analyzing echo/quotearg_buffer
started running quotearg_buffer
finished quotearg_buffer
analyzing echo/quotearg_alloc_mem
started running quotearg_alloc_mem
finished quotearg_alloc_mem
analyzing echo/quotearg_alloc
started running quotearg_alloc
finished quotearg_alloc
removing targets
analyzing echo/quotearg_free
started running quotearg_free
finished quotearg_free
removing targets
analyzing echo/quotearg_n
started running quotearg_n
finished quotearg_n
removing targets
analyzing echo/quotearg_n_mem
started running quotearg_n_mem
finished quotearg_n_mem
removing targets
analyzing echo/quotearg
started running quotearg
finished quotearg
removing targets
analyzing echo/quotearg_mem
started running quotearg_mem
finished quotearg_mem
removing targets
analyzing echo/quotearg_n_style
started running quotearg_n_style
finished quotearg_n_style
removing targets
analyzing echo/quotearg_n_style_mem
started running quotearg_n_style_mem
finished quotearg_n_style_mem
removing targets
analyzing echo/quotearg_style
started running quotearg_style
finished quotearg_style
removing targets
analyzing echo/quotearg_style_mem
started running quotearg_style_mem
finished quotearg_style_mem
removing targets
analyzing echo/quotearg_char_mem
started running quotearg_char_mem
finished quotearg_char_mem
analyzing echo/quotearg_char
started running quotearg_char
finished quotearg_char
removing targets
analyzing echo/quotearg_colon
started running quotearg_colon
finished quotearg_colon
removing targets
analyzing echo/quotearg_colon_mem
started running quotearg_colon_mem
finished quotearg_colon_mem
removing targets
analyzing echo/quotearg_n_style_colon
started running quotearg_n_style_colon
finished quotearg_n_style_colon
removing targets
analyzing echo/quotearg_n_custom_mem
started running quotearg_n_custom_mem
finished quotearg_n_custom_mem
removing targets
analyzing echo/quotearg_n_custom
started running quotearg_n_custom
finished quotearg_n_custom
removing targets
analyzing echo/quotearg_custom
started running quotearg_custom
finished quotearg_custom
removing targets
analyzing echo/quotearg_custom_mem
started running quotearg_custom_mem
finished quotearg_custom_mem
removing targets
analyzing echo/quote_n_mem
started running quote_n_mem
finished quote_n_mem
removing targets
analyzing echo/quote_mem
started running quote_mem
finished quote_mem
removing targets
analyzing echo/quote_n
started running quote_n
finished quote_n
removing targets
analyzing echo/quote
started running quote
finished quote
removing targets
analyzing echo/version_etc_arn
started running version_etc_arn
finished version_etc_arn
removing targets
analyzing echo/version_etc_ar
started running version_etc_ar
finished version_etc_ar
removing targets
analyzing echo/version_etc_va
started running version_etc_va
finished version_etc_va
removing targets
analyzing echo/version_etc
started running version_etc
finished version_etc
removing targets
analyzing echo/emit_bug_reporting_address
started running emit_bug_reporting_address
finished emit_bug_reporting_address
analyzing echo/xmalloc
started running xmalloc
stopped exploration
finished xmalloc
analyzing echo/xnmalloc
started running xnmalloc
stopped exploration
finished xnmalloc
removing targets
analyzing echo/xcharalloc
started running xcharalloc
stopped exploration
finished xcharalloc
removing targets
analyzing echo/xrealloc
started running xrealloc
stopped exploration
finished xrealloc
removing targets
analyzing echo/xnrealloc
started running xnrealloc
stopped exploration
finished xnrealloc
removing targets
analyzing echo/x2nrealloc
started running x2nrealloc
stopped exploration
finished x2nrealloc
removing targets
analyzing echo/x2realloc
started running x2realloc
stopped exploration
finished x2realloc
removing targets
analyzing echo/xzalloc
started running xzalloc
finished xzalloc
analyzing echo/xcalloc
started running xcalloc
stopped exploration
finished xcalloc
removing targets
analyzing echo/xmemdup
started running xmemdup
finished xmemdup
analyzing echo/xstrdup
started running xstrdup
finished xstrdup
analyzing echo/xalloc_die
started running xalloc_die
finished xalloc_die
analyzing echo/rpl_mbrtowc
started running rpl_mbrtowc
finished rpl_mbrtowc
analyzing echo/close_stream
started running close_stream
finished close_stream
analyzing echo/hard_locale
started running hard_locale
finished hard_locale
analyzing echo/locale_charset
started running locale_charset
finished locale_charset
analyzing echo/rpl_fclose
started running rpl_fclose
finished rpl_fclose
analyzing echo/rpl_fflush
started running rpl_fflush
finished rpl_fflush
removing targets
analyzing echo/rpl_fseeko
started running rpl_fseeko
finished rpl_fseeko
removing targets
analyzing echo/atexit
started running atexit
finished atexit
removing targets
