env have 73 funcs
analyzing env/deregister_tm_clones
started running deregister_tm_clones
finished deregister_tm_clones
removing targets
analyzing env/register_tm_clones
started running register_tm_clones
finished register_tm_clones
removing targets
analyzing env/frame_dummy
started running frame_dummy
finished frame_dummy
removing targets
analyzing env/extract_varname
started running extract_varname
finished extract_varname
removing targets
analyzing env/list_signal_handling
started running list_signal_handling
finished list_signal_handling
analyzing env/parse_signal_action_params
started running parse_signal_action_params
finished parse_signal_action_params
removing targets
analyzing env/parse_block_signal_params
started running parse_block_signal_params
finished parse_block_signal_params
removing targets
analyzing env/operand2sig
started running operand2sig
finished operand2sig
removing targets
analyzing env/close_stdout_set_file_name
started running close_stdout_set_file_name
finished close_stdout_set_file_name
analyzing env/close_stdout_set_ignore_EPIPE
started running close_stdout_set_ignore_EPIPE
finished close_stdout_set_ignore_EPIPE
analyzing env/close_stdout
started running close_stdout
stopped exploration
finished close_stdout
analyzing env/set_program_name
started running set_program_name
finished set_program_name
removing targets
analyzing env/gettext_quote.part.1
started running gettext_quote.part.1
finished gettext_quote.part.1
analyzing env/quotearg_buffer_restyled
started running quotearg_buffer_restyled
finished quotearg_buffer_restyled
analyzing env/quotearg_n_options
started running quotearg_n_options
finished quotearg_n_options
analyzing env/clone_quoting_options
started running clone_quoting_options
finished clone_quoting_options
analyzing env/get_quoting_style
started running get_quoting_style
finished get_quoting_style
analyzing env/set_quoting_style
started running set_quoting_style
finished set_quoting_style
analyzing env/set_char_quoting
started running set_char_quoting
finished set_char_quoting
analyzing env/set_quoting_flags
started running set_quoting_flags
finished set_quoting_flags
analyzing env/set_custom_quoting
started running set_custom_quoting
finished set_custom_quoting
removing targets
analyzing env/quotearg_buffer
started running quotearg_buffer
finished quotearg_buffer
analyzing env/quotearg_alloc_mem
started running quotearg_alloc_mem
finished quotearg_alloc_mem
analyzing env/quotearg_alloc
started running quotearg_alloc
finished quotearg_alloc
removing targets
analyzing env/quotearg_free
started running quotearg_free
finished quotearg_free
removing targets
analyzing env/quotearg_n
started running quotearg_n
finished quotearg_n
removing targets
analyzing env/quotearg_n_mem
started running quotearg_n_mem
finished quotearg_n_mem
removing targets
analyzing env/quotearg
started running quotearg
finished quotearg
removing targets
analyzing env/quotearg_mem
started running quotearg_mem
finished quotearg_mem
removing targets
analyzing env/quotearg_n_style
started running quotearg_n_style
finished quotearg_n_style
removing targets
analyzing env/quotearg_n_style_mem
started running quotearg_n_style_mem
finished quotearg_n_style_mem
removing targets
analyzing env/quotearg_style
started running quotearg_style
finished quotearg_style
removing targets
analyzing env/quotearg_style_mem
started running quotearg_style_mem
finished quotearg_style_mem
removing targets
analyzing env/quotearg_char_mem
started running quotearg_char_mem
finished quotearg_char_mem
analyzing env/quotearg_char
started running quotearg_char
finished quotearg_char
removing targets
analyzing env/quotearg_colon
started running quotearg_colon
finished quotearg_colon
removing targets
analyzing env/quotearg_colon_mem
started running quotearg_colon_mem
finished quotearg_colon_mem
removing targets
analyzing env/quotearg_n_style_colon
started running quotearg_n_style_colon
finished quotearg_n_style_colon
removing targets
analyzing env/quotearg_n_custom_mem
started running quotearg_n_custom_mem
finished quotearg_n_custom_mem
removing targets
analyzing env/quotearg_n_custom
started running quotearg_n_custom
finished quotearg_n_custom
removing targets
analyzing env/quotearg_custom
started running quotearg_custom
finished quotearg_custom
removing targets
analyzing env/quotearg_custom_mem
started running quotearg_custom_mem
finished quotearg_custom_mem
removing targets
analyzing env/quote_n_mem
started running quote_n_mem
finished quote_n_mem
removing targets
analyzing env/quote_mem
started running quote_mem
finished quote_mem
removing targets
analyzing env/quote_n
started running quote_n
finished quote_n
removing targets
analyzing env/quote
started running quote
finished quote
removing targets
analyzing env/version_etc_arn
started running version_etc_arn
finished version_etc_arn
removing targets
analyzing env/version_etc_ar
started running version_etc_ar
finished version_etc_ar
removing targets
analyzing env/version_etc_va
started running version_etc_va
finished version_etc_va
removing targets
analyzing env/version_etc
started running version_etc
finished version_etc
removing targets
analyzing env/emit_bug_reporting_address
started running emit_bug_reporting_address
finished emit_bug_reporting_address
analyzing env/xmalloc
started running xmalloc
stopped exploration
finished xmalloc
analyzing env/xnmalloc
started running xnmalloc
stopped exploration
finished xnmalloc
removing targets
analyzing env/xcharalloc
started running xcharalloc
stopped exploration
finished xcharalloc
removing targets
analyzing env/xrealloc
started running xrealloc
stopped exploration
finished xrealloc
removing targets
analyzing env/xnrealloc
started running xnrealloc
stopped exploration
finished xnrealloc
removing targets
analyzing env/x2nrealloc
started running x2nrealloc
stopped exploration
finished x2nrealloc
removing targets
analyzing env/x2realloc
started running x2realloc
stopped exploration
finished x2realloc
removing targets
analyzing env/xzalloc
started running xzalloc
finished xzalloc
analyzing env/xcalloc
started running xcalloc
finished xcalloc
removing targets
analyzing env/xmemdup
started running xmemdup
finished xmemdup
analyzing env/xstrdup
started running xstrdup
finished xstrdup
analyzing env/xalloc_die
started running xalloc_die
finished xalloc_die
analyzing env/rpl_mbrtowc
started running rpl_mbrtowc
finished rpl_mbrtowc
analyzing env/str2sig
started running str2sig
finished str2sig
removing targets
analyzing env/sig2str
started running sig2str
finished sig2str
removing targets
analyzing env/close_stream
started running close_stream
finished close_stream
analyzing env/hard_locale
started running hard_locale
finished hard_locale
analyzing env/locale_charset
started running locale_charset
finished locale_charset
analyzing env/rpl_fclose
started running rpl_fclose
finished rpl_fclose
analyzing env/rpl_fflush
started running rpl_fflush
finished rpl_fflush
removing targets
analyzing env/rpl_fseeko
started running rpl_fseeko
finished rpl_fseeko
removing targets
analyzing env/atexit
started running atexit
finished atexit
removing targets
