fmt have 82 funcs
analyzing fmt/deregister_tm_clones
started running deregister_tm_clones
finished deregister_tm_clones
removing targets
analyzing fmt/register_tm_clones
started running register_tm_clones
finished register_tm_clones
removing targets
analyzing fmt/frame_dummy
started running frame_dummy
finished frame_dummy
removing targets
analyzing fmt/fmt_paragraph
started running fmt_paragraph
stopped exploration
finished fmt_paragraph
removing targets
analyzing fmt/get_space
started running get_space
finished get_space
removing targets
analyzing fmt/get_prefix
started running get_prefix
finished get_prefix
removing targets
analyzing fmt/put_space
started running put_space
finished put_space
removing targets
analyzing fmt/set_other_indent
started running set_other_indent
finished set_other_indent
removing targets
analyzing fmt/put_word.isra.1
started running put_word.isra.1
finished put_word.isra.1
removing targets
analyzing fmt/put_line
started running put_line
finished put_line
analyzing fmt/put_paragraph
started running put_paragraph
finished put_paragraph
analyzing fmt/flush_paragraph
started running flush_paragraph
finished flush_paragraph
removing targets
analyzing fmt/get_line
started running get_line
stopped exploration
finished get_line
analyzing fmt/fmt
started running fmt
finished fmt
analyzing fmt/close_stdout_set_file_name
started running close_stdout_set_file_name
finished close_stdout_set_file_name
analyzing fmt/close_stdout_set_ignore_EPIPE
started running close_stdout_set_ignore_EPIPE
finished close_stdout_set_ignore_EPIPE
analyzing fmt/close_stdout
started running close_stdout
stopped exploration
finished close_stdout
analyzing fmt/fdadvise
started running fdadvise
finished fdadvise
removing targets
analyzing fmt/fadvise
started running fadvise
finished fadvise
removing targets
analyzing fmt/set_program_name
started running set_program_name
finished set_program_name
removing targets
analyzing fmt/gettext_quote.part.1
started running gettext_quote.part.1
finished gettext_quote.part.1
analyzing fmt/quotearg_buffer_restyled
started running quotearg_buffer_restyled
finished quotearg_buffer_restyled
analyzing fmt/quotearg_n_options
started running quotearg_n_options
finished quotearg_n_options
analyzing fmt/clone_quoting_options
started running clone_quoting_options
finished clone_quoting_options
analyzing fmt/get_quoting_style
started running get_quoting_style
finished get_quoting_style
analyzing fmt/set_quoting_style
started running set_quoting_style
finished set_quoting_style
analyzing fmt/set_char_quoting
started running set_char_quoting
finished set_char_quoting
analyzing fmt/set_quoting_flags
started running set_quoting_flags
finished set_quoting_flags
analyzing fmt/set_custom_quoting
started running set_custom_quoting
finished set_custom_quoting
removing targets
analyzing fmt/quotearg_buffer
started running quotearg_buffer
finished quotearg_buffer
analyzing fmt/quotearg_alloc_mem
started running quotearg_alloc_mem
finished quotearg_alloc_mem
analyzing fmt/quotearg_alloc
started running quotearg_alloc
finished quotearg_alloc
removing targets
analyzing fmt/quotearg_free
started running quotearg_free
finished quotearg_free
removing targets
analyzing fmt/quotearg_n
started running quotearg_n
finished quotearg_n
removing targets
analyzing fmt/quotearg_n_mem
started running quotearg_n_mem
finished quotearg_n_mem
removing targets
analyzing fmt/quotearg
started running quotearg
finished quotearg
removing targets
analyzing fmt/quotearg_mem
started running quotearg_mem
finished quotearg_mem
removing targets
analyzing fmt/quotearg_n_style
started running quotearg_n_style
finished quotearg_n_style
removing targets
analyzing fmt/quotearg_n_style_mem
started running quotearg_n_style_mem
finished quotearg_n_style_mem
removing targets
analyzing fmt/quotearg_style
started running quotearg_style
finished quotearg_style
removing targets
analyzing fmt/quotearg_style_mem
started running quotearg_style_mem
finished quotearg_style_mem
removing targets
analyzing fmt/quotearg_char_mem
started running quotearg_char_mem
finished quotearg_char_mem
analyzing fmt/quotearg_char
started running quotearg_char
finished quotearg_char
removing targets
analyzing fmt/quotearg_colon
started running quotearg_colon
finished quotearg_colon
removing targets
analyzing fmt/quotearg_colon_mem
started running quotearg_colon_mem
finished quotearg_colon_mem
removing targets
analyzing fmt/quotearg_n_style_colon
started running quotearg_n_style_colon
finished quotearg_n_style_colon
removing targets
analyzing fmt/quotearg_n_custom_mem
started running quotearg_n_custom_mem
finished quotearg_n_custom_mem
removing targets
analyzing fmt/quotearg_n_custom
started running quotearg_n_custom
finished quotearg_n_custom
removing targets
analyzing fmt/quotearg_custom
started running quotearg_custom
finished quotearg_custom
removing targets
analyzing fmt/quotearg_custom_mem
started running quotearg_custom_mem
finished quotearg_custom_mem
removing targets
analyzing fmt/quote_n_mem
started running quote_n_mem
finished quote_n_mem
removing targets
analyzing fmt/quote_mem
started running quote_mem
finished quote_mem
removing targets
analyzing fmt/quote_n
started running quote_n
finished quote_n
removing targets
analyzing fmt/quote
started running quote
finished quote
removing targets
analyzing fmt/version_etc_arn
started running version_etc_arn
finished version_etc_arn
removing targets
analyzing fmt/version_etc_ar
started running version_etc_ar
finished version_etc_ar
removing targets
analyzing fmt/version_etc_va
started running version_etc_va
finished version_etc_va
removing targets
analyzing fmt/version_etc
started running version_etc
finished version_etc
removing targets
analyzing fmt/emit_bug_reporting_address
started running emit_bug_reporting_address
finished emit_bug_reporting_address
analyzing fmt/xmalloc
started running xmalloc
stopped exploration
finished xmalloc
analyzing fmt/xnmalloc
started running xnmalloc
stopped exploration
finished xnmalloc
removing targets
analyzing fmt/xcharalloc
started running xcharalloc
stopped exploration
finished xcharalloc
removing targets
analyzing fmt/xrealloc
started running xrealloc
stopped exploration
finished xrealloc
removing targets
analyzing fmt/xnrealloc
started running xnrealloc
stopped exploration
finished xnrealloc
removing targets
analyzing fmt/x2nrealloc
started running x2nrealloc
stopped exploration
finished x2nrealloc
removing targets
analyzing fmt/x2realloc
started running x2realloc
stopped exploration
finished x2realloc
removing targets
analyzing fmt/xzalloc
started running xzalloc
finished xzalloc
analyzing fmt/xcalloc
started running xcalloc
stopped exploration
finished xcalloc
removing targets
analyzing fmt/xmemdup
started running xmemdup
finished xmemdup
analyzing fmt/xstrdup
started running xstrdup
finished xstrdup
analyzing fmt/xalloc_die
started running xalloc_die
finished xalloc_die
analyzing fmt/xnumtoumax
started running xnumtoumax
finished xnumtoumax
analyzing fmt/xdectoumax
started running xdectoumax
finished xdectoumax
analyzing fmt/xstrtoumax
started running xstrtoumax
finished xstrtoumax
removing targets
analyzing fmt/rpl_fclose
started running rpl_fclose
finished rpl_fclose
analyzing fmt/rpl_fflush
started running rpl_fflush
finished rpl_fflush
removing targets
analyzing fmt/rpl_fseeko
started running rpl_fseeko
finished rpl_fseeko
removing targets
analyzing fmt/rpl_mbrtowc
started running rpl_mbrtowc
finished rpl_mbrtowc
analyzing fmt/close_stream
started running close_stream
finished close_stream
analyzing fmt/hard_locale
started running hard_locale
finished hard_locale
analyzing fmt/locale_charset
started running locale_charset
finished locale_charset
analyzing fmt/atexit
started running atexit
finished atexit
removing targets
