fold have 73 funcs
analyzing fold/deregister_tm_clones
started running deregister_tm_clones
finished deregister_tm_clones
removing targets
analyzing fold/register_tm_clones
started running register_tm_clones
finished register_tm_clones
removing targets
analyzing fold/frame_dummy
started running frame_dummy
finished frame_dummy
removing targets
analyzing fold/adjust_column
started running adjust_column
finished adjust_column
removing targets
analyzing fold/fold_file
started running fold_file
stopped exploration
finished fold_file
analyzing fold/close_stdout_set_file_name
started running close_stdout_set_file_name
finished close_stdout_set_file_name
analyzing fold/close_stdout_set_ignore_EPIPE
started running close_stdout_set_ignore_EPIPE
finished close_stdout_set_ignore_EPIPE
analyzing fold/close_stdout
started running close_stdout
stopped exploration
finished close_stdout
analyzing fold/fdadvise
started running fdadvise
finished fdadvise
removing targets
analyzing fold/fadvise
started running fadvise
finished fadvise
removing targets
analyzing fold/set_program_name
started running set_program_name
finished set_program_name
removing targets
analyzing fold/gettext_quote.part.1
started running gettext_quote.part.1
finished gettext_quote.part.1
analyzing fold/quotearg_buffer_restyled
started running quotearg_buffer_restyled
finished quotearg_buffer_restyled
analyzing fold/quotearg_n_options
started running quotearg_n_options
finished quotearg_n_options
analyzing fold/clone_quoting_options
started running clone_quoting_options
finished clone_quoting_options
analyzing fold/get_quoting_style
started running get_quoting_style
finished get_quoting_style
analyzing fold/set_quoting_style
started running set_quoting_style
finished set_quoting_style
analyzing fold/set_char_quoting
started running set_char_quoting
finished set_char_quoting
analyzing fold/set_quoting_flags
started running set_quoting_flags
finished set_quoting_flags
analyzing fold/set_custom_quoting
started running set_custom_quoting
finished set_custom_quoting
removing targets
analyzing fold/quotearg_buffer
started running quotearg_buffer
finished quotearg_buffer
analyzing fold/quotearg_alloc_mem
started running quotearg_alloc_mem
finished quotearg_alloc_mem
analyzing fold/quotearg_alloc
started running quotearg_alloc
finished quotearg_alloc
removing targets
analyzing fold/quotearg_free
started running quotearg_free
finished quotearg_free
removing targets
analyzing fold/quotearg_n
started running quotearg_n
finished quotearg_n
removing targets
analyzing fold/quotearg_n_mem
started running quotearg_n_mem
finished quotearg_n_mem
removing targets
analyzing fold/quotearg
started running quotearg
finished quotearg
removing targets
analyzing fold/quotearg_mem
started running quotearg_mem
finished quotearg_mem
removing targets
analyzing fold/quotearg_n_style
started running quotearg_n_style
finished quotearg_n_style
removing targets
analyzing fold/quotearg_n_style_mem
started running quotearg_n_style_mem
finished quotearg_n_style_mem
removing targets
analyzing fold/quotearg_style
started running quotearg_style
finished quotearg_style
removing targets
analyzing fold/quotearg_style_mem
started running quotearg_style_mem
finished quotearg_style_mem
removing targets
analyzing fold/quotearg_char_mem
started running quotearg_char_mem
finished quotearg_char_mem
analyzing fold/quotearg_char
started running quotearg_char
finished quotearg_char
removing targets
analyzing fold/quotearg_colon
started running quotearg_colon
finished quotearg_colon
removing targets
analyzing fold/quotearg_colon_mem
started running quotearg_colon_mem
finished quotearg_colon_mem
removing targets
analyzing fold/quotearg_n_style_colon
started running quotearg_n_style_colon
finished quotearg_n_style_colon
removing targets
analyzing fold/quotearg_n_custom_mem
started running quotearg_n_custom_mem
finished quotearg_n_custom_mem
removing targets
analyzing fold/quotearg_n_custom
started running quotearg_n_custom
finished quotearg_n_custom
removing targets
analyzing fold/quotearg_custom
started running quotearg_custom
finished quotearg_custom
removing targets
analyzing fold/quotearg_custom_mem
started running quotearg_custom_mem
finished quotearg_custom_mem
removing targets
analyzing fold/quote_n_mem
started running quote_n_mem
finished quote_n_mem
removing targets
analyzing fold/quote_mem
started running quote_mem
finished quote_mem
removing targets
analyzing fold/quote_n
started running quote_n
finished quote_n
removing targets
analyzing fold/quote
started running quote
finished quote
removing targets
analyzing fold/version_etc_arn
started running version_etc_arn
finished version_etc_arn
removing targets
analyzing fold/version_etc_ar
started running version_etc_ar
finished version_etc_ar
removing targets
analyzing fold/version_etc_va
started running version_etc_va
finished version_etc_va
removing targets
analyzing fold/version_etc
started running version_etc
finished version_etc
removing targets
analyzing fold/emit_bug_reporting_address
started running emit_bug_reporting_address
finished emit_bug_reporting_address
analyzing fold/xmalloc
started running xmalloc
stopped exploration
finished xmalloc
analyzing fold/xnmalloc
started running xnmalloc
stopped exploration
finished xnmalloc
removing targets
analyzing fold/xcharalloc
started running xcharalloc
stopped exploration
finished xcharalloc
removing targets
analyzing fold/xrealloc
started running xrealloc
stopped exploration
finished xrealloc
removing targets
analyzing fold/xnrealloc
started running xnrealloc
stopped exploration
finished xnrealloc
removing targets
analyzing fold/x2nrealloc
started running x2nrealloc
stopped exploration
finished x2nrealloc
removing targets
analyzing fold/x2realloc
started running x2realloc
stopped exploration
finished x2realloc
removing targets
analyzing fold/xzalloc
started running xzalloc
finished xzalloc
analyzing fold/xcalloc
started running xcalloc
stopped exploration
finished xcalloc
removing targets
analyzing fold/xmemdup
started running xmemdup
analyzing fold/xstrdup
started running xstrdup
analyzing fold/xalloc_die
started running xalloc_die
finished xalloc_die
analyzing fold/xnumtoumax
started running xnumtoumax
finished xnumtoumax
analyzing fold/xdectoumax
started running xdectoumax
finished xdectoumax
analyzing fold/xstrtoumax
started running xstrtoumax
finished xstrtoumax
removing targets
analyzing fold/rpl_fclose
started running rpl_fclose
finished rpl_fclose
analyzing fold/rpl_fflush
started running rpl_fflush
finished rpl_fflush
removing targets
analyzing fold/rpl_fseeko
started running rpl_fseeko
analyzing fold/rpl_mbrtowc
started running rpl_mbrtowc
finished rpl_mbrtowc
analyzing fold/close_stream
started running close_stream
analyzing fold/hard_locale
started running hard_locale
finished hard_locale
analyzing fold/locale_charset
started running locale_charset
finished locale_charset
analyzing fold/atexit
started running atexit
finished atexit
removing targets
