id have 76 funcs
analyzing id/deregister_tm_clones
started running deregister_tm_clones
finished deregister_tm_clones
removing targets
analyzing id/register_tm_clones
started running register_tm_clones
finished register_tm_clones
removing targets
analyzing id/frame_dummy
started running frame_dummy
finished frame_dummy
removing targets
analyzing id/print_stuff
started running print_stuff
finished print_stuff
removing targets
analyzing id/print_group
started running print_group
finished print_group
removing targets
analyzing id/print_group_list
started running print_group_list
finished print_group_list
removing targets
analyzing id/close_stdout_set_file_name
started running close_stdout_set_file_name
finished close_stdout_set_file_name
analyzing id/close_stdout_set_ignore_EPIPE
started running close_stdout_set_ignore_EPIPE
finished close_stdout_set_ignore_EPIPE
analyzing id/close_stdout
started running close_stdout
stopped exploration
finished close_stdout
analyzing id/umaxtostr
started running umaxtostr
finished umaxtostr
removing targets
analyzing id/set_program_name
started running set_program_name
finished set_program_name
removing targets
analyzing id/gettext_quote.part.1
started running gettext_quote.part.1
finished gettext_quote.part.1
analyzing id/quotearg_buffer_restyled
started running quotearg_buffer_restyled
finished quotearg_buffer_restyled
analyzing id/quotearg_n_options
started running quotearg_n_options
finished quotearg_n_options
analyzing id/clone_quoting_options
started running clone_quoting_options
finished clone_quoting_options
analyzing id/get_quoting_style
started running get_quoting_style
finished get_quoting_style
analyzing id/set_quoting_style
started running set_quoting_style
finished set_quoting_style
analyzing id/set_char_quoting
started running set_char_quoting
finished set_char_quoting
analyzing id/set_quoting_flags
started running set_quoting_flags
finished set_quoting_flags
analyzing id/set_custom_quoting
started running set_custom_quoting
finished set_custom_quoting
removing targets
analyzing id/quotearg_buffer
started running quotearg_buffer
finished quotearg_buffer
analyzing id/quotearg_alloc_mem
started running quotearg_alloc_mem
finished quotearg_alloc_mem
analyzing id/quotearg_alloc
started running quotearg_alloc
finished quotearg_alloc
removing targets
analyzing id/quotearg_free
started running quotearg_free
finished quotearg_free
removing targets
analyzing id/quotearg_n
started running quotearg_n
finished quotearg_n
removing targets
analyzing id/quotearg_n_mem
started running quotearg_n_mem
finished quotearg_n_mem
removing targets
analyzing id/quotearg
started running quotearg
finished quotearg
removing targets
analyzing id/quotearg_mem
started running quotearg_mem
finished quotearg_mem
removing targets
analyzing id/quotearg_n_style
started running quotearg_n_style
finished quotearg_n_style
removing targets
analyzing id/quotearg_n_style_mem
started running quotearg_n_style_mem
finished quotearg_n_style_mem
removing targets
analyzing id/quotearg_style
started running quotearg_style
finished quotearg_style
removing targets
analyzing id/quotearg_style_mem
started running quotearg_style_mem
finished quotearg_style_mem
removing targets
analyzing id/quotearg_char_mem
started running quotearg_char_mem
finished quotearg_char_mem
analyzing id/quotearg_char
started running quotearg_char
finished quotearg_char
removing targets
analyzing id/quotearg_colon
started running quotearg_colon
finished quotearg_colon
removing targets
analyzing id/quotearg_colon_mem
started running quotearg_colon_mem
finished quotearg_colon_mem
removing targets
analyzing id/quotearg_n_style_colon
started running quotearg_n_style_colon
finished quotearg_n_style_colon
removing targets
analyzing id/quotearg_n_custom_mem
started running quotearg_n_custom_mem
finished quotearg_n_custom_mem
removing targets
analyzing id/quotearg_n_custom
started running quotearg_n_custom
finished quotearg_n_custom
removing targets
analyzing id/quotearg_custom
started running quotearg_custom
finished quotearg_custom
removing targets
analyzing id/quotearg_custom_mem
started running quotearg_custom_mem
finished quotearg_custom_mem
removing targets
analyzing id/quote_n_mem
started running quote_n_mem
finished quote_n_mem
removing targets
analyzing id/quote_mem
started running quote_mem
finished quote_mem
removing targets
analyzing id/quote_n
started running quote_n
finished quote_n
removing targets
analyzing id/quote
started running quote
finished quote
removing targets
analyzing id/parse_with_separator
started running parse_with_separator
finished parse_with_separator
removing targets
analyzing id/parse_user_spec
started running parse_user_spec
finished parse_user_spec
removing targets
analyzing id/version_etc_arn
started running version_etc_arn
finished version_etc_arn
removing targets
analyzing id/version_etc_ar
started running version_etc_ar
finished version_etc_ar
removing targets
analyzing id/version_etc_va
started running version_etc_va
finished version_etc_va
removing targets
analyzing id/version_etc
started running version_etc
finished version_etc
removing targets
analyzing id/emit_bug_reporting_address
started running emit_bug_reporting_address
finished emit_bug_reporting_address
analyzing id/xmalloc
started running xmalloc
stopped exploration
finished xmalloc
analyzing id/xnmalloc
started running xnmalloc
stopped exploration
finished xnmalloc
removing targets
analyzing id/xcharalloc
started running xcharalloc
stopped exploration
finished xcharalloc
removing targets
analyzing id/xrealloc
started running xrealloc
stopped exploration
finished xrealloc
removing targets
analyzing id/xnrealloc
started running xnrealloc
stopped exploration
finished xnrealloc
removing targets
analyzing id/x2nrealloc
started running x2nrealloc
stopped exploration
finished x2nrealloc
removing targets
analyzing id/x2realloc
started running x2realloc
stopped exploration
finished x2realloc
removing targets
analyzing id/xzalloc
started running xzalloc
finished xzalloc
analyzing id/xcalloc
started running xcalloc
stopped exploration
finished xcalloc
removing targets
analyzing id/xmemdup
started running xmemdup
finished xmemdup
analyzing id/xstrdup
started running xstrdup
finished xstrdup
analyzing id/xalloc_die
started running xalloc_die
finished xalloc_die
analyzing id/xgetgroups
started running xgetgroups
finished xgetgroups
analyzing id/xstrtoul
started running xstrtoul
stopped exploration
finished xstrtoul
removing targets
analyzing id/rpl_mbrtowc
started running rpl_mbrtowc
finished rpl_mbrtowc
analyzing id/close_stream
started running close_stream
finished close_stream
analyzing id/hard_locale
started running hard_locale
finished hard_locale
analyzing id/locale_charset
started running locale_charset
finished locale_charset
analyzing id/realloc_groupbuf
started running realloc_groupbuf
finished realloc_groupbuf
removing targets
analyzing id/mgetgroups
started running mgetgroups
finished mgetgroups
removing targets
analyzing id/rpl_fclose
started running rpl_fclose
finished rpl_fclose
analyzing id/rpl_fflush
started running rpl_fflush
finished rpl_fflush
removing targets
analyzing id/rpl_fseeko
started running rpl_fseeko
finished rpl_fseeko
removing targets
analyzing id/atexit
started running atexit
finished atexit
removing targets
