kill have 69 funcs
analyzing kill/deregister_tm_clones
started running deregister_tm_clones
finished deregister_tm_clones
removing targets
analyzing kill/register_tm_clones
started running register_tm_clones
finished register_tm_clones
removing targets
analyzing kill/frame_dummy
started running frame_dummy
finished frame_dummy
removing targets
analyzing kill/operand2sig
started running operand2sig
finished operand2sig
removing targets
analyzing kill/close_stdout_set_file_name
started running close_stdout_set_file_name
finished close_stdout_set_file_name
analyzing kill/close_stdout_set_ignore_EPIPE
started running close_stdout_set_ignore_EPIPE
finished close_stdout_set_ignore_EPIPE
analyzing kill/close_stdout
started running close_stdout
stopped exploration
finished close_stdout
analyzing kill/set_program_name
started running set_program_name
finished set_program_name
removing targets
analyzing kill/gettext_quote.part.1
started running gettext_quote.part.1
finished gettext_quote.part.1
analyzing kill/quotearg_buffer_restyled
started running quotearg_buffer_restyled
finished quotearg_buffer_restyled
analyzing kill/quotearg_n_options
started running quotearg_n_options
finished quotearg_n_options
analyzing kill/clone_quoting_options
started running clone_quoting_options
finished clone_quoting_options
analyzing kill/get_quoting_style
started running get_quoting_style
finished get_quoting_style
analyzing kill/set_quoting_style
started running set_quoting_style
finished set_quoting_style
analyzing kill/set_char_quoting
started running set_char_quoting
finished set_char_quoting
analyzing kill/set_quoting_flags
started running set_quoting_flags
finished set_quoting_flags
analyzing kill/set_custom_quoting
started running set_custom_quoting
finished set_custom_quoting
removing targets
analyzing kill/quotearg_buffer
started running quotearg_buffer
finished quotearg_buffer
analyzing kill/quotearg_alloc_mem
started running quotearg_alloc_mem
finished quotearg_alloc_mem
analyzing kill/quotearg_alloc
started running quotearg_alloc
finished quotearg_alloc
removing targets
analyzing kill/quotearg_free
started running quotearg_free
finished quotearg_free
removing targets
analyzing kill/quotearg_n
started running quotearg_n
finished quotearg_n
removing targets
analyzing kill/quotearg_n_mem
started running quotearg_n_mem
finished quotearg_n_mem
removing targets
analyzing kill/quotearg
started running quotearg
finished quotearg
removing targets
analyzing kill/quotearg_mem
started running quotearg_mem
finished quotearg_mem
removing targets
analyzing kill/quotearg_n_style
started running quotearg_n_style
finished quotearg_n_style
removing targets
analyzing kill/quotearg_n_style_mem
started running quotearg_n_style_mem
finished quotearg_n_style_mem
removing targets
analyzing kill/quotearg_style
started running quotearg_style
finished quotearg_style
removing targets
analyzing kill/quotearg_style_mem
started running quotearg_style_mem
finished quotearg_style_mem
removing targets
analyzing kill/quotearg_char_mem
started running quotearg_char_mem
finished quotearg_char_mem
analyzing kill/quotearg_char
started running quotearg_char
finished quotearg_char
removing targets
analyzing kill/quotearg_colon
started running quotearg_colon
finished quotearg_colon
removing targets
analyzing kill/quotearg_colon_mem
started running quotearg_colon_mem
finished quotearg_colon_mem
removing targets
analyzing kill/quotearg_n_style_colon
started running quotearg_n_style_colon
finished quotearg_n_style_colon
removing targets
analyzing kill/quotearg_n_custom_mem
started running quotearg_n_custom_mem
finished quotearg_n_custom_mem
removing targets
analyzing kill/quotearg_n_custom
started running quotearg_n_custom
finished quotearg_n_custom
removing targets
analyzing kill/quotearg_custom
started running quotearg_custom
finished quotearg_custom
removing targets
analyzing kill/quotearg_custom_mem
started running quotearg_custom_mem
finished quotearg_custom_mem
removing targets
analyzing kill/quote_n_mem
started running quote_n_mem
finished quote_n_mem
removing targets
analyzing kill/quote_mem
started running quote_mem
finished quote_mem
removing targets
analyzing kill/quote_n
started running quote_n
finished quote_n
removing targets
analyzing kill/quote
started running quote
finished quote
removing targets
analyzing kill/version_etc_arn
started running version_etc_arn
finished version_etc_arn
removing targets
analyzing kill/version_etc_ar
started running version_etc_ar
finished version_etc_ar
removing targets
analyzing kill/version_etc_va
started running version_etc_va
finished version_etc_va
removing targets
analyzing kill/version_etc
started running version_etc
finished version_etc
removing targets
analyzing kill/emit_bug_reporting_address
started running emit_bug_reporting_address
finished emit_bug_reporting_address
analyzing kill/xmalloc
started running xmalloc
stopped exploration
finished xmalloc
analyzing kill/xnmalloc
started running xnmalloc
stopped exploration
finished xnmalloc
removing targets
analyzing kill/xcharalloc
started running xcharalloc
stopped exploration
finished xcharalloc
removing targets
analyzing kill/xrealloc
started running xrealloc
stopped exploration
finished xrealloc
removing targets
analyzing kill/xnrealloc
started running xnrealloc
stopped exploration
finished xnrealloc
removing targets
analyzing kill/x2nrealloc
started running x2nrealloc
stopped exploration
finished x2nrealloc
removing targets
analyzing kill/x2realloc
started running x2realloc
stopped exploration
finished x2realloc
removing targets
analyzing kill/xzalloc
started running xzalloc
finished xzalloc
analyzing kill/xcalloc
started running xcalloc
stopped exploration
finished xcalloc
removing targets
analyzing kill/xmemdup
started running xmemdup
finished xmemdup
analyzing kill/xstrdup
started running xstrdup
finished xstrdup
analyzing kill/xalloc_die
started running xalloc_die
finished xalloc_die
analyzing kill/rpl_mbrtowc
started running rpl_mbrtowc
finished rpl_mbrtowc
analyzing kill/str2sig
started running str2sig
finished str2sig
removing targets
analyzing kill/sig2str
started running sig2str
finished sig2str
removing targets
analyzing kill/close_stream
started running close_stream
finished close_stream
analyzing kill/hard_locale
started running hard_locale
finished hard_locale
analyzing kill/locale_charset
started running locale_charset
finished locale_charset
analyzing kill/rpl_fclose
started running rpl_fclose
finished rpl_fclose
analyzing kill/rpl_fflush
started running rpl_fflush
finished rpl_fflush
removing targets
analyzing kill/rpl_fseeko
started running rpl_fseeko
finished rpl_fseeko
removing targets
analyzing kill/atexit
started running atexit
finished atexit
removing targets
