logname have 68 funcs
analyzing logname/deregister_tm_clones
started running deregister_tm_clones
finished deregister_tm_clones
removing targets
analyzing logname/register_tm_clones
started running register_tm_clones
finished register_tm_clones
removing targets
analyzing logname/frame_dummy
started running frame_dummy
finished frame_dummy
removing targets
analyzing logname/close_stdout_set_file_name
started running close_stdout_set_file_name
finished close_stdout_set_file_name
analyzing logname/close_stdout_set_ignore_EPIPE
started running close_stdout_set_ignore_EPIPE
finished close_stdout_set_ignore_EPIPE
analyzing logname/close_stdout
started running close_stdout
stopped exploration
finished close_stdout
analyzing logname/parse_long_options
started running parse_long_options
finished parse_long_options
removing targets
analyzing logname/parse_gnu_standard_options_only
started running parse_gnu_standard_options_only
finished parse_gnu_standard_options_only
removing targets
analyzing logname/set_program_name
started running set_program_name
finished set_program_name
removing targets
analyzing logname/gettext_quote.part.1
started running gettext_quote.part.1
finished gettext_quote.part.1
analyzing logname/quotearg_buffer_restyled
started running quotearg_buffer_restyled
finished quotearg_buffer_restyled
analyzing logname/quotearg_n_options
started running quotearg_n_options
finished quotearg_n_options
analyzing logname/clone_quoting_options
started running clone_quoting_options
finished clone_quoting_options
analyzing logname/get_quoting_style
started running get_quoting_style
finished get_quoting_style
analyzing logname/set_quoting_style
started running set_quoting_style
finished set_quoting_style
analyzing logname/set_char_quoting
started running set_char_quoting
finished set_char_quoting
analyzing logname/set_quoting_flags
started running set_quoting_flags
finished set_quoting_flags
analyzing logname/set_custom_quoting
started running set_custom_quoting
finished set_custom_quoting
removing targets
analyzing logname/quotearg_buffer
started running quotearg_buffer
finished quotearg_buffer
analyzing logname/quotearg_alloc_mem
started running quotearg_alloc_mem
finished quotearg_alloc_mem
analyzing logname/quotearg_alloc
started running quotearg_alloc
finished quotearg_alloc
removing targets
analyzing logname/quotearg_free
started running quotearg_free
finished quotearg_free
removing targets
analyzing logname/quotearg_n
started running quotearg_n
finished quotearg_n
removing targets
analyzing logname/quotearg_n_mem
started running quotearg_n_mem
finished quotearg_n_mem
removing targets
analyzing logname/quotearg
started running quotearg
finished quotearg
removing targets
analyzing logname/quotearg_mem
started running quotearg_mem
finished quotearg_mem
removing targets
analyzing logname/quotearg_n_style
started running quotearg_n_style
finished quotearg_n_style
removing targets
analyzing logname/quotearg_n_style_mem
started running quotearg_n_style_mem
finished quotearg_n_style_mem
removing targets
analyzing logname/quotearg_style
started running quotearg_style
finished quotearg_style
removing targets
analyzing logname/quotearg_style_mem
started running quotearg_style_mem
finished quotearg_style_mem
removing targets
analyzing logname/quotearg_char_mem
started running quotearg_char_mem
finished quotearg_char_mem
analyzing logname/quotearg_char
started running quotearg_char
finished quotearg_char
removing targets
analyzing logname/quotearg_colon
started running quotearg_colon
finished quotearg_colon
removing targets
analyzing logname/quotearg_colon_mem
started running quotearg_colon_mem
finished quotearg_colon_mem
removing targets
analyzing logname/quotearg_n_style_colon
started running quotearg_n_style_colon
finished quotearg_n_style_colon
removing targets
analyzing logname/quotearg_n_custom_mem
started running quotearg_n_custom_mem
finished quotearg_n_custom_mem
removing targets
analyzing logname/quotearg_n_custom
started running quotearg_n_custom
finished quotearg_n_custom
removing targets
analyzing logname/quotearg_custom
started running quotearg_custom
finished quotearg_custom
removing targets
analyzing logname/quotearg_custom_mem
started running quotearg_custom_mem
finished quotearg_custom_mem
removing targets
analyzing logname/quote_n_mem
started running quote_n_mem
finished quote_n_mem
removing targets
analyzing logname/quote_mem
started running quote_mem
finished quote_mem
removing targets
analyzing logname/quote_n
started running quote_n
finished quote_n
removing targets
analyzing logname/quote
started running quote
finished quote
removing targets
analyzing logname/version_etc_arn
started running version_etc_arn
finished version_etc_arn
removing targets
analyzing logname/version_etc_ar
started running version_etc_ar
finished version_etc_ar
removing targets
analyzing logname/version_etc_va
started running version_etc_va
finished version_etc_va
removing targets
analyzing logname/version_etc
started running version_etc
finished version_etc
removing targets
analyzing logname/emit_bug_reporting_address
started running emit_bug_reporting_address
finished emit_bug_reporting_address
analyzing logname/xmalloc
started running xmalloc
stopped exploration
finished xmalloc
analyzing logname/xnmalloc
started running xnmalloc
stopped exploration
finished xnmalloc
removing targets
analyzing logname/xcharalloc
started running xcharalloc
stopped exploration
finished xcharalloc
removing targets
analyzing logname/xrealloc
started running xrealloc
stopped exploration
finished xrealloc
removing targets
analyzing logname/xnrealloc
started running xnrealloc
stopped exploration
finished xnrealloc
removing targets
analyzing logname/x2nrealloc
started running x2nrealloc
stopped exploration
finished x2nrealloc
removing targets
analyzing logname/x2realloc
started running x2realloc
stopped exploration
finished x2realloc
removing targets
analyzing logname/xzalloc
started running xzalloc
finished xzalloc
analyzing logname/xcalloc
started running xcalloc
finished xcalloc
removing targets
analyzing logname/xmemdup
started running xmemdup
finished xmemdup
analyzing logname/xstrdup
started running xstrdup
finished xstrdup
analyzing logname/xalloc_die
started running xalloc_die
finished xalloc_die
analyzing logname/rpl_mbrtowc
started running rpl_mbrtowc
finished rpl_mbrtowc
analyzing logname/close_stream
started running close_stream
finished close_stream
analyzing logname/hard_locale
started running hard_locale
finished hard_locale
analyzing logname/locale_charset
started running locale_charset
finished locale_charset
analyzing logname/rpl_fclose
started running rpl_fclose
finished rpl_fclose
analyzing logname/rpl_fflush
started running rpl_fflush
finished rpl_fflush
removing targets
analyzing logname/rpl_fseeko
started running rpl_fseeko
finished rpl_fseeko
removing targets
analyzing logname/atexit
started running atexit
finished atexit
removing targets
