md5sum have 82 funcs
analyzing md5sum/deregister_tm_clones
started running deregister_tm_clones
finished deregister_tm_clones
removing targets
analyzing md5sum/register_tm_clones
started running register_tm_clones
finished register_tm_clones
removing targets
analyzing md5sum/frame_dummy
started running frame_dummy
finished frame_dummy
removing targets
analyzing md5sum/filename_unescape
started running filename_unescape
finished filename_unescape
removing targets
analyzing md5sum/hex_digits
started running hex_digits
finished hex_digits
removing targets
analyzing md5sum/print_filename
started running print_filename
finished print_filename
removing targets
analyzing md5sum/digest_file.isra.1
started running digest_file.isra.1
finished digest_file.isra.1
analyzing md5sum/close_stdout_set_file_name
started running close_stdout_set_file_name
finished close_stdout_set_file_name
analyzing md5sum/close_stdout_set_ignore_EPIPE
started running close_stdout_set_ignore_EPIPE
finished close_stdout_set_ignore_EPIPE
analyzing md5sum/close_stdout
started running close_stdout
stopped exploration
finished close_stdout
analyzing md5sum/md5_init_ctx
started running md5_init_ctx
finished md5_init_ctx
analyzing md5sum/md5_read_ctx
started running md5_read_ctx
finished md5_read_ctx
analyzing md5sum/md5_process_block
started running md5_process_block
finished md5_process_block
removing targets
analyzing md5sum/md5_finish_ctx
started running md5_finish_ctx
finished md5_finish_ctx
removing targets
analyzing md5sum/md5_process_bytes
started running md5_process_bytes
stopped exploration
finished md5_process_bytes
removing targets
analyzing md5sum/md5_buffer
started running md5_buffer
finished md5_buffer
analyzing md5sum/md5_stream
started running md5_stream
finished md5_stream
analyzing md5sum/fdadvise
started running fdadvise
finished fdadvise
removing targets
analyzing md5sum/fadvise
started running fadvise
finished fadvise
removing targets
analyzing md5sum/fopen_safer
started running fopen_safer
finished fopen_safer
analyzing md5sum/set_program_name
started running set_program_name
finished set_program_name
removing targets
analyzing md5sum/gettext_quote.part.1
started running gettext_quote.part.1
finished gettext_quote.part.1
analyzing md5sum/quotearg_buffer_restyled
started running quotearg_buffer_restyled
finished quotearg_buffer_restyled
analyzing md5sum/quotearg_n_options
started running quotearg_n_options
finished quotearg_n_options
analyzing md5sum/clone_quoting_options
started running clone_quoting_options
finished clone_quoting_options
analyzing md5sum/get_quoting_style
started running get_quoting_style
finished get_quoting_style
analyzing md5sum/set_quoting_style
started running set_quoting_style
finished set_quoting_style
analyzing md5sum/set_char_quoting
started running set_char_quoting
finished set_char_quoting
analyzing md5sum/set_quoting_flags
started running set_quoting_flags
finished set_quoting_flags
analyzing md5sum/set_custom_quoting
started running set_custom_quoting
finished set_custom_quoting
removing targets
analyzing md5sum/quotearg_buffer
started running quotearg_buffer
finished quotearg_buffer
analyzing md5sum/quotearg_alloc_mem
started running quotearg_alloc_mem
finished quotearg_alloc_mem
analyzing md5sum/quotearg_alloc
started running quotearg_alloc
finished quotearg_alloc
removing targets
analyzing md5sum/quotearg_free
started running quotearg_free
finished quotearg_free
removing targets
analyzing md5sum/quotearg_n
started running quotearg_n
finished quotearg_n
removing targets
analyzing md5sum/quotearg_n_mem
started running quotearg_n_mem
finished quotearg_n_mem
removing targets
analyzing md5sum/quotearg
started running quotearg
finished quotearg
removing targets
analyzing md5sum/quotearg_mem
started running quotearg_mem
finished quotearg_mem
removing targets
analyzing md5sum/quotearg_n_style
started running quotearg_n_style
finished quotearg_n_style
removing targets
analyzing md5sum/quotearg_n_style_mem
started running quotearg_n_style_mem
finished quotearg_n_style_mem
removing targets
analyzing md5sum/quotearg_style
started running quotearg_style
finished quotearg_style
removing targets
analyzing md5sum/quotearg_style_mem
started running quotearg_style_mem
finished quotearg_style_mem
removing targets
analyzing md5sum/quotearg_char_mem
started running quotearg_char_mem
finished quotearg_char_mem
analyzing md5sum/quotearg_char
started running quotearg_char
finished quotearg_char
removing targets
analyzing md5sum/quotearg_colon
started running quotearg_colon
finished quotearg_colon
removing targets
analyzing md5sum/quotearg_colon_mem
started running quotearg_colon_mem
finished quotearg_colon_mem
removing targets
analyzing md5sum/quotearg_n_style_colon
started running quotearg_n_style_colon
finished quotearg_n_style_colon
removing targets
analyzing md5sum/quotearg_n_custom_mem
started running quotearg_n_custom_mem
finished quotearg_n_custom_mem
removing targets
analyzing md5sum/quotearg_n_custom
started running quotearg_n_custom
finished quotearg_n_custom
removing targets
analyzing md5sum/quotearg_custom
started running quotearg_custom
finished quotearg_custom
removing targets
analyzing md5sum/quotearg_custom_mem
started running quotearg_custom_mem
finished quotearg_custom_mem
removing targets
analyzing md5sum/quote_n_mem
started running quote_n_mem
finished quote_n_mem
removing targets
analyzing md5sum/quote_mem
started running quote_mem
finished quote_mem
removing targets
analyzing md5sum/quote_n
started running quote_n
finished quote_n
removing targets
analyzing md5sum/quote
started running quote
finished quote
removing targets
analyzing md5sum/dup_safer
started running dup_safer
finished dup_safer
removing targets
analyzing md5sum/version_etc_arn
started running version_etc_arn
finished version_etc_arn
removing targets
analyzing md5sum/version_etc_ar
started running version_etc_ar
finished version_etc_ar
removing targets
analyzing md5sum/version_etc_va
started running version_etc_va
finished version_etc_va
removing targets
analyzing md5sum/version_etc
started running version_etc
finished version_etc
removing targets
analyzing md5sum/emit_bug_reporting_address
started running emit_bug_reporting_address
finished emit_bug_reporting_address
analyzing md5sum/xmalloc
started running xmalloc
stopped exploration
finished xmalloc
analyzing md5sum/xnmalloc
started running xnmalloc
finished xnmalloc
removing targets
analyzing md5sum/xcharalloc
started running xcharalloc
finished xcharalloc
removing targets
analyzing md5sum/xrealloc
started running xrealloc
finished xrealloc
removing targets
analyzing md5sum/xnrealloc
started running xnrealloc
finished xnrealloc
removing targets
analyzing md5sum/x2nrealloc
started running x2nrealloc
stopped exploration
finished x2nrealloc
removing targets
analyzing md5sum/x2realloc
started running x2realloc
stopped exploration
finished x2realloc
removing targets
analyzing md5sum/xzalloc
started running xzalloc
finished xzalloc
analyzing md5sum/xcalloc
started running xcalloc
analyzing md5sum/xmemdup
started running xmemdup
analyzing md5sum/xstrdup
started running xstrdup
finished xstrdup
analyzing md5sum/xalloc_die
started running xalloc_die
finished xalloc_die
analyzing md5sum/rpl_fclose
started running rpl_fclose
finished rpl_fclose
analyzing md5sum/rpl_fcntl
started running rpl_fcntl
finished rpl_fcntl
removing targets
analyzing md5sum/rpl_fflush
started running rpl_fflush
finished rpl_fflush
removing targets
analyzing md5sum/rpl_fseeko
started running rpl_fseeko
finished rpl_fseeko
removing targets
analyzing md5sum/rpl_mbrtowc
started running rpl_mbrtowc
finished rpl_mbrtowc
analyzing md5sum/close_stream
started running close_stream
finished close_stream
analyzing md5sum/hard_locale
started running hard_locale
finished hard_locale
analyzing md5sum/locale_charset
started running locale_charset
finished locale_charset
analyzing md5sum/atexit
started running atexit
finished atexit
removing targets
