pinky have 75 funcs
analyzing pinky/deregister_tm_clones
started running deregister_tm_clones
finished deregister_tm_clones
removing targets
analyzing pinky/register_tm_clones
started running register_tm_clones
finished register_tm_clones
removing targets
analyzing pinky/frame_dummy
started running frame_dummy
finished frame_dummy
removing targets
analyzing pinky/create_fullname
started running create_fullname
finished create_fullname
analyzing pinky/print_long_entry
started running print_long_entry
finished print_long_entry
analyzing pinky/print_entry
started running print_entry
stopped exploration
finished print_entry
removing targets
analyzing pinky/canon_host_r
started running canon_host_r
finished canon_host_r
analyzing pinky/canon_host
started running canon_host
finished canon_host
removing targets
analyzing pinky/ch_strerror
started running ch_strerror
finished ch_strerror
removing targets
analyzing pinky/close_stdout_set_file_name
started running close_stdout_set_file_name
finished close_stdout_set_file_name
analyzing pinky/close_stdout_set_ignore_EPIPE
started running close_stdout_set_ignore_EPIPE
finished close_stdout_set_ignore_EPIPE
analyzing pinky/close_stdout
started running close_stdout
stopped exploration
finished close_stdout
analyzing pinky/hard_locale
started running hard_locale
finished hard_locale
analyzing pinky/imaxtostr
started running imaxtostr
finished imaxtostr
removing targets
analyzing pinky/set_program_name
started running set_program_name
finished set_program_name
removing targets
analyzing pinky/gettext_quote.part.1
started running gettext_quote.part.1
finished gettext_quote.part.1
analyzing pinky/quotearg_buffer_restyled
started running quotearg_buffer_restyled
finished quotearg_buffer_restyled
analyzing pinky/quotearg_n_options
started running quotearg_n_options
finished quotearg_n_options
analyzing pinky/clone_quoting_options
started running clone_quoting_options
finished clone_quoting_options
analyzing pinky/get_quoting_style
started running get_quoting_style
finished get_quoting_style
analyzing pinky/set_quoting_style
started running set_quoting_style
finished set_quoting_style
analyzing pinky/set_char_quoting
started running set_char_quoting
finished set_char_quoting
analyzing pinky/set_quoting_flags
started running set_quoting_flags
finished set_quoting_flags
analyzing pinky/set_custom_quoting
started running set_custom_quoting
finished set_custom_quoting
removing targets
analyzing pinky/quotearg_buffer
started running quotearg_buffer
finished quotearg_buffer
analyzing pinky/quotearg_alloc_mem
started running quotearg_alloc_mem
finished quotearg_alloc_mem
analyzing pinky/quotearg_alloc
started running quotearg_alloc
finished quotearg_alloc
removing targets
analyzing pinky/quotearg_free
started running quotearg_free
finished quotearg_free
removing targets
analyzing pinky/quotearg_n
started running quotearg_n
finished quotearg_n
removing targets
analyzing pinky/quotearg_n_mem
started running quotearg_n_mem
finished quotearg_n_mem
removing targets
analyzing pinky/quotearg
started running quotearg
finished quotearg
removing targets
analyzing pinky/quotearg_mem
started running quotearg_mem
finished quotearg_mem
removing targets
analyzing pinky/quotearg_n_style
started running quotearg_n_style
finished quotearg_n_style
removing targets
analyzing pinky/quotearg_n_style_mem
started running quotearg_n_style_mem
finished quotearg_n_style_mem
removing targets
analyzing pinky/quotearg_style
started running quotearg_style
finished quotearg_style
removing targets
analyzing pinky/quotearg_style_mem
started running quotearg_style_mem
finished quotearg_style_mem
removing targets
analyzing pinky/quotearg_char_mem
started running quotearg_char_mem
finished quotearg_char_mem
analyzing pinky/quotearg_char
started running quotearg_char
finished quotearg_char
removing targets
analyzing pinky/quotearg_colon
started running quotearg_colon
finished quotearg_colon
removing targets
analyzing pinky/quotearg_colon_mem
started running quotearg_colon_mem
finished quotearg_colon_mem
removing targets
analyzing pinky/quotearg_n_style_colon
started running quotearg_n_style_colon
finished quotearg_n_style_colon
removing targets
analyzing pinky/quotearg_n_custom_mem
started running quotearg_n_custom_mem
finished quotearg_n_custom_mem
removing targets
analyzing pinky/quotearg_n_custom
started running quotearg_n_custom
finished quotearg_n_custom
removing targets
analyzing pinky/quotearg_custom
started running quotearg_custom
finished quotearg_custom
removing targets
analyzing pinky/quotearg_custom_mem
started running quotearg_custom_mem
finished quotearg_custom_mem
removing targets
analyzing pinky/quote_n_mem
started running quote_n_mem
finished quote_n_mem
removing targets
analyzing pinky/quote_mem
started running quote_mem
finished quote_mem
removing targets
analyzing pinky/quote_n
started running quote_n
finished quote_n
removing targets
analyzing pinky/quote
started running quote
finished quote
removing targets
analyzing pinky/version_etc_arn
started running version_etc_arn
finished version_etc_arn
removing targets
analyzing pinky/version_etc_ar
started running version_etc_ar
finished version_etc_ar
removing targets
analyzing pinky/version_etc_va
started running version_etc_va
finished version_etc_va
removing targets
analyzing pinky/version_etc
started running version_etc
finished version_etc
removing targets
analyzing pinky/emit_bug_reporting_address
started running emit_bug_reporting_address
finished emit_bug_reporting_address
analyzing pinky/xmalloc
started running xmalloc
stopped exploration
finished xmalloc
analyzing pinky/xnmalloc
started running xnmalloc
stopped exploration
finished xnmalloc
removing targets
analyzing pinky/xcharalloc
started running xcharalloc
stopped exploration
finished xcharalloc
removing targets
analyzing pinky/xrealloc
started running xrealloc
stopped exploration
finished xrealloc
removing targets
analyzing pinky/xnrealloc
started running xnrealloc
stopped exploration
finished xnrealloc
removing targets
analyzing pinky/x2nrealloc
started running x2nrealloc
stopped exploration
finished x2nrealloc
removing targets
analyzing pinky/x2realloc
started running x2realloc
stopped exploration
finished x2realloc
removing targets
analyzing pinky/xzalloc
started running xzalloc
finished xzalloc
analyzing pinky/xcalloc
started running xcalloc
finished xcalloc
removing targets
analyzing pinky/xmemdup
started running xmemdup
finished xmemdup
analyzing pinky/xstrdup
started running xstrdup
finished xstrdup
analyzing pinky/xalloc_die
started running xalloc_die
finished xalloc_die
analyzing pinky/rpl_fclose
started running rpl_fclose
finished rpl_fclose
analyzing pinky/rpl_fflush
started running rpl_fflush
finished rpl_fflush
removing targets
analyzing pinky/rpl_fseeko
started running rpl_fseeko
finished rpl_fseeko
removing targets
analyzing pinky/rpl_mbrtowc
started running rpl_mbrtowc
finished rpl_mbrtowc
analyzing pinky/extract_trimmed_name
started running extract_trimmed_name
finished extract_trimmed_name
analyzing pinky/read_utmp
started running read_utmp
stopped exploration
finished read_utmp
analyzing pinky/close_stream
started running close_stream
finished close_stream
analyzing pinky/locale_charset
started running locale_charset
finished locale_charset
analyzing pinky/atexit
started running atexit
finished atexit
removing targets
