cat have 73 funcs
analyzing cat/write_pending.part.6
started running write_pending.part.6
stopped exploration
finished write_pending.part.6
analyzing cat/deregister_tm_clones
started running deregister_tm_clones
finished deregister_tm_clones
removing targets
analyzing cat/register_tm_clones
started running register_tm_clones
finished register_tm_clones
removing targets
analyzing cat/frame_dummy
started running frame_dummy
finished frame_dummy
removing targets
analyzing cat/next_line_num
started running next_line_num
finished next_line_num
removing targets
analyzing cat/close_stdout_set_file_name
started running close_stdout_set_file_name
finished close_stdout_set_file_name
analyzing cat/close_stdout_set_ignore_EPIPE
started running close_stdout_set_ignore_EPIPE
finished close_stdout_set_ignore_EPIPE
analyzing cat/close_stdout
started running close_stdout
stopped exploration
finished close_stdout
analyzing cat/fdadvise
started running fdadvise
finished fdadvise
removing targets
analyzing cat/fadvise
started running fadvise
finished fadvise
removing targets
analyzing cat/full_write
started running full_write
finished full_write
removing targets
analyzing cat/set_program_name
started running set_program_name
finished set_program_name
removing targets
analyzing cat/gettext_quote.part.1
started running gettext_quote.part.1
finished gettext_quote.part.1
analyzing cat/quotearg_buffer_restyled
started running quotearg_buffer_restyled
finished quotearg_buffer_restyled
analyzing cat/quotearg_n_options
started running quotearg_n_options
finished quotearg_n_options
analyzing cat/clone_quoting_options
started running clone_quoting_options
finished clone_quoting_options
analyzing cat/get_quoting_style
started running get_quoting_style
finished get_quoting_style
analyzing cat/set_quoting_style
started running set_quoting_style
finished set_quoting_style
analyzing cat/set_char_quoting
started running set_char_quoting
finished set_char_quoting
analyzing cat/set_quoting_flags
started running set_quoting_flags
finished set_quoting_flags
analyzing cat/set_custom_quoting
started running set_custom_quoting
finished set_custom_quoting
removing targets
analyzing cat/quotearg_buffer
started running quotearg_buffer
finished quotearg_buffer
analyzing cat/quotearg_alloc_mem
started running quotearg_alloc_mem
finished quotearg_alloc_mem
analyzing cat/quotearg_alloc
started running quotearg_alloc
finished quotearg_alloc
removing targets
analyzing cat/quotearg_free
started running quotearg_free
finished quotearg_free
removing targets
analyzing cat/quotearg_n
started running quotearg_n
finished quotearg_n
removing targets
analyzing cat/quotearg_n_mem
started running quotearg_n_mem
finished quotearg_n_mem
removing targets
analyzing cat/quotearg
started running quotearg
finished quotearg
removing targets
analyzing cat/quotearg_mem
started running quotearg_mem
finished quotearg_mem
removing targets
analyzing cat/quotearg_n_style
started running quotearg_n_style
finished quotearg_n_style
removing targets
analyzing cat/quotearg_n_style_mem
started running quotearg_n_style_mem
finished quotearg_n_style_mem
removing targets
analyzing cat/quotearg_style
started running quotearg_style
finished quotearg_style
removing targets
analyzing cat/quotearg_style_mem
started running quotearg_style_mem
finished quotearg_style_mem
removing targets
analyzing cat/quotearg_char_mem
started running quotearg_char_mem
finished quotearg_char_mem
analyzing cat/quotearg_char
started running quotearg_char
finished quotearg_char
removing targets
analyzing cat/quotearg_colon
started running quotearg_colon
finished quotearg_colon
removing targets
analyzing cat/quotearg_colon_mem
started running quotearg_colon_mem
finished quotearg_colon_mem
removing targets
analyzing cat/quotearg_n_style_colon
started running quotearg_n_style_colon
finished quotearg_n_style_colon
removing targets
analyzing cat/quotearg_n_custom_mem
started running quotearg_n_custom_mem
finished quotearg_n_custom_mem
removing targets
analyzing cat/quotearg_n_custom
started running quotearg_n_custom
finished quotearg_n_custom
removing targets
analyzing cat/quotearg_custom
started running quotearg_custom
finished quotearg_custom
removing targets
analyzing cat/quotearg_custom_mem
started running quotearg_custom_mem
finished quotearg_custom_mem
removing targets
analyzing cat/quote_n_mem
started running quote_n_mem
finished quote_n_mem
removing targets
analyzing cat/quote_mem
started running quote_mem
finished quote_mem
removing targets
analyzing cat/quote_n
started running quote_n
finished quote_n
removing targets
analyzing cat/quote
started running quote
finished quote
removing targets
analyzing cat/safe_read
started running safe_read
finished safe_read
analyzing cat/safe_write
started running safe_write
finished safe_write
analyzing cat/version_etc_arn
started running version_etc_arn
finished version_etc_arn
removing targets
analyzing cat/version_etc_ar
started running version_etc_ar
finished version_etc_ar
removing targets
analyzing cat/version_etc_va
started running version_etc_va
finished version_etc_va
removing targets
analyzing cat/version_etc
started running version_etc
finished version_etc
removing targets
analyzing cat/emit_bug_reporting_address
started running emit_bug_reporting_address
finished emit_bug_reporting_address
analyzing cat/xmalloc
started running xmalloc
stopped exploration
finished xmalloc
analyzing cat/xnmalloc
started running xnmalloc
stopped exploration
finished xnmalloc
removing targets
analyzing cat/xcharalloc
started running xcharalloc
stopped exploration
finished xcharalloc
removing targets
analyzing cat/xrealloc
started running xrealloc
stopped exploration
finished xrealloc
removing targets
analyzing cat/xnrealloc
started running xnrealloc
stopped exploration
finished xnrealloc
removing targets
analyzing cat/x2nrealloc
started running x2nrealloc
stopped exploration
finished x2nrealloc
removing targets
analyzing cat/x2realloc
started running x2realloc
stopped exploration
finished x2realloc
removing targets
analyzing cat/xzalloc
started running xzalloc
finished xzalloc
analyzing cat/xcalloc
started running xcalloc
finished xcalloc
removing targets
analyzing cat/xmemdup
started running xmemdup
finished xmemdup
analyzing cat/xstrdup
started running xstrdup
finished xstrdup
analyzing cat/xalloc_die
started running xalloc_die
finished xalloc_die
analyzing cat/rpl_mbrtowc
started running rpl_mbrtowc
finished rpl_mbrtowc
analyzing cat/close_stream
started running close_stream
finished close_stream
analyzing cat/hard_locale
started running hard_locale
finished hard_locale
analyzing cat/locale_charset
started running locale_charset
finished locale_charset
analyzing cat/rpl_fclose
started running rpl_fclose
finished rpl_fclose
analyzing cat/rpl_fflush
started running rpl_fflush
finished rpl_fflush
removing targets
analyzing cat/rpl_fseeko
started running rpl_fseeko
finished rpl_fseeko
removing targets
analyzing cat/atexit
started running atexit
finished atexit
removing targets
