printf have 87 funcs
analyzing printf/deregister_tm_clones
started running deregister_tm_clones
finished deregister_tm_clones
removing targets
analyzing printf/register_tm_clones
started running register_tm_clones
finished register_tm_clones
removing targets
analyzing printf/frame_dummy
started running frame_dummy
finished frame_dummy
removing targets
analyzing printf/print_esc
started running print_esc
finished print_esc
removing targets
analyzing printf/verify_numeric
started running verify_numeric
finished verify_numeric
analyzing printf/vstrtoimax
started running vstrtoimax
finished vstrtoimax
removing targets
analyzing printf/cl_strtold
started running cl_strtold
finished cl_strtold
analyzing printf/close_stdout_set_file_name
started running close_stdout_set_file_name
finished close_stdout_set_file_name
analyzing printf/close_stdout_set_ignore_EPIPE
started running close_stdout_set_ignore_EPIPE
finished close_stdout_set_ignore_EPIPE
analyzing printf/close_stdout
started running close_stdout
stopped exploration
finished close_stdout
analyzing printf/set_program_name
started running set_program_name
finished set_program_name
removing targets
analyzing printf/gettext_quote.part.1
started running gettext_quote.part.1
finished gettext_quote.part.1
analyzing printf/quotearg_buffer_restyled
started running quotearg_buffer_restyled
finished quotearg_buffer_restyled
analyzing printf/quotearg_n_options
started running quotearg_n_options
finished quotearg_n_options
analyzing printf/clone_quoting_options
started running clone_quoting_options
finished clone_quoting_options
analyzing printf/get_quoting_style
started running get_quoting_style
finished get_quoting_style
analyzing printf/set_quoting_style
started running set_quoting_style
finished set_quoting_style
analyzing printf/set_char_quoting
started running set_char_quoting
finished set_char_quoting
analyzing printf/set_quoting_flags
started running set_quoting_flags
finished set_quoting_flags
analyzing printf/set_custom_quoting
started running set_custom_quoting
finished set_custom_quoting
removing targets
analyzing printf/quotearg_buffer
started running quotearg_buffer
finished quotearg_buffer
analyzing printf/quotearg_alloc_mem
started running quotearg_alloc_mem
finished quotearg_alloc_mem
analyzing printf/quotearg_alloc
started running quotearg_alloc
finished quotearg_alloc
removing targets
analyzing printf/quotearg_free
started running quotearg_free
finished quotearg_free
removing targets
analyzing printf/quotearg_n
started running quotearg_n
finished quotearg_n
removing targets
analyzing printf/quotearg_n_mem
started running quotearg_n_mem
finished quotearg_n_mem
removing targets
analyzing printf/quotearg
started running quotearg
finished quotearg
removing targets
analyzing printf/quotearg_mem
started running quotearg_mem
finished quotearg_mem
removing targets
analyzing printf/quotearg_n_style
started running quotearg_n_style
finished quotearg_n_style
removing targets
analyzing printf/quotearg_n_style_mem
started running quotearg_n_style_mem
finished quotearg_n_style_mem
removing targets
analyzing printf/quotearg_style
started running quotearg_style
finished quotearg_style
removing targets
analyzing printf/quotearg_style_mem
started running quotearg_style_mem
finished quotearg_style_mem
removing targets
analyzing printf/quotearg_char_mem
started running quotearg_char_mem
finished quotearg_char_mem
analyzing printf/quotearg_char
started running quotearg_char
finished quotearg_char
removing targets
analyzing printf/quotearg_colon
started running quotearg_colon
finished quotearg_colon
removing targets
analyzing printf/quotearg_colon_mem
started running quotearg_colon_mem
finished quotearg_colon_mem
removing targets
analyzing printf/quotearg_n_style_colon
started running quotearg_n_style_colon
finished quotearg_n_style_colon
removing targets
analyzing printf/quotearg_n_custom_mem
started running quotearg_n_custom_mem
finished quotearg_n_custom_mem
removing targets
analyzing printf/quotearg_n_custom
started running quotearg_n_custom
finished quotearg_n_custom
removing targets
analyzing printf/quotearg_custom
started running quotearg_custom
finished quotearg_custom
removing targets
analyzing printf/quotearg_custom_mem
started running quotearg_custom_mem
finished quotearg_custom_mem
removing targets
analyzing printf/quote_n_mem
started running quote_n_mem
finished quote_n_mem
removing targets
analyzing printf/quote_mem
started running quote_mem
finished quote_mem
removing targets
analyzing printf/quote_n
started running quote_n
finished quote_n
removing targets
analyzing printf/quote
started running quote
finished quote
removing targets
analyzing printf/fwrite_success_callback
started running fwrite_success_callback
finished fwrite_success_callback
analyzing printf/fallback_failure_callback
started running fallback_failure_callback
finished fallback_failure_callback
removing targets
analyzing printf/exit_failure_callback
started running exit_failure_callback
finished exit_failure_callback
removing targets
analyzing printf/unicode_to_mb
started running unicode_to_mb
finished unicode_to_mb
removing targets
analyzing printf/print_unicode_char
started running print_unicode_char
finished print_unicode_char
removing targets
analyzing printf/u8_uctomb_aux
started running u8_uctomb_aux
finished u8_uctomb_aux
removing targets
analyzing printf/version_etc_arn
started running version_etc_arn
finished version_etc_arn
removing targets
analyzing printf/version_etc_ar
started running version_etc_ar
finished version_etc_ar
removing targets
analyzing printf/version_etc_va
started running version_etc_va
finished version_etc_va
removing targets
analyzing printf/version_etc
started running version_etc
finished version_etc
removing targets
analyzing printf/emit_bug_reporting_address
started running emit_bug_reporting_address
finished emit_bug_reporting_address
analyzing printf/xmalloc
started running xmalloc
stopped exploration
finished xmalloc
analyzing printf/xnmalloc
started running xnmalloc
stopped exploration
finished xnmalloc
removing targets
analyzing printf/xcharalloc
started running xcharalloc
stopped exploration
finished xcharalloc
removing targets
analyzing printf/xrealloc
started running xrealloc
stopped exploration
finished xrealloc
removing targets
analyzing printf/xnrealloc
started running xnrealloc
stopped exploration
finished xnrealloc
removing targets
analyzing printf/x2nrealloc
started running x2nrealloc
stopped exploration
finished x2nrealloc
removing targets
analyzing printf/x2realloc
started running x2realloc
stopped exploration
finished x2realloc
removing targets
analyzing printf/xzalloc
started running xzalloc
finished xzalloc
analyzing printf/xcalloc
started running xcalloc
stopped exploration
finished xcalloc
removing targets
analyzing printf/xmemdup
started running xmemdup
finished xmemdup
analyzing printf/xstrdup
started running xstrdup
finished xstrdup
analyzing printf/xalloc_die
started running xalloc_die
finished xalloc_die
analyzing printf/xvprintf
started running xvprintf
finished xvprintf
analyzing printf/xprintf
started running xprintf
finished xprintf
removing targets
analyzing printf/xvfprintf
started running xvfprintf
finished xvfprintf
analyzing printf/xfprintf
started running xfprintf
finished xfprintf
removing targets
analyzing printf/rpl_mbrtowc
started running rpl_mbrtowc
finished rpl_mbrtowc
analyzing printf/rpl_vfprintf
started running rpl_vfprintf
finished rpl_vfprintf
analyzing printf/rpl_vprintf
started running rpl_vprintf
finished rpl_vprintf
removing targets
analyzing printf/c_strtold
started running c_strtold
finished c_strtold
removing targets
analyzing printf/close_stream
started running close_stream
finished close_stream
analyzing printf/hard_locale
started running hard_locale
finished hard_locale
analyzing printf/locale_charset
started running locale_charset
finished locale_charset
analyzing printf/rpl_fclose
started running rpl_fclose
finished rpl_fclose
analyzing printf/rpl_fflush
started running rpl_fflush
finished rpl_fflush
removing targets
analyzing printf/rpl_fseeko
started running rpl_fseeko
finished rpl_fseeko
removing targets
analyzing printf/fseterr
started running fseterr
finished fseterr
analyzing printf/vasnprintf
started running vasnprintf
stopped exploration
finished vasnprintf
analyzing printf/printf_fetchargs
started running printf_fetchargs
finished printf_fetchargs
removing targets
analyzing printf/printf_parse
started running printf_parse
stopped exploration
finished printf_parse
removing targets
analyzing printf/atexit
started running atexit
finished atexit
removing targets
