readlink have 112 funcs
analyzing readlink/deregister_tm_clones
started running deregister_tm_clones
finished deregister_tm_clones
removing targets
analyzing readlink/register_tm_clones
started running register_tm_clones
finished register_tm_clones
removing targets
analyzing readlink/frame_dummy
started running frame_dummy
finished frame_dummy
removing targets
analyzing readlink/areadlink_with_size
started running areadlink_with_size
finished areadlink_with_size
analyzing readlink/canonicalize_filename_mode
started running canonicalize_filename_mode
stopped exploration
finished canonicalize_filename_mode
removing targets
analyzing readlink/close_stdout_set_file_name
started running close_stdout_set_file_name
finished close_stdout_set_file_name
analyzing readlink/close_stdout_set_ignore_EPIPE
started running close_stdout_set_ignore_EPIPE
finished close_stdout_set_ignore_EPIPE
analyzing readlink/close_stdout
started running close_stdout
stopped exploration
finished close_stdout
analyzing readlink/record_file
started running record_file
finished record_file
removing targets
analyzing readlink/seen_file
started running seen_file
finished seen_file
removing targets
analyzing readlink/next_prime
started running next_prime
stopped exploration
finished next_prime
removing targets
analyzing readlink/raw_hasher
started running raw_hasher
finished raw_hasher
analyzing readlink/raw_comparator
started running raw_comparator
finished raw_comparator
analyzing readlink/safe_hasher
started running safe_hasher
finished safe_hasher
analyzing readlink/hash_find_entry
started running hash_find_entry
finished hash_find_entry
analyzing readlink/check_tuning.isra.0
started running check_tuning.isra.0
finished check_tuning.isra.0
removing targets
analyzing readlink/transfer_entries
started running transfer_entries
stopped exploration
finished transfer_entries
removing targets
analyzing readlink/hash_get_n_buckets
started running hash_get_n_buckets
finished hash_get_n_buckets
analyzing readlink/hash_get_n_buckets_used
started running hash_get_n_buckets_used
finished hash_get_n_buckets_used
analyzing readlink/hash_get_n_entries
started running hash_get_n_entries
finished hash_get_n_entries
analyzing readlink/hash_get_max_bucket_length
started running hash_get_max_bucket_length
finished hash_get_max_bucket_length
removing targets
analyzing readlink/hash_table_ok
started running hash_table_ok
finished hash_table_ok
removing targets
analyzing readlink/hash_print_statistics
started running hash_print_statistics
finished hash_print_statistics
removing targets
analyzing readlink/hash_lookup
started running hash_lookup
finished hash_lookup
analyzing readlink/hash_get_first
started running hash_get_first
finished hash_get_first
removing targets
analyzing readlink/hash_get_next
started running hash_get_next
finished hash_get_next
analyzing readlink/hash_get_entries
started running hash_get_entries
finished hash_get_entries
removing targets
analyzing readlink/hash_do_for_each
started running hash_do_for_each
finished hash_do_for_each
removing targets
analyzing readlink/hash_string
started running hash_string
finished hash_string
removing targets
analyzing readlink/hash_reset_tuning
started running hash_reset_tuning
finished hash_reset_tuning
analyzing readlink/hash_initialize
started running hash_initialize
finished hash_initialize
analyzing readlink/hash_clear
started running hash_clear
finished hash_clear
removing targets
analyzing readlink/hash_free
started running hash_free
finished hash_free
removing targets
analyzing readlink/hash_rehash
started running hash_rehash
stopped exploration
finished hash_rehash
removing targets
analyzing readlink/hash_insert_if_absent
started running hash_insert_if_absent
finished hash_insert_if_absent
removing targets
analyzing readlink/hash_insert
started running hash_insert
finished hash_insert
analyzing readlink/hash_delete
started running hash_delete
stopped exploration
finished hash_delete
analyzing readlink/triple_hash
started running triple_hash
finished triple_hash
analyzing readlink/triple_hash_no_name
started running triple_hash_no_name
finished triple_hash_no_name
analyzing readlink/triple_compare
started running triple_compare
finished triple_compare
removing targets
analyzing readlink/triple_compare_ino_str
started running triple_compare_ino_str
finished triple_compare_ino_str
removing targets
analyzing readlink/triple_free
started running triple_free
finished triple_free
analyzing readlink/set_program_name
started running set_program_name
finished set_program_name
removing targets
analyzing readlink/gettext_quote.part.1
started running gettext_quote.part.1
finished gettext_quote.part.1
analyzing readlink/quotearg_buffer_restyled
started running quotearg_buffer_restyled
finished quotearg_buffer_restyled
analyzing readlink/quotearg_n_options
started running quotearg_n_options
finished quotearg_n_options
analyzing readlink/clone_quoting_options
started running clone_quoting_options
finished clone_quoting_options
analyzing readlink/get_quoting_style
started running get_quoting_style
finished get_quoting_style
analyzing readlink/set_quoting_style
started running set_quoting_style
finished set_quoting_style
analyzing readlink/set_char_quoting
started running set_char_quoting
finished set_char_quoting
analyzing readlink/set_quoting_flags
started running set_quoting_flags
finished set_quoting_flags
analyzing readlink/set_custom_quoting
started running set_custom_quoting
finished set_custom_quoting
removing targets
analyzing readlink/quotearg_buffer
started running quotearg_buffer
finished quotearg_buffer
analyzing readlink/quotearg_alloc_mem
started running quotearg_alloc_mem
finished quotearg_alloc_mem
analyzing readlink/quotearg_alloc
started running quotearg_alloc
finished quotearg_alloc
removing targets
analyzing readlink/quotearg_free
started running quotearg_free
finished quotearg_free
removing targets
analyzing readlink/quotearg_n
started running quotearg_n
finished quotearg_n
removing targets
analyzing readlink/quotearg_n_mem
started running quotearg_n_mem
finished quotearg_n_mem
removing targets
analyzing readlink/quotearg
started running quotearg
finished quotearg
removing targets
analyzing readlink/quotearg_mem
started running quotearg_mem
finished quotearg_mem
removing targets
analyzing readlink/quotearg_n_style
started running quotearg_n_style
finished quotearg_n_style
removing targets
analyzing readlink/quotearg_n_style_mem
started running quotearg_n_style_mem
finished quotearg_n_style_mem
removing targets
analyzing readlink/quotearg_style
started running quotearg_style
finished quotearg_style
removing targets
analyzing readlink/quotearg_style_mem
started running quotearg_style_mem
finished quotearg_style_mem
removing targets
analyzing readlink/quotearg_char_mem
started running quotearg_char_mem
finished quotearg_char_mem
analyzing readlink/quotearg_char
started running quotearg_char
finished quotearg_char
removing targets
analyzing readlink/quotearg_colon
started running quotearg_colon
finished quotearg_colon
removing targets
analyzing readlink/quotearg_colon_mem
started running quotearg_colon_mem
finished quotearg_colon_mem
removing targets
analyzing readlink/quotearg_n_style_colon
started running quotearg_n_style_colon
finished quotearg_n_style_colon
removing targets
analyzing readlink/quotearg_n_custom_mem
started running quotearg_n_custom_mem
finished quotearg_n_custom_mem
removing targets
analyzing readlink/quotearg_n_custom
started running quotearg_n_custom
finished quotearg_n_custom
removing targets
analyzing readlink/quotearg_custom
started running quotearg_custom
finished quotearg_custom
removing targets
analyzing readlink/quotearg_custom_mem
started running quotearg_custom_mem
finished quotearg_custom_mem
removing targets
analyzing readlink/quote_n_mem
started running quote_n_mem
finished quote_n_mem
removing targets
analyzing readlink/quote_mem
started running quote_mem
finished quote_mem
removing targets
analyzing readlink/quote_n
started running quote_n
finished quote_n
removing targets
analyzing readlink/quote
started running quote
finished quote
removing targets
analyzing readlink/same_nameat.part.0
started running same_nameat.part.0
finished same_nameat.part.0
analyzing readlink/same_nameat
started running same_nameat
finished same_nameat
analyzing readlink/same_name
started running same_name
finished same_name
removing targets
analyzing readlink/version_etc_arn
started running version_etc_arn
finished version_etc_arn
removing targets
analyzing readlink/version_etc_ar
started running version_etc_ar
finished version_etc_ar
removing targets
analyzing readlink/version_etc_va
started running version_etc_va
finished version_etc_va
removing targets
analyzing readlink/version_etc
started running version_etc
finished version_etc
removing targets
analyzing readlink/emit_bug_reporting_address
started running emit_bug_reporting_address
finished emit_bug_reporting_address
analyzing readlink/xmalloc
started running xmalloc
stopped exploration
finished xmalloc
analyzing readlink/xnmalloc
started running xnmalloc
stopped exploration
finished xnmalloc
removing targets
analyzing readlink/xcharalloc
started running xcharalloc
stopped exploration
finished xcharalloc
removing targets
analyzing readlink/xrealloc
started running xrealloc
stopped exploration
finished xrealloc
removing targets
analyzing readlink/xnrealloc
started running xnrealloc
stopped exploration
finished xnrealloc
removing targets
analyzing readlink/x2nrealloc
started running x2nrealloc
stopped exploration
finished x2nrealloc
removing targets
analyzing readlink/x2realloc
started running x2realloc
stopped exploration
finished x2realloc
removing targets
analyzing readlink/xzalloc
started running xzalloc
finished xzalloc
analyzing readlink/xcalloc
started running xcalloc
stopped exploration
finished xcalloc
removing targets
analyzing readlink/xmemdup
started running xmemdup
stopped exploration
finished xmemdup
analyzing readlink/xstrdup
started running xstrdup
stopped exploration
finished xstrdup
analyzing readlink/xalloc_die
started running xalloc_die
finished xalloc_die
analyzing readlink/xgetcwd
started running xgetcwd
finished xgetcwd
analyzing readlink/rpl_mbrtowc
started running rpl_mbrtowc
finished rpl_mbrtowc
analyzing readlink/close_stream
started running close_stream
finished close_stream
analyzing readlink/dir_name
started running dir_name
finished dir_name
analyzing readlink/dir_len
started running dir_len
finished dir_len
analyzing readlink/mdir_name
started running mdir_name
finished mdir_name
analyzing readlink/last_component
started running last_component
finished last_component
removing targets
analyzing readlink/base_len
started running base_len
finished base_len
analyzing readlink/hard_locale
started running hard_locale
finished hard_locale
analyzing readlink/hash_pjw
started running hash_pjw
analyzing readlink/locale_charset
started running locale_charset
finished locale_charset
analyzing readlink/rpl_fclose
started running rpl_fclose
finished rpl_fclose
analyzing readlink/rpl_fflush
started running rpl_fflush
finished rpl_fflush
removing targets
analyzing readlink/rpl_fseeko
started running rpl_fseeko
analyzing readlink/atexit
started running atexit
finished atexit
removing targets
