rmdir have 76 funcs
analyzing rmdir/deregister_tm_clones
started running deregister_tm_clones
finished deregister_tm_clones
removing targets
analyzing rmdir/register_tm_clones
started running register_tm_clones
finished register_tm_clones
removing targets
analyzing rmdir/frame_dummy
started running frame_dummy
finished frame_dummy
removing targets
analyzing rmdir/ignorable_failure
started running ignorable_failure
finished ignorable_failure
removing targets
analyzing rmdir/prog_fprintf
started running prog_fprintf
finished prog_fprintf
removing targets
analyzing rmdir/close_stdout_set_file_name
started running close_stdout_set_file_name
finished close_stdout_set_file_name
analyzing rmdir/close_stdout_set_ignore_EPIPE
started running close_stdout_set_ignore_EPIPE
finished close_stdout_set_ignore_EPIPE
analyzing rmdir/close_stdout
started running close_stdout
stopped exploration
finished close_stdout
analyzing rmdir/strip_trailing_slashes
started running strip_trailing_slashes
finished strip_trailing_slashes
analyzing rmdir/set_program_name
started running set_program_name
finished set_program_name
removing targets
analyzing rmdir/gettext_quote.part.1
started running gettext_quote.part.1
finished gettext_quote.part.1
analyzing rmdir/quotearg_buffer_restyled
started running quotearg_buffer_restyled
finished quotearg_buffer_restyled
analyzing rmdir/quotearg_n_options
started running quotearg_n_options
finished quotearg_n_options
analyzing rmdir/clone_quoting_options
started running clone_quoting_options
finished clone_quoting_options
analyzing rmdir/get_quoting_style
started running get_quoting_style
finished get_quoting_style
analyzing rmdir/set_quoting_style
started running set_quoting_style
finished set_quoting_style
analyzing rmdir/set_char_quoting
started running set_char_quoting
finished set_char_quoting
analyzing rmdir/set_quoting_flags
started running set_quoting_flags
finished set_quoting_flags
analyzing rmdir/set_custom_quoting
started running set_custom_quoting
finished set_custom_quoting
removing targets
analyzing rmdir/quotearg_buffer
started running quotearg_buffer
finished quotearg_buffer
analyzing rmdir/quotearg_alloc_mem
started running quotearg_alloc_mem
finished quotearg_alloc_mem
analyzing rmdir/quotearg_alloc
started running quotearg_alloc
finished quotearg_alloc
removing targets
analyzing rmdir/quotearg_free
started running quotearg_free
finished quotearg_free
removing targets
analyzing rmdir/quotearg_n
started running quotearg_n
finished quotearg_n
removing targets
analyzing rmdir/quotearg_n_mem
started running quotearg_n_mem
finished quotearg_n_mem
removing targets
analyzing rmdir/quotearg
started running quotearg
finished quotearg
removing targets
analyzing rmdir/quotearg_mem
started running quotearg_mem
finished quotearg_mem
removing targets
analyzing rmdir/quotearg_n_style
started running quotearg_n_style
finished quotearg_n_style
removing targets
analyzing rmdir/quotearg_n_style_mem
started running quotearg_n_style_mem
finished quotearg_n_style_mem
removing targets
analyzing rmdir/quotearg_style
started running quotearg_style
finished quotearg_style
removing targets
analyzing rmdir/quotearg_style_mem
started running quotearg_style_mem
finished quotearg_style_mem
removing targets
analyzing rmdir/quotearg_char_mem
started running quotearg_char_mem
finished quotearg_char_mem
analyzing rmdir/quotearg_char
started running quotearg_char
finished quotearg_char
removing targets
analyzing rmdir/quotearg_colon
started running quotearg_colon
finished quotearg_colon
removing targets
analyzing rmdir/quotearg_colon_mem
started running quotearg_colon_mem
finished quotearg_colon_mem
removing targets
analyzing rmdir/quotearg_n_style_colon
started running quotearg_n_style_colon
finished quotearg_n_style_colon
removing targets
analyzing rmdir/quotearg_n_custom_mem
started running quotearg_n_custom_mem
finished quotearg_n_custom_mem
removing targets
analyzing rmdir/quotearg_n_custom
started running quotearg_n_custom
finished quotearg_n_custom
removing targets
analyzing rmdir/quotearg_custom
started running quotearg_custom
finished quotearg_custom
removing targets
analyzing rmdir/quotearg_custom_mem
started running quotearg_custom_mem
finished quotearg_custom_mem
removing targets
analyzing rmdir/quote_n_mem
started running quote_n_mem
finished quote_n_mem
removing targets
analyzing rmdir/quote_mem
started running quote_mem
finished quote_mem
removing targets
analyzing rmdir/quote_n
started running quote_n
finished quote_n
removing targets
analyzing rmdir/quote
started running quote
finished quote
removing targets
analyzing rmdir/version_etc_arn
started running version_etc_arn
finished version_etc_arn
removing targets
analyzing rmdir/version_etc_ar
started running version_etc_ar
finished version_etc_ar
removing targets
analyzing rmdir/version_etc_va
started running version_etc_va
finished version_etc_va
removing targets
analyzing rmdir/version_etc
started running version_etc
finished version_etc
removing targets
analyzing rmdir/emit_bug_reporting_address
started running emit_bug_reporting_address
finished emit_bug_reporting_address
analyzing rmdir/xmalloc
started running xmalloc
stopped exploration
finished xmalloc
analyzing rmdir/xnmalloc
started running xnmalloc
stopped exploration
finished xnmalloc
removing targets
analyzing rmdir/xcharalloc
started running xcharalloc
stopped exploration
finished xcharalloc
removing targets
analyzing rmdir/xrealloc
started running xrealloc
stopped exploration
finished xrealloc
removing targets
analyzing rmdir/xnrealloc
started running xnrealloc
stopped exploration
finished xnrealloc
removing targets
analyzing rmdir/x2nrealloc
started running x2nrealloc
stopped exploration
finished x2nrealloc
removing targets
analyzing rmdir/x2realloc
started running x2realloc
stopped exploration
finished x2realloc
removing targets
analyzing rmdir/xzalloc
started running xzalloc
finished xzalloc
analyzing rmdir/xcalloc
started running xcalloc
stopped exploration
finished xcalloc
removing targets
analyzing rmdir/xmemdup
started running xmemdup
finished xmemdup
analyzing rmdir/xstrdup
started running xstrdup
finished xstrdup
analyzing rmdir/xalloc_die
started running xalloc_die
finished xalloc_die
analyzing rmdir/rpl_mbrtowc
started running rpl_mbrtowc
finished rpl_mbrtowc
analyzing rmdir/rpl_vfprintf
started running rpl_vfprintf
finished rpl_vfprintf
analyzing rmdir/close_stream
started running close_stream
finished close_stream
analyzing rmdir/last_component
started running last_component
finished last_component
removing targets
analyzing rmdir/base_len
started running base_len
finished base_len
analyzing rmdir/hard_locale
started running hard_locale
finished hard_locale
analyzing rmdir/locale_charset
started running locale_charset
finished locale_charset
analyzing rmdir/rpl_fclose
started running rpl_fclose
finished rpl_fclose
analyzing rmdir/rpl_fflush
started running rpl_fflush
finished rpl_fflush
removing targets
analyzing rmdir/rpl_fseeko
started running rpl_fseeko
finished rpl_fseeko
removing targets
analyzing rmdir/fseterr
started running fseterr
finished fseterr
analyzing rmdir/vasnprintf
started running vasnprintf
stopped exploration
finished vasnprintf
analyzing rmdir/printf_fetchargs
started running printf_fetchargs
finished printf_fetchargs
removing targets
analyzing rmdir/printf_parse
started running printf_parse
stopped exploration
finished printf_parse
removing targets
analyzing rmdir/atexit
started running atexit
finished atexit
removing targets
