seq have 78 funcs
analyzing seq/deregister_tm_clones
started running deregister_tm_clones
finished deregister_tm_clones
removing targets
analyzing seq/register_tm_clones
started running register_tm_clones
finished register_tm_clones
removing targets
analyzing seq/frame_dummy
started running frame_dummy
finished frame_dummy
removing targets
analyzing seq/all_digits_p
started running all_digits_p
finished all_digits_p
analyzing seq/io_error
started running io_error
stopped exploration
finished io_error
analyzing seq/seq_fast
started running seq_fast
stopped exploration
finished seq_fast
analyzing seq/scan_arg
started running scan_arg
finished scan_arg
analyzing seq/cl_strtold
started running cl_strtold
finished cl_strtold
analyzing seq/close_stdout_set_file_name
started running close_stdout_set_file_name
finished close_stdout_set_file_name
analyzing seq/close_stdout_set_ignore_EPIPE
started running close_stdout_set_ignore_EPIPE
finished close_stdout_set_ignore_EPIPE
analyzing seq/close_stdout
started running close_stdout
stopped exploration
finished close_stdout
analyzing seq/set_program_name
started running set_program_name
finished set_program_name
removing targets
analyzing seq/gettext_quote.part.1
started running gettext_quote.part.1
finished gettext_quote.part.1
analyzing seq/quotearg_buffer_restyled
started running quotearg_buffer_restyled
finished quotearg_buffer_restyled
analyzing seq/quotearg_n_options
started running quotearg_n_options
finished quotearg_n_options
analyzing seq/clone_quoting_options
started running clone_quoting_options
finished clone_quoting_options
analyzing seq/get_quoting_style
started running get_quoting_style
finished get_quoting_style
analyzing seq/set_quoting_style
started running set_quoting_style
finished set_quoting_style
analyzing seq/set_char_quoting
started running set_char_quoting
finished set_char_quoting
analyzing seq/set_quoting_flags
started running set_quoting_flags
finished set_quoting_flags
analyzing seq/set_custom_quoting
started running set_custom_quoting
finished set_custom_quoting
removing targets
analyzing seq/quotearg_buffer
started running quotearg_buffer
finished quotearg_buffer
analyzing seq/quotearg_alloc_mem
started running quotearg_alloc_mem
finished quotearg_alloc_mem
analyzing seq/quotearg_alloc
started running quotearg_alloc
finished quotearg_alloc
removing targets
analyzing seq/quotearg_free
started running quotearg_free
finished quotearg_free
removing targets
analyzing seq/quotearg_n
started running quotearg_n
finished quotearg_n
removing targets
analyzing seq/quotearg_n_mem
started running quotearg_n_mem
finished quotearg_n_mem
removing targets
analyzing seq/quotearg
started running quotearg
finished quotearg
removing targets
analyzing seq/quotearg_mem
started running quotearg_mem
finished quotearg_mem
removing targets
analyzing seq/quotearg_n_style
started running quotearg_n_style
finished quotearg_n_style
removing targets
analyzing seq/quotearg_n_style_mem
started running quotearg_n_style_mem
finished quotearg_n_style_mem
removing targets
analyzing seq/quotearg_style
started running quotearg_style
finished quotearg_style
removing targets
analyzing seq/quotearg_style_mem
started running quotearg_style_mem
finished quotearg_style_mem
removing targets
analyzing seq/quotearg_char_mem
started running quotearg_char_mem
finished quotearg_char_mem
analyzing seq/quotearg_char
started running quotearg_char
finished quotearg_char
removing targets
analyzing seq/quotearg_colon
started running quotearg_colon
finished quotearg_colon
removing targets
analyzing seq/quotearg_colon_mem
started running quotearg_colon_mem
finished quotearg_colon_mem
removing targets
analyzing seq/quotearg_n_style_colon
started running quotearg_n_style_colon
finished quotearg_n_style_colon
removing targets
analyzing seq/quotearg_n_custom_mem
started running quotearg_n_custom_mem
finished quotearg_n_custom_mem
removing targets
analyzing seq/quotearg_n_custom
started running quotearg_n_custom
finished quotearg_n_custom
removing targets
analyzing seq/quotearg_custom
started running quotearg_custom
finished quotearg_custom
removing targets
analyzing seq/quotearg_custom_mem
started running quotearg_custom_mem
finished quotearg_custom_mem
removing targets
analyzing seq/quote_n_mem
started running quote_n_mem
finished quote_n_mem
removing targets
analyzing seq/quote_mem
started running quote_mem
finished quote_mem
removing targets
analyzing seq/quote_n
started running quote_n
finished quote_n
removing targets
analyzing seq/quote
started running quote
finished quote
removing targets
analyzing seq/version_etc_arn
started running version_etc_arn
finished version_etc_arn
removing targets
analyzing seq/version_etc_ar
started running version_etc_ar
finished version_etc_ar
removing targets
analyzing seq/version_etc_va
started running version_etc_va
finished version_etc_va
removing targets
analyzing seq/version_etc
started running version_etc
finished version_etc
removing targets
analyzing seq/emit_bug_reporting_address
started running emit_bug_reporting_address
finished emit_bug_reporting_address
analyzing seq/xmalloc
started running xmalloc
stopped exploration
finished xmalloc
analyzing seq/xnmalloc
started running xnmalloc
stopped exploration
finished xnmalloc
removing targets
analyzing seq/xcharalloc
started running xcharalloc
stopped exploration
finished xcharalloc
removing targets
analyzing seq/xrealloc
started running xrealloc
stopped exploration
finished xrealloc
removing targets
analyzing seq/xnrealloc
started running xnrealloc
stopped exploration
finished xnrealloc
removing targets
analyzing seq/x2nrealloc
started running x2nrealloc
stopped exploration
finished x2nrealloc
removing targets
analyzing seq/x2realloc
started running x2realloc
stopped exploration
finished x2realloc
removing targets
analyzing seq/xzalloc
started running xzalloc
finished xzalloc
analyzing seq/xcalloc
started running xcalloc
stopped exploration
finished xcalloc
removing targets
analyzing seq/xmemdup
started running xmemdup
finished xmemdup
analyzing seq/xstrdup
started running xstrdup
finished xstrdup
analyzing seq/xalloc_die
started running xalloc_die
finished xalloc_die
analyzing seq/xstrtold
started running xstrtold
finished xstrtold
analyzing seq/rpl_asprintf
started running rpl_asprintf
finished rpl_asprintf
removing targets
analyzing seq/rpl_mbrtowc
started running rpl_mbrtowc
finished rpl_mbrtowc
analyzing seq/rpl_vasprintf
started running rpl_vasprintf
finished rpl_vasprintf
analyzing seq/c_strtold
started running c_strtold
finished c_strtold
removing targets
analyzing seq/close_stream
started running close_stream
finished close_stream
analyzing seq/hard_locale
started running hard_locale
finished hard_locale
analyzing seq/locale_charset
started running locale_charset
finished locale_charset
analyzing seq/rpl_fclose
started running rpl_fclose
finished rpl_fclose
analyzing seq/rpl_fflush
started running rpl_fflush
finished rpl_fflush
removing targets
analyzing seq/rpl_fseeko
started running rpl_fseeko
finished rpl_fseeko
removing targets
analyzing seq/vasnprintf
started running vasnprintf
stopped exploration
finished vasnprintf
analyzing seq/printf_fetchargs
started running printf_fetchargs
finished printf_fetchargs
removing targets
analyzing seq/printf_parse
started running printf_parse
stopped exploration
finished printf_parse
removing targets
analyzing seq/atexit
started running atexit
finished atexit
removing targets
