sha1sum have 82 funcs
analyzing sha1sum/deregister_tm_clones
started running deregister_tm_clones
finished deregister_tm_clones
removing targets
analyzing sha1sum/register_tm_clones
started running register_tm_clones
finished register_tm_clones
removing targets
analyzing sha1sum/frame_dummy
started running frame_dummy
finished frame_dummy
removing targets
analyzing sha1sum/filename_unescape
started running filename_unescape
finished filename_unescape
removing targets
analyzing sha1sum/hex_digits
started running hex_digits
finished hex_digits
removing targets
analyzing sha1sum/print_filename
started running print_filename
finished print_filename
removing targets
analyzing sha1sum/digest_file.isra.1
started running digest_file.isra.1
finished digest_file.isra.1
analyzing sha1sum/close_stdout_set_file_name
started running close_stdout_set_file_name
finished close_stdout_set_file_name
analyzing sha1sum/close_stdout_set_ignore_EPIPE
started running close_stdout_set_ignore_EPIPE
finished close_stdout_set_ignore_EPIPE
analyzing sha1sum/close_stdout
started running close_stdout
stopped exploration
finished close_stdout
analyzing sha1sum/sha1_init_ctx
started running sha1_init_ctx
finished sha1_init_ctx
analyzing sha1sum/sha1_read_ctx
started running sha1_read_ctx
finished sha1_read_ctx
analyzing sha1sum/sha1_process_block
started running sha1_process_block
finished sha1_process_block
removing targets
analyzing sha1sum/sha1_finish_ctx
started running sha1_finish_ctx
finished sha1_finish_ctx
removing targets
analyzing sha1sum/sha1_process_bytes
started running sha1_process_bytes
stopped exploration
finished sha1_process_bytes
removing targets
analyzing sha1sum/sha1_buffer
started running sha1_buffer
finished sha1_buffer
analyzing sha1sum/sha1_stream
started running sha1_stream
finished sha1_stream
analyzing sha1sum/fdadvise
started running fdadvise
finished fdadvise
removing targets
analyzing sha1sum/fadvise
started running fadvise
finished fadvise
removing targets
analyzing sha1sum/fopen_safer
started running fopen_safer
finished fopen_safer
analyzing sha1sum/set_program_name
started running set_program_name
finished set_program_name
removing targets
analyzing sha1sum/gettext_quote.part.1
started running gettext_quote.part.1
finished gettext_quote.part.1
analyzing sha1sum/quotearg_buffer_restyled
started running quotearg_buffer_restyled
finished quotearg_buffer_restyled
analyzing sha1sum/quotearg_n_options
started running quotearg_n_options
finished quotearg_n_options
analyzing sha1sum/clone_quoting_options
started running clone_quoting_options
finished clone_quoting_options
analyzing sha1sum/get_quoting_style
started running get_quoting_style
finished get_quoting_style
analyzing sha1sum/set_quoting_style
started running set_quoting_style
finished set_quoting_style
analyzing sha1sum/set_char_quoting
started running set_char_quoting
finished set_char_quoting
analyzing sha1sum/set_quoting_flags
started running set_quoting_flags
finished set_quoting_flags
analyzing sha1sum/set_custom_quoting
started running set_custom_quoting
finished set_custom_quoting
removing targets
analyzing sha1sum/quotearg_buffer
started running quotearg_buffer
finished quotearg_buffer
analyzing sha1sum/quotearg_alloc_mem
started running quotearg_alloc_mem
finished quotearg_alloc_mem
analyzing sha1sum/quotearg_alloc
started running quotearg_alloc
finished quotearg_alloc
removing targets
analyzing sha1sum/quotearg_free
started running quotearg_free
finished quotearg_free
removing targets
analyzing sha1sum/quotearg_n
started running quotearg_n
finished quotearg_n
removing targets
analyzing sha1sum/quotearg_n_mem
started running quotearg_n_mem
finished quotearg_n_mem
removing targets
analyzing sha1sum/quotearg
started running quotearg
finished quotearg
removing targets
analyzing sha1sum/quotearg_mem
started running quotearg_mem
finished quotearg_mem
removing targets
analyzing sha1sum/quotearg_n_style
started running quotearg_n_style
finished quotearg_n_style
removing targets
analyzing sha1sum/quotearg_n_style_mem
started running quotearg_n_style_mem
finished quotearg_n_style_mem
removing targets
analyzing sha1sum/quotearg_style
started running quotearg_style
finished quotearg_style
removing targets
analyzing sha1sum/quotearg_style_mem
started running quotearg_style_mem
finished quotearg_style_mem
removing targets
analyzing sha1sum/quotearg_char_mem
started running quotearg_char_mem
finished quotearg_char_mem
analyzing sha1sum/quotearg_char
started running quotearg_char
finished quotearg_char
removing targets
analyzing sha1sum/quotearg_colon
started running quotearg_colon
finished quotearg_colon
removing targets
analyzing sha1sum/quotearg_colon_mem
started running quotearg_colon_mem
finished quotearg_colon_mem
removing targets
analyzing sha1sum/quotearg_n_style_colon
started running quotearg_n_style_colon
finished quotearg_n_style_colon
removing targets
analyzing sha1sum/quotearg_n_custom_mem
started running quotearg_n_custom_mem
finished quotearg_n_custom_mem
removing targets
analyzing sha1sum/quotearg_n_custom
started running quotearg_n_custom
finished quotearg_n_custom
removing targets
analyzing sha1sum/quotearg_custom
started running quotearg_custom
finished quotearg_custom
removing targets
analyzing sha1sum/quotearg_custom_mem
started running quotearg_custom_mem
finished quotearg_custom_mem
removing targets
analyzing sha1sum/quote_n_mem
started running quote_n_mem
finished quote_n_mem
removing targets
analyzing sha1sum/quote_mem
started running quote_mem
finished quote_mem
removing targets
analyzing sha1sum/quote_n
started running quote_n
finished quote_n
removing targets
analyzing sha1sum/quote
started running quote
finished quote
removing targets
analyzing sha1sum/dup_safer
started running dup_safer
finished dup_safer
removing targets
analyzing sha1sum/version_etc_arn
started running version_etc_arn
finished version_etc_arn
removing targets
analyzing sha1sum/version_etc_ar
started running version_etc_ar
finished version_etc_ar
removing targets
analyzing sha1sum/version_etc_va
started running version_etc_va
finished version_etc_va
removing targets
analyzing sha1sum/version_etc
started running version_etc
finished version_etc
removing targets
analyzing sha1sum/emit_bug_reporting_address
started running emit_bug_reporting_address
finished emit_bug_reporting_address
analyzing sha1sum/xmalloc
started running xmalloc
stopped exploration
finished xmalloc
analyzing sha1sum/xnmalloc
started running xnmalloc
stopped exploration
finished xnmalloc
removing targets
analyzing sha1sum/xcharalloc
started running xcharalloc
stopped exploration
finished xcharalloc
removing targets
analyzing sha1sum/xrealloc
started running xrealloc
stopped exploration
finished xrealloc
removing targets
analyzing sha1sum/xnrealloc
started running xnrealloc
stopped exploration
finished xnrealloc
removing targets
analyzing sha1sum/x2nrealloc
started running x2nrealloc
stopped exploration
finished x2nrealloc
removing targets
analyzing sha1sum/x2realloc
started running x2realloc
stopped exploration
finished x2realloc
removing targets
analyzing sha1sum/xzalloc
started running xzalloc
finished xzalloc
analyzing sha1sum/xcalloc
started running xcalloc
finished xcalloc
removing targets
analyzing sha1sum/xmemdup
started running xmemdup
finished xmemdup
analyzing sha1sum/xstrdup
started running xstrdup
finished xstrdup
analyzing sha1sum/xalloc_die
started running xalloc_die
finished xalloc_die
analyzing sha1sum/rpl_fclose
started running rpl_fclose
finished rpl_fclose
analyzing sha1sum/rpl_fcntl
started running rpl_fcntl
finished rpl_fcntl
removing targets
analyzing sha1sum/rpl_fflush
started running rpl_fflush
finished rpl_fflush
removing targets
analyzing sha1sum/rpl_fseeko
started running rpl_fseeko
finished rpl_fseeko
removing targets
analyzing sha1sum/rpl_mbrtowc
started running rpl_mbrtowc
finished rpl_mbrtowc
analyzing sha1sum/close_stream
started running close_stream
finished close_stream
analyzing sha1sum/hard_locale
started running hard_locale
finished hard_locale
analyzing sha1sum/locale_charset
started running locale_charset
finished locale_charset
analyzing sha1sum/atexit
started running atexit
finished atexit
removing targets
