sleep have 74 funcs
analyzing sleep/deregister_tm_clones
started running deregister_tm_clones
finished deregister_tm_clones
removing targets
analyzing sleep/register_tm_clones
started running register_tm_clones
finished register_tm_clones
removing targets
analyzing sleep/frame_dummy
started running frame_dummy
finished frame_dummy
removing targets
analyzing sleep/cl_strtod
started running cl_strtod
finished cl_strtod
analyzing sleep/close_stdout_set_file_name
started running close_stdout_set_file_name
finished close_stdout_set_file_name
analyzing sleep/close_stdout_set_ignore_EPIPE
started running close_stdout_set_ignore_EPIPE
finished close_stdout_set_ignore_EPIPE
analyzing sleep/close_stdout
started running close_stdout
stopped exploration
finished close_stdout
analyzing sleep/parse_long_options
started running parse_long_options
finished parse_long_options
removing targets
analyzing sleep/parse_gnu_standard_options_only
started running parse_gnu_standard_options_only
finished parse_gnu_standard_options_only
removing targets
analyzing sleep/set_program_name
started running set_program_name
finished set_program_name
removing targets
analyzing sleep/gettext_quote.part.1
started running gettext_quote.part.1
finished gettext_quote.part.1
analyzing sleep/quotearg_buffer_restyled
started running quotearg_buffer_restyled
finished quotearg_buffer_restyled
analyzing sleep/quotearg_n_options
started running quotearg_n_options
finished quotearg_n_options
analyzing sleep/clone_quoting_options
started running clone_quoting_options
finished clone_quoting_options
analyzing sleep/get_quoting_style
started running get_quoting_style
finished get_quoting_style
analyzing sleep/set_quoting_style
started running set_quoting_style
finished set_quoting_style
analyzing sleep/set_char_quoting
started running set_char_quoting
finished set_char_quoting
analyzing sleep/set_quoting_flags
started running set_quoting_flags
finished set_quoting_flags
analyzing sleep/set_custom_quoting
started running set_custom_quoting
finished set_custom_quoting
removing targets
analyzing sleep/quotearg_buffer
started running quotearg_buffer
finished quotearg_buffer
analyzing sleep/quotearg_alloc_mem
started running quotearg_alloc_mem
finished quotearg_alloc_mem
analyzing sleep/quotearg_alloc
started running quotearg_alloc
finished quotearg_alloc
removing targets
analyzing sleep/quotearg_free
started running quotearg_free
finished quotearg_free
removing targets
analyzing sleep/quotearg_n
started running quotearg_n
finished quotearg_n
removing targets
analyzing sleep/quotearg_n_mem
started running quotearg_n_mem
finished quotearg_n_mem
removing targets
analyzing sleep/quotearg
started running quotearg
finished quotearg
removing targets
analyzing sleep/quotearg_mem
started running quotearg_mem
finished quotearg_mem
removing targets
analyzing sleep/quotearg_n_style
started running quotearg_n_style
finished quotearg_n_style
removing targets
analyzing sleep/quotearg_n_style_mem
started running quotearg_n_style_mem
finished quotearg_n_style_mem
removing targets
analyzing sleep/quotearg_style
started running quotearg_style
finished quotearg_style
removing targets
analyzing sleep/quotearg_style_mem
started running quotearg_style_mem
finished quotearg_style_mem
removing targets
analyzing sleep/quotearg_char_mem
started running quotearg_char_mem
finished quotearg_char_mem
analyzing sleep/quotearg_char
started running quotearg_char
finished quotearg_char
removing targets
analyzing sleep/quotearg_colon
started running quotearg_colon
finished quotearg_colon
removing targets
analyzing sleep/quotearg_colon_mem
started running quotearg_colon_mem
finished quotearg_colon_mem
removing targets
analyzing sleep/quotearg_n_style_colon
started running quotearg_n_style_colon
finished quotearg_n_style_colon
removing targets
analyzing sleep/quotearg_n_custom_mem
started running quotearg_n_custom_mem
finished quotearg_n_custom_mem
removing targets
analyzing sleep/quotearg_n_custom
started running quotearg_n_custom
finished quotearg_n_custom
removing targets
analyzing sleep/quotearg_custom
started running quotearg_custom
finished quotearg_custom
removing targets
analyzing sleep/quotearg_custom_mem
started running quotearg_custom_mem
finished quotearg_custom_mem
removing targets
analyzing sleep/quote_n_mem
started running quote_n_mem
finished quote_n_mem
removing targets
analyzing sleep/quote_mem
started running quote_mem
finished quote_mem
removing targets
analyzing sleep/quote_n
started running quote_n
finished quote_n
removing targets
analyzing sleep/quote
started running quote
finished quote
removing targets
analyzing sleep/version_etc_arn
started running version_etc_arn
finished version_etc_arn
removing targets
analyzing sleep/version_etc_ar
started running version_etc_ar
finished version_etc_ar
removing targets
analyzing sleep/version_etc_va
started running version_etc_va
finished version_etc_va
removing targets
analyzing sleep/version_etc
started running version_etc
finished version_etc
removing targets
analyzing sleep/emit_bug_reporting_address
started running emit_bug_reporting_address
finished emit_bug_reporting_address
analyzing sleep/xmalloc
started running xmalloc
stopped exploration
finished xmalloc
analyzing sleep/xnmalloc
started running xnmalloc
stopped exploration
finished xnmalloc
removing targets
analyzing sleep/xcharalloc
started running xcharalloc
stopped exploration
finished xcharalloc
removing targets
analyzing sleep/xrealloc
started running xrealloc
stopped exploration
finished xrealloc
removing targets
analyzing sleep/xnrealloc
started running xnrealloc
stopped exploration
finished xnrealloc
removing targets
analyzing sleep/x2nrealloc
started running x2nrealloc
stopped exploration
finished x2nrealloc
removing targets
analyzing sleep/x2realloc
started running x2realloc
stopped exploration
finished x2realloc
removing targets
analyzing sleep/xzalloc
started running xzalloc
finished xzalloc
analyzing sleep/xcalloc
started running xcalloc
stopped exploration
finished xcalloc
removing targets
analyzing sleep/xmemdup
started running xmemdup
finished xmemdup
analyzing sleep/xstrdup
started running xstrdup
finished xstrdup
analyzing sleep/xalloc_die
started running xalloc_die
finished xalloc_die
analyzing sleep/xnanosleep
started running xnanosleep
finished xnanosleep
analyzing sleep/xstrtod
started running xstrtod
finished xstrtod
analyzing sleep/rpl_mbrtowc
started running rpl_mbrtowc
finished rpl_mbrtowc
analyzing sleep/rpl_nanosleep
started running rpl_nanosleep
finished rpl_nanosleep
removing targets
analyzing sleep/c_strtod
started running c_strtod
finished c_strtod
removing targets
analyzing sleep/close_stream
started running close_stream
finished close_stream
analyzing sleep/dtotimespec
started running dtotimespec
finished dtotimespec
removing targets
analyzing sleep/hard_locale
started running hard_locale
finished hard_locale
analyzing sleep/locale_charset
started running locale_charset
finished locale_charset
analyzing sleep/rpl_fclose
started running rpl_fclose
finished rpl_fclose
analyzing sleep/rpl_fflush
started running rpl_fflush
finished rpl_fflush
removing targets
analyzing sleep/rpl_fseeko
started running rpl_fseeko
finished rpl_fseeko
removing targets
analyzing sleep/atexit
started running atexit
finished atexit
removing targets
