sum have 79 funcs
analyzing sum/deregister_tm_clones
started running deregister_tm_clones
finished deregister_tm_clones
removing targets
analyzing sum/register_tm_clones
started running register_tm_clones
finished register_tm_clones
removing targets
analyzing sum/frame_dummy
started running frame_dummy
finished frame_dummy
removing targets
analyzing sum/sysv_sum_file
started running sysv_sum_file
finished sysv_sum_file
analyzing sum/bsd_sum_file
started running bsd_sum_file
finished bsd_sum_file
analyzing sum/close_stdout_set_file_name
started running close_stdout_set_file_name
finished close_stdout_set_file_name
analyzing sum/close_stdout_set_ignore_EPIPE
started running close_stdout_set_ignore_EPIPE
finished close_stdout_set_ignore_EPIPE
analyzing sum/close_stdout
started running close_stdout
stopped exploration
finished close_stdout
analyzing sum/fdadvise
started running fdadvise
finished fdadvise
removing targets
analyzing sum/fadvise
started running fadvise
finished fadvise
removing targets
analyzing sum/adjust_value.part.0
started running adjust_value.part.0
finished adjust_value.part.0
analyzing sum/human_readable
started running human_readable
stopped exploration
finished human_readable
analyzing sum/human_options
started running human_options
finished human_options
removing targets
analyzing sum/set_program_name
started running set_program_name
finished set_program_name
removing targets
analyzing sum/gettext_quote.part.1
started running gettext_quote.part.1
finished gettext_quote.part.1
analyzing sum/quotearg_buffer_restyled
started running quotearg_buffer_restyled
finished quotearg_buffer_restyled
analyzing sum/quotearg_n_options
started running quotearg_n_options
finished quotearg_n_options
analyzing sum/clone_quoting_options
started running clone_quoting_options
finished clone_quoting_options
analyzing sum/get_quoting_style
started running get_quoting_style
finished get_quoting_style
analyzing sum/set_quoting_style
started running set_quoting_style
finished set_quoting_style
analyzing sum/set_char_quoting
started running set_char_quoting
finished set_char_quoting
analyzing sum/set_quoting_flags
started running set_quoting_flags
finished set_quoting_flags
analyzing sum/set_custom_quoting
started running set_custom_quoting
finished set_custom_quoting
removing targets
analyzing sum/quotearg_buffer
started running quotearg_buffer
finished quotearg_buffer
analyzing sum/quotearg_alloc_mem
started running quotearg_alloc_mem
finished quotearg_alloc_mem
analyzing sum/quotearg_alloc
started running quotearg_alloc
finished quotearg_alloc
removing targets
analyzing sum/quotearg_free
started running quotearg_free
finished quotearg_free
removing targets
analyzing sum/quotearg_n
started running quotearg_n
finished quotearg_n
removing targets
analyzing sum/quotearg_n_mem
started running quotearg_n_mem
finished quotearg_n_mem
removing targets
analyzing sum/quotearg
started running quotearg
finished quotearg
removing targets
analyzing sum/quotearg_mem
started running quotearg_mem
finished quotearg_mem
removing targets
analyzing sum/quotearg_n_style
started running quotearg_n_style
finished quotearg_n_style
removing targets
analyzing sum/quotearg_n_style_mem
started running quotearg_n_style_mem
finished quotearg_n_style_mem
removing targets
analyzing sum/quotearg_style
started running quotearg_style
finished quotearg_style
removing targets
analyzing sum/quotearg_style_mem
started running quotearg_style_mem
finished quotearg_style_mem
removing targets
analyzing sum/quotearg_char_mem
started running quotearg_char_mem
finished quotearg_char_mem
analyzing sum/quotearg_char
started running quotearg_char
finished quotearg_char
removing targets
analyzing sum/quotearg_colon
started running quotearg_colon
finished quotearg_colon
removing targets
analyzing sum/quotearg_colon_mem
started running quotearg_colon_mem
finished quotearg_colon_mem
removing targets
analyzing sum/quotearg_n_style_colon
started running quotearg_n_style_colon
finished quotearg_n_style_colon
removing targets
analyzing sum/quotearg_n_custom_mem
started running quotearg_n_custom_mem
finished quotearg_n_custom_mem
removing targets
analyzing sum/quotearg_n_custom
started running quotearg_n_custom
finished quotearg_n_custom
removing targets
analyzing sum/quotearg_custom
started running quotearg_custom
finished quotearg_custom
removing targets
analyzing sum/quotearg_custom_mem
started running quotearg_custom_mem
finished quotearg_custom_mem
removing targets
analyzing sum/quote_n_mem
started running quote_n_mem
finished quote_n_mem
removing targets
analyzing sum/quote_mem
started running quote_mem
finished quote_mem
removing targets
analyzing sum/quote_n
started running quote_n
finished quote_n
removing targets
analyzing sum/quote
started running quote
finished quote
removing targets
analyzing sum/safe_read
started running safe_read
finished safe_read
analyzing sum/version_etc_arn
started running version_etc_arn
finished version_etc_arn
removing targets
analyzing sum/version_etc_ar
started running version_etc_ar
finished version_etc_ar
removing targets
analyzing sum/version_etc_va
started running version_etc_va
finished version_etc_va
removing targets
analyzing sum/version_etc
started running version_etc
finished version_etc
removing targets
analyzing sum/emit_bug_reporting_address
started running emit_bug_reporting_address
finished emit_bug_reporting_address
analyzing sum/xmalloc
started running xmalloc
stopped exploration
finished xmalloc
analyzing sum/xnmalloc
started running xnmalloc
stopped exploration
finished xnmalloc
removing targets
analyzing sum/xcharalloc
started running xcharalloc
stopped exploration
finished xcharalloc
removing targets
analyzing sum/xrealloc
started running xrealloc
stopped exploration
finished xrealloc
removing targets
analyzing sum/xnrealloc
started running xnrealloc
stopped exploration
finished xnrealloc
removing targets
analyzing sum/x2nrealloc
started running x2nrealloc
stopped exploration
finished x2nrealloc
removing targets
analyzing sum/x2realloc
started running x2realloc
stopped exploration
finished x2realloc
removing targets
analyzing sum/xzalloc
started running xzalloc
finished xzalloc
analyzing sum/xcalloc
started running xcalloc
finished xcalloc
removing targets
analyzing sum/xmemdup
started running xmemdup
finished xmemdup
analyzing sum/xstrdup
started running xstrdup
finished xstrdup
analyzing sum/xalloc_die
started running xalloc_die
finished xalloc_die
analyzing sum/xstrtoumax
started running xstrtoumax
finished xstrtoumax
removing targets
analyzing sum/rpl_fclose
started running rpl_fclose
finished rpl_fclose
analyzing sum/rpl_fflush
started running rpl_fflush
finished rpl_fflush
removing targets
analyzing sum/rpl_fseeko
started running rpl_fseeko
finished rpl_fseeko
removing targets
analyzing sum/rpl_mbrtowc
started running rpl_mbrtowc
finished rpl_mbrtowc
analyzing sum/argmatch
started running argmatch
finished argmatch
analyzing sum/argmatch_invalid
started running argmatch_invalid
finished argmatch_invalid
removing targets
analyzing sum/argmatch_valid
started running argmatch_valid
finished argmatch_valid
analyzing sum/argmatch_to_argument
started running argmatch_to_argument
finished argmatch_to_argument
removing targets
analyzing sum/close_stream
started running close_stream
finished close_stream
analyzing sum/hard_locale
started running hard_locale
finished hard_locale
analyzing sum/locale_charset
started running locale_charset
finished locale_charset
analyzing sum/atexit
started running atexit
finished atexit
removing targets
