timeout have 78 funcs
analyzing timeout/deregister_tm_clones
started running deregister_tm_clones
finished deregister_tm_clones
removing targets
analyzing timeout/register_tm_clones
started running register_tm_clones
finished register_tm_clones
removing targets
analyzing timeout/frame_dummy
started running frame_dummy
finished frame_dummy
removing targets
analyzing timeout/chld
started running chld
finished chld
analyzing timeout/settimeout
started running settimeout
finished settimeout
analyzing timeout/unblock_signal
started running unblock_signal
finished unblock_signal
analyzing timeout/cleanup
started running cleanup
finished cleanup
removing targets
analyzing timeout/parse_duration
started running parse_duration
finished parse_duration
analyzing timeout/operand2sig
started running operand2sig
finished operand2sig
removing targets
analyzing timeout/cl_strtod
started running cl_strtod
finished cl_strtod
analyzing timeout/close_stdout_set_file_name
started running close_stdout_set_file_name
finished close_stdout_set_file_name
analyzing timeout/close_stdout_set_ignore_EPIPE
started running close_stdout_set_ignore_EPIPE
finished close_stdout_set_ignore_EPIPE
analyzing timeout/close_stdout
started running close_stdout
stopped exploration
finished close_stdout
analyzing timeout/dtotimespec
started running dtotimespec
finished dtotimespec
removing targets
analyzing timeout/set_program_name
started running set_program_name
finished set_program_name
removing targets
analyzing timeout/gettext_quote.part.1
started running gettext_quote.part.1
finished gettext_quote.part.1
analyzing timeout/quotearg_buffer_restyled
started running quotearg_buffer_restyled
finished quotearg_buffer_restyled
analyzing timeout/quotearg_n_options
started running quotearg_n_options
finished quotearg_n_options
analyzing timeout/clone_quoting_options
started running clone_quoting_options
finished clone_quoting_options
analyzing timeout/get_quoting_style
started running get_quoting_style
finished get_quoting_style
analyzing timeout/set_quoting_style
started running set_quoting_style
finished set_quoting_style
analyzing timeout/set_char_quoting
started running set_char_quoting
finished set_char_quoting
analyzing timeout/set_quoting_flags
started running set_quoting_flags
finished set_quoting_flags
analyzing timeout/set_custom_quoting
started running set_custom_quoting
finished set_custom_quoting
removing targets
analyzing timeout/quotearg_buffer
started running quotearg_buffer
finished quotearg_buffer
analyzing timeout/quotearg_alloc_mem
started running quotearg_alloc_mem
finished quotearg_alloc_mem
analyzing timeout/quotearg_alloc
started running quotearg_alloc
finished quotearg_alloc
removing targets
analyzing timeout/quotearg_free
started running quotearg_free
finished quotearg_free
removing targets
analyzing timeout/quotearg_n
started running quotearg_n
finished quotearg_n
removing targets
analyzing timeout/quotearg_n_mem
started running quotearg_n_mem
finished quotearg_n_mem
removing targets
analyzing timeout/quotearg
started running quotearg
finished quotearg
removing targets
analyzing timeout/quotearg_mem
started running quotearg_mem
finished quotearg_mem
removing targets
analyzing timeout/quotearg_n_style
started running quotearg_n_style
finished quotearg_n_style
removing targets
analyzing timeout/quotearg_n_style_mem
started running quotearg_n_style_mem
finished quotearg_n_style_mem
removing targets
analyzing timeout/quotearg_style
started running quotearg_style
finished quotearg_style
removing targets
analyzing timeout/quotearg_style_mem
started running quotearg_style_mem
finished quotearg_style_mem
removing targets
analyzing timeout/quotearg_char_mem
started running quotearg_char_mem
finished quotearg_char_mem
analyzing timeout/quotearg_char
started running quotearg_char
finished quotearg_char
removing targets
analyzing timeout/quotearg_colon
started running quotearg_colon
finished quotearg_colon
removing targets
analyzing timeout/quotearg_colon_mem
started running quotearg_colon_mem
finished quotearg_colon_mem
removing targets
analyzing timeout/quotearg_n_style_colon
started running quotearg_n_style_colon
finished quotearg_n_style_colon
removing targets
analyzing timeout/quotearg_n_custom_mem
started running quotearg_n_custom_mem
finished quotearg_n_custom_mem
removing targets
analyzing timeout/quotearg_n_custom
started running quotearg_n_custom
finished quotearg_n_custom
removing targets
analyzing timeout/quotearg_custom
started running quotearg_custom
finished quotearg_custom
removing targets
analyzing timeout/quotearg_custom_mem
started running quotearg_custom_mem
finished quotearg_custom_mem
removing targets
analyzing timeout/quote_n_mem
started running quote_n_mem
finished quote_n_mem
removing targets
analyzing timeout/quote_mem
started running quote_mem
finished quote_mem
removing targets
analyzing timeout/quote_n
started running quote_n
finished quote_n
removing targets
analyzing timeout/quote
started running quote
finished quote
removing targets
analyzing timeout/version_etc_arn
started running version_etc_arn
finished version_etc_arn
removing targets
analyzing timeout/version_etc_ar
started running version_etc_ar
finished version_etc_ar
removing targets
analyzing timeout/version_etc_va
started running version_etc_va
finished version_etc_va
removing targets
analyzing timeout/version_etc
started running version_etc
finished version_etc
removing targets
analyzing timeout/emit_bug_reporting_address
started running emit_bug_reporting_address
finished emit_bug_reporting_address
analyzing timeout/xmalloc
started running xmalloc
stopped exploration
finished xmalloc
analyzing timeout/xnmalloc
started running xnmalloc
stopped exploration
finished xnmalloc
removing targets
analyzing timeout/xcharalloc
started running xcharalloc
stopped exploration
finished xcharalloc
removing targets
analyzing timeout/xrealloc
started running xrealloc
stopped exploration
finished xrealloc
removing targets
analyzing timeout/xnrealloc
started running xnrealloc
stopped exploration
finished xnrealloc
removing targets
analyzing timeout/x2nrealloc
started running x2nrealloc
stopped exploration
finished x2nrealloc
removing targets
analyzing timeout/x2realloc
started running x2realloc
stopped exploration
finished x2realloc
removing targets
analyzing timeout/xzalloc
started running xzalloc
finished xzalloc
analyzing timeout/xcalloc
started running xcalloc
stopped exploration
finished xcalloc
removing targets
analyzing timeout/xmemdup
started running xmemdup
finished xmemdup
analyzing timeout/xstrdup
started running xstrdup
finished xstrdup
analyzing timeout/xalloc_die
started running xalloc_die
finished xalloc_die
analyzing timeout/xstrtod
started running xstrtod
finished xstrtod
analyzing timeout/rpl_mbrtowc
started running rpl_mbrtowc
finished rpl_mbrtowc
analyzing timeout/str2sig
started running str2sig
finished str2sig
removing targets
analyzing timeout/sig2str
started running sig2str
finished sig2str
removing targets
analyzing timeout/c_strtod
started running c_strtod
finished c_strtod
removing targets
analyzing timeout/close_stream
started running close_stream
finished close_stream
analyzing timeout/hard_locale
started running hard_locale
finished hard_locale
analyzing timeout/locale_charset
started running locale_charset
finished locale_charset
analyzing timeout/rpl_fclose
started running rpl_fclose
finished rpl_fclose
analyzing timeout/rpl_fflush
started running rpl_fflush
finished rpl_fflush
removing targets
analyzing timeout/rpl_fseeko
started running rpl_fseeko
finished rpl_fseeko
removing targets
analyzing timeout/atexit
started running atexit
finished atexit
removing targets
