true have 66 funcs
analyzing true/deregister_tm_clones
started running deregister_tm_clones
finished deregister_tm_clones
removing targets
analyzing true/register_tm_clones
started running register_tm_clones
finished register_tm_clones
removing targets
analyzing true/frame_dummy
started running frame_dummy
finished frame_dummy
removing targets
analyzing true/close_stdout_set_file_name
started running close_stdout_set_file_name
finished close_stdout_set_file_name
analyzing true/close_stdout_set_ignore_EPIPE
started running close_stdout_set_ignore_EPIPE
finished close_stdout_set_ignore_EPIPE
analyzing true/close_stdout
started running close_stdout
stopped exploration
finished close_stdout
analyzing true/set_program_name
started running set_program_name
finished set_program_name
removing targets
analyzing true/gettext_quote.part.1
started running gettext_quote.part.1
finished gettext_quote.part.1
analyzing true/quotearg_buffer_restyled
started running quotearg_buffer_restyled
finished quotearg_buffer_restyled
analyzing true/quotearg_n_options
started running quotearg_n_options
finished quotearg_n_options
analyzing true/clone_quoting_options
started running clone_quoting_options
finished clone_quoting_options
analyzing true/get_quoting_style
started running get_quoting_style
finished get_quoting_style
analyzing true/set_quoting_style
started running set_quoting_style
finished set_quoting_style
analyzing true/set_char_quoting
started running set_char_quoting
finished set_char_quoting
analyzing true/set_quoting_flags
started running set_quoting_flags
finished set_quoting_flags
analyzing true/set_custom_quoting
started running set_custom_quoting
finished set_custom_quoting
removing targets
analyzing true/quotearg_buffer
started running quotearg_buffer
finished quotearg_buffer
analyzing true/quotearg_alloc_mem
started running quotearg_alloc_mem
finished quotearg_alloc_mem
analyzing true/quotearg_alloc
started running quotearg_alloc
finished quotearg_alloc
removing targets
analyzing true/quotearg_free
started running quotearg_free
finished quotearg_free
removing targets
analyzing true/quotearg_n
started running quotearg_n
finished quotearg_n
removing targets
analyzing true/quotearg_n_mem
started running quotearg_n_mem
finished quotearg_n_mem
removing targets
analyzing true/quotearg
started running quotearg
finished quotearg
removing targets
analyzing true/quotearg_mem
started running quotearg_mem
finished quotearg_mem
removing targets
analyzing true/quotearg_n_style
started running quotearg_n_style
finished quotearg_n_style
removing targets
analyzing true/quotearg_n_style_mem
started running quotearg_n_style_mem
finished quotearg_n_style_mem
removing targets
analyzing true/quotearg_style
started running quotearg_style
finished quotearg_style
removing targets
analyzing true/quotearg_style_mem
started running quotearg_style_mem
finished quotearg_style_mem
removing targets
analyzing true/quotearg_char_mem
started running quotearg_char_mem
finished quotearg_char_mem
analyzing true/quotearg_char
started running quotearg_char
finished quotearg_char
removing targets
analyzing true/quotearg_colon
started running quotearg_colon
finished quotearg_colon
removing targets
analyzing true/quotearg_colon_mem
started running quotearg_colon_mem
finished quotearg_colon_mem
removing targets
analyzing true/quotearg_n_style_colon
started running quotearg_n_style_colon
finished quotearg_n_style_colon
removing targets
analyzing true/quotearg_n_custom_mem
started running quotearg_n_custom_mem
finished quotearg_n_custom_mem
removing targets
analyzing true/quotearg_n_custom
started running quotearg_n_custom
finished quotearg_n_custom
removing targets
analyzing true/quotearg_custom
started running quotearg_custom
finished quotearg_custom
removing targets
analyzing true/quotearg_custom_mem
started running quotearg_custom_mem
finished quotearg_custom_mem
removing targets
analyzing true/quote_n_mem
started running quote_n_mem
finished quote_n_mem
removing targets
analyzing true/quote_mem
started running quote_mem
finished quote_mem
removing targets
analyzing true/quote_n
started running quote_n
finished quote_n
removing targets
analyzing true/quote
started running quote
finished quote
removing targets
analyzing true/version_etc_arn
started running version_etc_arn
finished version_etc_arn
removing targets
analyzing true/version_etc_ar
started running version_etc_ar
finished version_etc_ar
removing targets
analyzing true/version_etc_va
started running version_etc_va
finished version_etc_va
removing targets
analyzing true/version_etc
started running version_etc
finished version_etc
removing targets
analyzing true/emit_bug_reporting_address
started running emit_bug_reporting_address
finished emit_bug_reporting_address
analyzing true/xmalloc
started running xmalloc
stopped exploration
finished xmalloc
analyzing true/xnmalloc
started running xnmalloc
stopped exploration
finished xnmalloc
removing targets
analyzing true/xcharalloc
started running xcharalloc
stopped exploration
finished xcharalloc
removing targets
analyzing true/xrealloc
started running xrealloc
stopped exploration
finished xrealloc
removing targets
analyzing true/xnrealloc
started running xnrealloc
stopped exploration
finished xnrealloc
removing targets
analyzing true/x2nrealloc
started running x2nrealloc
stopped exploration
finished x2nrealloc
removing targets
analyzing true/x2realloc
started running x2realloc
stopped exploration
finished x2realloc
removing targets
analyzing true/xzalloc
started running xzalloc
finished xzalloc
analyzing true/xcalloc
started running xcalloc
finished xcalloc
removing targets
analyzing true/xmemdup
started running xmemdup
finished xmemdup
analyzing true/xstrdup
started running xstrdup
finished xstrdup
analyzing true/xalloc_die
started running xalloc_die
finished xalloc_die
analyzing true/rpl_mbrtowc
started running rpl_mbrtowc
finished rpl_mbrtowc
analyzing true/close_stream
started running close_stream
finished close_stream
analyzing true/hard_locale
started running hard_locale
finished hard_locale
analyzing true/locale_charset
started running locale_charset
finished locale_charset
analyzing true/rpl_fclose
started running rpl_fclose
finished rpl_fclose
analyzing true/rpl_fflush
started running rpl_fflush
finished rpl_fflush
removing targets
analyzing true/rpl_fseeko
started running rpl_fseeko
finished rpl_fseeko
removing targets
analyzing true/atexit
started running atexit
finished atexit
removing targets
